10:33:19.672	SERVER	admin	OK	Server was started (port: 16000).
10:33:19.756	SERVER	admin	OK	HTTP Server was started (port: 16002).
10:33:42.203	[0:0:0:0:0:0:0:1]:49678	admin	REQUEST	[GET] /dyrin
10:33:45.181	[0:0:0:0:0:0:0:1]:49678	admin	302	Location: http://localhost:16002/dyrin/accueil.html	2981.76 ms
10:33:45.200	[0:0:0:0:0:0:0:1]:49678	admin	REQUEST	[GET] /dyrin/accueil.html
10:33:47.211	[0:0:0:0:0:0:0:1]:49678	admin	200		2011.55 ms
10:33:47.311	[0:0:0:0:0:0:0:1]:49678	admin	REQUEST	[GET] /core/ui/lib/bootstrap.min.css
10:33:47.317	[0:0:0:0:0:0:0:1]:49679	admin	REQUEST	[GET] /dyrin/ui/css/menuGauche.css
10:33:47.319	[0:0:0:0:0:0:0:1]:49681	admin	REQUEST	[GET] /core/ui/css/alignment.css
10:33:47.324	[0:0:0:0:0:0:0:1]:49680	admin	REQUEST	[GET] /plugins/thesauri_pdn/thesauri_pdn.css
10:33:47.328	[0:0:0:0:0:0:0:1]:49683	admin	REQUEST	[GET] /dyrin/ui/css/dyrin.css
10:33:47.328	[0:0:0:0:0:0:0:1]:49682	admin	REQUEST	[GET] /core/ui/css/tei.css
10:33:47.360	[0:0:0:0:0:0:0:1]:49683	admin	200		32.97 ms
10:33:47.360	[0:0:0:0:0:0:0:1]:49681	admin	200		41.44 ms
10:33:47.363	[0:0:0:0:0:0:0:1]:49683	admin	REQUEST	[GET] /core/ui/lib/bootstrap.bundle.min.js
10:33:47.364	[0:0:0:0:0:0:0:1]:49680	admin	200		40.55 ms
10:33:47.366	[0:0:0:0:0:0:0:1]:49679	admin	200		48.56 ms
10:33:47.368	[0:0:0:0:0:0:0:1]:49681	admin	REQUEST	[GET] /core/ui/js/MaxTEI.js
10:33:47.370	[0:0:0:0:0:0:0:1]:49680	admin	REQUEST	[GET] /dyrin/ui/js/dyrin.js
10:33:47.375	[0:0:0:0:0:0:0:1]:49682	admin	200		47.48 ms
10:33:47.376	[0:0:0:0:0:0:0:1]:49678	admin	200		64.62 ms
10:33:47.380	[0:0:0:0:0:0:0:1]:49682	admin	REQUEST	[GET] /plugins/thesauri_pdn/thesauri_pdn.js
10:33:47.396	[0:0:0:0:0:0:0:1]:49681	admin	200		28.65 ms
10:33:47.400	[0:0:0:0:0:0:0:1]:49679	admin	REQUEST	[GET] /core/ui/css/header.css
10:33:47.407	[0:0:0:0:0:0:0:1]:49683	admin	200		44.39 ms
10:33:47.401	[0:0:0:0:0:0:0:1]:49682	admin	200		31.89 ms
10:33:47.412	[0:0:0:0:0:0:0:1]:49681	admin	REQUEST	[GET] /core/ui/js/AbstractMax.js
10:33:47.439	[0:0:0:0:0:0:0:1]:49679	admin	200		39.89 ms
10:33:47.443	[0:0:0:0:0:0:0:1]:49682	admin	REQUEST	[GET] /core/ui/images/logos/investissement-davenir.png
10:33:47.444	[0:0:0:0:0:0:0:1]:49683	admin	REQUEST	[GET] /core/ui/images/logos/biblissima.png
10:33:47.489	[0:0:0:0:0:0:0:1]:49680	admin	200		120.0 ms
10:33:47.495	[0:0:0:0:0:0:0:1]:49683	admin	200		51.54 ms
10:33:47.496	[0:0:0:0:0:0:0:1]:49682	admin	200		53.62 ms
10:33:47.497	[0:0:0:0:0:0:0:1]:49679	admin	REQUEST	[GET] /core/ui/js/Plugin.js
10:33:47.507	[0:0:0:0:0:0:0:1]:49683	admin	REQUEST	[GET] /dyrin/ui/fonts/junicode/Junicode.ttf
10:33:47.517	[0:0:0:0:0:0:0:1]:49681	admin	200		105.76 ms
10:33:47.534	[0:0:0:0:0:0:0:1]:49683	admin	200		27.58 ms
10:33:47.540	[0:0:0:0:0:0:0:1]:49679	admin	200		43.67 ms
10:33:47.617	[0:0:0:0:0:0:0:1]:49683	admin	REQUEST	[GET] /favicon.ico
10:33:47.659	[0:0:0:0:0:0:0:1]:49683	admin	200		41.86 ms
10:33:49.050	[0:0:0:0:0:0:0:1]:49683	admin	REQUEST	[GET] /dyrin/sommaire.html
10:33:49.692	[0:0:0:0:0:0:0:1]:49683	admin	200		642.39 ms
10:33:49.789	[0:0:0:0:0:0:0:1]:49683	admin	REQUEST	[GET] /core/ui/lib/bootstrap.min.css
10:33:49.789	[0:0:0:0:0:0:0:1]:49682	admin	REQUEST	[GET] /dyrin/ui/css/menuGauche.css
10:33:49.789	[0:0:0:0:0:0:0:1]:49681	admin	REQUEST	[GET] /core/ui/css/tei.css
10:33:49.804	[0:0:0:0:0:0:0:1]:49680	admin	REQUEST	[GET] /core/ui/css/alignment.css
10:33:49.812	[0:0:0:0:0:0:0:1]:49683	admin	200		23.99 ms
10:33:49.817	[0:0:0:0:0:0:0:1]:49681	admin	200		28.07 ms
10:33:49.819	[0:0:0:0:0:0:0:1]:49681	admin	REQUEST	[GET] /core/ui/js/MaxTEI.js
10:33:49.825	[0:0:0:0:0:0:0:1]:49678	admin	REQUEST	[GET] /core/ui/lib/bootstrap.bundle.min.js
10:33:49.826	[0:0:0:0:0:0:0:1]:49679	admin	REQUEST	[GET] /dyrin/ui/css/dyrin.css
10:33:49.834	[0:0:0:0:0:0:0:1]:49683	admin	REQUEST	[GET] /dyrin/ui/js/dyrin.js
10:33:49.840	[0:0:0:0:0:0:0:1]:49681	admin	200		20.37 ms
10:33:49.842	[0:0:0:0:0:0:0:1]:49681	admin	REQUEST	[GET] /core/ui/js/Plugin.js
10:33:49.852	[0:0:0:0:0:0:0:1]:49683	admin	200		18.19 ms
10:33:49.855	[0:0:0:0:0:0:0:1]:49683	admin	REQUEST	[GET] /core/ui/css/header.css
10:33:49.858	[0:0:0:0:0:0:0:1]:49682	admin	200		69.37 ms
10:33:49.865	[0:0:0:0:0:0:0:1]:49682	admin	REQUEST	[GET] /core/ui/js/AbstractMax.js
10:33:49.866	[0:0:0:0:0:0:0:1]:49680	admin	200		62.25 ms
10:33:49.873	[0:0:0:0:0:0:0:1]:49678	admin	200		47.6 ms
10:33:49.874	[0:0:0:0:0:0:0:1]:49679	admin	200		48.39 ms
10:33:49.875	[0:0:0:0:0:0:0:1]:49681	admin	200		32.4 ms
10:33:49.898	[0:0:0:0:0:0:0:1]:49682	admin	200		33.24 ms
10:33:49.906	[0:0:0:0:0:0:0:1]:49683	admin	200		51.98 ms
10:33:49.909	[0:0:0:0:0:0:0:1]:49682	admin	REQUEST	[GET] /core/ui/images/logos/biblissima.png
10:33:49.909	[0:0:0:0:0:0:0:1]:49681	admin	REQUEST	[GET] /core/ui/images/logos/investissement-davenir.png
10:33:49.927	[0:0:0:0:0:0:0:1]:49682	admin	200		18.11 ms
10:33:49.937	[0:0:0:0:0:0:0:1]:49681	admin	200		27.91 ms
10:33:49.957	[0:0:0:0:0:0:0:1]:49683	admin	REQUEST	[GET] /favicon.ico
10:33:49.989	[0:0:0:0:0:0:0:1]:49683	admin	200		31.33 ms
10:33:51.747	[0:0:0:0:0:0:0:1]:49683	admin	REQUEST	[GET] /dyrin/doc/eider.html
10:33:52.582	[0:0:0:0:0:0:0:1]:49683	admin	200		835.25 ms
10:33:52.674	[0:0:0:0:0:0:0:1]:49683	admin	REQUEST	[GET] /core/ui/lib/bootstrap.min.css
10:33:52.677	[0:0:0:0:0:0:0:1]:49682	admin	REQUEST	[GET] /dyrin/ui/css/menuGauche.css
10:33:52.678	[0:0:0:0:0:0:0:1]:49679	admin	REQUEST	[GET] /dyrin/ui/css/dyrin.css
10:33:52.681	[0:0:0:0:0:0:0:1]:49680	admin	REQUEST	[GET] /core/ui/css/alignment.css
10:33:52.686	[0:0:0:0:0:0:0:1]:49678	admin	REQUEST	[GET] /core/ui/lib/bootstrap.bundle.min.js
10:33:52.689	[0:0:0:0:0:0:0:1]:49681	admin	REQUEST	[GET] /core/ui/css/tei.css
10:33:52.696	[0:0:0:0:0:0:0:1]:49682	admin	200		19.22 ms
10:33:52.699	[0:0:0:0:0:0:0:1]:49678	admin	200		12.9 ms
10:33:52.703	[0:0:0:0:0:0:0:1]:49678	admin	REQUEST	[GET] /dyrin/ui/js/dyrin.js
10:33:52.704	[0:0:0:0:0:0:0:1]:49682	admin	REQUEST	[GET] /core/ui/js/MaxTEI.js
10:33:52.719	[0:0:0:0:0:0:0:1]:49678	admin	200		16.31 ms
10:33:52.733	[0:0:0:0:0:0:0:1]:49678	admin	REQUEST	[GET] /core/ui/js/Plugin.js
10:33:52.741	[0:0:0:0:0:0:0:1]:49681	admin	200		52.32 ms
10:33:52.747	[0:0:0:0:0:0:0:1]:49680	admin	200		65.63 ms
10:33:52.751	[0:0:0:0:0:0:0:1]:49682	admin	200		47.55 ms
10:33:52.758	[0:0:0:0:0:0:0:1]:49679	admin	200		80.32 ms
10:33:52.762	[0:0:0:0:0:0:0:1]:49681	admin	REQUEST	[GET] /core/ui/css/header.css
10:33:52.768	[0:0:0:0:0:0:0:1]:49682	admin	REQUEST	[GET] /core/ui/js/AbstractMax.js
10:33:52.773	[0:0:0:0:0:0:0:1]:49683	admin	200		99.44 ms
10:33:52.773	[0:0:0:0:0:0:0:1]:49681	admin	200		11.74 ms
10:33:52.781	[0:0:0:0:0:0:0:1]:49682	admin	200		13.48 ms
10:33:52.781	[0:0:0:0:0:0:0:1]:49681	admin	REQUEST	[GET] /core/ui/images/logos/biblissima.png
10:33:52.782	[0:0:0:0:0:0:0:1]:49680	admin	REQUEST	[GET] /core/ui/images/logos/investissement-davenir.png
10:33:52.798	[0:0:0:0:0:0:0:1]:49678	admin	200		65.52 ms
10:33:52.798	[0:0:0:0:0:0:0:1]:49681	admin	200		16.85 ms
10:33:52.810	[0:0:0:0:0:0:0:1]:49680	admin	200		28.68 ms
10:33:52.964	[0:0:0:0:0:0:0:1]:49683	admin	REQUEST	[GET] /favicon.ico
10:33:52.990	[0:0:0:0:0:0:0:1]:49683	admin	200		28.63 ms
10:34:16.147	[0:0:0:0:0:0:0:1]:49683	admin	REQUEST	[GET] /favicon.ico
10:34:16.212	[0:0:0:0:0:0:0:1]:49683	admin	200		65.34 ms
10:42:08.522	[0:0:0:0:0:0:0:1]:49773	admin	REQUEST	[GET] /favicon.ico
10:42:08.570	[0:0:0:0:0:0:0:1]:49773	admin	200		48.04 ms
10:42:15.105	[0:0:0:0:0:0:0:1]:49773	admin	REQUEST	[GET] /dyrin/ui/css/menuGauche.css
10:42:15.153	[0:0:0:0:0:0:0:1]:49773	admin	200		48.93 ms
10:42:15.304	[0:0:0:0:0:0:0:1]:49773	admin	REQUEST	[GET] /dyrin/ui/css/dyrin.css
10:42:15.321	[0:0:0:0:0:0:0:1]:49773	admin	200		17.54 ms
10:42:15.449	[0:0:0:0:0:0:0:1]:49773	admin	REQUEST	[GET] /core/ui/lib/bootstrap.min.css
10:42:15.456	[0:0:0:0:0:0:0:1]:49774	admin	REQUEST	[GET] /core/ui/css/tei.css
10:42:15.466	[0:0:0:0:0:0:0:1]:49773	admin	200		17.63 ms
10:42:15.468	[0:0:0:0:0:0:0:1]:49774	admin	200		12.42 ms
10:42:15.856	[0:0:0:0:0:0:0:1]:49775	admin	REQUEST	[GET] /core/ui/lib/bootstrap.bundle.min.js
10:42:15.861	[0:0:0:0:0:0:0:1]:49776	admin	REQUEST	[GET] /dyrin/doc/eider.html
10:42:15.871	[0:0:0:0:0:0:0:1]:49775	admin	200		14.43 ms
10:42:15.944	[0:0:0:0:0:0:0:1]:49773	admin	REQUEST	[GET] /core/ui/lib/bootstrap.min.css.map
10:42:15.992	[0:0:0:0:0:0:0:1]:49773	admin	200		48.27 ms
10:42:16.747	[0:0:0:0:0:0:0:1]:49776	admin	200		886.3 ms
10:54:18.464	[0:0:0:0:0:0:0:1]:49822	admin	REQUEST	[GET] /dyrin/doc/eider.html
10:54:18.702	[0:0:0:0:0:0:0:1]:49822	admin	500	Stopped at /Users/ag/Documents/elsa/projetsMaX/dyrin/dyrin-BaseX/webapp/MaX/max.xq, 275/26: [xslt:error] Error in xsl:call-template/@select on line 277 column 54 of text_hook.xsl: XTSE0090: Attribute @select is not allowed on element <xsl:call-template> Error at xsl:call-template on line 277 column 54 of text_hook.xsl: XTSE0010: Element must have an @name attribute	237.47 ms
10:54:18.792	[0:0:0:0:0:0:0:1]:49822	admin	REQUEST	[GET] /favicon.ico
10:54:18.818	[0:0:0:0:0:0:0:1]:49822	admin	200		27.13 ms
10:54:30.441	[0:0:0:0:0:0:0:1]:49822	admin	REQUEST	[GET] /dyrin/doc/eider.html
10:54:30.620	[0:0:0:0:0:0:0:1]:49822	admin	500	Stopped at /Users/ag/Documents/elsa/projetsMaX/dyrin/dyrin-BaseX/webapp/MaX/max.xq, 275/26: [xslt:error] Error at xsl:call-template on line 277 column 52 of text_hook.xsl: XTSE0650: Cannot find a template named tei:ref	179.29 ms
10:55:29.703	[0:0:0:0:0:0:0:1]:49822	admin	REQUEST	[GET] /dyrin/doc/eider.html
10:55:30.150	[0:0:0:0:0:0:0:1]:49822	admin	200		447.21 ms
10:55:30.245	[0:0:0:0:0:0:0:1]:49822	admin	REQUEST	[GET] /core/ui/lib/bootstrap.min.css
10:55:30.253	[0:0:0:0:0:0:0:1]:49831	admin	REQUEST	[GET] /core/ui/css/alignment.css
10:55:30.254	[0:0:0:0:0:0:0:1]:49829	admin	REQUEST	[GET] /dyrin/ui/css/menuGauche.css
10:55:30.258	[0:0:0:0:0:0:0:1]:49822	admin	200		13.48 ms
10:55:30.263	[0:0:0:0:0:0:0:1]:49833	admin	REQUEST	[GET] /dyrin/ui/css/dyrin.css
10:55:30.268	[0:0:0:0:0:0:0:1]:49831	admin	200		15.97 ms
10:55:30.270	[0:0:0:0:0:0:0:1]:49831	admin	REQUEST	[GET] /core/ui/lib/bootstrap.bundle.min.js
10:55:30.272	[0:0:0:0:0:0:0:1]:49829	admin	200		18.26 ms
10:55:30.274	[0:0:0:0:0:0:0:1]:49829	admin	REQUEST	[GET] /core/ui/js/MaxTEI.js
10:55:30.274	[0:0:0:0:0:0:0:1]:49833	admin	200		11.93 ms
10:55:30.287	[0:0:0:0:0:0:0:1]:49833	admin	REQUEST	[GET] /dyrin/ui/js/dyrin.js
10:55:30.298	[0:0:0:0:0:0:0:1]:49831	admin	200		28.11 ms
10:55:30.299	[0:0:0:0:0:0:0:1]:49822	admin	REQUEST	[GET] /plugins/thesauri_pdn/thesauri_pdn.js
10:55:30.301	[0:0:0:0:0:0:0:1]:49829	admin	200		27.22 ms
10:55:30.308	[0:0:0:0:0:0:0:1]:49830	admin	REQUEST	[GET] /core/ui/css/tei.css
10:55:30.312	[0:0:0:0:0:0:0:1]:49822	admin	200		13.0 ms
10:55:30.315	[0:0:0:0:0:0:0:1]:49832	admin	REQUEST	[GET] /plugins/thesauri_pdn/thesauri_pdn.css
10:55:30.327	[0:0:0:0:0:0:0:1]:49833	admin	200		40.1 ms
10:55:30.336	[0:0:0:0:0:0:0:1]:49832	admin	200		21.3 ms
10:55:30.344	[0:0:0:0:0:0:0:1]:49830	admin	200		36.51 ms
10:55:30.348	[0:0:0:0:0:0:0:1]:49829	admin	REQUEST	[GET] /core/ui/images/logos/investissement-davenir.png
10:55:30.348	[0:0:0:0:0:0:0:1]:49831	admin	REQUEST	[GET] /core/ui/images/logos/biblissima.png
10:55:30.360	[0:0:0:0:0:0:0:1]:49829	admin	200		12.34 ms
10:55:30.363	[0:0:0:0:0:0:0:1]:49831	admin	200		15.56 ms
10:55:30.454	[0:0:0:0:0:0:0:1]:49832	admin	REQUEST	[GET] /core/ui/css/header.css
10:55:30.454	[0:0:0:0:0:0:0:1]:49831	admin	REQUEST	[GET] /core/ui/js/AbstractMax.js
10:55:30.459	[0:0:0:0:0:0:0:1]:49829	admin	REQUEST	[GET] /core/ui/js/Plugin.js
10:55:30.464	[0:0:0:0:0:0:0:1]:49831	admin	200		10.38 ms
10:55:30.470	[0:0:0:0:0:0:0:1]:49832	admin	200		16.08 ms
10:55:30.477	[0:0:0:0:0:0:0:1]:49829	admin	200		18.07 ms
10:55:31.097	[0:0:0:0:0:0:0:1]:49831	admin	REQUEST	[GET] /core/ui/lib/bootstrap.min.css.map
10:55:31.111	[0:0:0:0:0:0:0:1]:49831	admin	200		13.84 ms
10:56:57.333	[0:0:0:0:0:0:0:1]:49839	admin	REQUEST	[GET] /dyrin/doc/eider.html
10:56:57.895	[0:0:0:0:0:0:0:1]:49839	admin	200		562.7 ms
10:56:58.023	[0:0:0:0:0:0:0:1]:49839	admin	REQUEST	[GET] /core/ui/lib/bootstrap.min.css
10:56:58.025	[0:0:0:0:0:0:0:1]:49840	admin	REQUEST	[GET] /dyrin/ui/css/menuGauche.css
10:56:58.027	[0:0:0:0:0:0:0:1]:49842	admin	REQUEST	[GET] /core/ui/css/alignment.css
10:56:58.028	[0:0:0:0:0:0:0:1]:49844	admin	REQUEST	[GET] /dyrin/ui/css/dyrin.css
10:56:58.034	[0:0:0:0:0:0:0:1]:49839	admin	200		10.53 ms
10:56:58.034	[0:0:0:0:0:0:0:1]:49840	admin	200		9.42 ms
10:56:58.036	[0:0:0:0:0:0:0:1]:49842	admin	200		9.56 ms
10:56:58.037	[0:0:0:0:0:0:0:1]:49840	admin	REQUEST	[GET] /core/ui/lib/bootstrap.bundle.min.js
10:56:58.037	[0:0:0:0:0:0:0:1]:49844	admin	200		9.05 ms
10:56:58.040	[0:0:0:0:0:0:0:1]:49842	admin	REQUEST	[GET] /core/ui/js/MaxTEI.js
10:56:58.043	[0:0:0:0:0:0:0:1]:49844	admin	REQUEST	[GET] /dyrin/ui/js/dyrin.js
10:56:58.049	[0:0:0:0:0:0:0:1]:49842	admin	200		8.8 ms
10:56:58.049	[0:0:0:0:0:0:0:1]:49840	admin	200		11.51 ms
10:56:58.051	[0:0:0:0:0:0:0:1]:49842	admin	REQUEST	[GET] /plugins/thesauri_pdn/thesauri_pdn.js
10:56:58.053	[0:0:0:0:0:0:0:1]:49844	admin	200		9.69 ms
10:56:58.061	[0:0:0:0:0:0:0:1]:49842	admin	200		10.2 ms
10:56:58.066	[0:0:0:0:0:0:0:1]:49843	admin	REQUEST	[GET] /plugins/thesauri_pdn/thesauri_pdn.css
10:56:58.072	[0:0:0:0:0:0:0:1]:49841	admin	REQUEST	[GET] /core/ui/css/tei.css
10:56:58.076	[0:0:0:0:0:0:0:1]:49843	admin	200		9.81 ms
10:56:58.085	[0:0:0:0:0:0:0:1]:49841	admin	200		12.73 ms
10:56:58.087	[0:0:0:0:0:0:0:1]:49842	admin	REQUEST	[GET] /core/ui/images/logos/investissement-davenir.png
10:56:58.087	[0:0:0:0:0:0:0:1]:49840	admin	REQUEST	[GET] /core/ui/images/logos/biblissima.png
10:56:58.096	[0:0:0:0:0:0:0:1]:49840	admin	200		9.42 ms
10:56:58.097	[0:0:0:0:0:0:0:1]:49842	admin	200		9.83 ms
10:56:58.199	[0:0:0:0:0:0:0:1]:49840	admin	REQUEST	[GET] /core/ui/js/AbstractMax.js
10:56:58.200	[0:0:0:0:0:0:0:1]:49843	admin	REQUEST	[GET] /core/ui/css/header.css
10:56:58.203	[0:0:0:0:0:0:0:1]:49842	admin	REQUEST	[GET] /core/ui/js/Plugin.js
10:56:58.212	[0:0:0:0:0:0:0:1]:49843	admin	200		12.45 ms
10:56:58.214	[0:0:0:0:0:0:0:1]:49840	admin	200		15.03 ms
10:56:58.219	[0:0:0:0:0:0:0:1]:49842	admin	200		16.1 ms
10:56:58.817	[0:0:0:0:0:0:0:1]:49840	admin	REQUEST	[GET] /core/ui/lib/bootstrap.min.css.map
10:56:58.827	[0:0:0:0:0:0:0:1]:49840	admin	200		10.86 ms
10:57:54.851	[0:0:0:0:0:0:0:1]:49840	admin	REQUEST	[GET] /dyrin/doc/eider.html
10:57:55.009	[0:0:0:0:0:0:0:1]:49840	admin	500	Stopped at /Users/ag/Documents/elsa/projetsMaX/dyrin/dyrin-BaseX/webapp/MaX/max.xq, 275/26: [xslt:error] Error at xsl:applt-templates on line 278 column 39 of text_hook.xsl: XTSE0010: Unknown XSLT element: <applt-templates>	157.88 ms
10:58:03.695	[0:0:0:0:0:0:0:1]:49840	admin	REQUEST	[GET] /dyrin/doc/eider.html
10:58:04.097	[0:0:0:0:0:0:0:1]:49840	admin	200		401.74 ms
10:58:04.195	[0:0:0:0:0:0:0:1]:49840	admin	REQUEST	[GET] /core/ui/lib/bootstrap.min.css
10:58:04.199	[0:0:0:0:0:0:0:1]:49851	admin	REQUEST	[GET] /dyrin/ui/css/dyrin.css
10:58:04.200	[0:0:0:0:0:0:0:1]:49849	admin	REQUEST	[GET] /core/ui/css/alignment.css
10:58:04.203	[0:0:0:0:0:0:0:1]:49847	admin	REQUEST	[GET] /dyrin/ui/css/menuGauche.css
10:58:04.231	[0:0:0:0:0:0:0:1]:49840	admin	200		36.12 ms
10:58:04.236	[0:0:0:0:0:0:0:1]:49847	admin	200		33.12 ms
10:58:04.238	[0:0:0:0:0:0:0:1]:49847	admin	REQUEST	[GET] /core/ui/js/MaxTEI.js
10:58:04.243	[0:0:0:0:0:0:0:1]:49849	admin	200		43.78 ms
10:58:04.246	[0:0:0:0:0:0:0:1]:49849	admin	REQUEST	[GET] /dyrin/ui/js/dyrin.js
10:58:04.256	[0:0:0:0:0:0:0:1]:49849	admin	200		9.88 ms
10:58:04.257	[0:0:0:0:0:0:0:1]:49849	admin	REQUEST	[GET] /plugins/thesauri_pdn/thesauri_pdn.js
10:58:04.263	[0:0:0:0:0:0:0:1]:49847	admin	200		25.61 ms
10:58:04.264	[0:0:0:0:0:0:0:1]:49851	admin	200		65.21 ms
10:58:04.269	[0:0:0:0:0:0:0:1]:49840	admin	REQUEST	[GET] /core/ui/lib/bootstrap.bundle.min.js
10:58:04.270	[0:0:0:0:0:0:0:1]:49849	admin	200		13.16 ms
10:58:04.271	[0:0:0:0:0:0:0:1]:49848	admin	REQUEST	[GET] /core/ui/css/tei.css
10:58:04.271	[0:0:0:0:0:0:0:1]:49850	admin	REQUEST	[GET] /plugins/thesauri_pdn/thesauri_pdn.css
10:58:04.280	[0:0:0:0:0:0:0:1]:49850	admin	200		8.91 ms
10:58:04.280	[0:0:0:0:0:0:0:1]:49848	admin	200		9.61 ms
10:58:04.282	[0:0:0:0:0:0:0:1]:49850	admin	REQUEST	[GET] /core/ui/images/logos/investissement-davenir.png
10:58:04.282	[0:0:0:0:0:0:0:1]:49847	admin	REQUEST	[GET] /core/ui/images/logos/biblissima.png
10:58:04.291	[0:0:0:0:0:0:0:1]:49847	admin	200		9.25 ms
10:58:04.293	[0:0:0:0:0:0:0:1]:49850	admin	200		10.68 ms
10:58:04.298	[0:0:0:0:0:0:0:1]:49840	admin	200		29.73 ms
10:58:04.359	[0:0:0:0:0:0:0:1]:49847	admin	REQUEST	[GET] /core/ui/css/header.css
10:58:04.359	[0:0:0:0:0:0:0:1]:49840	admin	REQUEST	[GET] /core/ui/js/AbstractMax.js
10:58:04.359	[0:0:0:0:0:0:0:1]:49850	admin	REQUEST	[GET] /core/ui/js/Plugin.js
10:58:04.369	[0:0:0:0:0:0:0:1]:49840	admin	200		9.63 ms
10:58:04.369	[0:0:0:0:0:0:0:1]:49847	admin	200		10.3 ms
10:58:04.373	[0:0:0:0:0:0:0:1]:49850	admin	200		13.38 ms
10:58:05.000	[0:0:0:0:0:0:0:1]:49840	admin	REQUEST	[GET] /core/ui/lib/bootstrap.min.css.map
10:58:05.012	[0:0:0:0:0:0:0:1]:49840	admin	200		11.95 ms
10:58:52.288	[0:0:0:0:0:0:0:1]:49840	admin	REQUEST	[GET] /dyrin/doc/eider.html
10:58:52.661	[0:0:0:0:0:0:0:1]:49840	admin	200		373.48 ms
10:58:52.855	[0:0:0:0:0:0:0:1]:49840	admin	REQUEST	[GET] /core/ui/lib/bootstrap.min.css
10:58:52.856	[0:0:0:0:0:0:0:1]:49847	admin	REQUEST	[GET] /core/ui/css/tei.css
10:58:52.868	[0:0:0:0:0:0:0:1]:49848	admin	REQUEST	[GET] /core/ui/css/alignment.css
10:58:52.869	[0:0:0:0:0:0:0:1]:49850	admin	REQUEST	[GET] /dyrin/ui/css/menuGauche.css
10:58:52.873	[0:0:0:0:0:0:0:1]:49851	admin	REQUEST	[GET] /plugins/thesauri_pdn/thesauri_pdn.css
10:58:52.873	[0:0:0:0:0:0:0:1]:49849	admin	REQUEST	[GET] /dyrin/ui/css/dyrin.css
10:58:52.875	[0:0:0:0:0:0:0:1]:49840	admin	200		19.95 ms
10:58:52.881	[0:0:0:0:0:0:0:1]:49840	admin	REQUEST	[GET] /core/ui/lib/bootstrap.bundle.min.js
10:58:52.882	[0:0:0:0:0:0:0:1]:49848	admin	200		13.83 ms
10:58:52.886	[0:0:0:0:0:0:0:1]:49851	admin	200		13.55 ms
10:58:52.888	[0:0:0:0:0:0:0:1]:49851	admin	REQUEST	[GET] /dyrin/ui/js/dyrin.js
10:58:52.892	[0:0:0:0:0:0:0:1]:49849	admin	200		19.02 ms
10:58:52.898	[0:0:0:0:0:0:0:1]:49848	admin	REQUEST	[GET] /core/ui/js/MaxTEI.js
10:58:52.898	[0:0:0:0:0:0:0:1]:49847	admin	200		42.28 ms
10:58:52.901	[0:0:0:0:0:0:0:1]:49849	admin	REQUEST	[GET] /plugins/thesauri_pdn/thesauri_pdn.js
10:58:52.906	[0:0:0:0:0:0:0:1]:49851	admin	200		17.77 ms
10:58:52.915	[0:0:0:0:0:0:0:1]:49850	admin	200		47.81 ms
10:58:52.917	[0:0:0:0:0:0:0:1]:49847	admin	REQUEST	[GET] /core/ui/images/logos/biblissima.png
10:58:52.918	[0:0:0:0:0:0:0:1]:49848	admin	200		20.54 ms
10:58:52.922	[0:0:0:0:0:0:0:1]:49851	admin	REQUEST	[GET] /core/ui/images/logos/investissement-davenir.png
10:58:52.922	[0:0:0:0:0:0:0:1]:49840	admin	200		41.86 ms
10:58:52.926	[0:0:0:0:0:0:0:1]:49849	admin	200		25.45 ms
10:58:52.938	[0:0:0:0:0:0:0:1]:49847	admin	200		21.18 ms
10:58:52.939	[0:0:0:0:0:0:0:1]:49851	admin	200		17.43 ms
10:58:52.977	[0:0:0:0:0:0:0:1]:49840	admin	REQUEST	[GET] /core/ui/css/header.css
10:58:52.991	[0:0:0:0:0:0:0:1]:49840	admin	200		14.78 ms
10:58:53.024	[0:0:0:0:0:0:0:1]:49840	admin	REQUEST	[GET] /core/ui/js/AbstractMax.js
10:58:53.025	[0:0:0:0:0:0:0:1]:49850	admin	REQUEST	[GET] /core/ui/js/Plugin.js
10:58:53.033	[0:0:0:0:0:0:0:1]:49840	admin	200		10.12 ms
10:58:53.040	[0:0:0:0:0:0:0:1]:49850	admin	200		15.19 ms
10:58:53.646	[0:0:0:0:0:0:0:1]:49840	admin	REQUEST	[GET] /core/ui/lib/bootstrap.min.css.map
10:58:53.660	[0:0:0:0:0:0:0:1]:49840	admin	200		14.22 ms
11:03:53.784	[0:0:0:0:0:0:0:1]:49904	admin	REQUEST	[GET] /dyrin/doc/eider.html
11:03:53.920	[0:0:0:0:0:0:0:1]:49904	admin	500	Stopped at /Users/ag/Documents/elsa/projetsMaX/dyrin/dyrin-BaseX/webapp/MaX/max.xq, 275/26: [xslt:error] Error at xsl:call-template on line 277 column 52 of text_hook.xsl: XTSE0650: Cannot find a template named tei:ref	135.97 ms
11:04:15.422	[0:0:0:0:0:0:0:1]:49904	admin	REQUEST	[GET] /dyrin/doc/eider.html
11:04:15.733	[0:0:0:0:0:0:0:1]:49904	admin	200		311.89 ms
11:04:15.836	[0:0:0:0:0:0:0:1]:49904	admin	REQUEST	[GET] /core/ui/lib/bootstrap.min.css
11:04:15.838	[0:0:0:0:0:0:0:1]:49908	admin	REQUEST	[GET] /dyrin/ui/css/menuGauche.css
11:04:15.849	[0:0:0:0:0:0:0:1]:49908	admin	200		11.09 ms
11:04:15.849	[0:0:0:0:0:0:0:1]:49904	admin	200		13.05 ms
11:04:15.852	[0:0:0:0:0:0:0:1]:49910	admin	REQUEST	[GET] /core/ui/css/tei.css
11:04:15.855	[0:0:0:0:0:0:0:1]:49909	admin	REQUEST	[GET] /core/ui/css/alignment.css
11:04:15.859	[0:0:0:0:0:0:0:1]:49908	admin	REQUEST	[GET] /core/ui/lib/bootstrap.bundle.min.js
11:04:15.873	[0:0:0:0:0:0:0:1]:49910	admin	200		20.41 ms
11:04:15.874	[0:0:0:0:0:0:0:1]:49910	admin	REQUEST	[GET] /dyrin/ui/js/dyrin.js
11:04:15.880	[0:0:0:0:0:0:0:1]:49908	admin	200		20.77 ms
11:04:15.883	[0:0:0:0:0:0:0:1]:49909	admin	200		27.68 ms
11:04:15.886	[0:0:0:0:0:0:0:1]:49910	admin	200		12.11 ms
11:04:15.888	[0:0:0:0:0:0:0:1]:49911	admin	REQUEST	[GET] /plugins/thesauri_pdn/thesauri_pdn.css
11:04:15.888	[0:0:0:0:0:0:0:1]:49912	admin	REQUEST	[GET] /dyrin/ui/css/dyrin.css
11:04:15.888	[0:0:0:0:0:0:0:1]:49908	admin	REQUEST	[GET] /plugins/thesauri_pdn/thesauri_pdn.js
11:04:15.890	[0:0:0:0:0:0:0:1]:49904	admin	REQUEST	[GET] /core/ui/js/MaxTEI.js
11:04:15.897	[0:0:0:0:0:0:0:1]:49912	admin	200		9.18 ms
11:04:15.907	[0:0:0:0:0:0:0:1]:49908	admin	200		19.0 ms
11:04:15.921	[0:0:0:0:0:0:0:1]:49911	admin	200		33.36 ms
11:04:15.931	[0:0:0:0:0:0:0:1]:49910	admin	REQUEST	[GET] /core/ui/images/logos/investissement-davenir.png
11:04:15.940	[0:0:0:0:0:0:0:1]:49910	admin	200		8.67 ms
11:04:15.942	[0:0:0:0:0:0:0:1]:49908	admin	REQUEST	[GET] /core/ui/images/logos/biblissima.png
11:04:15.945	[0:0:0:0:0:0:0:1]:49904	admin	200		55.24 ms
11:04:15.953	[0:0:0:0:0:0:0:1]:49908	admin	200		11.14 ms
11:04:15.955	[0:0:0:0:0:0:0:1]:49910	admin	REQUEST	[GET] /core/ui/css/header.css
11:04:15.966	[0:0:0:0:0:0:0:1]:49910	admin	200		11.77 ms
11:04:15.983	[0:0:0:0:0:0:0:1]:49908	admin	REQUEST	[GET] /core/ui/js/Plugin.js
11:04:15.994	[0:0:0:0:0:0:0:1]:49908	admin	200		10.6 ms
11:04:16.004	[0:0:0:0:0:0:0:1]:49908	admin	REQUEST	[GET] /core/ui/js/AbstractMax.js
11:04:16.014	[0:0:0:0:0:0:0:1]:49908	admin	200		12.52 ms
11:04:16.582	[0:0:0:0:0:0:0:1]:49908	admin	REQUEST	[GET] /core/ui/lib/bootstrap.min.css.map
11:04:16.592	[0:0:0:0:0:0:0:1]:49908	admin	200		10.24 ms
11:04:33.377	[0:0:0:0:0:0:0:1]:49908	admin	REQUEST	[GET] /core/ui/lib/bootstrap.min.css.map
11:04:33.406	[0:0:0:0:0:0:0:1]:49908	admin	200		29.37 ms
11:04:34.690	[0:0:0:0:0:0:0:1]:49908	admin	REQUEST	[GET] /dyrin/doc/eider.html
11:04:35.024	[0:0:0:0:0:0:0:1]:49908	admin	200		334.29 ms
11:04:35.160	[0:0:0:0:0:0:0:1]:49910	admin	REQUEST	[GET] /dyrin/ui/css/menuGauche.css
11:04:35.171	[0:0:0:0:0:0:0:1]:49909	admin	REQUEST	[GET] /plugins/thesauri_pdn/thesauri_pdn.css
11:04:35.171	[0:0:0:0:0:0:0:1]:49911	admin	REQUEST	[GET] /core/ui/css/tei.css
11:04:35.182	[0:0:0:0:0:0:0:1]:49909	admin	200		10.94 ms
11:04:35.183	[0:0:0:0:0:0:0:1]:49904	admin	REQUEST	[GET] /dyrin/ui/css/dyrin.css
11:04:35.184	[0:0:0:0:0:0:0:1]:49911	admin	200		12.67 ms
11:04:35.186	[0:0:0:0:0:0:0:1]:49909	admin	REQUEST	[GET] /core/ui/lib/bootstrap.bundle.min.js
11:04:35.196	[0:0:0:0:0:0:0:1]:49909	admin	200		9.86 ms
11:04:35.197	[0:0:0:0:0:0:0:1]:49904	admin	200		13.76 ms
11:04:35.198	[0:0:0:0:0:0:0:1]:49911	admin	REQUEST	[GET] /core/ui/js/MaxTEI.js
11:04:35.199	[0:0:0:0:0:0:0:1]:49908	admin	REQUEST	[GET] /core/ui/lib/bootstrap.min.css
11:04:35.202	[0:0:0:0:0:0:0:1]:49909	admin	REQUEST	[GET] /plugins/thesauri_pdn/thesauri_pdn.js
11:04:35.202	[0:0:0:0:0:0:0:1]:49904	admin	REQUEST	[GET] /dyrin/ui/js/dyrin.js
11:04:35.207	[0:0:0:0:0:0:0:1]:49910	admin	200		47.32 ms
11:04:35.210	[0:0:0:0:0:0:0:1]:49904	admin	200		8.47 ms
11:04:35.212	[0:0:0:0:0:0:0:1]:49912	admin	REQUEST	[GET] /core/ui/css/alignment.css
11:04:35.213	[0:0:0:0:0:0:0:1]:49909	admin	200		10.58 ms
11:04:35.215	[0:0:0:0:0:0:0:1]:49911	admin	200		17.52 ms
11:04:35.222	[0:0:0:0:0:0:0:1]:49912	admin	200		10.42 ms
11:04:35.223	[0:0:0:0:0:0:0:1]:49908	admin	200		24.67 ms
11:04:35.230	[0:0:0:0:0:0:0:1]:49910	admin	REQUEST	[GET] /core/ui/images/logos/investissement-davenir.png
11:04:35.230	[0:0:0:0:0:0:0:1]:49909	admin	REQUEST	[GET] /core/ui/images/logos/biblissima.png
11:04:35.239	[0:0:0:0:0:0:0:1]:49910	admin	200		9.08 ms
11:04:35.241	[0:0:0:0:0:0:0:1]:49909	admin	200		10.86 ms
11:04:35.368	[0:0:0:0:0:0:0:1]:49908	admin	REQUEST	[GET] /core/ui/css/header.css
11:04:35.370	[0:0:0:0:0:0:0:1]:49910	admin	REQUEST	[GET] /core/ui/js/AbstractMax.js
11:04:35.372	[0:0:0:0:0:0:0:1]:49909	admin	REQUEST	[GET] /core/ui/js/Plugin.js
11:04:35.376	[0:0:0:0:0:0:0:1]:49908	admin	200		8.64 ms
11:04:35.388	[0:0:0:0:0:0:0:1]:49910	admin	200		18.42 ms
11:04:35.397	[0:0:0:0:0:0:0:1]:49909	admin	200		24.99 ms
11:04:35.895	[0:0:0:0:0:0:0:1]:49908	admin	REQUEST	[GET] /core/ui/lib/bootstrap.min.css.map
11:04:35.906	[0:0:0:0:0:0:0:1]:49908	admin	200		11.38 ms
11:06:37.403	[0:0:0:0:0:0:0:1]:49944	admin	REQUEST	[GET] /dyrin/doc/eider.html
11:06:37.694	[0:0:0:0:0:0:0:1]:49944	admin	200		291.21 ms
11:06:37.827	[0:0:0:0:0:0:0:1]:49944	admin	REQUEST	[GET] /core/ui/lib/bootstrap.min.css
11:06:37.831	[0:0:0:0:0:0:0:1]:49947	admin	REQUEST	[GET] /core/ui/css/alignment.css
11:06:37.838	[0:0:0:0:0:0:0:1]:49944	admin	200		10.79 ms
11:06:37.842	[0:0:0:0:0:0:0:1]:49947	admin	200		11.35 ms
11:06:37.844	[0:0:0:0:0:0:0:1]:49949	admin	REQUEST	[GET] /dyrin/ui/css/dyrin.css
11:06:37.846	[0:0:0:0:0:0:0:1]:49948	admin	REQUEST	[GET] /plugins/thesauri_pdn/thesauri_pdn.css
11:06:37.846	[0:0:0:0:0:0:0:1]:49947	admin	REQUEST	[GET] /core/ui/lib/bootstrap.bundle.min.js
11:06:37.848	[0:0:0:0:0:0:0:1]:49945	admin	REQUEST	[GET] /core/ui/css/tei.css
11:06:37.852	[0:0:0:0:0:0:0:1]:49946	admin	REQUEST	[GET] /dyrin/ui/css/menuGauche.css
11:06:37.854	[0:0:0:0:0:0:0:1]:49948	admin	200		8.54 ms
11:06:37.857	[0:0:0:0:0:0:0:1]:49948	admin	REQUEST	[GET] /dyrin/ui/js/dyrin.js
11:06:37.858	[0:0:0:0:0:0:0:1]:49945	admin	200		9.54 ms
11:06:37.861	[0:0:0:0:0:0:0:1]:49944	admin	REQUEST	[GET] /core/ui/js/MaxTEI.js
11:06:37.863	[0:0:0:0:0:0:0:1]:49947	admin	200		18.09 ms
11:06:37.866	[0:0:0:0:0:0:0:1]:49945	admin	REQUEST	[GET] /plugins/thesauri_pdn/thesauri_pdn.js
11:06:37.873	[0:0:0:0:0:0:0:1]:49948	admin	200		16.79 ms
11:06:37.873	[0:0:0:0:0:0:0:1]:49949	admin	200		29.94 ms
11:06:37.875	[0:0:0:0:0:0:0:1]:49944	admin	200		13.84 ms
11:06:37.882	[0:0:0:0:0:0:0:1]:49945	admin	200		16.21 ms
11:06:37.883	[0:0:0:0:0:0:0:1]:49946	admin	200		30.58 ms
11:06:37.895	[0:0:0:0:0:0:0:1]:49947	admin	REQUEST	[GET] /core/ui/images/logos/biblissima.png
11:06:37.895	[0:0:0:0:0:0:0:1]:49948	admin	REQUEST	[GET] /core/ui/images/logos/investissement-davenir.png
11:06:37.904	[0:0:0:0:0:0:0:1]:49948	admin	200		9.4 ms
11:06:37.905	[0:0:0:0:0:0:0:1]:49947	admin	200		10.55 ms
11:06:38.006	[0:0:0:0:0:0:0:1]:49947	admin	REQUEST	[GET] /core/ui/css/header.css
11:06:38.006	[0:0:0:0:0:0:0:1]:49948	admin	REQUEST	[GET] /core/ui/js/Plugin.js
11:06:38.007	[0:0:0:0:0:0:0:1]:49945	admin	REQUEST	[GET] /core/ui/js/AbstractMax.js
11:06:38.015	[0:0:0:0:0:0:0:1]:49947	admin	200		9.19 ms
11:06:38.015	[0:0:0:0:0:0:0:1]:49948	admin	200		8.5 ms
11:06:38.015	[0:0:0:0:0:0:0:1]:49945	admin	200		8.06 ms
11:06:38.104	[0:0:0:0:0:0:0:1]:49947	admin	REQUEST	[GET] /favicon.ico
11:06:38.123	[0:0:0:0:0:0:0:1]:49947	admin	200		19.08 ms
11:06:38.650	[0:0:0:0:0:0:0:1]:49947	admin	REQUEST	[GET] /core/ui/lib/bootstrap.min.css.map
11:06:38.656	[0:0:0:0:0:0:0:1]:49947	admin	200		6.71 ms
11:07:00.402	[0:0:0:0:0:0:0:1]:49947	admin	REQUEST	[GET] /dyrin/doc/eider.html
11:07:00.660	[0:0:0:0:0:0:0:1]:49947	admin	200		257.35 ms
11:07:00.764	[0:0:0:0:0:0:0:1]:49948	admin	REQUEST	[GET] /dyrin/ui/css/menuGauche.css
11:07:00.764	[0:0:0:0:0:0:0:1]:49947	admin	REQUEST	[GET] /core/ui/lib/bootstrap.min.css
11:07:00.766	[0:0:0:0:0:0:0:1]:49946	admin	REQUEST	[GET] /plugins/thesauri_pdn/thesauri_pdn.css
11:07:00.766	[0:0:0:0:0:0:0:1]:49944	admin	REQUEST	[GET] /dyrin/ui/css/dyrin.css
11:07:00.775	[0:0:0:0:0:0:0:1]:49944	admin	200		9.69 ms
11:07:00.775	[0:0:0:0:0:0:0:1]:49947	admin	200		11.33 ms
11:07:00.778	[0:0:0:0:0:0:0:1]:49946	admin	200		12.47 ms
11:07:00.779	[0:0:0:0:0:0:0:1]:49944	admin	REQUEST	[GET] /core/ui/lib/bootstrap.bundle.min.js
11:07:00.780	[0:0:0:0:0:0:0:1]:49946	admin	REQUEST	[GET] /core/ui/js/MaxTEI.js
11:07:00.787	[0:0:0:0:0:0:0:1]:49944	admin	200		8.6 ms
11:07:00.787	[0:0:0:0:0:0:0:1]:49946	admin	200		7.89 ms
11:07:00.789	[0:0:0:0:0:0:0:1]:49946	admin	REQUEST	[GET] /plugins/thesauri_pdn/thesauri_pdn.js
11:07:00.789	[0:0:0:0:0:0:0:1]:49947	admin	REQUEST	[GET] /dyrin/ui/js/dyrin.js
11:07:00.797	[0:0:0:0:0:0:0:1]:49945	admin	REQUEST	[GET] /core/ui/css/tei.css
11:07:00.798	[0:0:0:0:0:0:0:1]:49947	admin	200		8.99 ms
11:07:00.800	[0:0:0:0:0:0:0:1]:49946	admin	200		10.82 ms
11:07:00.807	[0:0:0:0:0:0:0:1]:49948	admin	200		43.13 ms
11:07:00.814	[0:0:0:0:0:0:0:1]:49949	admin	REQUEST	[GET] /core/ui/css/alignment.css
11:07:00.814	[0:0:0:0:0:0:0:1]:49945	admin	200		17.08 ms
11:07:00.824	[0:0:0:0:0:0:0:1]:49949	admin	200		10.13 ms
11:07:00.868	[0:0:0:0:0:0:0:1]:49948	admin	REQUEST	[GET] /core/ui/images/logos/investissement-davenir.png
11:07:00.868	[0:0:0:0:0:0:0:1]:49947	admin	REQUEST	[GET] /core/ui/images/logos/biblissima.png
11:07:00.878	[0:0:0:0:0:0:0:1]:49947	admin	200		9.86 ms
11:07:00.878	[0:0:0:0:0:0:0:1]:49948	admin	200		9.87 ms
11:07:00.952	[0:0:0:0:0:0:0:1]:49947	admin	REQUEST	[GET] /core/ui/js/AbstractMax.js
11:07:00.952	[0:0:0:0:0:0:0:1]:49946	admin	REQUEST	[GET] /core/ui/css/header.css
11:07:00.954	[0:0:0:0:0:0:0:1]:49948	admin	REQUEST	[GET] /core/ui/js/Plugin.js
11:07:00.962	[0:0:0:0:0:0:0:1]:49947	admin	200		10.42 ms
11:07:00.962	[0:0:0:0:0:0:0:1]:49946	admin	200		10.14 ms
11:07:00.969	[0:0:0:0:0:0:0:1]:49948	admin	200		15.26 ms
11:07:01.506	[0:0:0:0:0:0:0:1]:49947	admin	REQUEST	[GET] /core/ui/lib/bootstrap.min.css.map
11:07:01.520	[0:0:0:0:0:0:0:1]:49947	admin	200		13.69 ms
11:12:31.416	[0:0:0:0:0:0:0:1]:49965	admin	REQUEST	[GET] /dyrin/doc/eider.html
11:12:31.523	[0:0:0:0:0:0:0:1]:49965	admin	500	Stopped at /Users/ag/Documents/elsa/projetsMaX/dyrin/dyrin-BaseX/webapp/MaX/max.xq, 275/26: [xslt:error] Error on line 291 column 43 of text_hook.xsl: SXXP0003: Error reported by XML parser: Element type "xsl:apply-templates" must be followed by either attribute specifications, ">" or "/>".	107.67 ms
11:12:49.613	[0:0:0:0:0:0:0:1]:49965	admin	REQUEST	[GET] /dyrin/doc/eider.html
11:12:49.890	[0:0:0:0:0:0:0:1]:49965	admin	200		277.28 ms
11:12:49.970	[0:0:0:0:0:0:0:1]:49965	admin	REQUEST	[GET] /core/ui/lib/bootstrap.min.css
11:12:49.988	[0:0:0:0:0:0:0:1]:49966	admin	REQUEST	[GET] /dyrin/ui/css/menuGauche.css
11:12:49.998	[0:0:0:0:0:0:0:1]:49965	admin	200		28.31 ms
11:12:49.998	[0:0:0:0:0:0:0:1]:49966	admin	200		10.48 ms
11:12:50.020	[0:0:0:0:0:0:0:1]:49966	admin	REQUEST	[GET] /core/ui/css/tei.css
11:12:50.020	[0:0:0:0:0:0:0:1]:49965	admin	REQUEST	[GET] /core/ui/css/alignment.css
11:12:50.032	[0:0:0:0:0:0:0:1]:49966	admin	200		12.64 ms
11:12:50.033	[0:0:0:0:0:0:0:1]:49965	admin	200		13.61 ms
11:12:50.034	[0:0:0:0:0:0:0:1]:49966	admin	REQUEST	[GET] /dyrin/ui/js/dyrin.js
11:12:50.036	[0:0:0:0:0:0:0:1]:49967	admin	REQUEST	[GET] /plugins/thesauri_pdn/thesauri_pdn.css
11:12:50.045	[0:0:0:0:0:0:0:1]:49967	admin	200		9.47 ms
11:12:50.050	[0:0:0:0:0:0:0:1]:49969	admin	REQUEST	[GET] /core/ui/lib/bootstrap.bundle.min.js
11:12:50.060	[0:0:0:0:0:0:0:1]:49969	admin	200		9.76 ms
11:12:50.066	[0:0:0:0:0:0:0:1]:49966	admin	200		31.97 ms
11:12:50.069	[0:0:0:0:0:0:0:1]:49968	admin	REQUEST	[GET] /dyrin/ui/css/dyrin.css
11:12:50.079	[0:0:0:0:0:0:0:1]:49965	admin	REQUEST	[GET] /plugins/thesauri_pdn/thesauri_pdn.js
11:12:50.079	[0:0:0:0:0:0:0:1]:49968	admin	200		10.77 ms
11:12:50.081	[0:0:0:0:0:0:0:1]:49970	admin	REQUEST	[GET] /core/ui/js/MaxTEI.js
11:12:50.089	[0:0:0:0:0:0:0:1]:49965	admin	200		10.12 ms
11:12:50.090	[0:0:0:0:0:0:0:1]:49970	admin	200		9.57 ms
11:12:50.093	[0:0:0:0:0:0:0:1]:49967	admin	REQUEST	[GET] /core/ui/images/logos/investissement-davenir.png
11:12:50.095	[0:0:0:0:0:0:0:1]:49969	admin	REQUEST	[GET] /core/ui/images/logos/biblissima.png
11:12:50.103	[0:0:0:0:0:0:0:1]:49967	admin	200		9.56 ms
11:12:50.103	[0:0:0:0:0:0:0:1]:49969	admin	200		8.77 ms
11:12:50.200	[0:0:0:0:0:0:0:1]:49967	admin	REQUEST	[GET] /core/ui/js/Plugin.js
11:12:50.200	[0:0:0:0:0:0:0:1]:49970	admin	REQUEST	[GET] /core/ui/js/AbstractMax.js
11:12:50.200	[0:0:0:0:0:0:0:1]:49969	admin	REQUEST	[GET] /core/ui/css/header.css
11:12:50.208	[0:0:0:0:0:0:0:1]:49970	admin	200		8.29 ms
11:12:50.208	[0:0:0:0:0:0:0:1]:49967	admin	200		8.54 ms
11:12:50.212	[0:0:0:0:0:0:0:1]:49969	admin	200		12.4 ms
11:12:50.709	[0:0:0:0:0:0:0:1]:49969	admin	REQUEST	[GET] /core/ui/lib/bootstrap.min.css.map
11:12:50.719	[0:0:0:0:0:0:0:1]:49969	admin	200		10.63 ms
11:22:16.195	[0:0:0:0:0:0:0:1]:50001	admin	REQUEST	[GET] /dyrin/doc/eider.html
11:22:16.499	[0:0:0:0:0:0:0:1]:50001	admin	200		304.7 ms
11:22:16.650	[0:0:0:0:0:0:0:1]:50001	admin	REQUEST	[GET] /core/ui/lib/bootstrap.min.css
11:22:16.662	[0:0:0:0:0:0:0:1]:50002	admin	REQUEST	[GET] /dyrin/ui/css/menuGauche.css
11:22:16.667	[0:0:0:0:0:0:0:1]:50005	admin	REQUEST	[GET] /plugins/thesauri_pdn/thesauri_pdn.css
11:22:16.671	[0:0:0:0:0:0:0:1]:50001	admin	200		20.74 ms
11:22:16.673	[0:0:0:0:0:0:0:1]:50002	admin	200		11.67 ms
11:22:16.676	[0:0:0:0:0:0:0:1]:50004	admin	REQUEST	[GET] /dyrin/ui/css/dyrin.css
11:22:16.680	[0:0:0:0:0:0:0:1]:50006	admin	REQUEST	[GET] /core/ui/css/alignment.css
11:22:16.683	[0:0:0:0:0:0:0:1]:50002	admin	REQUEST	[GET] /core/ui/lib/bootstrap.bundle.min.js
11:22:16.684	[0:0:0:0:0:0:0:1]:50004	admin	200		8.54 ms
11:22:16.685	[0:0:0:0:0:0:0:1]:50005	admin	200		18.2 ms
11:22:16.687	[0:0:0:0:0:0:0:1]:50004	admin	REQUEST	[GET] /dyrin/ui/js/dyrin.js
11:22:16.689	[0:0:0:0:0:0:0:1]:50006	admin	200		9.02 ms
11:22:16.690	[0:0:0:0:0:0:0:1]:50005	admin	REQUEST	[GET] /core/ui/js/MaxTEI.js
11:22:16.690	[0:0:0:0:0:0:0:1]:50003	admin	REQUEST	[GET] /core/ui/css/tei.css
11:22:16.692	[0:0:0:0:0:0:0:1]:50006	admin	REQUEST	[GET] /plugins/thesauri_pdn/thesauri_pdn.js
11:22:16.697	[0:0:0:0:0:0:0:1]:50004	admin	200		10.2 ms
11:22:16.699	[0:0:0:0:0:0:0:1]:50005	admin	200		9.35 ms
11:22:16.699	[0:0:0:0:0:0:0:1]:50003	admin	200		9.26 ms
11:22:16.700	[0:0:0:0:0:0:0:1]:50006	admin	200		8.31 ms
11:22:16.701	[0:0:0:0:0:0:0:1]:50004	admin	REQUEST	[GET] /core/ui/images/logos/biblissima.png
11:22:16.701	[0:0:0:0:0:0:0:1]:50001	admin	REQUEST	[GET] /core/ui/images/logos/investissement-davenir.png
11:22:16.709	[0:0:0:0:0:0:0:1]:50002	admin	200		26.57 ms
11:22:16.709	[0:0:0:0:0:0:0:1]:50004	admin	200		8.77 ms
11:22:16.709	[0:0:0:0:0:0:0:1]:50001	admin	200		8.68 ms
11:22:16.846	[0:0:0:0:0:0:0:1]:50002	admin	REQUEST	[GET] /core/ui/css/header.css
11:22:16.846	[0:0:0:0:0:0:0:1]:50004	admin	REQUEST	[GET] /core/ui/js/Plugin.js
11:22:16.847	[0:0:0:0:0:0:0:1]:50005	admin	REQUEST	[GET] /core/ui/js/AbstractMax.js
11:22:16.855	[0:0:0:0:0:0:0:1]:50002	admin	200		9.33 ms
11:22:16.855	[0:0:0:0:0:0:0:1]:50005	admin	200		8.96 ms
11:22:16.858	[0:0:0:0:0:0:0:1]:50004	admin	200		12.18 ms
11:22:16.939	[0:0:0:0:0:0:0:1]:50002	admin	REQUEST	[GET] /favicon.ico
11:22:16.957	[0:0:0:0:0:0:0:1]:50002	admin	200		18.79 ms
11:22:17.433	[0:0:0:0:0:0:0:1]:50002	admin	REQUEST	[GET] /core/ui/lib/bootstrap.min.css.map
11:22:17.442	[0:0:0:0:0:0:0:1]:50002	admin	200		9.54 ms
11:23:44.760	[0:0:0:0:0:0:0:1]:50008	admin	REQUEST	[GET] /dyrin/doc/eider.html
11:23:45.047	[0:0:0:0:0:0:0:1]:50008	admin	200		286.96 ms
11:23:45.164	[0:0:0:0:0:0:0:1]:50008	admin	REQUEST	[GET] /core/ui/lib/bootstrap.min.css
11:23:45.170	[0:0:0:0:0:0:0:1]:50010	admin	REQUEST	[GET] /dyrin/ui/css/menuGauche.css
11:23:45.173	[0:0:0:0:0:0:0:1]:50009	admin	REQUEST	[GET] /core/ui/css/tei.css
11:23:45.175	[0:0:0:0:0:0:0:1]:50013	admin	REQUEST	[GET] /dyrin/ui/css/dyrin.css
11:23:45.183	[0:0:0:0:0:0:0:1]:50009	admin	200		10.94 ms
11:23:45.190	[0:0:0:0:0:0:0:1]:50011	admin	REQUEST	[GET] /core/ui/css/alignment.css
11:23:45.192	[0:0:0:0:0:0:0:1]:50013	admin	200		16.96 ms
11:23:45.193	[0:0:0:0:0:0:0:1]:50012	admin	REQUEST	[GET] /plugins/thesauri_pdn/thesauri_pdn.css
11:23:45.197	[0:0:0:0:0:0:0:1]:50010	admin	200		26.39 ms
11:23:45.201	[0:0:0:0:0:0:0:1]:50011	admin	200		13.65 ms
11:23:45.203	[0:0:0:0:0:0:0:1]:50011	admin	REQUEST	[GET] /dyrin/ui/js/dyrin.js
11:23:45.214	[0:0:0:0:0:0:0:1]:50008	admin	200		50.69 ms
11:23:45.220	[0:0:0:0:0:0:0:1]:50010	admin	REQUEST	[GET] /plugins/thesauri_pdn/thesauri_pdn.js
11:23:45.220	[0:0:0:0:0:0:0:1]:50013	admin	REQUEST	[GET] /core/ui/js/MaxTEI.js
11:23:45.221	[0:0:0:0:0:0:0:1]:50011	admin	200		18.6 ms
11:23:45.223	[0:0:0:0:0:0:0:1]:50012	admin	200		36.81 ms
11:23:45.228	[0:0:0:0:0:0:0:1]:50010	admin	200		8.79 ms
11:23:45.228	[0:0:0:0:0:0:0:1]:50013	admin	200		8.18 ms
11:23:45.230	[0:0:0:0:0:0:0:1]:50013	admin	REQUEST	[GET] /core/ui/images/logos/biblissima.png
11:23:45.232	[0:0:0:0:0:0:0:1]:50012	admin	REQUEST	[GET] /core/ui/images/logos/investissement-davenir.png
11:23:45.235	[0:0:0:0:0:0:0:1]:50009	admin	REQUEST	[GET] /core/ui/lib/bootstrap.bundle.min.js
11:23:45.241	[0:0:0:0:0:0:0:1]:50013	admin	200		10.62 ms
11:23:45.259	[0:0:0:0:0:0:0:1]:50012	admin	200		26.67 ms
11:23:45.261	[0:0:0:0:0:0:0:1]:50009	admin	200		26.28 ms
11:23:45.305	[0:0:0:0:0:0:0:1]:50009	admin	REQUEST	[GET] /core/ui/css/header.css
11:23:45.305	[0:0:0:0:0:0:0:1]:50012	admin	REQUEST	[GET] /core/ui/js/Plugin.js
11:23:45.305	[0:0:0:0:0:0:0:1]:50013	admin	REQUEST	[GET] /core/ui/js/AbstractMax.js
11:23:45.314	[0:0:0:0:0:0:0:1]:50009	admin	200		9.65 ms
11:23:45.319	[0:0:0:0:0:0:0:1]:50012	admin	200		14.79 ms
11:23:45.324	[0:0:0:0:0:0:0:1]:50013	admin	200		19.03 ms
11:23:45.782	[0:0:0:0:0:0:0:1]:50009	admin	REQUEST	[GET] /core/ui/lib/bootstrap.min.css.map
11:23:45.790	[0:0:0:0:0:0:0:1]:50009	admin	200		8.71 ms
11:23:47.662	[0:0:0:0:0:0:0:1]:50009	admin	REQUEST	[GET] /dyrin/doc/eider.html
11:23:47.950	[0:0:0:0:0:0:0:1]:50009	admin	200		288.16 ms
11:23:48.072	[0:0:0:0:0:0:0:1]:50012	admin	REQUEST	[GET] /dyrin/ui/css/menuGauche.css
11:23:48.072	[0:0:0:0:0:0:0:1]:50009	admin	REQUEST	[GET] /core/ui/lib/bootstrap.min.css
11:23:48.073	[0:0:0:0:0:0:0:1]:50008	admin	REQUEST	[GET] /dyrin/ui/css/dyrin.css
11:23:48.073	[0:0:0:0:0:0:0:1]:50010	admin	REQUEST	[GET] /core/ui/css/alignment.css
11:23:48.085	[0:0:0:0:0:0:0:1]:50012	admin	200		12.72 ms
11:23:48.095	[0:0:0:0:0:0:0:1]:50012	admin	REQUEST	[GET] /core/ui/lib/bootstrap.bundle.min.js
11:23:48.104	[0:0:0:0:0:0:0:1]:50009	admin	200		32.06 ms
11:23:48.105	[0:0:0:0:0:0:0:1]:50012	admin	200		9.3 ms
11:23:48.106	[0:0:0:0:0:0:0:1]:50008	admin	200		33.34 ms
11:23:48.107	[0:0:0:0:0:0:0:1]:50010	admin	200		34.64 ms
11:23:48.109	[0:0:0:0:0:0:0:1]:50012	admin	REQUEST	[GET] /plugins/thesauri_pdn/thesauri_pdn.js
11:23:48.109	[0:0:0:0:0:0:0:1]:50008	admin	REQUEST	[GET] /core/ui/js/MaxTEI.js
11:23:48.112	[0:0:0:0:0:0:0:1]:50010	admin	REQUEST	[GET] /dyrin/ui/js/dyrin.js
11:23:48.121	[0:0:0:0:0:0:0:1]:50012	admin	200		11.4 ms
11:23:48.121	[0:0:0:0:0:0:0:1]:50008	admin	200		11.58 ms
11:23:48.121	[0:0:0:0:0:0:0:1]:50010	admin	200		9.56 ms
11:23:48.124	[0:0:0:0:0:0:0:1]:50011	admin	REQUEST	[GET] /plugins/thesauri_pdn/thesauri_pdn.css
11:23:48.124	[0:0:0:0:0:0:0:1]:50013	admin	REQUEST	[GET] /core/ui/css/tei.css
11:23:48.133	[0:0:0:0:0:0:0:1]:50011	admin	200		8.88 ms
11:23:48.155	[0:0:0:0:0:0:0:1]:50013	admin	200		31.19 ms
11:23:48.157	[0:0:0:0:0:0:0:1]:50009	admin	REQUEST	[GET] /core/ui/images/logos/biblissima.png
11:23:48.157	[0:0:0:0:0:0:0:1]:50012	admin	REQUEST	[GET] /core/ui/images/logos/investissement-davenir.png
11:23:48.168	[0:0:0:0:0:0:0:1]:50009	admin	200		11.44 ms
11:23:48.170	[0:0:0:0:0:0:0:1]:50012	admin	200		13.52 ms
11:23:48.274	[0:0:0:0:0:0:0:1]:50009	admin	REQUEST	[GET] /core/ui/js/AbstractMax.js
11:23:48.274	[0:0:0:0:0:0:0:1]:50012	admin	REQUEST	[GET] /core/ui/js/Plugin.js
11:23:48.276	[0:0:0:0:0:0:0:1]:50013	admin	REQUEST	[GET] /core/ui/css/header.css
11:23:48.284	[0:0:0:0:0:0:0:1]:50012	admin	200		10.23 ms
11:23:48.286	[0:0:0:0:0:0:0:1]:50009	admin	200		12.5 ms
11:23:48.295	[0:0:0:0:0:0:0:1]:50013	admin	200		19.49 ms
11:23:48.726	[0:0:0:0:0:0:0:1]:50009	admin	REQUEST	[GET] /core/ui/lib/bootstrap.min.css.map
11:23:48.734	[0:0:0:0:0:0:0:1]:50009	admin	200		8.13 ms
11:49:02.184	[0:0:0:0:0:0:0:1]:50170	admin	REQUEST	[GET] /dyrin/doc/eider.html
11:49:02.438	[0:0:0:0:0:0:0:1]:50170	admin	200		254.67 ms
11:49:02.560	[0:0:0:0:0:0:0:1]:50170	admin	REQUEST	[GET] /core/ui/lib/bootstrap.min.css
11:49:02.569	[0:0:0:0:0:0:0:1]:50172	admin	REQUEST	[GET] /core/ui/css/tei.css
11:49:02.570	[0:0:0:0:0:0:0:1]:50170	admin	200		10.36 ms
11:49:02.581	[0:0:0:0:0:0:0:1]:50170	admin	REQUEST	[GET] /core/ui/lib/bootstrap.bundle.min.js
11:49:02.582	[0:0:0:0:0:0:0:1]:50172	admin	200		12.39 ms
11:49:02.583	[0:0:0:0:0:0:0:1]:50174	admin	REQUEST	[GET] /dyrin/ui/css/dyrin.css
11:49:02.603	[0:0:0:0:0:0:0:1]:50175	admin	REQUEST	[GET] /plugins/thesauri_pdn/thesauri_pdn.css
11:49:02.609	[0:0:0:0:0:0:0:1]:50170	admin	200		27.2 ms
11:49:02.603	[0:0:0:0:0:0:0:1]:50171	admin	REQUEST	[GET] /dyrin/ui/css/menuGauche.css
11:49:02.603	[0:0:0:0:0:0:0:1]:50173	admin	REQUEST	[GET] /core/ui/css/alignment.css
11:49:02.613	[0:0:0:0:0:0:0:1]:50174	admin	200		29.82 ms
11:49:02.616	[0:0:0:0:0:0:0:1]:50170	admin	REQUEST	[GET] /dyrin/ui/js/dyrin.js
11:49:02.616	[0:0:0:0:0:0:0:1]:50175	admin	200		13.53 ms
11:49:02.617	[0:0:0:0:0:0:0:1]:50174	admin	REQUEST	[GET] /plugins/thesauri_pdn/thesauri_pdn.js
11:49:02.620	[0:0:0:0:0:0:0:1]:50173	admin	200		17.34 ms
11:49:02.624	[0:0:0:0:0:0:0:1]:50171	admin	200		21.74 ms
11:49:02.625	[0:0:0:0:0:0:0:1]:50174	admin	200		7.52 ms
11:49:02.629	[0:0:0:0:0:0:0:1]:50172	admin	REQUEST	[GET] /core/ui/js/MaxTEI.js
11:49:02.630	[0:0:0:0:0:0:0:1]:50173	admin	REQUEST	[GET] /core/ui/images/logos/investissement-davenir.png
11:49:02.630	[0:0:0:0:0:0:0:1]:50170	admin	200		14.62 ms
11:49:02.635	[0:0:0:0:0:0:0:1]:50175	admin	REQUEST	[GET] /core/ui/images/logos/biblissima.png
11:49:02.639	[0:0:0:0:0:0:0:1]:50172	admin	200		9.92 ms
11:49:02.640	[0:0:0:0:0:0:0:1]:50173	admin	200		10.26 ms
11:49:02.644	[0:0:0:0:0:0:0:1]:50175	admin	200		12.28 ms
11:49:02.758	[0:0:0:0:0:0:0:1]:50173	admin	REQUEST	[GET] /core/ui/css/header.css
11:49:02.758	[0:0:0:0:0:0:0:1]:50175	admin	REQUEST	[GET] /core/ui/js/Plugin.js
11:49:02.763	[0:0:0:0:0:0:0:1]:50172	admin	REQUEST	[GET] /core/ui/js/AbstractMax.js
11:49:02.768	[0:0:0:0:0:0:0:1]:50173	admin	200		10.67 ms
11:49:02.773	[0:0:0:0:0:0:0:1]:50172	admin	200		10.5 ms
11:49:02.775	[0:0:0:0:0:0:0:1]:50175	admin	200		17.12 ms
11:49:02.870	[0:0:0:0:0:0:0:1]:50173	admin	REQUEST	[GET] /favicon.ico
11:49:02.889	[0:0:0:0:0:0:0:1]:50173	admin	200		19.63 ms
11:49:03.449	[0:0:0:0:0:0:0:1]:50173	admin	REQUEST	[GET] /core/ui/lib/bootstrap.min.css.map
11:49:03.461	[0:0:0:0:0:0:0:1]:50173	admin	200		12.35 ms
11:49:39.100	[0:0:0:0:0:0:0:1]:50173	admin	REQUEST	[GET] /dyrin/doc/eider.html
11:49:39.346	[0:0:0:0:0:0:0:1]:50173	admin	200		246.39 ms
11:49:39.475	[0:0:0:0:0:0:0:1]:50173	admin	REQUEST	[GET] /core/ui/lib/bootstrap.min.css
11:49:39.475	[0:0:0:0:0:0:0:1]:50172	admin	REQUEST	[GET] /core/ui/css/tei.css
11:49:39.485	[0:0:0:0:0:0:0:1]:50173	admin	200		10.5 ms
11:49:39.486	[0:0:0:0:0:0:0:1]:50170	admin	REQUEST	[GET] /dyrin/ui/css/dyrin.css
11:49:39.492	[0:0:0:0:0:0:0:1]:50172	admin	200		16.36 ms
11:49:39.497	[0:0:0:0:0:0:0:1]:50174	admin	REQUEST	[GET] /core/ui/css/alignment.css
11:49:39.498	[0:0:0:0:0:0:0:1]:50170	admin	200		15.16 ms
11:49:39.501	[0:0:0:0:0:0:0:1]:50175	admin	REQUEST	[GET] /dyrin/ui/css/menuGauche.css
11:49:39.499	[0:0:0:0:0:0:0:1]:50172	admin	REQUEST	[GET] /core/ui/lib/bootstrap.bundle.min.js
11:49:39.508	[0:0:0:0:0:0:0:1]:50175	admin	200		7.47 ms
11:49:39.509	[0:0:0:0:0:0:0:1]:50170	admin	REQUEST	[GET] /dyrin/ui/js/dyrin.js
11:49:39.508	[0:0:0:0:0:0:0:1]:50174	admin	200		11.68 ms
11:49:39.510	[0:0:0:0:0:0:0:1]:50172	admin	200		10.66 ms
11:49:39.510	[0:0:0:0:0:0:0:1]:50175	admin	REQUEST	[GET] /plugins/thesauri_pdn/thesauri_pdn.js
11:49:39.515	[0:0:0:0:0:0:0:1]:50173	admin	REQUEST	[GET] /core/ui/js/MaxTEI.js
11:49:39.518	[0:0:0:0:0:0:0:1]:50170	admin	200		9.13 ms
11:49:39.519	[0:0:0:0:0:0:0:1]:50175	admin	200		8.76 ms
11:49:39.521	[0:0:0:0:0:0:0:1]:50171	admin	REQUEST	[GET] /plugins/thesauri_pdn/thesauri_pdn.css
11:49:39.527	[0:0:0:0:0:0:0:1]:50173	admin	200		16.69 ms
11:49:39.534	[0:0:0:0:0:0:0:1]:50171	admin	200		12.33 ms
11:49:39.535	[0:0:0:0:0:0:0:1]:50173	admin	REQUEST	[GET] /core/ui/images/logos/biblissima.png
11:49:39.535	[0:0:0:0:0:0:0:1]:50172	admin	REQUEST	[GET] /core/ui/images/logos/investissement-davenir.png
11:49:39.544	[0:0:0:0:0:0:0:1]:50173	admin	200		8.77 ms
11:49:39.544	[0:0:0:0:0:0:0:1]:50172	admin	200		8.78 ms
11:49:39.666	[0:0:0:0:0:0:0:1]:50173	admin	REQUEST	[GET] /core/ui/css/header.css
11:49:39.666	[0:0:0:0:0:0:0:1]:50172	admin	REQUEST	[GET] /core/ui/js/Plugin.js
11:49:39.667	[0:0:0:0:0:0:0:1]:50175	admin	REQUEST	[GET] /core/ui/js/AbstractMax.js
11:49:39.675	[0:0:0:0:0:0:0:1]:50172	admin	200		8.88 ms
11:49:39.675	[0:0:0:0:0:0:0:1]:50175	admin	200		8.65 ms
11:49:39.677	[0:0:0:0:0:0:0:1]:50173	admin	200		10.79 ms
11:49:39.737	[0:0:0:0:0:0:0:1]:50173	admin	REQUEST	[GET] /favicon.ico
11:49:39.752	[0:0:0:0:0:0:0:1]:50173	admin	200		15.7 ms
11:49:40.128	[0:0:0:0:0:0:0:1]:50173	admin	REQUEST	[GET] /core/ui/lib/bootstrap.min.css.map
11:49:40.136	[0:0:0:0:0:0:0:1]:50173	admin	200		8.44 ms
11:50:06.817	[0:0:0:0:0:0:0:1]:50173	admin	REQUEST	[GET] /dyrin/doc/eider.html
11:50:07.061	[0:0:0:0:0:0:0:1]:50173	admin	200		244.04 ms
11:50:07.178	[0:0:0:0:0:0:0:1]:50173	admin	REQUEST	[GET] /core/ui/lib/bootstrap.min.css
11:50:07.178	[0:0:0:0:0:0:0:1]:50172	admin	REQUEST	[GET] /dyrin/ui/css/menuGauche.css
11:50:07.181	[0:0:0:0:0:0:0:1]:50170	admin	REQUEST	[GET] /dyrin/ui/css/dyrin.css
11:50:07.191	[0:0:0:0:0:0:0:1]:50170	admin	200		9.74 ms
11:50:07.191	[0:0:0:0:0:0:0:1]:50174	admin	REQUEST	[GET] /plugins/thesauri_pdn/thesauri_pdn.css
11:50:07.195	[0:0:0:0:0:0:0:1]:50173	admin	200		17.11 ms
11:50:07.197	[0:0:0:0:0:0:0:1]:50170	admin	REQUEST	[GET] /core/ui/lib/bootstrap.bundle.min.js
11:50:07.206	[0:0:0:0:0:0:0:1]:50174	admin	200		14.3 ms
11:50:07.208	[0:0:0:0:0:0:0:1]:50174	admin	REQUEST	[GET] /dyrin/ui/js/dyrin.js
11:50:07.209	[0:0:0:0:0:0:0:1]:50170	admin	200		12.34 ms
11:50:07.213	[0:0:0:0:0:0:0:1]:50170	admin	REQUEST	[GET] /plugins/thesauri_pdn/thesauri_pdn.js
11:50:07.220	[0:0:0:0:0:0:0:1]:50174	admin	200		12.66 ms
11:50:07.222	[0:0:0:0:0:0:0:1]:50172	admin	200		44.07 ms
11:50:07.225	[0:0:0:0:0:0:0:1]:50171	admin	REQUEST	[GET] /core/ui/css/alignment.css
11:50:07.226	[0:0:0:0:0:0:0:1]:50175	admin	REQUEST	[GET] /core/ui/css/tei.css
11:50:07.227	[0:0:0:0:0:0:0:1]:50170	admin	200		14.32 ms
11:50:07.226	[0:0:0:0:0:0:0:1]:50173	admin	REQUEST	[GET] /core/ui/js/MaxTEI.js
11:50:07.235	[0:0:0:0:0:0:0:1]:50175	admin	200		8.98 ms
11:50:07.236	[0:0:0:0:0:0:0:1]:50173	admin	200		10.24 ms
11:50:07.248	[0:0:0:0:0:0:0:1]:50171	admin	200		23.47 ms
11:50:07.250	[0:0:0:0:0:0:0:1]:50173	admin	REQUEST	[GET] /core/ui/images/logos/biblissima.png
11:50:07.250	[0:0:0:0:0:0:0:1]:50172	admin	REQUEST	[GET] /core/ui/images/logos/investissement-davenir.png
11:50:07.259	[0:0:0:0:0:0:0:1]:50173	admin	200		8.85 ms
11:50:07.260	[0:0:0:0:0:0:0:1]:50172	admin	200		10.39 ms
11:50:07.342	[0:0:0:0:0:0:0:1]:50173	admin	REQUEST	[GET] /core/ui/js/Plugin.js
11:50:07.342	[0:0:0:0:0:0:0:1]:50172	admin	REQUEST	[GET] /core/ui/js/AbstractMax.js
11:50:07.342	[0:0:0:0:0:0:0:1]:50175	admin	REQUEST	[GET] /core/ui/css/header.css
11:50:07.352	[0:0:0:0:0:0:0:1]:50175	admin	200		10.03 ms
11:50:07.354	[0:0:0:0:0:0:0:1]:50173	admin	200		12.23 ms
11:50:07.354	[0:0:0:0:0:0:0:1]:50172	admin	200		12.54 ms
11:50:07.834	[0:0:0:0:0:0:0:1]:50173	admin	REQUEST	[GET] /core/ui/lib/bootstrap.min.css.map
11:50:07.843	[0:0:0:0:0:0:0:1]:50173	admin	200		9.61 ms
11:55:23.585	[0:0:0:0:0:0:0:1]:50197	admin	REQUEST	[GET] /dyrin/doc/eider.html
11:55:23.834	[0:0:0:0:0:0:0:1]:50197	admin	200		249.56 ms
11:55:23.958	[0:0:0:0:0:0:0:1]:50197	admin	REQUEST	[GET] /core/ui/lib/bootstrap.min.css
11:55:23.963	[0:0:0:0:0:0:0:1]:50198	admin	REQUEST	[GET] /dyrin/ui/css/menuGauche.css
11:55:23.970	[0:0:0:0:0:0:0:1]:50197	admin	200		12.47 ms
11:55:23.972	[0:0:0:0:0:0:0:1]:50199	admin	REQUEST	[GET] /core/ui/css/tei.css
11:55:23.975	[0:0:0:0:0:0:0:1]:50201	admin	REQUEST	[GET] /plugins/thesauri_pdn/thesauri_pdn.css
11:55:23.978	[0:0:0:0:0:0:0:1]:50198	admin	200		15.37 ms
11:55:23.985	[0:0:0:0:0:0:0:1]:50201	admin	200		9.93 ms
11:55:23.985	[0:0:0:0:0:0:0:1]:50199	admin	200		12.46 ms
11:55:23.994	[0:0:0:0:0:0:0:1]:50199	admin	REQUEST	[GET] /core/ui/lib/bootstrap.bundle.min.js
11:55:23.995	[0:0:0:0:0:0:0:1]:50198	admin	REQUEST	[GET] /core/ui/js/MaxTEI.js
11:55:23.996	[0:0:0:0:0:0:0:1]:50202	admin	REQUEST	[GET] /dyrin/ui/css/dyrin.css
11:55:24.003	[0:0:0:0:0:0:0:1]:50200	admin	REQUEST	[GET] /core/ui/css/alignment.css
11:55:24.003	[0:0:0:0:0:0:0:1]:50199	admin	200		8.97 ms
11:55:24.003	[0:0:0:0:0:0:0:1]:50198	admin	200		7.96 ms
11:55:24.004	[0:0:0:0:0:0:0:1]:50198	admin	REQUEST	[GET] /plugins/thesauri_pdn/thesauri_pdn.js
11:55:24.005	[0:0:0:0:0:0:0:1]:50202	admin	200		8.52 ms
11:55:24.006	[0:0:0:0:0:0:0:1]:50201	admin	REQUEST	[GET] /dyrin/ui/js/dyrin.js
11:55:24.012	[0:0:0:0:0:0:0:1]:50198	admin	200		7.94 ms
11:55:24.013	[0:0:0:0:0:0:0:1]:50200	admin	200		10.47 ms
11:55:24.015	[0:0:0:0:0:0:0:1]:50199	admin	REQUEST	[GET] /core/ui/images/logos/biblissima.png
11:55:24.015	[0:0:0:0:0:0:0:1]:50198	admin	REQUEST	[GET] /core/ui/images/logos/investissement-davenir.png
11:55:24.022	[0:0:0:0:0:0:0:1]:50198	admin	200		7.88 ms
11:55:24.022	[0:0:0:0:0:0:0:1]:50199	admin	200		7.89 ms
11:55:24.024	[0:0:0:0:0:0:0:1]:50201	admin	200		18.47 ms
11:55:24.163	[0:0:0:0:0:0:0:1]:50198	admin	REQUEST	[GET] /core/ui/js/AbstractMax.js
11:55:24.163	[0:0:0:0:0:0:0:1]:50199	admin	REQUEST	[GET] /core/ui/css/header.css
11:55:24.164	[0:0:0:0:0:0:0:1]:50201	admin	REQUEST	[GET] /core/ui/js/Plugin.js
11:55:24.173	[0:0:0:0:0:0:0:1]:50199	admin	200		23.73 ms
11:55:24.173	[0:0:0:0:0:0:0:1]:50198	admin	200		23.73 ms
11:55:24.173	[0:0:0:0:0:0:0:1]:50201	admin	200		9.35 ms
11:55:24.257	[0:0:0:0:0:0:0:1]:50199	admin	REQUEST	[GET] /favicon.ico
11:55:24.281	[0:0:0:0:0:0:0:1]:50199	admin	200		24.86 ms
11:55:24.832	[0:0:0:0:0:0:0:1]:50199	admin	REQUEST	[GET] /core/ui/lib/bootstrap.min.css.map
11:55:24.841	[0:0:0:0:0:0:0:1]:50199	admin	200		8.94 ms
11:55:46.128	[0:0:0:0:0:0:0:1]:50199	admin	REQUEST	[GET] /dyrin/doc/eider.html
11:55:46.368	[0:0:0:0:0:0:0:1]:50199	admin	200		240.21 ms
11:55:46.498	[0:0:0:0:0:0:0:1]:50199	admin	REQUEST	[GET] /core/ui/lib/bootstrap.min.css
11:55:46.508	[0:0:0:0:0:0:0:1]:50198	admin	REQUEST	[GET] /dyrin/ui/css/menuGauche.css
11:55:46.524	[0:0:0:0:0:0:0:1]:50201	admin	REQUEST	[GET] /core/ui/css/tei.css
11:55:46.525	[0:0:0:0:0:0:0:1]:50197	admin	REQUEST	[GET] /dyrin/ui/css/dyrin.css
11:55:46.525	[0:0:0:0:0:0:0:1]:50198	admin	200		17.2 ms
11:55:46.527	[0:0:0:0:0:0:0:1]:50199	admin	200		29.66 ms
11:55:46.532	[0:0:0:0:0:0:0:1]:50199	admin	REQUEST	[GET] /core/ui/js/MaxTEI.js
11:55:46.534	[0:0:0:0:0:0:0:1]:50201	admin	200		10.0 ms
11:55:46.536	[0:0:0:0:0:0:0:1]:50201	admin	REQUEST	[GET] /dyrin/ui/js/dyrin.js
11:55:46.540	[0:0:0:0:0:0:0:1]:50202	admin	REQUEST	[GET] /core/ui/css/alignment.css
11:55:46.547	[0:0:0:0:0:0:0:1]:50199	admin	200		15.47 ms
11:55:46.550	[0:0:0:0:0:0:0:1]:50199	admin	REQUEST	[GET] /plugins/thesauri_pdn/thesauri_pdn.js
11:55:46.550	[0:0:0:0:0:0:0:1]:50202	admin	200		10.22 ms
11:55:46.551	[0:0:0:0:0:0:0:1]:50198	admin	REQUEST	[GET] /core/ui/lib/bootstrap.bundle.min.js
11:55:46.554	[0:0:0:0:0:0:0:1]:50200	admin	REQUEST	[GET] /plugins/thesauri_pdn/thesauri_pdn.css
11:55:46.557	[0:0:0:0:0:0:0:1]:50197	admin	200		32.01 ms
11:55:46.562	[0:0:0:0:0:0:0:1]:50200	admin	200		8.4 ms
11:55:46.562	[0:0:0:0:0:0:0:1]:50201	admin	200		26.73 ms
11:55:46.564	[0:0:0:0:0:0:0:1]:50197	admin	REQUEST	[GET] /core/ui/images/logos/investissement-davenir.png
11:55:46.564	[0:0:0:0:0:0:0:1]:50202	admin	REQUEST	[GET] /core/ui/images/logos/biblissima.png
11:55:46.568	[0:0:0:0:0:0:0:1]:50199	admin	200		18.4 ms
11:55:46.573	[0:0:0:0:0:0:0:1]:50198	admin	200		21.67 ms
11:55:46.576	[0:0:0:0:0:0:0:1]:50197	admin	200		11.9 ms
11:55:46.580	[0:0:0:0:0:0:0:1]:50202	admin	200		16.12 ms
11:55:46.681	[0:0:0:0:0:0:0:1]:50199	admin	REQUEST	[GET] /core/ui/js/AbstractMax.js
11:55:46.681	[0:0:0:0:0:0:0:1]:50198	admin	REQUEST	[GET] /core/ui/css/header.css
11:55:46.682	[0:0:0:0:0:0:0:1]:50202	admin	REQUEST	[GET] /core/ui/js/Plugin.js
11:55:46.692	[0:0:0:0:0:0:0:1]:50202	admin	200		10.05 ms
11:55:46.694	[0:0:0:0:0:0:0:1]:50198	admin	200		12.66 ms
11:55:46.694	[0:0:0:0:0:0:0:1]:50199	admin	200		13.22 ms
11:55:47.158	[0:0:0:0:0:0:0:1]:50199	admin	REQUEST	[GET] /core/ui/lib/bootstrap.min.css.map
11:55:47.169	[0:0:0:0:0:0:0:1]:50199	admin	200		10.74 ms
12:06:01.318	[0:0:0:0:0:0:0:1]:50239	admin	REQUEST	[GET] /dyrin/doc/eider.html
12:06:01.387	[0:0:0:0:0:0:0:1]:50239	admin	500	Stopped at /Users/ag/Documents/elsa/projetsMaX/dyrin/dyrin-BaseX/webapp/MaX/max.xq, 275/26: [xslt:error] Error on line 130 column 12 of text_hook.xsl: SXXP0003: Error reported by XML parser: Element type "xsl:choose" must be followed by either attribute specifications, ">" or "/>".	69.2 ms
12:06:01.456	[0:0:0:0:0:0:0:1]:50239	admin	REQUEST	[GET] /favicon.ico
12:06:01.478	[0:0:0:0:0:0:0:1]:50239	admin	200		21.98 ms
12:06:10.223	[0:0:0:0:0:0:0:1]:50239	admin	REQUEST	[GET] /dyrin/doc/eider.html
12:06:10.448	[0:0:0:0:0:0:0:1]:50239	admin	200		225.07 ms
12:06:10.548	[0:0:0:0:0:0:0:1]:50239	admin	REQUEST	[GET] /core/ui/lib/bootstrap.min.css
12:06:10.550	[0:0:0:0:0:0:0:1]:50240	admin	REQUEST	[GET] /dyrin/ui/css/menuGauche.css
12:06:10.554	[0:0:0:0:0:0:0:1]:50242	admin	REQUEST	[GET] /core/ui/css/alignment.css
12:06:10.554	[0:0:0:0:0:0:0:1]:50244	admin	REQUEST	[GET] /dyrin/ui/css/dyrin.css
12:06:10.558	[0:0:0:0:0:0:0:1]:50239	admin	200		10.27 ms
12:06:10.561	[0:0:0:0:0:0:0:1]:50240	admin	200		11.26 ms
12:06:10.568	[0:0:0:0:0:0:0:1]:50239	admin	REQUEST	[GET] /core/ui/js/MaxTEI.js
12:06:10.570	[0:0:0:0:0:0:0:1]:50240	admin	REQUEST	[GET] /core/ui/lib/bootstrap.bundle.min.js
12:06:10.579	[0:0:0:0:0:0:0:1]:50244	admin	200		24.59 ms
12:06:10.579	[0:0:0:0:0:0:0:1]:50239	admin	200		10.91 ms
12:06:10.580	[0:0:0:0:0:0:0:1]:50243	admin	REQUEST	[GET] /plugins/thesauri_pdn/thesauri_pdn.css
12:06:10.581	[0:0:0:0:0:0:0:1]:50242	admin	200		26.74 ms
12:06:10.584	[0:0:0:0:0:0:0:1]:50240	admin	200		14.0 ms
12:06:10.602	[0:0:0:0:0:0:0:1]:50242	admin	REQUEST	[GET] /plugins/thesauri_pdn/thesauri_pdn.js
12:06:10.602	[0:0:0:0:0:0:0:1]:50243	admin	200		22.24 ms
12:06:10.604	[0:0:0:0:0:0:0:1]:50241	admin	REQUEST	[GET] /core/ui/css/tei.css
12:06:10.613	[0:0:0:0:0:0:0:1]:50240	admin	REQUEST	[GET] /core/ui/js/AbstractMax.js
12:06:10.613	[0:0:0:0:0:0:0:1]:50242	admin	200		11.83 ms
12:06:10.614	[0:0:0:0:0:0:0:1]:50241	admin	200		10.01 ms
12:06:10.615	[0:0:0:0:0:0:0:1]:50239	admin	REQUEST	[GET] /dyrin/ui/js/dyrin.js
12:06:10.621	[0:0:0:0:0:0:0:1]:50240	admin	200		8.24 ms
12:06:10.636	[0:0:0:0:0:0:0:1]:50240	admin	REQUEST	[GET] /core/ui/images/logos/biblissima.png
12:06:10.637	[0:0:0:0:0:0:0:1]:50243	admin	REQUEST	[GET] /core/ui/images/logos/investissement-davenir.png
12:06:10.645	[0:0:0:0:0:0:0:1]:50240	admin	200		19.63 ms
12:06:10.647	[0:0:0:0:0:0:0:1]:50243	admin	200		10.39 ms
12:06:10.651	[0:0:0:0:0:0:0:1]:50244	admin	REQUEST	[GET] /core/ui/css/header.css
12:06:10.660	[0:0:0:0:0:0:0:1]:50239	admin	200		45.1 ms
12:06:10.667	[0:0:0:0:0:0:0:1]:50244	admin	200		15.7 ms
12:06:10.676	[0:0:0:0:0:0:0:1]:50241	admin	REQUEST	[GET] /core/ui/js/Plugin.js
12:06:10.687	[0:0:0:0:0:0:0:1]:50241	admin	200		18.65 ms
12:06:37.438	[0:0:0:0:0:0:0:1]:50239	admin	REQUEST	[GET] /dyrin/doc/eider.html
12:06:37.656	[0:0:0:0:0:0:0:1]:50239	admin	200		217.46 ms
12:06:37.737	[0:0:0:0:0:0:0:1]:50240	admin	REQUEST	[GET] /core/ui/lib/bootstrap.min.css
12:06:37.737	[0:0:0:0:0:0:0:1]:50243	admin	REQUEST	[GET] /dyrin/ui/css/menuGauche.css
12:06:37.738	[0:0:0:0:0:0:0:1]:50239	admin	REQUEST	[GET] /dyrin/ui/css/dyrin.css
12:06:37.741	[0:0:0:0:0:0:0:1]:50241	admin	REQUEST	[GET] /core/ui/css/tei.css
12:06:37.748	[0:0:0:0:0:0:0:1]:50243	admin	200		10.69 ms
12:06:37.754	[0:0:0:0:0:0:0:1]:50243	admin	REQUEST	[GET] /core/ui/lib/bootstrap.bundle.min.js
12:06:37.754	[0:0:0:0:0:0:0:1]:50240	admin	200		17.04 ms
12:06:37.762	[0:0:0:0:0:0:0:1]:50239	admin	200		23.97 ms
12:06:37.764	[0:0:0:0:0:0:0:1]:50241	admin	200		22.94 ms
12:06:37.766	[0:0:0:0:0:0:0:1]:50241	admin	REQUEST	[GET] /plugins/thesauri_pdn/thesauri_pdn.js
12:06:37.767	[0:0:0:0:0:0:0:1]:50243	admin	200		12.81 ms
12:06:37.768	[0:0:0:0:0:0:0:1]:50239	admin	REQUEST	[GET] /dyrin/ui/js/dyrin.js
12:06:37.781	[0:0:0:0:0:0:0:1]:50241	admin	200		15.38 ms
12:06:37.784	[0:0:0:0:0:0:0:1]:50239	admin	200		15.87 ms
12:06:37.797	[0:0:0:0:0:0:0:1]:50243	admin	REQUEST	[GET] /core/ui/css/header.css
12:06:37.800	[0:0:0:0:0:0:0:1]:50241	admin	REQUEST	[GET] /core/ui/js/Plugin.js
12:06:37.805	[0:0:0:0:0:0:0:1]:50240	admin	REQUEST	[GET] /core/ui/js/MaxTEI.js
12:06:37.805	[0:0:0:0:0:0:0:1]:50244	admin	REQUEST	[GET] /core/ui/css/alignment.css
12:06:37.806	[0:0:0:0:0:0:0:1]:50243	admin	200		8.53 ms
12:06:37.827	[0:0:0:0:0:0:0:1]:50241	admin	200		27.86 ms
12:06:37.830	[0:0:0:0:0:0:0:1]:50240	admin	200		25.47 ms
12:06:37.831	[0:0:0:0:0:0:0:1]:50244	admin	200		26.79 ms
12:06:37.832	[0:0:0:0:0:0:0:1]:50242	admin	REQUEST	[GET] /plugins/thesauri_pdn/thesauri_pdn.css
12:06:37.845	[0:0:0:0:0:0:0:1]:50240	admin	REQUEST	[GET] /core/ui/js/AbstractMax.js
12:06:37.847	[0:0:0:0:0:0:0:1]:50242	admin	200		15.98 ms
12:06:37.853	[0:0:0:0:0:0:0:1]:50240	admin	200		8.61 ms
12:06:37.854	[0:0:0:0:0:0:0:1]:50241	admin	REQUEST	[GET] /core/ui/images/logos/investissement-davenir.png
12:06:37.855	[0:0:0:0:0:0:0:1]:50243	admin	REQUEST	[GET] /core/ui/images/logos/biblissima.png
12:06:37.865	[0:0:0:0:0:0:0:1]:50243	admin	200		9.88 ms
12:06:37.866	[0:0:0:0:0:0:0:1]:50241	admin	200		12.45 ms
12:06:37.934	[0:0:0:0:0:0:0:1]:50240	admin	REQUEST	[GET] /favicon.ico
12:06:37.960	[0:0:0:0:0:0:0:1]:50240	admin	200		26.54 ms
12:07:42.912	[0:0:0:0:0:0:0:1]:50247	admin	REQUEST	[GET] /dyrin/doc/eider.html
12:07:43.141	[0:0:0:0:0:0:0:1]:50247	admin	200		229.24 ms
12:07:43.231	[0:0:0:0:0:0:0:1]:50247	admin	REQUEST	[GET] /core/ui/lib/bootstrap.min.css
12:07:43.233	[0:0:0:0:0:0:0:1]:50248	admin	REQUEST	[GET] /dyrin/ui/css/menuGauche.css
12:07:43.237	[0:0:0:0:0:0:0:1]:50250	admin	REQUEST	[GET] /core/ui/css/alignment.css
12:07:43.242	[0:0:0:0:0:0:0:1]:50252	admin	REQUEST	[GET] /dyrin/ui/css/dyrin.css
12:07:43.244	[0:0:0:0:0:0:0:1]:50248	admin	200		11.64 ms
12:07:43.245	[0:0:0:0:0:0:0:1]:50250	admin	200		8.18 ms
12:07:43.250	[0:0:0:0:0:0:0:1]:50250	admin	REQUEST	[GET] /core/ui/js/MaxTEI.js
12:07:43.251	[0:0:0:0:0:0:0:1]:50247	admin	200		20.06 ms
12:07:43.255	[0:0:0:0:0:0:0:1]:50252	admin	200		12.95 ms
12:07:43.256	[0:0:0:0:0:0:0:1]:50252	admin	REQUEST	[GET] /dyrin/ui/js/dyrin.js
12:07:43.260	[0:0:0:0:0:0:0:1]:50250	admin	200		10.14 ms
12:07:43.263	[0:0:0:0:0:0:0:1]:50248	admin	REQUEST	[GET] /core/ui/lib/bootstrap.bundle.min.js
12:07:43.266	[0:0:0:0:0:0:0:1]:50250	admin	REQUEST	[GET] /plugins/thesauri_pdn/thesauri_pdn.js
12:07:43.268	[0:0:0:0:0:0:0:1]:50249	admin	REQUEST	[GET] /core/ui/css/tei.css
12:07:43.277	[0:0:0:0:0:0:0:1]:50252	admin	200		20.4 ms
12:07:43.277	[0:0:0:0:0:0:0:1]:50249	admin	200		9.14 ms
12:07:43.279	[0:0:0:0:0:0:0:1]:50251	admin	REQUEST	[GET] /plugins/thesauri_pdn/thesauri_pdn.css
12:07:43.280	[0:0:0:0:0:0:0:1]:50250	admin	200		14.57 ms
12:07:43.286	[0:0:0:0:0:0:0:1]:50248	admin	200		22.81 ms
12:07:43.292	[0:0:0:0:0:0:0:1]:50251	admin	200		13.38 ms
12:07:43.296	[0:0:0:0:0:0:0:1]:50251	admin	REQUEST	[GET] /core/ui/js/AbstractMax.js
12:07:43.296	[0:0:0:0:0:0:0:1]:50248	admin	REQUEST	[GET] /core/ui/images/logos/biblissima.png
12:07:43.304	[0:0:0:0:0:0:0:1]:50251	admin	200		8.51 ms
12:07:43.307	[0:0:0:0:0:0:0:1]:50250	admin	REQUEST	[GET] /core/ui/images/logos/investissement-davenir.png
12:07:43.310	[0:0:0:0:0:0:0:1]:50251	admin	REQUEST	[GET] /core/ui/js/Plugin.js
12:07:43.320	[0:0:0:0:0:0:0:1]:50251	admin	200		10.05 ms
12:07:43.323	[0:0:0:0:0:0:0:1]:50249	admin	REQUEST	[GET] /core/ui/css/header.css
12:07:43.328	[0:0:0:0:0:0:0:1]:50248	admin	200		32.48 ms
12:07:43.332	[0:0:0:0:0:0:0:1]:50249	admin	200		9.09 ms
12:07:43.338	[0:0:0:0:0:0:0:1]:50250	admin	200		31.11 ms
12:07:43.414	[0:0:0:0:0:0:0:1]:50248	admin	REQUEST	[GET] /favicon.ico
12:07:43.435	[0:0:0:0:0:0:0:1]:50248	admin	200		21.68 ms
12:08:30.319	[0:0:0:0:0:0:0:1]:50247	admin	REQUEST	[GET] /dyrin/doc/eider.html
12:08:30.552	[0:0:0:0:0:0:0:1]:50247	admin	200		233.0 ms
12:08:30.633	[0:0:0:0:0:0:0:1]:50248	admin	REQUEST	[GET] /core/ui/lib/bootstrap.min.css
12:08:30.636	[0:0:0:0:0:0:0:1]:50251	admin	REQUEST	[GET] /core/ui/css/tei.css
12:08:30.640	[0:0:0:0:0:0:0:1]:50249	admin	REQUEST	[GET] /core/ui/css/alignment.css
12:08:30.643	[0:0:0:0:0:0:0:1]:50248	admin	200		9.86 ms
12:08:30.650	[0:0:0:0:0:0:0:1]:50247	admin	REQUEST	[GET] /dyrin/ui/css/dyrin.css
12:08:30.653	[0:0:0:0:0:0:0:1]:50251	admin	200		17.74 ms
12:08:30.657	[0:0:0:0:0:0:0:1]:50251	admin	REQUEST	[GET] /core/ui/js/MaxTEI.js
12:08:30.662	[0:0:0:0:0:0:0:1]:50249	admin	200		22.5 ms
12:08:30.663	[0:0:0:0:0:0:0:1]:50247	admin	200		12.77 ms
12:08:30.664	[0:0:0:0:0:0:0:1]:50249	admin	REQUEST	[GET] /dyrin/ui/js/dyrin.js
12:08:30.669	[0:0:0:0:0:0:0:1]:50251	admin	200		11.77 ms
12:08:30.670	[0:0:0:0:0:0:0:1]:50247	admin	REQUEST	[GET] /plugins/thesauri_pdn/thesauri_pdn.js
12:08:30.672	[0:0:0:0:0:0:0:1]:50250	admin	REQUEST	[GET] /dyrin/ui/css/menuGauche.css
12:08:30.676	[0:0:0:0:0:0:0:1]:50249	admin	200		12.24 ms
12:08:30.686	[0:0:0:0:0:0:0:1]:50250	admin	200		13.91 ms
12:08:30.688	[0:0:0:0:0:0:0:1]:50252	admin	REQUEST	[GET] /plugins/thesauri_pdn/thesauri_pdn.css
12:08:30.689	[0:0:0:0:0:0:0:1]:50250	admin	REQUEST	[GET] /core/ui/css/header.css
12:08:30.695	[0:0:0:0:0:0:0:1]:50247	admin	200		25.44 ms
12:08:30.699	[0:0:0:0:0:0:0:1]:50250	admin	200		9.39 ms
12:08:30.702	[0:0:0:0:0:0:0:1]:50248	admin	REQUEST	[GET] /core/ui/lib/bootstrap.bundle.min.js
12:08:30.705	[0:0:0:0:0:0:0:1]:50252	admin	200		17.55 ms
12:08:30.706	[0:0:0:0:0:0:0:1]:50250	admin	REQUEST	[GET] /core/ui/images/logos/biblissima.png
12:08:30.706	[0:0:0:0:0:0:0:1]:50251	admin	REQUEST	[GET] /core/ui/images/logos/investissement-davenir.png
12:08:30.714	[0:0:0:0:0:0:0:1]:50252	admin	REQUEST	[GET] /core/ui/js/Plugin.js
12:08:30.715	[0:0:0:0:0:0:0:1]:50250	admin	200		8.9 ms
12:08:30.723	[0:0:0:0:0:0:0:1]:50252	admin	200		8.88 ms
12:08:30.723	[0:0:0:0:0:0:0:1]:50250	admin	REQUEST	[GET] /core/ui/js/AbstractMax.js
12:08:30.733	[0:0:0:0:0:0:0:1]:50250	admin	200		10.32 ms
12:08:30.741	[0:0:0:0:0:0:0:1]:50248	admin	200		40.19 ms
12:08:30.757	[0:0:0:0:0:0:0:1]:50251	admin	200		51.01 ms
12:08:30.825	[0:0:0:0:0:0:0:1]:50248	admin	REQUEST	[GET] /favicon.ico
12:08:30.841	[0:0:0:0:0:0:0:1]:50248	admin	200		16.2 ms
12:08:36.042	[0:0:0:0:0:0:0:1]:50248	admin	REQUEST	[GET] /core/ui/lib/bootstrap.min.css.map
12:08:36.063	[0:0:0:0:0:0:0:1]:50248	admin	200		21.15 ms
12:13:52.242	[0:0:0:0:0:0:0:1]:50295	admin	REQUEST	[GET] /dyrin/doc/eider.html
12:13:52.366	[0:0:0:0:0:0:0:1]:50295	admin	500	Stopped at /Users/ag/Documents/elsa/projetsMaX/dyrin/dyrin-BaseX/webapp/MaX/max.xq, 275/26: [xslt:error] Error on line 124 column 45 of text_hook.xsl: XTDE0410 An attribute node (class) cannot be created after a child of the containing element. Most recent element start tag was output at line 123 of module text_hook.xsl In template rule with match="tei:title" on line 119 of text_hook.xsl invoked by xsl:apply-templates at file:/Users/ag/Documents/elsa/projetsMaX/dyrin/dyrin-BaseX/webapp/MaX/editions/dyrin/ui/xsl/tei/text_hook.xsl#261 In template rule with match="tei:bibl" on line 257 of text_hook.xsl invoked by xsl:apply-templates at file:/Users/ag/Documents/elsa/projetsMaX/dyrin/dyrin-BaseX/webapp/MaX/editions/dyrin/ui/xsl/tei/text_hook.xsl#225 In template rule with match="tei:listBibl" on line 216 of text_hook.xsl invoked by xsl:apply-templates at file:/Users/ag/Documents/elsa/projetsMaX/dyrin/dyrin-BaseX/webapp/MaX/editions/dyrin/ui/xsl/tei/text_hook.xsl#66 In template rule with matc...	124.75 ms
12:13:52.456	[0:0:0:0:0:0:0:1]:50295	admin	REQUEST	[GET] /favicon.ico
12:13:52.485	[0:0:0:0:0:0:0:1]:50295	admin	200		29.16 ms
12:15:11.413	[0:0:0:0:0:0:0:1]:50299	admin	REQUEST	[GET] /dyrin/doc/eider.html
12:15:11.667	[0:0:0:0:0:0:0:1]:50299	admin	200		254.04 ms
12:15:11.772	[0:0:0:0:0:0:0:1]:50299	admin	REQUEST	[GET] /core/ui/lib/bootstrap.min.css
12:15:11.776	[0:0:0:0:0:0:0:1]:50302	admin	REQUEST	[GET] /core/ui/css/tei.css
12:15:11.779	[0:0:0:0:0:0:0:1]:50300	admin	REQUEST	[GET] /dyrin/ui/css/menuGauche.css
12:15:11.782	[0:0:0:0:0:0:0:1]:50299	admin	200		9.79 ms
12:15:11.783	[0:0:0:0:0:0:0:1]:50304	admin	REQUEST	[GET] /dyrin/ui/css/dyrin.css
12:15:11.784	[0:0:0:0:0:0:0:1]:50302	admin	200		7.89 ms
12:15:11.787	[0:0:0:0:0:0:0:1]:50300	admin	200		8.29 ms
12:15:11.789	[0:0:0:0:0:0:0:1]:50302	admin	REQUEST	[GET] /core/ui/lib/bootstrap.bundle.min.js
12:15:11.791	[0:0:0:0:0:0:0:1]:50300	admin	REQUEST	[GET] /core/ui/js/MaxTEI.js
12:15:11.802	[0:0:0:0:0:0:0:1]:50304	admin	200		19.82 ms
12:15:11.803	[0:0:0:0:0:0:0:1]:50299	admin	REQUEST	[GET] /dyrin/ui/js/dyrin.js
12:15:11.804	[0:0:0:0:0:0:0:1]:50304	admin	REQUEST	[GET] /plugins/thesauri_pdn/thesauri_pdn.js
12:15:11.809	[0:0:0:0:0:0:0:1]:50300	admin	200		18.43 ms
12:15:11.810	[0:0:0:0:0:0:0:1]:50302	admin	200		20.74 ms
12:15:11.811	[0:0:0:0:0:0:0:1]:50304	admin	200		7.3 ms
12:15:11.811	[0:0:0:0:0:0:0:1]:50299	admin	200		8.13 ms
12:15:11.812	[0:0:0:0:0:0:0:1]:50301	admin	REQUEST	[GET] /core/ui/css/alignment.css
12:15:11.812	[0:0:0:0:0:0:0:1]:50303	admin	REQUEST	[GET] /plugins/thesauri_pdn/thesauri_pdn.css
12:15:11.815	[0:0:0:0:0:0:0:1]:50302	admin	REQUEST	[GET] /core/ui/css/header.css
12:15:11.823	[0:0:0:0:0:0:0:1]:50302	admin	200		7.98 ms
12:15:11.826	[0:0:0:0:0:0:0:1]:50301	admin	200		14.74 ms
12:15:11.844	[0:0:0:0:0:0:0:1]:50303	admin	200		31.86 ms
12:15:11.846	[0:0:0:0:0:0:0:1]:50302	admin	REQUEST	[GET] /core/ui/images/logos/biblissima.png
12:15:11.853	[0:0:0:0:0:0:0:1]:50300	admin	REQUEST	[GET] /core/ui/images/logos/investissement-davenir.png
12:15:11.858	[0:0:0:0:0:0:0:1]:50302	admin	200		12.05 ms
12:15:11.864	[0:0:0:0:0:0:0:1]:50300	admin	200		11.24 ms
12:15:11.882	[0:0:0:0:0:0:0:1]:50302	admin	REQUEST	[GET] /core/ui/js/AbstractMax.js
12:15:11.883	[0:0:0:0:0:0:0:1]:50300	admin	REQUEST	[GET] /core/ui/js/Plugin.js
12:15:11.891	[0:0:0:0:0:0:0:1]:50302	admin	200		8.27 ms
12:15:11.899	[0:0:0:0:0:0:0:1]:50300	admin	200		15.98 ms
12:15:11.910	[0:0:0:0:0:0:0:1]:50302	admin	REQUEST	[GET] /dyrin/ui/fonts/junicode/Junicode.ttf
12:15:11.919	[0:0:0:0:0:0:0:1]:50302	admin	200		8.74 ms
12:15:11.987	[0:0:0:0:0:0:0:1]:50302	admin	REQUEST	[GET] /favicon.ico
12:15:12.019	[0:0:0:0:0:0:0:1]:50302	admin	200		32.74 ms
12:15:18.551	[0:0:0:0:0:0:0:1]:50302	admin	REQUEST	[GET] /core/ui/lib/bootstrap.min.css.map
12:15:18.577	[0:0:0:0:0:0:0:1]:50302	admin	200		26.32 ms
12:16:35.437	[0:0:0:0:0:0:0:1]:50314	admin	REQUEST	[GET] /dyrin/doc/eider.html
12:16:35.661	[0:0:0:0:0:0:0:1]:50314	admin	200		224.35 ms
12:16:35.792	[0:0:0:0:0:0:0:1]:50314	admin	REQUEST	[GET] /core/ui/lib/bootstrap.min.css
12:16:35.799	[0:0:0:0:0:0:0:1]:50315	admin	REQUEST	[GET] /dyrin/ui/css/menuGauche.css
12:16:35.803	[0:0:0:0:0:0:0:1]:50314	admin	200		11.24 ms
12:16:35.805	[0:0:0:0:0:0:0:1]:50319	admin	REQUEST	[GET] /dyrin/ui/css/dyrin.css
12:16:35.807	[0:0:0:0:0:0:0:1]:50317	admin	REQUEST	[GET] /core/ui/css/alignment.css
12:16:35.810	[0:0:0:0:0:0:0:1]:50315	admin	200		10.86 ms
12:16:35.815	[0:0:0:0:0:0:0:1]:50319	admin	200		10.09 ms
12:16:35.816	[0:0:0:0:0:0:0:1]:50315	admin	REQUEST	[GET] /core/ui/lib/bootstrap.bundle.min.js
12:16:35.817	[0:0:0:0:0:0:0:1]:50317	admin	200		10.64 ms
12:16:35.822	[0:0:0:0:0:0:0:1]:50319	admin	REQUEST	[GET] /core/ui/js/MaxTEI.js
12:16:35.825	[0:0:0:0:0:0:0:1]:50317	admin	REQUEST	[GET] /dyrin/ui/js/dyrin.js
12:16:35.827	[0:0:0:0:0:0:0:1]:50315	admin	200		11.79 ms
12:16:35.830	[0:0:0:0:0:0:0:1]:50315	admin	REQUEST	[GET] /plugins/thesauri_pdn/thesauri_pdn.js
12:16:35.830	[0:0:0:0:0:0:0:1]:50319	admin	200		8.54 ms
12:16:35.839	[0:0:0:0:0:0:0:1]:50317	admin	200		14.17 ms
12:16:35.842	[0:0:0:0:0:0:0:1]:50315	admin	200		12.01 ms
12:16:35.843	[0:0:0:0:0:0:0:1]:50316	admin	REQUEST	[GET] /core/ui/css/tei.css
12:16:35.845	[0:0:0:0:0:0:0:1]:50318	admin	REQUEST	[GET] /plugins/thesauri_pdn/thesauri_pdn.css
12:16:35.855	[0:0:0:0:0:0:0:1]:50318	admin	200		9.32 ms
12:16:35.864	[0:0:0:0:0:0:0:1]:50316	admin	200		20.73 ms
12:16:35.866	[0:0:0:0:0:0:0:1]:50315	admin	REQUEST	[GET] /core/ui/images/logos/biblissima.png
12:16:35.869	[0:0:0:0:0:0:0:1]:50319	admin	REQUEST	[GET] /core/ui/images/logos/investissement-davenir.png
12:16:35.874	[0:0:0:0:0:0:0:1]:50315	admin	200		7.97 ms
12:16:35.878	[0:0:0:0:0:0:0:1]:50319	admin	200		8.46 ms
12:16:35.986	[0:0:0:0:0:0:0:1]:50315	admin	REQUEST	[GET] /core/ui/js/AbstractMax.js
12:16:35.987	[0:0:0:0:0:0:0:1]:50319	admin	REQUEST	[GET] /core/ui/js/Plugin.js
12:16:35.987	[0:0:0:0:0:0:0:1]:50318	admin	REQUEST	[GET] /core/ui/css/header.css
12:16:35.994	[0:0:0:0:0:0:0:1]:50318	admin	200		7.14 ms
12:16:35.998	[0:0:0:0:0:0:0:1]:50315	admin	200		11.87 ms
12:16:35.999	[0:0:0:0:0:0:0:1]:50319	admin	200		13.0 ms
12:16:36.107	[0:0:0:0:0:0:0:1]:50315	admin	REQUEST	[GET] /favicon.ico
12:16:36.126	[0:0:0:0:0:0:0:1]:50315	admin	200		18.64 ms
12:16:36.818	[0:0:0:0:0:0:0:1]:50315	admin	REQUEST	[GET] /core/ui/lib/bootstrap.min.css.map
12:16:36.827	[0:0:0:0:0:0:0:1]:50315	admin	200		8.86 ms
12:20:03.270	[0:0:0:0:0:0:0:1]:50324	admin	REQUEST	[GET] /dyrin/doc/eider.html
12:20:03.498	[0:0:0:0:0:0:0:1]:50324	admin	200		227.22 ms
12:20:03.621	[0:0:0:0:0:0:0:1]:50324	admin	REQUEST	[GET] /core/ui/lib/bootstrap.min.css
12:20:03.627	[0:0:0:0:0:0:0:1]:50325	admin	REQUEST	[GET] /dyrin/ui/css/menuGauche.css
12:20:03.633	[0:0:0:0:0:0:0:1]:50324	admin	200		12.17 ms
12:20:03.636	[0:0:0:0:0:0:0:1]:50325	admin	200		9.7 ms
12:20:03.637	[0:0:0:0:0:0:0:1]:50327	admin	REQUEST	[GET] /plugins/thesauri_pdn/thesauri_pdn.css
12:20:03.638	[0:0:0:0:0:0:0:1]:50329	admin	REQUEST	[GET] /dyrin/ui/css/dyrin.css
12:20:03.660	[0:0:0:0:0:0:0:1]:50327	admin	200		23.74 ms
12:20:03.665	[0:0:0:0:0:0:0:1]:50325	admin	REQUEST	[GET] /core/ui/lib/bootstrap.bundle.min.js
12:20:03.665	[0:0:0:0:0:0:0:1]:50324	admin	REQUEST	[GET] /dyrin/ui/js/dyrin.js
12:20:03.667	[0:0:0:0:0:0:0:1]:50326	admin	REQUEST	[GET] /core/ui/css/tei.css
12:20:03.670	[0:0:0:0:0:0:0:1]:50327	admin	REQUEST	[GET] /core/ui/js/MaxTEI.js
12:20:03.670	[0:0:0:0:0:0:0:1]:50329	admin	200		32.5 ms
12:20:03.679	[0:0:0:0:0:0:0:1]:50326	admin	200		12.02 ms
12:20:03.681	[0:0:0:0:0:0:0:1]:50324	admin	200		16.41 ms
12:20:03.682	[0:0:0:0:0:0:0:1]:50325	admin	200		17.57 ms
12:20:03.685	[0:0:0:0:0:0:0:1]:50329	admin	REQUEST	[GET] /plugins/thesauri_pdn/thesauri_pdn.js
12:20:03.687	[0:0:0:0:0:0:0:1]:50327	admin	200		16.63 ms
12:20:03.693	[0:0:0:0:0:0:0:1]:50328	admin	REQUEST	[GET] /core/ui/css/alignment.css
12:20:03.694	[0:0:0:0:0:0:0:1]:50329	admin	200		9.33 ms
12:20:03.701	[0:0:0:0:0:0:0:1]:50328	admin	200		8.15 ms
12:20:03.703	[0:0:0:0:0:0:0:1]:50327	admin	REQUEST	[GET] /core/ui/images/logos/investissement-davenir.png
12:20:03.703	[0:0:0:0:0:0:0:1]:50325	admin	REQUEST	[GET] /core/ui/images/logos/biblissima.png
12:20:03.712	[0:0:0:0:0:0:0:1]:50325	admin	200		9.32 ms
12:20:03.714	[0:0:0:0:0:0:0:1]:50327	admin	200		11.74 ms
12:20:03.860	[0:0:0:0:0:0:0:1]:50325	admin	REQUEST	[GET] /core/ui/css/header.css
12:20:03.860	[0:0:0:0:0:0:0:1]:50327	admin	REQUEST	[GET] /core/ui/js/AbstractMax.js
12:20:03.862	[0:0:0:0:0:0:0:1]:50326	admin	REQUEST	[GET] /core/ui/js/Plugin.js
12:20:03.869	[0:0:0:0:0:0:0:1]:50325	admin	200		8.91 ms
12:20:03.869	[0:0:0:0:0:0:0:1]:50326	admin	200		7.3 ms
12:20:03.874	[0:0:0:0:0:0:0:1]:50327	admin	200		13.93 ms
12:20:03.991	[0:0:0:0:0:0:0:1]:50325	admin	REQUEST	[GET] /favicon.ico
12:20:04.013	[0:0:0:0:0:0:0:1]:50325	admin	200		22.17 ms
12:20:04.893	[0:0:0:0:0:0:0:1]:50325	admin	REQUEST	[GET] /core/ui/lib/bootstrap.min.css.map
12:20:04.901	[0:0:0:0:0:0:0:1]:50325	admin	200		8.11 ms
12:24:59.012	[0:0:0:0:0:0:0:1]:50346	admin	REQUEST	[GET] /dyrin/doc/eider.html
12:24:59.244	[0:0:0:0:0:0:0:1]:50346	admin	200		232.11 ms
12:24:59.351	[0:0:0:0:0:0:0:1]:50346	admin	REQUEST	[GET] /core/ui/lib/bootstrap.min.css
12:24:59.352	[0:0:0:0:0:0:0:1]:50347	admin	REQUEST	[GET] /dyrin/ui/css/menuGauche.css
12:24:59.362	[0:0:0:0:0:0:0:1]:50347	admin	200		10.11 ms
12:24:59.364	[0:0:0:0:0:0:0:1]:50347	admin	REQUEST	[GET] /core/ui/lib/bootstrap.bundle.min.js
12:24:59.365	[0:0:0:0:0:0:0:1]:50349	admin	REQUEST	[GET] /plugins/thesauri_pdn/thesauri_pdn.css
12:24:59.367	[0:0:0:0:0:0:0:1]:50348	admin	REQUEST	[GET] /core/ui/css/tei.css
12:24:59.368	[0:0:0:0:0:0:0:1]:50346	admin	200		17.53 ms
12:24:59.373	[0:0:0:0:0:0:0:1]:50347	admin	200		8.78 ms
12:24:59.374	[0:0:0:0:0:0:0:1]:50349	admin	200		9.17 ms
12:24:59.375	[0:0:0:0:0:0:0:1]:50351	admin	REQUEST	[GET] /dyrin/ui/css/dyrin.css
12:24:59.375	[0:0:0:0:0:0:0:1]:50346	admin	REQUEST	[GET] /core/ui/js/MaxTEI.js
12:24:59.376	[0:0:0:0:0:0:0:1]:50348	admin	200		8.51 ms
12:24:59.376	[0:0:0:0:0:0:0:1]:50349	admin	REQUEST	[GET] /dyrin/ui/js/dyrin.js
12:24:59.381	[0:0:0:0:0:0:0:1]:50350	admin	REQUEST	[GET] /core/ui/css/alignment.css
12:24:59.384	[0:0:0:0:0:0:0:1]:50346	admin	200		8.53 ms
12:24:59.384	[0:0:0:0:0:0:0:1]:50349	admin	200		7.92 ms
12:24:59.387	[0:0:0:0:0:0:0:1]:50347	admin	REQUEST	[GET] /plugins/thesauri_pdn/thesauri_pdn.js
12:24:59.389	[0:0:0:0:0:0:0:1]:50350	admin	200		7.8 ms
12:24:59.389	[0:0:0:0:0:0:0:1]:50351	admin	200		13.88 ms
12:24:59.391	[0:0:0:0:0:0:0:1]:50349	admin	REQUEST	[GET] /core/ui/images/logos/biblissima.png
12:24:59.393	[0:0:0:0:0:0:0:1]:50348	admin	REQUEST	[GET] /core/ui/images/logos/investissement-davenir.png
12:24:59.397	[0:0:0:0:0:0:0:1]:50347	admin	200		10.11 ms
12:24:59.401	[0:0:0:0:0:0:0:1]:50349	admin	200		9.67 ms
12:24:59.402	[0:0:0:0:0:0:0:1]:50348	admin	200		9.1 ms
12:24:59.534	[0:0:0:0:0:0:0:1]:50347	admin	REQUEST	[GET] /core/ui/js/AbstractMax.js
12:24:59.535	[0:0:0:0:0:0:0:1]:50348	admin	REQUEST	[GET] /core/ui/css/header.css
12:24:59.535	[0:0:0:0:0:0:0:1]:50349	admin	REQUEST	[GET] /core/ui/js/Plugin.js
12:24:59.543	[0:0:0:0:0:0:0:1]:50347	admin	200		9.15 ms
12:24:59.543	[0:0:0:0:0:0:0:1]:50349	admin	200		8.11 ms
12:24:59.544	[0:0:0:0:0:0:0:1]:50348	admin	200		8.27 ms
12:25:00.099	[0:0:0:0:0:0:0:1]:50347	admin	REQUEST	[GET] /core/ui/lib/bootstrap.min.css.map
12:25:00.105	[0:0:0:0:0:0:0:1]:50347	admin	200		5.8 ms
16:58:59.703	[0:0:0:0:0:0:0:1]:51571	admin	REQUEST	[GET] /dyrin
16:58:59.741	[0:0:0:0:0:0:0:1]:51571	admin	302	Location: http://localhost:16002/dyrin/accueil.html	38.18 ms
16:58:59.747	[0:0:0:0:0:0:0:1]:51571	admin	REQUEST	[GET] /dyrin/accueil.html
16:58:59.845	[0:0:0:0:0:0:0:1]:51571	admin	200		97.4 ms
16:59:00.033	[0:0:0:0:0:0:0:1]:51571	admin	REQUEST	[GET] /core/ui/lib/bootstrap.min.css
16:59:00.035	[0:0:0:0:0:0:0:1]:51572	admin	REQUEST	[GET] /dyrin/ui/css/dyrin.css
16:59:00.039	[0:0:0:0:0:0:0:1]:51573	admin	REQUEST	[GET] /plugins/thesauri_pdn/thesauri_pdn.css
16:59:00.045	[0:0:0:0:0:0:0:1]:51572	admin	200		10.22 ms
16:59:00.047	[0:0:0:0:0:0:0:1]:51571	admin	200		14.38 ms
16:59:00.048	[0:0:0:0:0:0:0:1]:51574	admin	REQUEST	[GET] /core/ui/css/alignment.css
16:59:00.051	[0:0:0:0:0:0:0:1]:51573	admin	200		11.93 ms
16:59:00.057	[0:0:0:0:0:0:0:1]:51575	admin	REQUEST	[GET] /core/ui/css/tei.css
16:59:00.060	[0:0:0:0:0:0:0:1]:51574	admin	200		12.57 ms
16:59:00.062	[0:0:0:0:0:0:0:1]:51573	admin	REQUEST	[GET] /core/ui/lib/bootstrap.bundle.min.js
16:59:00.068	[0:0:0:0:0:0:0:1]:51576	admin	REQUEST	[GET] /dyrin/ui/css/menuGauche.css
16:59:00.070	[0:0:0:0:0:0:0:1]:51573	admin	200		8.41 ms
16:59:00.071	[0:0:0:0:0:0:0:1]:51571	admin	REQUEST	[GET] /core/ui/js/MaxTEI.js
16:59:00.081	[0:0:0:0:0:0:0:1]:51575	admin	200		24.97 ms
16:59:00.081	[0:0:0:0:0:0:0:1]:51571	admin	200		10.73 ms
16:59:00.094	[0:0:0:0:0:0:0:1]:51576	admin	200		25.83 ms
16:59:00.112	[0:0:0:0:0:0:0:1]:51572	admin	REQUEST	[GET] /dyrin/ui/js/dyrin.js
16:59:00.114	[0:0:0:0:0:0:0:1]:51573	admin	REQUEST	[GET] /core/ui/images/logos/biblissima.png
16:59:00.114	[0:0:0:0:0:0:0:1]:51575	admin	REQUEST	[GET] /core/ui/images/logos/investissement-davenir.png
16:59:00.122	[0:0:0:0:0:0:0:1]:51573	admin	200		8.21 ms
16:59:00.122	[0:0:0:0:0:0:0:1]:51575	admin	200		7.92 ms
16:59:00.127	[0:0:0:0:0:0:0:1]:51574	admin	REQUEST	[GET] /plugins/thesauri_pdn/thesauri_pdn.js
16:59:00.136	[0:0:0:0:0:0:0:1]:51572	admin	200		24.12 ms
16:59:00.137	[0:0:0:0:0:0:0:1]:51573	admin	REQUEST	[GET] /core/ui/css/header.css
16:59:00.146	[0:0:0:0:0:0:0:1]:51573	admin	200		13.65 ms
16:59:00.139	[0:0:0:0:0:0:0:1]:51576	admin	REQUEST	[GET] /core/ui/js/AbstractMax.js
16:59:00.159	[0:0:0:0:0:0:0:1]:51576	admin	200		19.91 ms
16:59:00.138	[0:0:0:0:0:0:0:1]:51574	admin	200		37.82 ms
16:59:00.187	[0:0:0:0:0:0:0:1]:51573	admin	REQUEST	[GET] /dyrin/ui/fonts/junicode/Junicode.ttf
16:59:00.194	[0:0:0:0:0:0:0:1]:51575	admin	REQUEST	[GET] /core/ui/js/Plugin.js
16:59:00.196	[0:0:0:0:0:0:0:1]:51573	admin	200		9.41 ms
16:59:00.218	[0:0:0:0:0:0:0:1]:51575	admin	200		23.69 ms
16:59:00.256	[0:0:0:0:0:0:0:1]:51573	admin	REQUEST	[GET] /favicon.ico
16:59:00.273	[0:0:0:0:0:0:0:1]:51573	admin	200		17.44 ms
16:59:01.728	[0:0:0:0:0:0:0:1]:51573	admin	REQUEST	[GET] /dyrin/sommaire.html
16:59:01.896	[0:0:0:0:0:0:0:1]:51573	admin	200		168.44 ms
16:59:02.019	[0:0:0:0:0:0:0:1]:51573	admin	REQUEST	[GET] /core/ui/lib/bootstrap.min.css
16:59:02.021	[0:0:0:0:0:0:0:1]:51574	admin	REQUEST	[GET] /dyrin/ui/css/dyrin.css
16:59:02.023	[0:0:0:0:0:0:0:1]:51572	admin	REQUEST	[GET] /core/ui/css/tei.css
16:59:02.021	[0:0:0:0:0:0:0:1]:51576	admin	REQUEST	[GET] /core/ui/css/alignment.css
16:59:02.028	[0:0:0:0:0:0:0:1]:51573	admin	200		9.34 ms
16:59:02.034	[0:0:0:0:0:0:0:1]:51576	admin	200		12.28 ms
16:59:02.040	[0:0:0:0:0:0:0:1]:51575	admin	REQUEST	[GET] /dyrin/ui/css/menuGauche.css
16:59:02.043	[0:0:0:0:0:0:0:1]:51572	admin	200		20.4 ms
16:59:02.045	[0:0:0:0:0:0:0:1]:51574	admin	200		23.22 ms
16:59:02.045	[0:0:0:0:0:0:0:1]:51576	admin	REQUEST	[GET] /core/ui/js/MaxTEI.js
16:59:02.049	[0:0:0:0:0:0:0:1]:51575	admin	200		8.54 ms
16:59:02.052	[0:0:0:0:0:0:0:1]:51572	admin	REQUEST	[GET] /core/ui/js/Plugin.js
16:59:02.054	[0:0:0:0:0:0:0:1]:51571	admin	REQUEST	[GET] /core/ui/lib/bootstrap.bundle.min.js
16:59:02.054	[0:0:0:0:0:0:0:1]:51576	admin	200		8.8 ms
16:59:02.056	[0:0:0:0:0:0:0:1]:51574	admin	REQUEST	[GET] /core/ui/images/logos/biblissima.png
16:59:02.061	[0:0:0:0:0:0:0:1]:51572	admin	200		8.86 ms
16:59:02.063	[0:0:0:0:0:0:0:1]:51571	admin	200		8.88 ms
16:59:02.064	[0:0:0:0:0:0:0:1]:51574	admin	200		8.33 ms
16:59:02.065	[0:0:0:0:0:0:0:1]:51575	admin	REQUEST	[GET] /core/ui/images/logos/investissement-davenir.png
16:59:02.067	[0:0:0:0:0:0:0:1]:51573	admin	REQUEST	[GET] /dyrin/ui/js/dyrin.js
16:59:02.076	[0:0:0:0:0:0:0:1]:51575	admin	200		11.01 ms
16:59:02.077	[0:0:0:0:0:0:0:1]:51574	admin	REQUEST	[GET] /core/ui/js/AbstractMax.js
16:59:02.083	[0:0:0:0:0:0:0:1]:51575	admin	REQUEST	[GET] /core/ui/css/header.css
16:59:02.087	[0:0:0:0:0:0:0:1]:51574	admin	200		10.21 ms
16:59:02.095	[0:0:0:0:0:0:0:1]:51575	admin	200		13.0 ms
16:59:02.099	[0:0:0:0:0:0:0:1]:51573	admin	200		33.49 ms
16:59:02.161	[0:0:0:0:0:0:0:1]:51573	admin	REQUEST	[GET] /favicon.ico
16:59:02.176	[0:0:0:0:0:0:0:1]:51573	admin	200		14.82 ms
16:59:13.214	[0:0:0:0:0:0:0:1]:51573	admin	REQUEST	[GET] /dyrin/doc/renne.html
16:59:13.467	[0:0:0:0:0:0:0:1]:51573	admin	200		253.6 ms
16:59:13.590	[0:0:0:0:0:0:0:1]:51573	admin	REQUEST	[GET] /core/ui/lib/bootstrap.min.css
16:59:13.602	[0:0:0:0:0:0:0:1]:51575	admin	REQUEST	[GET] /dyrin/ui/css/menuGauche.css
16:59:13.604	[0:0:0:0:0:0:0:1]:51573	admin	200		13.77 ms
16:59:13.605	[0:0:0:0:0:0:0:1]:51572	admin	REQUEST	[GET] /dyrin/ui/css/dyrin.css
16:59:13.614	[0:0:0:0:0:0:0:1]:51571	admin	REQUEST	[GET] /core/ui/lib/bootstrap.bundle.min.js
16:59:13.616	[0:0:0:0:0:0:0:1]:51573	admin	REQUEST	[GET] /core/ui/js/MaxTEI.js
16:59:13.624	[0:0:0:0:0:0:0:1]:51575	admin	200		21.36 ms
16:59:13.633	[0:0:0:0:0:0:0:1]:51572	admin	200		27.94 ms
16:59:13.635	[0:0:0:0:0:0:0:1]:51571	admin	200		27.11 ms
16:59:13.639	[0:0:0:0:0:0:0:1]:51574	admin	REQUEST	[GET] /core/ui/css/tei.css
16:59:13.641	[0:0:0:0:0:0:0:1]:51575	admin	REQUEST	[GET] /dyrin/ui/js/dyrin.js
16:59:13.641	[0:0:0:0:0:0:0:1]:51573	admin	200		25.3 ms
16:59:13.645	[0:0:0:0:0:0:0:1]:51572	admin	REQUEST	[GET] /core/ui/js/Plugin.js
16:59:13.649	[0:0:0:0:0:0:0:1]:51574	admin	200		9.48 ms
16:59:13.650	[0:0:0:0:0:0:0:1]:51576	admin	REQUEST	[GET] /core/ui/css/alignment.css
16:59:13.650	[0:0:0:0:0:0:0:1]:51575	admin	200		9.62 ms
16:59:13.653	[0:0:0:0:0:0:0:1]:51572	admin	200		8.8 ms
16:59:13.686	[0:0:0:0:0:0:0:1]:51576	admin	200		36.02 ms
16:59:13.689	[0:0:0:0:0:0:0:1]:51573	admin	REQUEST	[GET] /core/ui/images/logos/biblissima.png
16:59:13.689	[0:0:0:0:0:0:0:1]:51575	admin	REQUEST	[GET] /core/ui/images/logos/investissement-davenir.png
16:59:13.697	[0:0:0:0:0:0:0:1]:51573	admin	200		9.13 ms
16:59:13.702	[0:0:0:0:0:0:0:1]:51575	admin	200		13.19 ms
16:59:13.706	[0:0:0:0:0:0:0:1]:51573	admin	REQUEST	[GET] /core/ui/js/AbstractMax.js
16:59:13.707	[0:0:0:0:0:0:0:1]:51575	admin	REQUEST	[GET] /core/ui/css/header.css
16:59:13.715	[0:0:0:0:0:0:0:1]:51573	admin	200		9.07 ms
16:59:13.721	[0:0:0:0:0:0:0:1]:51575	admin	200		14.13 ms
17:03:27.090	SERVER	admin	OK	Server was stopped (port: 16000).
17:03:27.118	SERVER	admin	OK	HTTP Server was stopped (port: 16002).
