10:23:26.299	SERVER	admin	OK	Server was started (port: 16000).
10:23:26.381	SERVER	admin	OK	HTTP Server was started (port: 16002).
10:24:00.357	[0:0:0:0:0:0:0:1]:49639	admin	REQUEST	[GET] /dyrin
10:24:03.322	[0:0:0:0:0:0:0:1]:49639	admin	302	Location: http://localhost:16002/dyrin/accueil.html	2969.8 ms
10:24:03.337	[0:0:0:0:0:0:0:1]:49639	admin	REQUEST	[GET] /dyrin/accueil.html
10:24:05.240	[0:0:0:0:0:0:0:1]:49639	admin	200		1902.96 ms
10:24:05.374	[0:0:0:0:0:0:0:1]:49639	admin	REQUEST	[GET] /core/ui/lib/bootstrap.min.css
10:24:05.376	[0:0:0:0:0:0:0:1]:49641	admin	REQUEST	[GET] /dyrin/ui/css/menuGauche.css
10:24:05.389	[0:0:0:0:0:0:0:1]:49642	admin	REQUEST	[GET] /core/ui/css/tei.css
10:24:05.398	[0:0:0:0:0:0:0:1]:49643	admin	REQUEST	[GET] /core/ui/css/alignment.css
10:24:05.407	[0:0:0:0:0:0:0:1]:49639	admin	200		33.49 ms
10:24:05.408	[0:0:0:0:0:0:0:1]:49644	admin	REQUEST	[GET] /plugins/mirador_viewer/mirador_viewer.css
10:24:05.408	[0:0:0:0:0:0:0:1]:49645	admin	REQUEST	[GET] /plugins/thesauri_pdn/thesauri_pdn.css
10:24:05.448	[0:0:0:0:0:0:0:1]:49643	admin	200		50.27 ms
10:24:05.450	[0:0:0:0:0:0:0:1]:49644	admin	200		42.39 ms
10:24:05.450	[0:0:0:0:0:0:0:1]:49642	admin	200		60.95 ms
10:24:05.453	[0:0:0:0:0:0:0:1]:49643	admin	REQUEST	[GET] /plugins/index/index.css
10:24:05.458	[0:0:0:0:0:0:0:1]:49642	admin	REQUEST	[GET] /dyrin/ui/css/dyrin.css
10:24:05.473	[0:0:0:0:0:0:0:1]:49643	admin	200		19.77 ms
10:24:05.475	[0:0:0:0:0:0:0:1]:49643	admin	REQUEST	[GET] /core/ui/lib/bootstrap.bundle.min.js
10:24:05.480	[0:0:0:0:0:0:0:1]:49644	admin	REQUEST	[GET] /plugins/img_viewer/img_viewer.css
10:24:05.483	[0:0:0:0:0:0:0:1]:49641	admin	200		107.01 ms
10:24:05.488	[0:0:0:0:0:0:0:1]:49645	admin	200		80.59 ms
10:24:05.489	[0:0:0:0:0:0:0:1]:49641	admin	REQUEST	[GET] /core/ui/js/MaxTEI.js
10:24:05.494	[0:0:0:0:0:0:0:1]:49645	admin	REQUEST	[GET] /dyrin/ui/js/dyrin.js
10:24:05.497	[0:0:0:0:0:0:0:1]:49644	admin	200		17.86 ms
10:24:05.500	[0:0:0:0:0:0:0:1]:49644	admin	REQUEST	[GET] /plugins/thesauri_pdn/thesauri_pdn.js
10:24:05.539	[0:0:0:0:0:0:0:1]:49643	admin	200		63.89 ms
10:24:05.540	[0:0:0:0:0:0:0:1]:49641	admin	200		51.48 ms
10:24:05.548	[0:0:0:0:0:0:0:1]:49641	admin	REQUEST	[GET] /plugins/mirador_viewer/mirador_viewer.js
10:24:05.551	[0:0:0:0:0:0:0:1]:49644	admin	200		50.95 ms
10:24:05.553	[0:0:0:0:0:0:0:1]:49644	admin	REQUEST	[GET] /plugins/index/index.js
10:24:05.556	[0:0:0:0:0:0:0:1]:49642	admin	200		98.45 ms
10:24:05.571	[0:0:0:0:0:0:0:1]:49642	admin	REQUEST	[GET] /plugins/img_viewer/img_viewer.js
10:24:05.571	[0:0:0:0:0:0:0:1]:49641	admin	200		24.06 ms
10:24:05.574	[0:0:0:0:0:0:0:1]:49641	admin	REQUEST	[GET] /core/ui/css/header.css
10:24:05.607	[0:0:0:0:0:0:0:1]:49644	admin	200		53.67 ms
10:24:05.607	[0:0:0:0:0:0:0:1]:49645	admin	200		113.97 ms
10:24:05.614	[0:0:0:0:0:0:0:1]:49644	admin	REQUEST	[GET] /core/ui/js/Plugin.js
10:24:05.606	[0:0:0:0:0:0:0:1]:49643	admin	REQUEST	[GET] /core/ui/js/AbstractMax.js
10:24:05.623	[0:0:0:0:0:0:0:1]:49642	admin	200		52.38 ms
10:24:05.624	[0:0:0:0:0:0:0:1]:49641	admin	200		50.59 ms
10:24:05.628	[0:0:0:0:0:0:0:1]:49639	admin	REQUEST	[GET] /core/ui/images/logos/investissement-davenir.png
10:24:05.637	[0:0:0:0:0:0:0:1]:49645	admin	REQUEST	[GET] /core/ui/images/logos/biblissima.png
10:24:05.653	[0:0:0:0:0:0:0:1]:49639	admin	200		25.24 ms
10:24:05.657	[0:0:0:0:0:0:0:1]:49645	admin	200		26.04 ms
10:24:05.660	[0:0:0:0:0:0:0:1]:49641	admin	REQUEST	[GET] /dyrin/ui/fonts/junicode/Junicode.ttf
10:24:05.665	[0:0:0:0:0:0:0:1]:49644	admin	200		52.37 ms
10:24:05.689	[0:0:0:0:0:0:0:1]:49643	admin	200		83.63 ms
10:24:05.697	[0:0:0:0:0:0:0:1]:49641	admin	200		37.24 ms
10:24:05.783	[0:0:0:0:0:0:0:1]:49641	admin	REQUEST	[GET] /favicon.ico
10:24:05.843	[0:0:0:0:0:0:0:1]:49641	admin	200		59.64 ms
10:24:09.882	[0:0:0:0:0:0:0:1]:49641	admin	REQUEST	[GET] /dyrin/sommaire.html
10:24:10.554	[0:0:0:0:0:0:0:1]:49641	admin	200		676.46 ms
10:24:10.602	[0:0:0:0:0:0:0:1]:49641	admin	REQUEST	[GET] /core/ui/lib/bootstrap.min.css
10:24:10.618	[0:0:0:0:0:0:0:1]:49642	admin	REQUEST	[GET] /core/ui/css/alignment.css
10:24:10.628	[0:0:0:0:0:0:0:1]:49644	admin	REQUEST	[GET] /dyrin/ui/css/dyrin.css
10:24:10.648	[0:0:0:0:0:0:0:1]:49642	admin	200		30.46 ms
10:24:10.629	[0:0:0:0:0:0:0:1]:49639	admin	REQUEST	[GET] /core/ui/lib/bootstrap.bundle.min.js
10:24:10.654	[0:0:0:0:0:0:0:1]:49642	admin	REQUEST	[GET] /core/ui/js/MaxTEI.js
10:24:10.656	[0:0:0:0:0:0:0:1]:49644	admin	200		28.31 ms
10:24:10.664	[0:0:0:0:0:0:0:1]:49644	admin	REQUEST	[GET] /dyrin/ui/js/dyrin.js
10:24:10.667	[0:0:0:0:0:0:0:1]:49639	admin	200		38.35 ms
10:24:10.668	[0:0:0:0:0:0:0:1]:49642	admin	200		14.49 ms
10:24:10.673	[0:0:0:0:0:0:0:1]:49642	admin	REQUEST	[GET] /core/ui/js/Plugin.js
10:24:10.683	[0:0:0:0:0:0:0:1]:49644	admin	200		19.73 ms
10:24:10.685	[0:0:0:0:0:0:0:1]:49639	admin	REQUEST	[GET] /core/ui/js/AbstractMax.js
10:24:10.692	[0:0:0:0:0:0:0:1]:49642	admin	200		19.65 ms
10:24:10.699	[0:0:0:0:0:0:0:1]:49639	admin	200		13.65 ms
10:24:10.703	[0:0:0:0:0:0:0:1]:49643	admin	REQUEST	[GET] /dyrin/ui/css/menuGauche.css
10:24:10.703	[0:0:0:0:0:0:0:1]:49645	admin	REQUEST	[GET] /core/ui/css/tei.css
10:24:10.703	[0:0:0:0:0:0:0:1]:49641	admin	200		101.39 ms
10:24:10.717	[0:0:0:0:0:0:0:1]:49643	admin	200		14.53 ms
10:24:10.730	[0:0:0:0:0:0:0:1]:49645	admin	200		27.03 ms
10:24:10.731	[0:0:0:0:0:0:0:1]:49641	admin	REQUEST	[GET] /core/ui/images/logos/biblissima.png
10:24:10.733	[0:0:0:0:0:0:0:1]:49643	admin	REQUEST	[GET] /core/ui/images/logos/investissement-davenir.png
10:24:10.744	[0:0:0:0:0:0:0:1]:49645	admin	REQUEST	[GET] /core/ui/css/header.css
10:24:10.748	[0:0:0:0:0:0:0:1]:49643	admin	200		15.78 ms
10:24:10.754	[0:0:0:0:0:0:0:1]:49641	admin	200		23.51 ms
10:24:10.762	[0:0:0:0:0:0:0:1]:49645	admin	200		18.72 ms
10:24:10.799	[0:0:0:0:0:0:0:1]:49641	admin	REQUEST	[GET] /favicon.ico
10:24:10.832	[0:0:0:0:0:0:0:1]:49641	admin	200		33.45 ms
10:24:12.759	[0:0:0:0:0:0:0:1]:49641	admin	REQUEST	[GET] /dyrin/doc/glouton.html
10:24:13.880	[0:0:0:0:0:0:0:1]:49641	admin	200		1121.51 ms
10:24:13.933	[0:0:0:0:0:0:0:1]:49641	admin	REQUEST	[GET] /core/ui/lib/bootstrap.min.css
10:24:13.947	[0:0:0:0:0:0:0:1]:49641	admin	200		13.72 ms
10:24:13.951	[0:0:0:0:0:0:0:1]:49642	admin	REQUEST	[GET] /core/ui/css/alignment.css
10:24:13.954	[0:0:0:0:0:0:0:1]:49645	admin	REQUEST	[GET] /core/ui/css/tei.css
10:24:13.960	[0:0:0:0:0:0:0:1]:49644	admin	REQUEST	[GET] /dyrin/ui/css/dyrin.css
10:24:13.962	[0:0:0:0:0:0:0:1]:49639	admin	REQUEST	[GET] /core/ui/js/MaxTEI.js
10:24:13.971	[0:0:0:0:0:0:0:1]:49642	admin	200		19.86 ms
10:24:13.976	[0:0:0:0:0:0:0:1]:49639	admin	200		14.34 ms
10:24:13.977	[0:0:0:0:0:0:0:1]:49644	admin	200		16.32 ms
10:24:13.977	[0:0:0:0:0:0:0:1]:49645	admin	200		22.64 ms
10:24:13.978	[0:0:0:0:0:0:0:1]:49642	admin	REQUEST	[GET] /dyrin/ui/js/dyrin.js
10:24:13.978	[0:0:0:0:0:0:0:1]:49643	admin	REQUEST	[GET] /dyrin/ui/css/menuGauche.css
10:24:13.991	[0:0:0:0:0:0:0:1]:49642	admin	200		13.48 ms
10:24:13.994	[0:0:0:0:0:0:0:1]:49641	admin	REQUEST	[GET] /core/ui/lib/bootstrap.bundle.min.js
10:24:13.994	[0:0:0:0:0:0:0:1]:49643	admin	200		16.49 ms
10:24:13.996	[0:0:0:0:0:0:0:1]:49642	admin	REQUEST	[GET] /core/ui/images/logos/investissement-davenir.png
10:24:13.996	[0:0:0:0:0:0:0:1]:49645	admin	REQUEST	[GET] /core/ui/images/logos/biblissima.png
10:24:14.008	[0:0:0:0:0:0:0:1]:49645	admin	200		11.61 ms
10:24:14.008	[0:0:0:0:0:0:0:1]:49642	admin	200		11.65 ms
10:24:14.014	[0:0:0:0:0:0:0:1]:49643	admin	REQUEST	[GET] /core/ui/js/Plugin.js
10:24:14.016	[0:0:0:0:0:0:0:1]:49645	admin	REQUEST	[GET] /core/ui/css/header.css
10:24:14.017	[0:0:0:0:0:0:0:1]:49642	admin	REQUEST	[GET] /core/ui/js/AbstractMax.js
10:24:14.027	[0:0:0:0:0:0:0:1]:49643	admin	200		12.84 ms
10:24:14.033	[0:0:0:0:0:0:0:1]:49645	admin	200		17.1 ms
10:24:14.035	[0:0:0:0:0:0:0:1]:49642	admin	200		19.25 ms
10:24:14.038	[0:0:0:0:0:0:0:1]:49641	admin	200		43.89 ms
10:24:14.178	[0:0:0:0:0:0:0:1]:49641	admin	REQUEST	[GET] /favicon.ico
10:24:14.204	[0:0:0:0:0:0:0:1]:49641	admin	200		26.59 ms
10:24:24.749	[0:0:0:0:0:0:0:1]:49641	admin	REQUEST	[GET] /dyrin/sommaire.html
10:24:25.043	[0:0:0:0:0:0:0:1]:49641	admin	200		294.43 ms
10:24:25.122	[0:0:0:0:0:0:0:1]:49641	admin	REQUEST	[GET] /core/ui/lib/bootstrap.min.css
10:24:25.129	[0:0:0:0:0:0:0:1]:49645	admin	REQUEST	[GET] /core/ui/css/alignment.css
10:24:25.135	[0:0:0:0:0:0:0:1]:49642	admin	REQUEST	[GET] /core/ui/css/tei.css
10:24:25.137	[0:0:0:0:0:0:0:1]:49641	admin	200		14.92 ms
10:24:25.142	[0:0:0:0:0:0:0:1]:49643	admin	REQUEST	[GET] /dyrin/ui/css/menuGauche.css
10:24:25.148	[0:0:0:0:0:0:0:1]:49641	admin	REQUEST	[GET] /core/ui/js/MaxTEI.js
10:24:25.169	[0:0:0:0:0:0:0:1]:49641	admin	200		20.89 ms
10:24:25.172	[0:0:0:0:0:0:0:1]:49641	admin	REQUEST	[GET] /dyrin/ui/js/dyrin.js
10:24:25.176	[0:0:0:0:0:0:0:1]:49645	admin	200		47.19 ms
10:24:25.176	[0:0:0:0:0:0:0:1]:49642	admin	200		41.29 ms
10:24:25.180	[0:0:0:0:0:0:0:1]:49644	admin	REQUEST	[GET] /dyrin/ui/css/dyrin.css
10:24:25.183	[0:0:0:0:0:0:0:1]:49639	admin	REQUEST	[GET] /core/ui/lib/bootstrap.bundle.min.js
10:24:25.192	[0:0:0:0:0:0:0:1]:49642	admin	REQUEST	[GET] /core/ui/js/Plugin.js
10:24:25.199	[0:0:0:0:0:0:0:1]:49645	admin	REQUEST	[GET] /core/ui/js/AbstractMax.js
10:24:25.208	[0:0:0:0:0:0:0:1]:49643	admin	200		66.11 ms
10:24:25.213	[0:0:0:0:0:0:0:1]:49643	admin	REQUEST	[GET] /core/ui/css/header.css
10:24:25.215	[0:0:0:0:0:0:0:1]:49641	admin	200		42.75 ms
10:24:25.226	[0:0:0:0:0:0:0:1]:49639	admin	200		42.78 ms
10:24:25.227	[0:0:0:0:0:0:0:1]:49645	admin	200		28.8 ms
10:24:25.236	[0:0:0:0:0:0:0:1]:49642	admin	200		44.22 ms
10:24:25.242	[0:0:0:0:0:0:0:1]:49643	admin	200		28.84 ms
10:24:25.243	[0:0:0:0:0:0:0:1]:49644	admin	200		63.44 ms
10:24:25.253	[0:0:0:0:0:0:0:1]:49643	admin	REQUEST	[GET] /core/ui/images/logos/investissement-davenir.png
10:24:25.253	[0:0:0:0:0:0:0:1]:49641	admin	REQUEST	[GET] /core/ui/images/logos/biblissima.png
10:24:25.265	[0:0:0:0:0:0:0:1]:49643	admin	200		12.91 ms
10:24:25.270	[0:0:0:0:0:0:0:1]:49641	admin	200		17.51 ms
10:24:27.881	[0:0:0:0:0:0:0:1]:49641	admin	REQUEST	[GET] /dyrin/doc/narval.html
10:24:28.453	[0:0:0:0:0:0:0:1]:49641	admin	200		571.65 ms
10:24:28.520	[0:0:0:0:0:0:0:1]:49641	admin	REQUEST	[GET] /core/ui/lib/bootstrap.min.css
10:24:28.525	[0:0:0:0:0:0:0:1]:49642	admin	REQUEST	[GET] /core/ui/css/tei.css
10:24:28.533	[0:0:0:0:0:0:0:1]:49641	admin	200		13.13 ms
10:24:28.538	[0:0:0:0:0:0:0:1]:49645	admin	REQUEST	[GET] /core/ui/css/alignment.css
10:24:28.538	[0:0:0:0:0:0:0:1]:49642	admin	200		13.31 ms
10:24:28.541	[0:0:0:0:0:0:0:1]:49644	admin	REQUEST	[GET] /core/ui/lib/bootstrap.bundle.min.js
10:24:28.547	[0:0:0:0:0:0:0:1]:49642	admin	REQUEST	[GET] /core/ui/js/MaxTEI.js
10:24:28.550	[0:0:0:0:0:0:0:1]:49645	admin	200		12.03 ms
10:24:28.550	[0:0:0:0:0:0:0:1]:49639	admin	REQUEST	[GET] /dyrin/ui/js/dyrin.js
10:24:28.551	[0:0:0:0:0:0:0:1]:49643	admin	REQUEST	[GET] /dyrin/ui/css/menuGauche.css
10:24:28.558	[0:0:0:0:0:0:0:1]:49644	admin	200		17.03 ms
10:24:28.560	[0:0:0:0:0:0:0:1]:49642	admin	200		12.76 ms
10:24:28.566	[0:0:0:0:0:0:0:1]:49639	admin	200		16.28 ms
10:24:28.566	[0:0:0:0:0:0:0:1]:49643	admin	200		15.61 ms
10:24:28.568	[0:0:0:0:0:0:0:1]:49641	admin	REQUEST	[GET] /dyrin/ui/css/dyrin.css
10:24:28.580	[0:0:0:0:0:0:0:1]:49644	admin	REQUEST	[GET] /core/ui/js/Plugin.js
10:24:28.581	[0:0:0:0:0:0:0:1]:49641	admin	200		14.33 ms
10:24:28.587	[0:0:0:0:0:0:0:1]:49642	admin	REQUEST	[GET] /core/ui/images/logos/investissement-davenir.png
10:24:28.591	[0:0:0:0:0:0:0:1]:49643	admin	REQUEST	[GET] /core/ui/images/logos/biblissima.png
10:24:28.596	[0:0:0:0:0:0:0:1]:49644	admin	200		16.55 ms
10:24:28.599	[0:0:0:0:0:0:0:1]:49642	admin	200		12.03 ms
10:24:28.608	[0:0:0:0:0:0:0:1]:49643	admin	200		17.55 ms
10:24:28.612	[0:0:0:0:0:0:0:1]:49645	admin	REQUEST	[GET] /core/ui/js/AbstractMax.js
10:24:28.612	[0:0:0:0:0:0:0:1]:49641	admin	REQUEST	[GET] /core/ui/css/header.css
10:24:28.621	[0:0:0:0:0:0:0:1]:49641	admin	200		9.07 ms
10:24:28.624	[0:0:0:0:0:0:0:1]:49645	admin	200		11.99 ms
10:24:28.681	[0:0:0:0:0:0:0:1]:49641	admin	REQUEST	[GET] /favicon.ico
10:24:28.707	[0:0:0:0:0:0:0:1]:49641	admin	200		26.76 ms
10:25:16.777	[0:0:0:0:0:0:0:1]:49641	admin	REQUEST	[GET] /dyrin/index/personnes.html
10:25:16.939	[0:0:0:0:0:0:0:1]:49641	admin	200		162.26 ms
10:25:17.032	[0:0:0:0:0:0:0:1]:49641	admin	REQUEST	[GET] /core/ui/lib/bootstrap.min.css
10:25:17.033	[0:0:0:0:0:0:0:1]:49644	admin	REQUEST	[GET] /dyrin/ui/css/menuGauche.css
10:25:17.038	[0:0:0:0:0:0:0:1]:49643	admin	REQUEST	[GET] /core/ui/css/tei.css
10:25:17.043	[0:0:0:0:0:0:0:1]:49645	admin	REQUEST	[GET] /dyrin/ui/css/dyrin.css
10:25:17.046	[0:0:0:0:0:0:0:1]:49642	admin	REQUEST	[GET] /core/ui/css/alignment.css
10:25:17.047	[0:0:0:0:0:0:0:1]:49641	admin	200		16.23 ms
10:25:17.050	[0:0:0:0:0:0:0:1]:49644	admin	200		17.27 ms
10:25:17.051	[0:0:0:0:0:0:0:1]:49639	admin	REQUEST	[GET] /core/ui/lib/bootstrap.bundle.min.js
10:25:17.052	[0:0:0:0:0:0:0:1]:49641	admin	REQUEST	[GET] /core/ui/js/MaxTEI.js
10:25:17.052	[0:0:0:0:0:0:0:1]:49644	admin	REQUEST	[GET] /dyrin/ui/js/dyrin.js
10:25:17.067	[0:0:0:0:0:0:0:1]:49645	admin	200		24.28 ms
10:25:17.068	[0:0:0:0:0:0:0:1]:49643	admin	200		30.11 ms
10:25:17.078	[0:0:0:0:0:0:0:1]:49642	admin	200		31.96 ms
10:25:17.080	[0:0:0:0:0:0:0:1]:49643	admin	REQUEST	[GET] /core/ui/images/logos/biblissima.png
10:25:17.080	[0:0:0:0:0:0:0:1]:49645	admin	REQUEST	[GET] /core/ui/images/logos/investissement-davenir.png
10:25:17.096	[0:0:0:0:0:0:0:1]:49639	admin	200		45.31 ms
10:25:17.096	[0:0:0:0:0:0:0:1]:49643	admin	200		15.92 ms
10:25:17.099	[0:0:0:0:0:0:0:1]:49643	admin	REQUEST	[GET] /core/ui/css/header.css
10:25:17.104	[0:0:0:0:0:0:0:1]:49641	admin	200		51.34 ms
10:25:17.115	[0:0:0:0:0:0:0:1]:49641	admin	REQUEST	[GET] /core/ui/js/AbstractMax.js
10:25:17.115	[0:0:0:0:0:0:0:1]:49642	admin	REQUEST	[GET] /core/ui/js/Plugin.js
10:25:17.124	[0:0:0:0:0:0:0:1]:49641	admin	200		16.76 ms
10:25:17.132	[0:0:0:0:0:0:0:1]:49642	admin	200		19.52 ms
10:25:17.126	[0:0:0:0:0:0:0:1]:49644	admin	200		84.27 ms
10:25:17.131	[0:0:0:0:0:0:0:1]:49645	admin	200		62.71 ms
10:25:17.131	[0:0:0:0:0:0:0:1]:49643	admin	200		36.38 ms
10:25:18.964	[0:0:0:0:0:0:0:1]:49641	admin	REQUEST	[GET] /dyrin/index/lieux.html
10:25:19.115	[0:0:0:0:0:0:0:1]:49641	admin	200		151.58 ms
10:25:19.204	[0:0:0:0:0:0:0:1]:49643	admin	REQUEST	[GET] /core/ui/css/tei.css
10:25:19.205	[0:0:0:0:0:0:0:1]:49644	admin	REQUEST	[GET] /dyrin/ui/css/menuGauche.css
10:25:19.209	[0:0:0:0:0:0:0:1]:49641	admin	REQUEST	[GET] /core/ui/lib/bootstrap.min.css
10:25:19.228	[0:0:0:0:0:0:0:1]:49641	admin	200		20.57 ms
10:25:19.239	[0:0:0:0:0:0:0:1]:49645	admin	REQUEST	[GET] /dyrin/ui/css/dyrin.css
10:25:19.240	[0:0:0:0:0:0:0:1]:49642	admin	REQUEST	[GET] /core/ui/css/alignment.css
10:25:19.244	[0:0:0:0:0:0:0:1]:49644	admin	200		38.65 ms
10:25:19.256	[0:0:0:0:0:0:0:1]:49642	admin	200		18.31 ms
10:25:19.257	[0:0:0:0:0:0:0:1]:49641	admin	REQUEST	[GET] /core/ui/js/MaxTEI.js
10:25:19.258	[0:0:0:0:0:0:0:1]:49639	admin	REQUEST	[GET] /core/ui/lib/bootstrap.bundle.min.js
10:25:19.268	[0:0:0:0:0:0:0:1]:49644	admin	REQUEST	[GET] /dyrin/ui/js/dyrin.js
10:25:19.270	[0:0:0:0:0:0:0:1]:49643	admin	200		66.16 ms
10:25:19.276	[0:0:0:0:0:0:0:1]:49641	admin	200		18.69 ms
10:25:19.279	[0:0:0:0:0:0:0:1]:49639	admin	200		21.14 ms
10:25:19.268	[0:0:0:0:0:0:0:1]:49642	admin	REQUEST	[GET] /core/ui/js/Plugin.js
10:25:19.292	[0:0:0:0:0:0:0:1]:49644	admin	200		24.41 ms
10:25:19.294	[0:0:0:0:0:0:0:1]:49643	admin	REQUEST	[GET] /core/ui/js/AbstractMax.js
10:25:19.296	[0:0:0:0:0:0:0:1]:49645	admin	200		57.31 ms
10:25:19.298	[0:0:0:0:0:0:0:1]:49641	admin	REQUEST	[GET] /core/ui/css/header.css
10:25:19.308	[0:0:0:0:0:0:0:1]:49643	admin	200		14.24 ms
10:25:19.318	[0:0:0:0:0:0:0:1]:49642	admin	200		49.83 ms
10:25:19.319	[0:0:0:0:0:0:0:1]:49641	admin	200		20.9 ms
10:25:19.322	[0:0:0:0:0:0:0:1]:49644	admin	REQUEST	[GET] /core/ui/images/logos/biblissima.png
10:25:19.326	[0:0:0:0:0:0:0:1]:49643	admin	REQUEST	[GET] /core/ui/images/logos/investissement-davenir.png
10:25:19.343	[0:0:0:0:0:0:0:1]:49644	admin	200		20.89 ms
10:25:19.357	[0:0:0:0:0:0:0:1]:49643	admin	200		31.52 ms
10:25:19.390	[0:0:0:0:0:0:0:1]:49641	admin	REQUEST	[GET] /favicon.ico
10:25:19.413	[0:0:0:0:0:0:0:1]:49641	admin	200		23.87 ms
10:25:20.633	[0:0:0:0:0:0:0:1]:49641	admin	REQUEST	[GET] /dyrin/index/themes.html
10:25:20.815	[0:0:0:0:0:0:0:1]:49641	admin	200		182.89 ms
10:25:20.904	[0:0:0:0:0:0:0:1]:49641	admin	REQUEST	[GET] /core/ui/lib/bootstrap.min.css
10:25:20.911	[0:0:0:0:0:0:0:1]:49644	admin	REQUEST	[GET] /dyrin/ui/css/menuGauche.css
10:25:20.912	[0:0:0:0:0:0:0:1]:49645	admin	REQUEST	[GET] /core/ui/css/alignment.css
10:25:20.914	[0:0:0:0:0:0:0:1]:49643	admin	REQUEST	[GET] /core/ui/css/tei.css
10:25:20.922	[0:0:0:0:0:0:0:1]:49642	admin	REQUEST	[GET] /dyrin/ui/css/dyrin.css
10:25:20.925	[0:0:0:0:0:0:0:1]:49641	admin	200		21.04 ms
10:25:20.931	[0:0:0:0:0:0:0:1]:49644	admin	200		20.61 ms
10:25:20.933	[0:0:0:0:0:0:0:1]:49639	admin	REQUEST	[GET] /core/ui/lib/bootstrap.bundle.min.js
10:25:20.936	[0:0:0:0:0:0:0:1]:49643	admin	200		23.0 ms
10:25:20.938	[0:0:0:0:0:0:0:1]:49644	admin	REQUEST	[GET] /dyrin/ui/js/dyrin.js
10:25:20.938	[0:0:0:0:0:0:0:1]:49641	admin	REQUEST	[GET] /core/ui/js/MaxTEI.js
10:25:20.952	[0:0:0:0:0:0:0:1]:49643	admin	REQUEST	[GET] /core/ui/js/Plugin.js
10:25:20.959	[0:0:0:0:0:0:0:1]:49639	admin	200		26.48 ms
10:25:20.963	[0:0:0:0:0:0:0:1]:49642	admin	200		42.2 ms
10:25:20.965	[0:0:0:0:0:0:0:1]:49643	admin	200		13.42 ms
10:25:20.973	[0:0:0:0:0:0:0:1]:49643	admin	REQUEST	[GET] /core/ui/css/header.css
10:25:20.974	[0:0:0:0:0:0:0:1]:49644	admin	200		36.75 ms
10:25:20.981	[0:0:0:0:0:0:0:1]:49645	admin	200		69.25 ms
10:25:20.983	[0:0:0:0:0:0:0:1]:49643	admin	200		10.48 ms
10:25:20.983	[0:0:0:0:0:0:0:1]:49641	admin	200		45.52 ms
10:25:20.985	[0:0:0:0:0:0:0:1]:49642	admin	REQUEST	[GET] /core/ui/images/logos/investissement-davenir.png
10:25:20.985	[0:0:0:0:0:0:0:1]:49644	admin	REQUEST	[GET] /core/ui/images/logos/biblissima.png
10:25:20.996	[0:0:0:0:0:0:0:1]:49642	admin	200		10.98 ms
10:25:21.001	[0:0:0:0:0:0:0:1]:49644	admin	200		15.7 ms
10:25:21.022	[0:0:0:0:0:0:0:1]:49641	admin	REQUEST	[GET] /core/ui/js/AbstractMax.js
10:25:21.036	[0:0:0:0:0:0:0:1]:49641	admin	200		14.09 ms
10:25:22.284	[0:0:0:0:0:0:0:1]:49641	admin	REQUEST	[GET] /dyrin/index/zoonymes.html
10:25:22.461	[0:0:0:0:0:0:0:1]:49641	admin	200		176.68 ms
10:25:22.532	[0:0:0:0:0:0:0:1]:49641	admin	REQUEST	[GET] /core/ui/lib/bootstrap.min.css
10:25:22.542	[0:0:0:0:0:0:0:1]:49644	admin	REQUEST	[GET] /core/ui/css/tei.css
10:25:22.544	[0:0:0:0:0:0:0:1]:49645	admin	REQUEST	[GET] /core/ui/css/alignment.css
10:25:22.544	[0:0:0:0:0:0:0:1]:49641	admin	200		12.61 ms
10:25:22.551	[0:0:0:0:0:0:0:1]:49645	admin	200		8.09 ms
10:25:22.553	[0:0:0:0:0:0:0:1]:49642	admin	REQUEST	[GET] /dyrin/ui/css/dyrin.css
10:25:22.555	[0:0:0:0:0:0:0:1]:49645	admin	REQUEST	[GET] /core/ui/js/MaxTEI.js
10:25:22.551	[0:0:0:0:0:0:0:1]:49644	admin	200		9.3 ms
10:25:22.563	[0:0:0:0:0:0:0:1]:49639	admin	REQUEST	[GET] /core/ui/lib/bootstrap.bundle.min.js
10:25:22.564	[0:0:0:0:0:0:0:1]:49645	admin	200		9.24 ms
10:25:22.566	[0:0:0:0:0:0:0:1]:49645	admin	REQUEST	[GET] /dyrin/ui/js/dyrin.js
10:25:22.578	[0:0:0:0:0:0:0:1]:49642	admin	200		24.51 ms
10:25:22.579	[0:0:0:0:0:0:0:1]:49645	admin	200		13.12 ms
10:25:22.580	[0:0:0:0:0:0:0:1]:49641	admin	REQUEST	[GET] /core/ui/js/Plugin.js
10:25:22.583	[0:0:0:0:0:0:0:1]:49644	admin	REQUEST	[GET] /core/ui/js/AbstractMax.js
10:25:22.590	[0:0:0:0:0:0:0:1]:49641	admin	200		10.88 ms
10:25:22.594	[0:0:0:0:0:0:0:1]:49644	admin	200		11.93 ms
10:25:22.596	[0:0:0:0:0:0:0:1]:49642	admin	REQUEST	[GET] /core/ui/css/header.css
10:25:22.605	[0:0:0:0:0:0:0:1]:49639	admin	200		51.48 ms
10:25:22.605	[0:0:0:0:0:0:0:1]:49643	admin	REQUEST	[GET] /dyrin/ui/css/menuGauche.css
10:25:22.607	[0:0:0:0:0:0:0:1]:49642	admin	200		11.49 ms
10:25:22.622	[0:0:0:0:0:0:0:1]:49643	admin	200		17.23 ms
10:25:22.625	[0:0:0:0:0:0:0:1]:49644	admin	REQUEST	[GET] /core/ui/images/logos/investissement-davenir.png
10:25:22.625	[0:0:0:0:0:0:0:1]:49641	admin	REQUEST	[GET] /core/ui/images/logos/biblissima.png
10:25:22.637	[0:0:0:0:0:0:0:1]:49644	admin	200		12.36 ms
10:25:22.639	[0:0:0:0:0:0:0:1]:49641	admin	200		14.6 ms
10:25:25.713	[0:0:0:0:0:0:0:1]:49641	admin	REQUEST	[GET] /dyrin/sommaire.html
10:25:25.932	[0:0:0:0:0:0:0:1]:49641	admin	200		219.63 ms
10:25:26.013	[0:0:0:0:0:0:0:1]:49643	admin	REQUEST	[GET] /dyrin/ui/css/menuGauche.css
10:25:26.015	[0:0:0:0:0:0:0:1]:49641	admin	REQUEST	[GET] /core/ui/lib/bootstrap.min.css
10:25:26.030	[0:0:0:0:0:0:0:1]:49643	admin	200		17.62 ms
10:25:26.035	[0:0:0:0:0:0:0:1]:49644	admin	REQUEST	[GET] /core/ui/css/tei.css
10:25:26.045	[0:0:0:0:0:0:0:1]:49644	admin	200		18.72 ms
10:25:26.055	[0:0:0:0:0:0:0:1]:49642	admin	REQUEST	[GET] /core/ui/lib/bootstrap.bundle.min.js
10:25:26.057	[0:0:0:0:0:0:0:1]:49645	admin	REQUEST	[GET] /dyrin/ui/css/dyrin.css
10:25:26.065	[0:0:0:0:0:0:0:1]:49639	admin	REQUEST	[GET] /core/ui/js/MaxTEI.js
10:25:26.068	[0:0:0:0:0:0:0:1]:49642	admin	200		13.42 ms
10:25:26.070	[0:0:0:0:0:0:0:1]:49644	admin	REQUEST	[GET] /dyrin/ui/js/dyrin.js
10:25:26.074	[0:0:0:0:0:0:0:1]:49645	admin	200		24.85 ms
10:25:26.055	[0:0:0:0:0:0:0:1]:49641	admin	200		40.63 ms
10:25:26.082	[0:0:0:0:0:0:0:1]:49643	admin	REQUEST	[GET] /core/ui/css/alignment.css
10:25:26.089	[0:0:0:0:0:0:0:1]:49644	admin	200		19.22 ms
10:25:26.098	[0:0:0:0:0:0:0:1]:49642	admin	REQUEST	[GET] /core/ui/css/header.css
10:25:26.117	[0:0:0:0:0:0:0:1]:49641	admin	REQUEST	[GET] /core/ui/js/Plugin.js
10:25:26.118	[0:0:0:0:0:0:0:1]:49639	admin	200		53.24 ms
10:25:26.126	[0:0:0:0:0:0:0:1]:49644	admin	REQUEST	[GET] /core/ui/js/AbstractMax.js
10:25:26.130	[0:0:0:0:0:0:0:1]:49642	admin	200		32.49 ms
10:25:26.142	[0:0:0:0:0:0:0:1]:49641	admin	200		25.49 ms
10:25:26.145	[0:0:0:0:0:0:0:1]:49644	admin	200		19.31 ms
10:25:26.147	[0:0:0:0:0:0:0:1]:49643	admin	200		70.6 ms
10:25:26.149	[0:0:0:0:0:0:0:1]:49642	admin	REQUEST	[GET] /core/ui/images/logos/investissement-davenir.png
10:25:26.149	[0:0:0:0:0:0:0:1]:49641	admin	REQUEST	[GET] /core/ui/images/logos/biblissima.png
10:25:26.188	[0:0:0:0:0:0:0:1]:49642	admin	200		38.76 ms
10:25:26.200	[0:0:0:0:0:0:0:1]:49641	admin	200		56.3 ms
10:25:26.213	[0:0:0:0:0:0:0:1]:49641	admin	REQUEST	[GET] /favicon.ico
10:25:26.243	[0:0:0:0:0:0:0:1]:49641	admin	200		30.88 ms
10:25:36.465	[0:0:0:0:0:0:0:1]:49641	admin	REQUEST	[GET] /dyrin/doc/morse.html
10:25:36.859	[0:0:0:0:0:0:0:1]:49641	admin	200		395.03 ms
10:25:36.929	[0:0:0:0:0:0:0:1]:49641	admin	REQUEST	[GET] /core/ui/lib/bootstrap.min.css
10:25:36.930	[0:0:0:0:0:0:0:1]:49644	admin	REQUEST	[GET] /dyrin/ui/css/menuGauche.css
10:25:36.933	[0:0:0:0:0:0:0:1]:49642	admin	REQUEST	[GET] /core/ui/css/alignment.css
10:25:36.942	[0:0:0:0:0:0:0:1]:49644	admin	200		12.18 ms
10:25:36.944	[0:0:0:0:0:0:0:1]:49642	admin	200		10.67 ms
10:25:36.944	[0:0:0:0:0:0:0:1]:49641	admin	200		15.29 ms
10:25:36.945	[0:0:0:0:0:0:0:1]:49643	admin	REQUEST	[GET] /core/ui/css/tei.css
10:25:36.949	[0:0:0:0:0:0:0:1]:49641	admin	REQUEST	[GET] /dyrin/ui/css/dyrin.css
10:25:36.950	[0:0:0:0:0:0:0:1]:49644	admin	REQUEST	[GET] /core/ui/lib/bootstrap.bundle.min.js
10:25:36.951	[0:0:0:0:0:0:0:1]:49642	admin	REQUEST	[GET] /core/ui/js/MaxTEI.js
10:25:36.959	[0:0:0:0:0:0:0:1]:49644	admin	200		9.58 ms
10:25:36.959	[0:0:0:0:0:0:0:1]:49642	admin	200		8.44 ms
10:25:36.958	[0:0:0:0:0:0:0:1]:49645	admin	REQUEST	[GET] /dyrin/ui/js/dyrin.js
10:25:36.983	[0:0:0:0:0:0:0:1]:49642	admin	REQUEST	[GET] /core/ui/js/Plugin.js
10:25:36.988	[0:0:0:0:0:0:0:1]:49645	admin	200		29.73 ms
10:25:36.990	[0:0:0:0:0:0:0:1]:49644	admin	REQUEST	[GET] /core/ui/js/AbstractMax.js
10:25:36.992	[0:0:0:0:0:0:0:1]:49642	admin	200		9.42 ms
10:25:36.993	[0:0:0:0:0:0:0:1]:49641	admin	200		44.12 ms
10:25:37.000	[0:0:0:0:0:0:0:1]:49643	admin	200		54.54 ms
10:25:37.001	[0:0:0:0:0:0:0:1]:49641	admin	REQUEST	[GET] /core/ui/images/logos/biblissima.png
10:25:37.001	[0:0:0:0:0:0:0:1]:49642	admin	REQUEST	[GET] /core/ui/images/logos/investissement-davenir.png
10:25:37.002	[0:0:0:0:0:0:0:1]:49644	admin	200		12.53 ms
10:25:37.013	[0:0:0:0:0:0:0:1]:49641	admin	200		11.73 ms
10:25:37.014	[0:0:0:0:0:0:0:1]:49643	admin	REQUEST	[GET] /core/ui/css/header.css
10:25:37.018	[0:0:0:0:0:0:0:1]:49642	admin	200		16.33 ms
10:25:37.025	[0:0:0:0:0:0:0:1]:49643	admin	200		11.53 ms
10:26:04.555	[0:0:0:0:0:0:0:1]:49659	admin	REQUEST	[GET] /core/ui/lib/bootstrap.bundle.min.js
10:26:04.557	[0:0:0:0:0:0:0:1]:49660	admin	REQUEST	[GET] /dyrin/doc/morse.html
10:26:04.592	[0:0:0:0:0:0:0:1]:49659	admin	200		37.13 ms
10:26:05.087	[0:0:0:0:0:0:0:1]:49660	admin	200		529.79 ms
10:26:06.063	[0:0:0:0:0:0:0:1]:49661	admin	REQUEST	[GET] /dyrin/doc/morse.html
10:26:06.434	[0:0:0:0:0:0:0:1]:49661	admin	200		370.65 ms
10:26:06.515	[0:0:0:0:0:0:0:1]:49661	admin	REQUEST	[GET] /core/ui/lib/bootstrap.min.css
10:26:06.516	[0:0:0:0:0:0:0:1]:49662	admin	REQUEST	[GET] /dyrin/ui/css/menuGauche.css
10:26:06.520	[0:0:0:0:0:0:0:1]:49663	admin	REQUEST	[GET] /core/ui/css/tei.css
10:26:06.533	[0:0:0:0:0:0:0:1]:49661	admin	200		18.64 ms
10:26:06.537	[0:0:0:0:0:0:0:1]:49662	admin	200		21.4 ms
10:26:06.539	[0:0:0:0:0:0:0:1]:49666	admin	REQUEST	[GET] /plugins/mirador_viewer/mirador_viewer.css
10:26:06.539	[0:0:0:0:0:0:0:1]:49661	admin	REQUEST	[GET] /plugins/index/index.css
10:26:06.540	[0:0:0:0:0:0:0:1]:49665	admin	REQUEST	[GET] /plugins/thesauri_pdn/thesauri_pdn.css
10:26:06.548	[0:0:0:0:0:0:0:1]:49661	admin	200		8.98 ms
10:26:06.550	[0:0:0:0:0:0:0:1]:49666	admin	200		11.04 ms
10:26:06.550	[0:0:0:0:0:0:0:1]:49665	admin	200		10.68 ms
10:26:06.551	[0:0:0:0:0:0:0:1]:49664	admin	REQUEST	[GET] /core/ui/css/alignment.css
10:26:06.552	[0:0:0:0:0:0:0:1]:49663	admin	200		32.18 ms
10:26:06.561	[0:0:0:0:0:0:0:1]:49665	admin	REQUEST	[GET] /plugins/img_viewer/img_viewer.css
10:26:06.563	[0:0:0:0:0:0:0:1]:49663	admin	REQUEST	[GET] /dyrin/ui/css/dyrin.css
10:26:06.564	[0:0:0:0:0:0:0:1]:49664	admin	200		12.66 ms
10:26:06.570	[0:0:0:0:0:0:0:1]:49665	admin	200		8.84 ms
10:26:06.571	[0:0:0:0:0:0:0:1]:49662	admin	REQUEST	[GET] /core/ui/lib/bootstrap.bundle.min.js
10:26:06.578	[0:0:0:0:0:0:0:1]:49665	admin	REQUEST	[GET] /core/ui/js/MaxTEI.js
10:26:06.579	[0:0:0:0:0:0:0:1]:49663	admin	200		15.38 ms
10:26:06.582	[0:0:0:0:0:0:0:1]:49663	admin	REQUEST	[GET] /dyrin/ui/js/dyrin.js
10:26:06.583	[0:0:0:0:0:0:0:1]:49662	admin	200		12.23 ms
10:26:06.589	[0:0:0:0:0:0:0:1]:49665	admin	200		11.27 ms
10:26:06.589	[0:0:0:0:0:0:0:1]:49662	admin	REQUEST	[GET] /plugins/mirador_viewer/mirador_viewer.js
10:26:06.589	[0:0:0:0:0:0:0:1]:49664	admin	REQUEST	[GET] /plugins/thesauri_pdn/thesauri_pdn.js
10:26:06.590	[0:0:0:0:0:0:0:1]:49663	admin	200		8.79 ms
10:26:06.597	[0:0:0:0:0:0:0:1]:49665	admin	REQUEST	[GET] /plugins/index/index.js
10:26:06.598	[0:0:0:0:0:0:0:1]:49662	admin	200		9.38 ms
10:26:06.598	[0:0:0:0:0:0:0:1]:49664	admin	200		9.39 ms
10:26:06.600	[0:0:0:0:0:0:0:1]:49663	admin	REQUEST	[GET] /plugins/img_viewer/img_viewer.js
10:26:06.606	[0:0:0:0:0:0:0:1]:49665	admin	200		9.37 ms
10:26:06.610	[0:0:0:0:0:0:0:1]:49663	admin	200		10.28 ms
10:26:06.687	[0:0:0:0:0:0:0:1]:49662	admin	REQUEST	[GET] /core/ui/images/logos/biblissima.png
10:26:06.697	[0:0:0:0:0:0:0:1]:49662	admin	200		9.96 ms
10:26:06.711	[0:0:0:0:0:0:0:1]:49662	admin	REQUEST	[GET] /core/ui/images/logos/investissement-davenir.png
10:26:06.721	[0:0:0:0:0:0:0:1]:49662	admin	200		10.01 ms
10:26:06.848	[0:0:0:0:0:0:0:1]:49662	admin	REQUEST	[GET] /core/ui/css/header.css
10:26:06.854	[0:0:0:0:0:0:0:1]:49665	admin	REQUEST	[GET] /core/ui/js/AbstractMax.js
10:26:06.857	[0:0:0:0:0:0:0:1]:49663	admin	REQUEST	[GET] /core/ui/js/Plugin.js
10:26:06.858	[0:0:0:0:0:0:0:1]:49662	admin	200		9.44 ms
10:26:06.863	[0:0:0:0:0:0:0:1]:49665	admin	200		9.41 ms
10:26:06.866	[0:0:0:0:0:0:0:1]:49663	admin	200		9.3 ms
10:26:06.885	[0:0:0:0:0:0:0:1]:49662	admin	REQUEST	[GET] /dyrin/ui/fonts/junicode/Junicode.ttf
10:26:06.899	[0:0:0:0:0:0:0:1]:49662	admin	200		14.54 ms
10:26:07.117	[0:0:0:0:0:0:0:1]:49662	admin	REQUEST	[GET] /favicon.ico
10:26:07.140	[0:0:0:0:0:0:0:1]:49662	admin	200		22.78 ms
10:26:26.428	[0:0:0:0:0:0:0:1]:49662	admin	REQUEST	[GET] /core/ui/lib/bootstrap.bundle.min.js.map
10:26:26.467	[0:0:0:0:0:0:0:1]:49662	admin	404		39.07 ms
10:26:41.040	[0:0:0:0:0:0:0:1]:49662	admin	REQUEST	[GET] /core/ui/lib/bootstrap.min.css.map
10:26:41.072	[0:0:0:0:0:0:0:1]:49662	admin	200		32.58 ms
11:47:38.282	[0:0:0:0:0:0:0:1]:50040	admin	REQUEST	[GET] /dyrin/ui/css/menuGauche.css
11:47:38.331	[0:0:0:0:0:0:0:1]:50040	admin	200		48.87 ms
11:47:38.395	[0:0:0:0:0:0:0:1]:50040	admin	REQUEST	[GET] /dyrin/ui/css/dyrin.css
11:47:38.404	[0:0:0:0:0:0:0:1]:50040	admin	200		9.62 ms
11:47:38.413	[0:0:0:0:0:0:0:1]:50040	admin	REQUEST	[GET] /core/ui/css/tei.css
11:47:38.420	[0:0:0:0:0:0:0:1]:50040	admin	200		8.02 ms
11:47:38.429	[0:0:0:0:0:0:0:1]:50040	admin	REQUEST	[GET] /core/ui/lib/bootstrap.min.css
11:47:38.437	[0:0:0:0:0:0:0:1]:50040	admin	200		7.59 ms
11:47:38.794	[0:0:0:0:0:0:0:1]:50040	admin	REQUEST	[GET] /core/ui/lib/bootstrap.min.css.map
11:47:38.805	[0:0:0:0:0:0:0:1]:50040	admin	200		11.06 ms
14:24:56.516	[0:0:0:0:0:0:0:1]:50318	admin	REQUEST	[GET] /dyrin/doc/morse.html
14:24:57.021	[0:0:0:0:0:0:0:1]:50318	admin	200		505.4 ms
14:24:57.154	[0:0:0:0:0:0:0:1]:50318	admin	REQUEST	[GET] /core/ui/lib/bootstrap.min.css
14:24:57.160	[0:0:0:0:0:0:0:1]:50319	admin	REQUEST	[GET] /dyrin/ui/css/menuGauche.css
14:24:57.164	[0:0:0:0:0:0:0:1]:50318	admin	200		10.44 ms
14:24:57.168	[0:0:0:0:0:0:0:1]:50322	admin	REQUEST	[GET] /plugins/thesauri_pdn/thesauri_pdn.css
14:24:57.174	[0:0:0:0:0:0:0:1]:50318	admin	REQUEST	[GET] /plugins/index/index.css
14:24:57.184	[0:0:0:0:0:0:0:1]:50319	admin	200		24.76 ms
14:24:57.189	[0:0:0:0:0:0:0:1]:50319	admin	REQUEST	[GET] /plugins/img_viewer/img_viewer.css
14:24:57.191	[0:0:0:0:0:0:0:1]:50322	admin	200		23.2 ms
14:24:57.198	[0:0:0:0:0:0:0:1]:50318	admin	200		25.06 ms
14:24:57.202	[0:0:0:0:0:0:0:1]:50319	admin	200		13.39 ms
14:24:57.209	[0:0:0:0:0:0:0:1]:50322	admin	REQUEST	[GET] /core/ui/lib/bootstrap.bundle.min.js
14:24:57.209	[0:0:0:0:0:0:0:1]:50318	admin	REQUEST	[GET] /dyrin/ui/css/dyrin.css
14:24:57.212	[0:0:0:0:0:0:0:1]:50319	admin	REQUEST	[GET] /core/ui/js/MaxTEI.js
14:24:57.214	[0:0:0:0:0:0:0:1]:50320	admin	REQUEST	[GET] /core/ui/css/tei.css
14:24:57.216	[0:0:0:0:0:0:0:1]:50323	admin	REQUEST	[GET] /plugins/mirador_viewer/mirador_viewer.css
14:24:57.224	[0:0:0:0:0:0:0:1]:50321	admin	REQUEST	[GET] /core/ui/css/alignment.css
14:24:57.237	[0:0:0:0:0:0:0:1]:50322	admin	200		27.79 ms
14:24:57.243	[0:0:0:0:0:0:0:1]:50322	admin	REQUEST	[GET] /dyrin/ui/js/dyrin.js
14:24:57.257	[0:0:0:0:0:0:0:1]:50322	admin	200		13.72 ms
14:24:57.261	[0:0:0:0:0:0:0:1]:50322	admin	REQUEST	[GET] /plugins/thesauri_pdn/thesauri_pdn.js
14:24:57.271	[0:0:0:0:0:0:0:1]:50323	admin	200		55.63 ms
14:24:57.281	[0:0:0:0:0:0:0:1]:50319	admin	200		69.01 ms
14:24:57.284	[0:0:0:0:0:0:0:1]:50323	admin	REQUEST	[GET] /plugins/mirador_viewer/mirador_viewer.js
14:24:57.287	[0:0:0:0:0:0:0:1]:50322	admin	200		25.74 ms
14:24:57.287	[0:0:0:0:0:0:0:1]:50320	admin	200		73.56 ms
14:24:57.293	[0:0:0:0:0:0:0:1]:50320	admin	REQUEST	[GET] /plugins/index/index.js
14:24:57.296	[0:0:0:0:0:0:0:1]:50319	admin	REQUEST	[GET] /plugins/img_viewer/img_viewer.js
14:24:57.300	[0:0:0:0:0:0:0:1]:50323	admin	200		16.4 ms
14:24:57.301	[0:0:0:0:0:0:0:1]:50318	admin	200		92.18 ms
14:24:57.303	[0:0:0:0:0:0:0:1]:50320	admin	200		10.09 ms
14:24:57.310	[0:0:0:0:0:0:0:1]:50319	admin	200		13.7 ms
14:24:57.314	[0:0:0:0:0:0:0:1]:50321	admin	200		89.98 ms
14:24:57.316	[0:0:0:0:0:0:0:1]:50322	admin	REQUEST	[GET] /core/ui/images/logos/biblissima.png
14:24:57.317	[0:0:0:0:0:0:0:1]:50319	admin	REQUEST	[GET] /core/ui/images/logos/investissement-davenir.png
14:24:57.343	[0:0:0:0:0:0:0:1]:50322	admin	200		27.5 ms
14:24:57.359	[0:0:0:0:0:0:0:1]:50319	admin	200		42.2 ms
14:24:57.470	[0:0:0:0:0:0:0:1]:50322	admin	REQUEST	[GET] /core/ui/css/header.css
14:24:57.474	[0:0:0:0:0:0:0:1]:50319	admin	REQUEST	[GET] /core/ui/js/AbstractMax.js
14:24:57.482	[0:0:0:0:0:0:0:1]:50320	admin	REQUEST	[GET] /core/ui/js/Plugin.js
14:24:57.483	[0:0:0:0:0:0:0:1]:50322	admin	200		13.0 ms
14:24:57.485	[0:0:0:0:0:0:0:1]:50319	admin	200		11.65 ms
14:24:57.503	[0:0:0:0:0:0:0:1]:50320	admin	200		21.71 ms
14:24:57.546	[0:0:0:0:0:0:0:1]:50322	admin	REQUEST	[GET] /dyrin/ui/fonts/junicode/Junicode.ttf
14:24:57.560	[0:0:0:0:0:0:0:1]:50322	admin	200		15.16 ms
14:24:57.645	[0:0:0:0:0:0:0:1]:50322	admin	REQUEST	[GET] /favicon.ico
14:24:57.680	[0:0:0:0:0:0:0:1]:50322	admin	200		34.94 ms
14:24:58.450	[0:0:0:0:0:0:0:1]:50322	admin	REQUEST	[GET] /core/ui/lib/bootstrap.min.css.map
14:24:58.459	[0:0:0:0:0:0:0:1]:50322	admin	200		9.08 ms
16:02:54.049	[0:0:0:0:0:0:0:1]:50791	admin	REQUEST	[GET] /dyrin/accueil.html
16:02:54.215	[0:0:0:0:0:0:0:1]:50791	admin	200		166.9 ms
16:02:54.329	[0:0:0:0:0:0:0:1]:50791	admin	REQUEST	[GET] /core/ui/lib/bootstrap.min.css
16:02:54.338	[0:0:0:0:0:0:0:1]:50792	admin	REQUEST	[GET] /dyrin/ui/css/menuGauche.css
16:02:54.341	[0:0:0:0:0:0:0:1]:50791	admin	200		11.49 ms
16:02:54.348	[0:0:0:0:0:0:0:1]:50792	admin	200		10.42 ms
16:02:54.352	[0:0:0:0:0:0:0:1]:50792	admin	REQUEST	[GET] /core/ui/css/tei.css
16:02:54.355	[0:0:0:0:0:0:0:1]:50791	admin	REQUEST	[GET] /core/ui/css/alignment.css
16:02:54.362	[0:0:0:0:0:0:0:1]:50793	admin	REQUEST	[GET] /plugins/thesauri_pdn/thesauri_pdn.css
16:02:54.366	[0:0:0:0:0:0:0:1]:50791	admin	200		11.81 ms
16:02:54.369	[0:0:0:0:0:0:0:1]:50794	admin	REQUEST	[GET] /plugins/mirador_viewer/mirador_viewer.css
16:02:54.370	[0:0:0:0:0:0:0:1]:50791	admin	REQUEST	[GET] /dyrin/ui/css/dyrin.css
16:02:54.372	[0:0:0:0:0:0:0:1]:50792	admin	200		19.94 ms
16:02:54.376	[0:0:0:0:0:0:0:1]:50792	admin	REQUEST	[GET] /core/ui/lib/bootstrap.bundle.min.js
16:02:54.379	[0:0:0:0:0:0:0:1]:50794	admin	200		10.76 ms
16:02:54.381	[0:0:0:0:0:0:0:1]:50791	admin	200		10.78 ms
16:02:54.382	[0:0:0:0:0:0:0:1]:50795	admin	REQUEST	[GET] /plugins/index/index.css
16:02:54.382	[0:0:0:0:0:0:0:1]:50793	admin	200		20.33 ms
16:02:54.386	[0:0:0:0:0:0:0:1]:50791	admin	REQUEST	[GET] /dyrin/ui/js/dyrin.js
16:02:54.388	[0:0:0:0:0:0:0:1]:50794	admin	REQUEST	[GET] /core/ui/js/MaxTEI.js
16:02:54.393	[0:0:0:0:0:0:0:1]:50795	admin	200		11.04 ms
16:02:54.393	[0:0:0:0:0:0:0:1]:50792	admin	200		17.42 ms
16:02:54.397	[0:0:0:0:0:0:0:1]:50791	admin	200		10.53 ms
16:02:54.398	[0:0:0:0:0:0:0:1]:50796	admin	REQUEST	[GET] /plugins/img_viewer/img_viewer.css
16:02:54.399	[0:0:0:0:0:0:0:1]:50794	admin	200		11.13 ms
16:02:54.407	[0:0:0:0:0:0:0:1]:50796	admin	200		9.44 ms
16:02:54.425	[0:0:0:0:0:0:0:1]:50792	admin	REQUEST	[GET] /plugins/thesauri_pdn/thesauri_pdn.js
16:02:54.429	[0:0:0:0:0:0:0:1]:50793	admin	REQUEST	[GET] /plugins/index/index.js
16:02:54.430	[0:0:0:0:0:0:0:1]:50794	admin	REQUEST	[GET] /plugins/mirador_viewer/mirador_viewer.js
16:02:54.431	[0:0:0:0:0:0:0:1]:50795	admin	REQUEST	[GET] /plugins/img_viewer/img_viewer.js
16:02:54.437	[0:0:0:0:0:0:0:1]:50796	admin	REQUEST	[GET] /core/ui/images/logos/biblissima.png
16:02:54.442	[0:0:0:0:0:0:0:1]:50795	admin	200		10.52 ms
16:02:54.443	[0:0:0:0:0:0:0:1]:50791	admin	REQUEST	[GET] /core/ui/images/logos/investissement-davenir.png
16:02:54.444	[0:0:0:0:0:0:0:1]:50794	admin	200		16.3 ms
16:02:54.446	[0:0:0:0:0:0:0:1]:50792	admin	200		20.95 ms
16:02:54.446	[0:0:0:0:0:0:0:1]:50796	admin	200		9.08 ms
16:02:54.451	[0:0:0:0:0:0:0:1]:50791	admin	200		8.56 ms
16:02:54.452	[0:0:0:0:0:0:0:1]:50793	admin	200		23.8 ms
16:02:54.716	[0:0:0:0:0:0:0:1]:50792	admin	REQUEST	[GET] /core/ui/css/header.css
16:02:54.720	[0:0:0:0:0:0:0:1]:50796	admin	REQUEST	[GET] /core/ui/js/AbstractMax.js
16:02:54.728	[0:0:0:0:0:0:0:1]:50792	admin	200		12.02 ms
16:02:54.729	[0:0:0:0:0:0:0:1]:50796	admin	200		9.34 ms
16:02:54.733	[0:0:0:0:0:0:0:1]:50792	admin	REQUEST	[GET] /core/ui/js/Plugin.js
16:02:54.743	[0:0:0:0:0:0:0:1]:50792	admin	200		9.82 ms
16:02:54.883	[0:0:0:0:0:0:0:1]:50792	admin	REQUEST	[GET] /favicon.ico
16:02:54.909	[0:0:0:0:0:0:0:1]:50792	admin	200		25.44 ms
16:02:55.448	[0:0:0:0:0:0:0:1]:50792	admin	REQUEST	[GET] /core/ui/lib/bootstrap.min.css.map
16:02:55.460	[0:0:0:0:0:0:0:1]:50792	admin	200		12.44 ms
16:03:11.026	[0:0:0:0:0:0:0:1]:50792	admin	REQUEST	[GET] /dyrin/accueil.html
16:03:11.199	[0:0:0:0:0:0:0:1]:50792	admin	200		172.77 ms
16:03:11.279	[0:0:0:0:0:0:0:1]:50792	admin	REQUEST	[GET] /core/ui/lib/bootstrap.min.css
16:03:11.284	[0:0:0:0:0:0:0:1]:50794	admin	REQUEST	[GET] /core/ui/css/tei.css
16:03:11.284	[0:0:0:0:0:0:0:1]:50796	admin	REQUEST	[GET] /dyrin/ui/css/menuGauche.css
16:03:11.299	[0:0:0:0:0:0:0:1]:50795	admin	REQUEST	[GET] /dyrin/ui/css/dyrin.css
16:03:11.301	[0:0:0:0:0:0:0:1]:50794	admin	200		16.65 ms
16:03:11.303	[0:0:0:0:0:0:0:1]:50791	admin	REQUEST	[GET] /core/ui/lib/bootstrap.bundle.min.js
16:03:11.290	[0:0:0:0:0:0:0:1]:50793	admin	REQUEST	[GET] /core/ui/css/alignment.css
16:03:11.306	[0:0:0:0:0:0:0:1]:50794	admin	REQUEST	[GET] /core/ui/js/MaxTEI.js
16:03:11.316	[0:0:0:0:0:0:0:1]:50793	admin	200		27.04 ms
16:03:11.319	[0:0:0:0:0:0:0:1]:50794	admin	200		13.45 ms
16:03:11.321	[0:0:0:0:0:0:0:1]:50791	admin	200		18.18 ms
16:03:11.321	[0:0:0:0:0:0:0:1]:50792	admin	200		42.54 ms
16:03:11.322	[0:0:0:0:0:0:0:1]:50793	admin	REQUEST	[GET] /dyrin/ui/js/dyrin.js
16:03:11.327	[0:0:0:0:0:0:0:1]:50795	admin	200		28.58 ms
16:03:11.340	[0:0:0:0:0:0:0:1]:50793	admin	200		18.35 ms
16:03:11.382	[0:0:0:0:0:0:0:1]:50792	admin	REQUEST	[GET] /core/ui/js/Plugin.js
16:03:11.383	[0:0:0:0:0:0:0:1]:50794	admin	REQUEST	[GET] /core/ui/css/header.css
16:03:11.384	[0:0:0:0:0:0:0:1]:50793	admin	REQUEST	[GET] /core/ui/js/AbstractMax.js
16:03:11.394	[0:0:0:0:0:0:0:1]:50793	admin	200		10.75 ms
16:03:11.395	[0:0:0:0:0:0:0:1]:50794	admin	200		12.44 ms
16:03:11.395	[0:0:0:0:0:0:0:1]:50792	admin	200		13.77 ms
16:03:11.407	[0:0:0:0:0:0:0:1]:50796	admin	200		122.89 ms
16:03:11.409	[0:0:0:0:0:0:0:1]:50792	admin	REQUEST	[GET] /core/ui/images/logos/biblissima.png
16:03:11.409	[0:0:0:0:0:0:0:1]:50794	admin	REQUEST	[GET] /core/ui/images/logos/investissement-davenir.png
16:03:11.420	[0:0:0:0:0:0:0:1]:50794	admin	200		10.79 ms
16:03:11.425	[0:0:0:0:0:0:0:1]:50792	admin	200		15.96 ms
16:03:12.347	[0:0:0:0:0:0:0:1]:50792	admin	REQUEST	[GET] /dyrin/index/lieux.html
16:03:12.494	[0:0:0:0:0:0:0:1]:50792	admin	200		147.36 ms
16:03:12.581	[0:0:0:0:0:0:0:1]:50792	admin	REQUEST	[GET] /core/ui/lib/bootstrap.min.css
16:03:12.582	[0:0:0:0:0:0:0:1]:50794	admin	REQUEST	[GET] /dyrin/ui/css/menuGauche.css
16:03:12.595	[0:0:0:0:0:0:0:1]:50796	admin	REQUEST	[GET] /core/ui/css/tei.css
16:03:12.597	[0:0:0:0:0:0:0:1]:50793	admin	REQUEST	[GET] /core/ui/css/alignment.css
16:03:12.610	[0:0:0:0:0:0:0:1]:50794	admin	200		28.05 ms
16:03:12.611	[0:0:0:0:0:0:0:1]:50793	admin	200		14.0 ms
16:03:12.613	[0:0:0:0:0:0:0:1]:50795	admin	REQUEST	[GET] /dyrin/ui/css/dyrin.css
16:03:12.613	[0:0:0:0:0:0:0:1]:50792	admin	200		32.31 ms
16:03:12.625	[0:0:0:0:0:0:0:1]:50793	admin	REQUEST	[GET] /dyrin/ui/js/dyrin.js
16:03:12.636	[0:0:0:0:0:0:0:1]:50796	admin	200		41.5 ms
16:03:12.640	[0:0:0:0:0:0:0:1]:50794	admin	REQUEST	[GET] /core/ui/js/MaxTEI.js
16:03:12.643	[0:0:0:0:0:0:0:1]:50791	admin	REQUEST	[GET] /core/ui/lib/bootstrap.bundle.min.js
16:03:12.649	[0:0:0:0:0:0:0:1]:50794	admin	200		8.94 ms
16:03:12.650	[0:0:0:0:0:0:0:1]:50792	admin	REQUEST	[GET] /core/ui/js/Plugin.js
16:03:12.660	[0:0:0:0:0:0:0:1]:50791	admin	200		16.87 ms
16:03:12.663	[0:0:0:0:0:0:0:1]:50793	admin	200		38.26 ms
16:03:12.665	[0:0:0:0:0:0:0:1]:50794	admin	REQUEST	[GET] /core/ui/css/header.css
16:03:12.668	[0:0:0:0:0:0:0:1]:50795	admin	200		55.94 ms
16:03:12.671	[0:0:0:0:0:0:0:1]:50796	admin	REQUEST	[GET] /core/ui/js/AbstractMax.js
16:03:12.679	[0:0:0:0:0:0:0:1]:50794	admin	200		14.12 ms
16:03:12.679	[0:0:0:0:0:0:0:1]:50796	admin	200		8.41 ms
16:03:12.682	[0:0:0:0:0:0:0:1]:50795	admin	REQUEST	[GET] /core/ui/images/logos/investissement-davenir.png
16:03:12.686	[0:0:0:0:0:0:0:1]:50793	admin	REQUEST	[GET] /core/ui/images/logos/biblissima.png
16:03:12.692	[0:0:0:0:0:0:0:1]:50795	admin	200		9.52 ms
16:03:12.699	[0:0:0:0:0:0:0:1]:50792	admin	200		48.61 ms
16:03:12.706	[0:0:0:0:0:0:0:1]:50793	admin	200		20.01 ms
16:06:26.216	[0:0:0:0:0:0:0:1]:50806	admin	REQUEST	[GET] /dyrin/index/lieux.html
16:06:26.560	[0:0:0:0:0:0:0:1]:50806	admin	200		343.64 ms
16:06:26.632	[0:0:0:0:0:0:0:1]:50806	admin	REQUEST	[GET] /core/ui/lib/bootstrap.min.css
16:06:26.634	[0:0:0:0:0:0:0:1]:50807	admin	REQUEST	[GET] /dyrin/ui/css/menuGauche.css
16:06:26.637	[0:0:0:0:0:0:0:1]:50808	admin	REQUEST	[GET] /core/ui/css/tei.css
16:06:26.642	[0:0:0:0:0:0:0:1]:50806	admin	200		9.94 ms
16:06:26.642	[0:0:0:0:0:0:0:1]:50807	admin	200		8.32 ms
16:06:26.645	[0:0:0:0:0:0:0:1]:50808	admin	200		8.56 ms
16:06:26.652	[0:0:0:0:0:0:0:1]:50807	admin	REQUEST	[GET] /core/ui/css/alignment.css
16:06:26.655	[0:0:0:0:0:0:0:1]:50809	admin	REQUEST	[GET] /plugins/mirador_viewer/mirador_viewer.css
16:06:26.658	[0:0:0:0:0:0:0:1]:50808	admin	REQUEST	[GET] /plugins/thesauri_pdn/thesauri_pdn.css
16:06:26.664	[0:0:0:0:0:0:0:1]:50807	admin	200		11.59 ms
16:06:26.670	[0:0:0:0:0:0:0:1]:50808	admin	200		11.56 ms
16:06:26.670	[0:0:0:0:0:0:0:1]:50809	admin	200		15.81 ms
16:06:26.672	[0:0:0:0:0:0:0:1]:50810	admin	REQUEST	[GET] /plugins/index/index.css
16:06:26.673	[0:0:0:0:0:0:0:1]:50807	admin	REQUEST	[GET] /core/ui/lib/bootstrap.bundle.min.js
16:06:26.675	[0:0:0:0:0:0:0:1]:50806	admin	REQUEST	[GET] /plugins/img_viewer/img_viewer.css
16:06:26.675	[0:0:0:0:0:0:0:1]:50808	admin	REQUEST	[GET] /dyrin/ui/css/dyrin.css
16:06:26.681	[0:0:0:0:0:0:0:1]:50810	admin	200		9.54 ms
16:06:26.683	[0:0:0:0:0:0:0:1]:50807	admin	200		9.95 ms
16:06:26.685	[0:0:0:0:0:0:0:1]:50811	admin	REQUEST	[GET] /core/ui/js/MaxTEI.js
16:06:26.693	[0:0:0:0:0:0:0:1]:50811	admin	200		8.22 ms
16:06:26.697	[0:0:0:0:0:0:0:1]:50811	admin	REQUEST	[GET] /plugins/thesauri_pdn/thesauri_pdn.js
16:06:26.703	[0:0:0:0:0:0:0:1]:50808	admin	200		28.44 ms
16:06:26.703	[0:0:0:0:0:0:0:1]:50806	admin	200		31.9 ms
16:06:26.707	[0:0:0:0:0:0:0:1]:50806	admin	REQUEST	[GET] /plugins/mirador_viewer/mirador_viewer.js
16:06:26.708	[0:0:0:0:0:0:0:1]:50811	admin	200		10.94 ms
16:06:26.708	[0:0:0:0:0:0:0:1]:50808	admin	REQUEST	[GET] /plugins/index/index.js
16:06:26.715	[0:0:0:0:0:0:0:1]:50811	admin	REQUEST	[GET] /plugins/img_viewer/img_viewer.js
16:06:26.723	[0:0:0:0:0:0:0:1]:50809	admin	REQUEST	[GET] /dyrin/ui/js/dyrin.js
16:06:26.726	[0:0:0:0:0:0:0:1]:50808	admin	200		18.37 ms
16:06:26.728	[0:0:0:0:0:0:0:1]:50811	admin	200		12.72 ms
16:06:26.728	[0:0:0:0:0:0:0:1]:50808	admin	REQUEST	[GET] /core/ui/css/header.css
16:06:26.730	[0:0:0:0:0:0:0:1]:50811	admin	REQUEST	[GET] /core/ui/js/AbstractMax.js
16:06:26.732	[0:0:0:0:0:0:0:1]:50806	admin	200		24.98 ms
16:06:26.735	[0:0:0:0:0:0:0:1]:50806	admin	REQUEST	[GET] /core/ui/js/Plugin.js
16:06:26.743	[0:0:0:0:0:0:0:1]:50811	admin	200		13.64 ms
16:06:26.743	[0:0:0:0:0:0:0:1]:50808	admin	200		15.57 ms
16:06:26.748	[0:0:0:0:0:0:0:1]:50807	admin	REQUEST	[GET] /core/ui/images/logos/biblissima.png
16:06:26.754	[0:0:0:0:0:0:0:1]:50806	admin	200		19.48 ms
16:06:26.759	[0:0:0:0:0:0:0:1]:50811	admin	REQUEST	[GET] /core/ui/images/logos/investissement-davenir.png
16:06:26.759	[0:0:0:0:0:0:0:1]:50807	admin	200		10.77 ms
16:06:26.764	[0:0:0:0:0:0:0:1]:50809	admin	200		41.35 ms
16:06:26.769	[0:0:0:0:0:0:0:1]:50811	admin	200		10.43 ms
16:08:02.065	[0:0:0:0:0:0:0:1]:50814	admin	REQUEST	[GET] /dyrin/index/themes.html
16:08:02.206	[0:0:0:0:0:0:0:1]:50814	admin	200		141.5 ms
16:08:02.301	[0:0:0:0:0:0:0:1]:50814	admin	REQUEST	[GET] /core/ui/lib/bootstrap.min.css
16:08:02.306	[0:0:0:0:0:0:0:1]:50815	admin	REQUEST	[GET] /dyrin/ui/css/menuGauche.css
16:08:02.310	[0:0:0:0:0:0:0:1]:50817	admin	REQUEST	[GET] /core/ui/css/alignment.css
16:08:02.316	[0:0:0:0:0:0:0:1]:50818	admin	REQUEST	[GET] /dyrin/ui/css/dyrin.css
16:08:02.319	[0:0:0:0:0:0:0:1]:50817	admin	200		9.55 ms
16:08:02.326	[0:0:0:0:0:0:0:1]:50816	admin	REQUEST	[GET] /core/ui/css/tei.css
16:08:02.326	[0:0:0:0:0:0:0:1]:50817	admin	REQUEST	[GET] /core/ui/lib/bootstrap.bundle.min.js
16:08:02.315	[0:0:0:0:0:0:0:1]:50815	admin	200		10.06 ms
16:08:02.329	[0:0:0:0:0:0:0:1]:50818	admin	200		12.87 ms
16:08:02.330	[0:0:0:0:0:0:0:1]:50819	admin	REQUEST	[GET] /core/ui/js/MaxTEI.js
16:08:02.330	[0:0:0:0:0:0:0:1]:50814	admin	200		28.96 ms
16:08:02.336	[0:0:0:0:0:0:0:1]:50817	admin	200		10.25 ms
16:08:02.343	[0:0:0:0:0:0:0:1]:50818	admin	REQUEST	[GET] /dyrin/ui/js/dyrin.js
16:08:02.344	[0:0:0:0:0:0:0:1]:50819	admin	200		13.93 ms
16:08:02.352	[0:0:0:0:0:0:0:1]:50818	admin	200		9.62 ms
16:08:02.355	[0:0:0:0:0:0:0:1]:50816	admin	200		29.83 ms
16:08:02.357	[0:0:0:0:0:0:0:1]:50817	admin	REQUEST	[GET] /core/ui/images/logos/biblissima.png
16:08:02.358	[0:0:0:0:0:0:0:1]:50819	admin	REQUEST	[GET] /core/ui/images/logos/investissement-davenir.png
16:08:02.367	[0:0:0:0:0:0:0:1]:50817	admin	200		9.47 ms
16:08:02.373	[0:0:0:0:0:0:0:1]:50819	admin	200		15.21 ms
16:08:02.401	[0:0:0:0:0:0:0:1]:50817	admin	REQUEST	[GET] /core/ui/js/AbstractMax.js
16:08:02.409	[0:0:0:0:0:0:0:1]:50819	admin	REQUEST	[GET] /core/ui/js/Plugin.js
16:08:02.411	[0:0:0:0:0:0:0:1]:50818	admin	REQUEST	[GET] /core/ui/css/header.css
16:08:02.414	[0:0:0:0:0:0:0:1]:50817	admin	200		12.48 ms
16:08:02.419	[0:0:0:0:0:0:0:1]:50818	admin	200		8.8 ms
16:08:02.422	[0:0:0:0:0:0:0:1]:50819	admin	200		13.45 ms
16:10:20.243	[0:0:0:0:0:0:0:1]:50824	admin	REQUEST	[GET] /dyrin/index/themes.html
16:10:20.658	[0:0:0:0:0:0:0:1]:50824	admin	200		414.89 ms
16:10:20.713	[0:0:0:0:0:0:0:1]:50824	admin	REQUEST	[GET] /core/ui/lib/bootstrap.min.css
16:10:20.715	[0:0:0:0:0:0:0:1]:50827	admin	REQUEST	[GET] /dyrin/ui/css/menuGauche.css
16:10:20.725	[0:0:0:0:0:0:0:1]:50824	admin	200		12.26 ms
16:10:20.725	[0:0:0:0:0:0:0:1]:50827	admin	200		10.09 ms
16:10:20.729	[0:0:0:0:0:0:0:1]:50827	admin	REQUEST	[GET] /core/ui/css/alignment.css
16:10:20.731	[0:0:0:0:0:0:0:1]:50824	admin	REQUEST	[GET] /plugins/mirador_viewer/mirador_viewer.css
16:10:20.739	[0:0:0:0:0:0:0:1]:50827	admin	200		10.17 ms
16:10:20.741	[0:0:0:0:0:0:0:1]:50824	admin	200		9.71 ms
16:10:20.742	[0:0:0:0:0:0:0:1]:50827	admin	REQUEST	[GET] /dyrin/ui/css/dyrin.css
16:10:20.743	[0:0:0:0:0:0:0:1]:50824	admin	REQUEST	[GET] /core/ui/lib/bootstrap.bundle.min.js
16:10:20.744	[0:0:0:0:0:0:0:1]:50828	admin	REQUEST	[GET] /core/ui/css/tei.css
16:10:20.755	[0:0:0:0:0:0:0:1]:50827	admin	200		13.7 ms
16:10:20.773	[0:0:0:0:0:0:0:1]:50827	admin	REQUEST	[GET] /core/ui/js/MaxTEI.js
16:10:20.776	[0:0:0:0:0:0:0:1]:50824	admin	200		32.96 ms
16:10:20.777	[0:0:0:0:0:0:0:1]:50828	admin	200		34.73 ms
16:10:20.779	[0:0:0:0:0:0:0:1]:50824	admin	REQUEST	[GET] /dyrin/ui/js/dyrin.js
16:10:20.788	[0:0:0:0:0:0:0:1]:50824	admin	200		9.35 ms
16:10:20.790	[0:0:0:0:0:0:0:1]:50824	admin	REQUEST	[GET] /plugins/mirador_viewer/mirador_viewer.js
16:10:20.790	[0:0:0:0:0:0:0:1]:50828	admin	REQUEST	[GET] /plugins/thesauri_pdn/thesauri_pdn.js
16:10:20.792	[0:0:0:0:0:0:0:1]:50827	admin	200		18.32 ms
16:10:20.793	[0:0:0:0:0:0:0:1]:50827	admin	REQUEST	[GET] /plugins/index/index.js
16:10:20.801	[0:0:0:0:0:0:0:1]:50824	admin	200		11.26 ms
16:10:20.801	[0:0:0:0:0:0:0:1]:50827	admin	200		8.13 ms
16:10:20.803	[0:0:0:0:0:0:0:1]:50829	admin	REQUEST	[GET] /plugins/thesauri_pdn/thesauri_pdn.css
16:10:20.803	[0:0:0:0:0:0:0:1]:50824	admin	REQUEST	[GET] /plugins/img_viewer/img_viewer.js
16:10:20.805	[0:0:0:0:0:0:0:1]:50827	admin	REQUEST	[GET] /core/ui/css/header.css
16:10:20.810	[0:0:0:0:0:0:0:1]:50828	admin	200		20.26 ms
16:10:20.811	[0:0:0:0:0:0:0:1]:50824	admin	200		8.26 ms
16:10:20.813	[0:0:0:0:0:0:0:1]:50828	admin	REQUEST	[GET] /core/ui/js/AbstractMax.js
16:10:20.816	[0:0:0:0:0:0:0:1]:50829	admin	200		13.53 ms
16:10:20.817	[0:0:0:0:0:0:0:1]:50827	admin	200		12.43 ms
16:10:20.820	[0:0:0:0:0:0:0:1]:50824	admin	REQUEST	[GET] /core/ui/js/Plugin.js
16:10:20.819	[0:0:0:0:0:0:0:1]:50830	admin	REQUEST	[GET] /plugins/index/index.css
16:10:20.827	[0:0:0:0:0:0:0:1]:50828	admin	200		13.43 ms
16:10:20.830	[0:0:0:0:0:0:0:1]:50824	admin	200		10.38 ms
16:10:20.836	[0:0:0:0:0:0:0:1]:50831	admin	REQUEST	[GET] /plugins/img_viewer/img_viewer.css
16:10:20.843	[0:0:0:0:0:0:0:1]:50830	admin	200		24.3 ms
16:10:20.844	[0:0:0:0:0:0:0:1]:50831	admin	200		8.35 ms
16:10:20.847	[0:0:0:0:0:0:0:1]:50829	admin	REQUEST	[GET] /core/ui/images/logos/investissement-davenir.png
16:10:20.849	[0:0:0:0:0:0:0:1]:50827	admin	REQUEST	[GET] /core/ui/images/logos/biblissima.png
16:10:20.857	[0:0:0:0:0:0:0:1]:50827	admin	200		8.63 ms
16:10:20.859	[0:0:0:0:0:0:0:1]:50829	admin	200		12.67 ms
16:11:20.433	[0:0:0:0:0:0:0:1]:50824	admin	REQUEST	[GET] /dyrin/index/themes.html
16:11:20.741	[0:0:0:0:0:0:0:1]:50824	admin	200		307.91 ms
16:11:20.788	[0:0:0:0:0:0:0:1]:50829	admin	REQUEST	[GET] /core/ui/lib/bootstrap.min.css
16:11:20.794	[0:0:0:0:0:0:0:1]:50828	admin	REQUEST	[GET] /core/ui/css/tei.css
16:11:20.802	[0:0:0:0:0:0:0:1]:50830	admin	REQUEST	[GET] /core/ui/css/alignment.css
16:11:20.807	[0:0:0:0:0:0:0:1]:50828	admin	200		13.05 ms
16:11:20.810	[0:0:0:0:0:0:0:1]:50824	admin	REQUEST	[GET] /plugins/mirador_viewer/mirador_viewer.css
16:11:20.816	[0:0:0:0:0:0:0:1]:50830	admin	200		14.15 ms
16:11:20.816	[0:0:0:0:0:0:0:1]:50828	admin	REQUEST	[GET] /plugins/index/index.css
16:11:20.822	[0:0:0:0:0:0:0:1]:50827	admin	REQUEST	[GET] /dyrin/ui/css/menuGauche.css
16:11:20.824	[0:0:0:0:0:0:0:1]:50824	admin	200		14.44 ms
16:11:20.827	[0:0:0:0:0:0:0:1]:50828	admin	200		10.89 ms
16:11:20.830	[0:0:0:0:0:0:0:1]:50828	admin	REQUEST	[GET] /core/ui/lib/bootstrap.bundle.min.js
16:11:20.832	[0:0:0:0:0:0:0:1]:50824	admin	REQUEST	[GET] /dyrin/ui/css/dyrin.css
16:11:20.833	[0:0:0:0:0:0:0:1]:50827	admin	200		10.82 ms
16:11:20.834	[0:0:0:0:0:0:0:1]:50830	admin	REQUEST	[GET] /plugins/img_viewer/img_viewer.css
16:11:20.835	[0:0:0:0:0:0:0:1]:50827	admin	REQUEST	[GET] /core/ui/js/MaxTEI.js
16:11:20.821	[0:0:0:0:0:0:0:1]:50829	admin	200		32.83 ms
16:11:20.844	[0:0:0:0:0:0:0:1]:50830	admin	200		9.59 ms
16:11:20.844	[0:0:0:0:0:0:0:1]:50827	admin	200		8.42 ms
16:11:20.846	[0:0:0:0:0:0:0:1]:50824	admin	200		14.72 ms
16:11:20.847	[0:0:0:0:0:0:0:1]:50827	admin	REQUEST	[GET] /dyrin/ui/js/dyrin.js
16:11:20.847	[0:0:0:0:0:0:0:1]:50830	admin	REQUEST	[GET] /plugins/thesauri_pdn/thesauri_pdn.js
16:11:20.848	[0:0:0:0:0:0:0:1]:50824	admin	REQUEST	[GET] /plugins/mirador_viewer/mirador_viewer.js
16:11:20.856	[0:0:0:0:0:0:0:1]:50824	admin	200		8.79 ms
16:11:20.857	[0:0:0:0:0:0:0:1]:50827	admin	200		10.4 ms
16:11:20.859	[0:0:0:0:0:0:0:1]:50824	admin	REQUEST	[GET] /plugins/index/index.js
16:11:20.861	[0:0:0:0:0:0:0:1]:50827	admin	REQUEST	[GET] /plugins/img_viewer/img_viewer.js
16:11:20.861	[0:0:0:0:0:0:0:1]:50830	admin	200		13.55 ms
16:11:20.869	[0:0:0:0:0:0:0:1]:50830	admin	REQUEST	[GET] /core/ui/css/header.css
16:11:20.869	[0:0:0:0:0:0:0:1]:50824	admin	200		10.18 ms
16:11:20.872	[0:0:0:0:0:0:0:1]:50824	admin	REQUEST	[GET] /core/ui/js/AbstractMax.js
16:11:20.872	[0:0:0:0:0:0:0:1]:50827	admin	200		11.0 ms
16:11:20.880	[0:0:0:0:0:0:0:1]:50830	admin	200		11.89 ms
16:11:20.887	[0:0:0:0:0:0:0:1]:50829	admin	REQUEST	[GET] /core/ui/js/Plugin.js
16:11:20.895	[0:0:0:0:0:0:0:1]:50828	admin	200		65.43 ms
16:11:20.896	[0:0:0:0:0:0:0:1]:50824	admin	200		24.84 ms
16:11:20.904	[0:0:0:0:0:0:0:1]:50829	admin	200		17.06 ms
16:11:20.908	[0:0:0:0:0:0:0:1]:50831	admin	REQUEST	[GET] /plugins/thesauri_pdn/thesauri_pdn.css
16:11:20.921	[0:0:0:0:0:0:0:1]:50831	admin	200		14.28 ms
16:11:20.923	[0:0:0:0:0:0:0:1]:50829	admin	REQUEST	[GET] /core/ui/images/logos/biblissima.png
16:11:20.923	[0:0:0:0:0:0:0:1]:50828	admin	REQUEST	[GET] /core/ui/images/logos/investissement-davenir.png
16:11:20.931	[0:0:0:0:0:0:0:1]:50829	admin	200		8.3 ms
16:11:20.931	[0:0:0:0:0:0:0:1]:50828	admin	200		8.11 ms
16:11:20.970	[0:0:0:0:0:0:0:1]:50829	admin	REQUEST	[GET] /favicon.ico
16:11:20.990	[0:0:0:0:0:0:0:1]:50829	admin	200		19.75 ms
16:11:24.580	[0:0:0:0:0:0:0:1]:50824	admin	REQUEST	[GET] /dyrin/sommaire.html
16:11:24.787	[0:0:0:0:0:0:0:1]:50824	admin	200		206.44 ms
16:11:24.866	[0:0:0:0:0:0:0:1]:50829	admin	REQUEST	[GET] /core/ui/lib/bootstrap.min.css
16:11:24.870	[0:0:0:0:0:0:0:1]:50828	admin	REQUEST	[GET] /dyrin/ui/css/menuGauche.css
16:11:24.877	[0:0:0:0:0:0:0:1]:50829	admin	200		10.88 ms
16:11:24.881	[0:0:0:0:0:0:0:1]:50828	admin	200		11.09 ms
16:11:24.882	[0:0:0:0:0:0:0:1]:50827	admin	REQUEST	[GET] /core/ui/css/tei.css
16:11:24.882	[0:0:0:0:0:0:0:1]:50829	admin	REQUEST	[GET] /dyrin/ui/css/dyrin.css
16:11:24.883	[0:0:0:0:0:0:0:1]:50828	admin	REQUEST	[GET] /core/ui/lib/bootstrap.bundle.min.js
16:11:24.893	[0:0:0:0:0:0:0:1]:50830	admin	REQUEST	[GET] /core/ui/js/MaxTEI.js
16:11:24.895	[0:0:0:0:0:0:0:1]:50828	admin	200		11.99 ms
16:11:24.899	[0:0:0:0:0:0:0:1]:50829	admin	200		16.86 ms
16:11:24.899	[0:0:0:0:0:0:0:1]:50827	admin	200		17.21 ms
16:11:24.900	[0:0:0:0:0:0:0:1]:50824	admin	REQUEST	[GET] /dyrin/ui/js/dyrin.js
16:11:24.906	[0:0:0:0:0:0:0:1]:50830	admin	200		13.45 ms
16:11:24.912	[0:0:0:0:0:0:0:1]:50824	admin	200		11.96 ms
16:11:24.930	[0:0:0:0:0:0:0:1]:50831	admin	REQUEST	[GET] /core/ui/css/alignment.css
16:11:24.935	[0:0:0:0:0:0:0:1]:50829	admin	REQUEST	[GET] /core/ui/js/Plugin.js
16:11:24.940	[0:0:0:0:0:0:0:1]:50828	admin	REQUEST	[GET] /core/ui/css/header.css
16:11:24.940	[0:0:0:0:0:0:0:1]:50827	admin	REQUEST	[GET] /core/ui/js/AbstractMax.js
16:11:24.945	[0:0:0:0:0:0:0:1]:50829	admin	200		10.44 ms
16:11:24.948	[0:0:0:0:0:0:0:1]:50828	admin	200		8.36 ms
16:11:24.949	[0:0:0:0:0:0:0:1]:50827	admin	200		8.54 ms
16:11:24.956	[0:0:0:0:0:0:0:1]:50831	admin	200		25.93 ms
16:11:24.958	[0:0:0:0:0:0:0:1]:50828	admin	REQUEST	[GET] /core/ui/images/logos/investissement-davenir.png
16:11:24.958	[0:0:0:0:0:0:0:1]:50829	admin	REQUEST	[GET] /core/ui/images/logos/biblissima.png
16:11:24.967	[0:0:0:0:0:0:0:1]:50828	admin	200		8.44 ms
16:11:24.967	[0:0:0:0:0:0:0:1]:50829	admin	200		8.5 ms
16:11:24.998	[0:0:0:0:0:0:0:1]:50829	admin	REQUEST	[GET] /favicon.ico
16:11:25.023	[0:0:0:0:0:0:0:1]:50829	admin	200		24.67 ms
16:11:28.979	[0:0:0:0:0:0:0:1]:50824	admin	REQUEST	[GET] /dyrin/doc/macareux_moine.html
16:11:29.365	[0:0:0:0:0:0:0:1]:50824	admin	200		386.63 ms
16:11:29.450	[0:0:0:0:0:0:0:1]:50829	admin	REQUEST	[GET] /core/ui/lib/bootstrap.min.css
16:11:29.452	[0:0:0:0:0:0:0:1]:50828	admin	REQUEST	[GET] /dyrin/ui/css/menuGauche.css
16:11:29.460	[0:0:0:0:0:0:0:1]:50829	admin	200		10.17 ms
16:11:29.462	[0:0:0:0:0:0:0:1]:50828	admin	200		9.68 ms
16:11:29.465	[0:0:0:0:0:0:0:1]:50827	admin	REQUEST	[GET] /core/ui/css/tei.css
16:11:29.465	[0:0:0:0:0:0:0:1]:50829	admin	REQUEST	[GET] /core/ui/css/alignment.css
16:11:29.474	[0:0:0:0:0:0:0:1]:50829	admin	200		8.89 ms
16:11:29.475	[0:0:0:0:0:0:0:1]:50828	admin	REQUEST	[GET] /dyrin/ui/css/dyrin.css
16:11:29.476	[0:0:0:0:0:0:0:1]:50830	admin	REQUEST	[GET] /core/ui/lib/bootstrap.bundle.min.js
16:11:29.478	[0:0:0:0:0:0:0:1]:50829	admin	REQUEST	[GET] /core/ui/js/MaxTEI.js
16:11:29.486	[0:0:0:0:0:0:0:1]:50828	admin	200		11.34 ms
16:11:29.489	[0:0:0:0:0:0:0:1]:50830	admin	200		12.84 ms
16:11:29.492	[0:0:0:0:0:0:0:1]:50831	admin	REQUEST	[GET] /dyrin/ui/js/dyrin.js
16:11:29.494	[0:0:0:0:0:0:0:1]:50829	admin	200		15.4 ms
16:11:29.501	[0:0:0:0:0:0:0:1]:50831	admin	200		9.17 ms
16:11:29.516	[0:0:0:0:0:0:0:1]:50827	admin	200		51.85 ms
16:11:29.525	[0:0:0:0:0:0:0:1]:50828	admin	REQUEST	[GET] /core/ui/images/logos/investissement-davenir.png
16:11:29.525	[0:0:0:0:0:0:0:1]:50829	admin	REQUEST	[GET] /core/ui/images/logos/biblissima.png
16:11:29.530	[0:0:0:0:0:0:0:1]:50830	admin	REQUEST	[GET] /core/ui/js/Plugin.js
16:11:29.534	[0:0:0:0:0:0:0:1]:50827	admin	REQUEST	[GET] /core/ui/js/AbstractMax.js
16:11:29.534	[0:0:0:0:0:0:0:1]:50829	admin	200		9.0 ms
16:11:29.534	[0:0:0:0:0:0:0:1]:50828	admin	200		9.07 ms
16:11:29.539	[0:0:0:0:0:0:0:1]:50830	admin	200		8.68 ms
16:11:29.544	[0:0:0:0:0:0:0:1]:50827	admin	200		10.27 ms
16:11:29.547	[0:0:0:0:0:0:0:1]:50829	admin	REQUEST	[GET] /core/ui/css/header.css
16:11:29.556	[0:0:0:0:0:0:0:1]:50829	admin	200		9.25 ms
16:11:29.729	[0:0:0:0:0:0:0:1]:50829	admin	REQUEST	[GET] /favicon.ico
16:11:29.773	[0:0:0:0:0:0:0:1]:50829	admin	200		44.6 ms
16:11:55.117	[0:0:0:0:0:0:0:1]:50824	admin	REQUEST	[GET] /dyrin/index/themes.html
16:11:55.251	[0:0:0:0:0:0:0:1]:50824	admin	200		133.48 ms
16:11:55.327	[0:0:0:0:0:0:0:1]:50829	admin	REQUEST	[GET] /core/ui/lib/bootstrap.min.css
16:11:55.329	[0:0:0:0:0:0:0:1]:50828	admin	REQUEST	[GET] /dyrin/ui/css/menuGauche.css
16:11:55.337	[0:0:0:0:0:0:0:1]:50829	admin	200		10.69 ms
16:11:55.338	[0:0:0:0:0:0:0:1]:50830	admin	REQUEST	[GET] /core/ui/css/tei.css
16:11:55.341	[0:0:0:0:0:0:0:1]:50827	admin	REQUEST	[GET] /core/ui/css/alignment.css
16:11:55.344	[0:0:0:0:0:0:0:1]:50828	admin	200		15.12 ms
16:11:55.349	[0:0:0:0:0:0:0:1]:50830	admin	200		11.03 ms
16:11:55.351	[0:0:0:0:0:0:0:1]:50831	admin	REQUEST	[GET] /dyrin/ui/css/dyrin.css
16:11:55.352	[0:0:0:0:0:0:0:1]:50827	admin	200		10.81 ms
16:11:55.353	[0:0:0:0:0:0:0:1]:50829	admin	REQUEST	[GET] /core/ui/lib/bootstrap.bundle.min.js
16:11:55.355	[0:0:0:0:0:0:0:1]:50828	admin	REQUEST	[GET] /core/ui/js/MaxTEI.js
16:11:55.359	[0:0:0:0:0:0:0:1]:50831	admin	200		8.29 ms
16:11:55.361	[0:0:0:0:0:0:0:1]:50830	admin	REQUEST	[GET] /dyrin/ui/js/dyrin.js
16:11:55.363	[0:0:0:0:0:0:0:1]:50828	admin	200		8.68 ms
16:11:55.365	[0:0:0:0:0:0:0:1]:50827	admin	REQUEST	[GET] /core/ui/images/logos/biblissima.png
16:11:55.366	[0:0:0:0:0:0:0:1]:50831	admin	REQUEST	[GET] /core/ui/images/logos/investissement-davenir.png
16:11:55.373	[0:0:0:0:0:0:0:1]:50830	admin	200		11.81 ms
16:11:55.378	[0:0:0:0:0:0:0:1]:50827	admin	200		13.84 ms
16:11:55.382	[0:0:0:0:0:0:0:1]:50831	admin	200		16.0 ms
16:11:55.397	[0:0:0:0:0:0:0:1]:50828	admin	REQUEST	[GET] /core/ui/js/Plugin.js
16:11:55.404	[0:0:0:0:0:0:0:1]:50830	admin	REQUEST	[GET] /core/ui/js/AbstractMax.js
16:11:55.404	[0:0:0:0:0:0:0:1]:50831	admin	REQUEST	[GET] /core/ui/css/header.css
16:11:55.408	[0:0:0:0:0:0:0:1]:50828	admin	200		11.31 ms
16:11:55.414	[0:0:0:0:0:0:0:1]:50831	admin	200		10.09 ms
16:11:55.414	[0:0:0:0:0:0:0:1]:50829	admin	200		61.83 ms
16:11:55.426	[0:0:0:0:0:0:0:1]:50830	admin	200		22.63 ms
16:11:55.501	[0:0:0:0:0:0:0:1]:50829	admin	REQUEST	[GET] /favicon.ico
16:11:55.527	[0:0:0:0:0:0:0:1]:50829	admin	200		28.53 ms
16:11:57.711	[0:0:0:0:0:0:0:1]:50824	admin	REQUEST	[GET] /dyrin/index/lieux.html
16:11:57.836	[0:0:0:0:0:0:0:1]:50824	admin	200		124.86 ms
16:11:57.912	[0:0:0:0:0:0:0:1]:50829	admin	REQUEST	[GET] /core/ui/lib/bootstrap.min.css
16:11:57.924	[0:0:0:0:0:0:0:1]:50831	admin	REQUEST	[GET] /core/ui/css/alignment.css
16:11:57.926	[0:0:0:0:0:0:0:1]:50828	admin	REQUEST	[GET] /dyrin/ui/css/menuGauche.css
16:11:57.929	[0:0:0:0:0:0:0:1]:50829	admin	200		17.32 ms
16:11:57.933	[0:0:0:0:0:0:0:1]:50827	admin	REQUEST	[GET] /dyrin/ui/css/dyrin.css
16:11:57.937	[0:0:0:0:0:0:0:1]:50828	admin	200		11.22 ms
16:11:57.941	[0:0:0:0:0:0:0:1]:50829	admin	REQUEST	[GET] /core/ui/js/MaxTEI.js
16:11:57.963	[0:0:0:0:0:0:0:1]:50828	admin	REQUEST	[GET] /dyrin/ui/js/dyrin.js
16:11:57.965	[0:0:0:0:0:0:0:1]:50827	admin	200		31.93 ms
16:11:57.971	[0:0:0:0:0:0:0:1]:50831	admin	200		46.66 ms
16:11:57.972	[0:0:0:0:0:0:0:1]:50830	admin	REQUEST	[GET] /core/ui/css/tei.css
16:11:57.973	[0:0:0:0:0:0:0:1]:50824	admin	REQUEST	[GET] /core/ui/lib/bootstrap.bundle.min.js
16:11:57.980	[0:0:0:0:0:0:0:1]:50830	admin	200		7.84 ms
16:11:57.982	[0:0:0:0:0:0:0:1]:50824	admin	200		8.44 ms
16:11:57.982	[0:0:0:0:0:0:0:1]:50830	admin	REQUEST	[GET] /core/ui/images/logos/biblissima.png
16:11:57.991	[0:0:0:0:0:0:0:1]:50830	admin	200		8.29 ms
16:11:57.991	[0:0:0:0:0:0:0:1]:50828	admin	200		28.86 ms
16:11:58.001	[0:0:0:0:0:0:0:1]:50830	admin	REQUEST	[GET] /core/ui/css/header.css
16:11:58.008	[0:0:0:0:0:0:0:1]:50827	admin	REQUEST	[GET] /core/ui/images/logos/investissement-davenir.png
16:11:58.008	[0:0:0:0:0:0:0:1]:50831	admin	REQUEST	[GET] /core/ui/js/Plugin.js
16:11:58.010	[0:0:0:0:0:0:0:1]:50830	admin	200		10.1 ms
16:11:58.016	[0:0:0:0:0:0:0:1]:50831	admin	200		8.26 ms
16:11:58.017	[0:0:0:0:0:0:0:1]:50829	admin	200		76.49 ms
16:11:58.027	[0:0:0:0:0:0:0:1]:50827	admin	200		19.01 ms
16:11:58.032	[0:0:0:0:0:0:0:1]:50829	admin	REQUEST	[GET] /core/ui/js/AbstractMax.js
16:11:58.041	[0:0:0:0:0:0:0:1]:50829	admin	200		8.86 ms
16:12:00.228	[0:0:0:0:0:0:0:1]:50824	admin	REQUEST	[GET] /dyrin/index/zoonymes.html
16:12:00.337	[0:0:0:0:0:0:0:1]:50824	admin	200		109.79 ms
16:12:00.415	[0:0:0:0:0:0:0:1]:50829	admin	REQUEST	[GET] /core/ui/lib/bootstrap.min.css
16:12:00.420	[0:0:0:0:0:0:0:1]:50828	admin	REQUEST	[GET] /dyrin/ui/css/menuGauche.css
16:12:00.425	[0:0:0:0:0:0:0:1]:50829	admin	200		9.53 ms
16:12:00.428	[0:0:0:0:0:0:0:1]:50828	admin	200		8.29 ms
16:12:00.431	[0:0:0:0:0:0:0:1]:50829	admin	REQUEST	[GET] /core/ui/css/tei.css
16:12:00.432	[0:0:0:0:0:0:0:1]:50830	admin	REQUEST	[GET] /core/ui/css/alignment.css
16:12:00.440	[0:0:0:0:0:0:0:1]:50829	admin	200		8.95 ms
16:12:00.440	[0:0:0:0:0:0:0:1]:50830	admin	200		7.54 ms
16:12:00.446	[0:0:0:0:0:0:0:1]:50829	admin	REQUEST	[GET] /dyrin/ui/css/dyrin.css
16:12:00.447	[0:0:0:0:0:0:0:1]:50828	admin	REQUEST	[GET] /core/ui/lib/bootstrap.bundle.min.js
16:12:00.450	[0:0:0:0:0:0:0:1]:50830	admin	REQUEST	[GET] /core/ui/js/MaxTEI.js
16:12:00.454	[0:0:0:0:0:0:0:1]:50831	admin	REQUEST	[GET] /dyrin/ui/js/dyrin.js
16:12:00.455	[0:0:0:0:0:0:0:1]:50829	admin	200		9.3 ms
16:12:00.455	[0:0:0:0:0:0:0:1]:50828	admin	200		8.61 ms
16:12:00.461	[0:0:0:0:0:0:0:1]:50830	admin	200		11.77 ms
16:12:00.463	[0:0:0:0:0:0:0:1]:50831	admin	200		8.47 ms
16:12:00.467	[0:0:0:0:0:0:0:1]:50829	admin	REQUEST	[GET] /core/ui/images/logos/biblissima.png
16:12:00.474	[0:0:0:0:0:0:0:1]:50828	admin	REQUEST	[GET] /core/ui/images/logos/investissement-davenir.png
16:12:00.476	[0:0:0:0:0:0:0:1]:50829	admin	200		9.28 ms
16:12:00.483	[0:0:0:0:0:0:0:1]:50828	admin	200		9.87 ms
16:12:00.516	[0:0:0:0:0:0:0:1]:50829	admin	REQUEST	[GET] /core/ui/css/header.css
16:12:00.518	[0:0:0:0:0:0:0:1]:50830	admin	REQUEST	[GET] /core/ui/js/Plugin.js
16:12:00.520	[0:0:0:0:0:0:0:1]:50828	admin	REQUEST	[GET] /core/ui/js/AbstractMax.js
16:12:00.528	[0:0:0:0:0:0:0:1]:50828	admin	200		8.4 ms
16:12:00.530	[0:0:0:0:0:0:0:1]:50830	admin	200		11.54 ms
16:12:00.532	[0:0:0:0:0:0:0:1]:50829	admin	200		15.65 ms
16:12:53.428	[0:0:0:0:0:0:0:1]:50824	admin	REQUEST	[GET] /dyrin/index/zoonymes.html
16:12:53.708	[0:0:0:0:0:0:0:1]:50824	admin	200		279.92 ms
16:12:53.750	[0:0:0:0:0:0:0:1]:50829	admin	REQUEST	[GET] /core/ui/lib/bootstrap.min.css
16:12:53.760	[0:0:0:0:0:0:0:1]:50828	admin	REQUEST	[GET] /dyrin/ui/css/menuGauche.css
16:12:53.765	[0:0:0:0:0:0:0:1]:50830	admin	REQUEST	[GET] /core/ui/css/tei.css
16:12:53.770	[0:0:0:0:0:0:0:1]:50828	admin	200		10.53 ms
16:12:53.772	[0:0:0:0:0:0:0:1]:50824	admin	REQUEST	[GET] /plugins/mirador_viewer/mirador_viewer.css
16:12:53.775	[0:0:0:0:0:0:0:1]:50830	admin	200		12.5 ms
16:12:53.778	[0:0:0:0:0:0:0:1]:50828	admin	REQUEST	[GET] /plugins/index/index.css
16:12:53.779	[0:0:0:0:0:0:0:1]:50829	admin	200		28.79 ms
16:12:53.780	[0:0:0:0:0:0:0:1]:50824	admin	200		8.82 ms
16:12:53.782	[0:0:0:0:0:0:0:1]:50830	admin	REQUEST	[GET] /plugins/img_viewer/img_viewer.css
16:12:53.782	[0:0:0:0:0:0:0:1]:50824	admin	REQUEST	[GET] /dyrin/ui/css/dyrin.css
16:12:53.788	[0:0:0:0:0:0:0:1]:50828	admin	200		10.47 ms
16:12:53.792	[0:0:0:0:0:0:0:1]:50830	admin	200		10.09 ms
16:12:53.792	[0:0:0:0:0:0:0:1]:50828	admin	REQUEST	[GET] /core/ui/lib/bootstrap.bundle.min.js
16:12:53.794	[0:0:0:0:0:0:0:1]:50824	admin	200		12.21 ms
16:12:53.794	[0:0:0:0:0:0:0:1]:50830	admin	REQUEST	[GET] /core/ui/js/MaxTEI.js
16:12:53.797	[0:0:0:0:0:0:0:1]:50824	admin	REQUEST	[GET] /dyrin/ui/js/dyrin.js
16:12:53.801	[0:0:0:0:0:0:0:1]:50828	admin	200		8.85 ms
16:12:53.806	[0:0:0:0:0:0:0:1]:50830	admin	200		12.34 ms
16:12:53.807	[0:0:0:0:0:0:0:1]:50824	admin	200		10.15 ms
16:12:53.809	[0:0:0:0:0:0:0:1]:50828	admin	REQUEST	[GET] /plugins/thesauri_pdn/thesauri_pdn.js
16:12:53.811	[0:0:0:0:0:0:0:1]:50830	admin	REQUEST	[GET] /plugins/index/index.js
16:12:53.811	[0:0:0:0:0:0:0:1]:50824	admin	REQUEST	[GET] /plugins/mirador_viewer/mirador_viewer.js
16:12:53.817	[0:0:0:0:0:0:0:1]:50828	admin	200		8.71 ms
16:12:53.821	[0:0:0:0:0:0:0:1]:50828	admin	REQUEST	[GET] /plugins/img_viewer/img_viewer.js
16:12:53.822	[0:0:0:0:0:0:0:1]:50830	admin	200		10.71 ms
16:12:53.825	[0:0:0:0:0:0:0:1]:50830	admin	REQUEST	[GET] /core/ui/css/header.css
16:12:53.843	[0:0:0:0:0:0:0:1]:50829	admin	REQUEST	[GET] /core/ui/js/Plugin.js
16:12:53.844	[0:0:0:0:0:0:0:1]:50830	admin	200		19.81 ms
16:12:53.846	[0:0:0:0:0:0:0:1]:50830	admin	REQUEST	[GET] /core/ui/js/AbstractMax.js
16:12:53.847	[0:0:0:0:0:0:0:1]:50824	admin	200		35.99 ms
16:12:53.854	[0:0:0:0:0:0:0:1]:50829	admin	200		11.17 ms
16:12:53.855	[0:0:0:0:0:0:0:1]:50830	admin	200		9.18 ms
16:12:53.857	[0:0:0:0:0:0:0:1]:50831	admin	REQUEST	[GET] /plugins/thesauri_pdn/thesauri_pdn.css
16:12:53.858	[0:0:0:0:0:0:0:1]:50828	admin	200		37.45 ms
16:12:53.858	[0:0:0:0:0:0:0:1]:50827	admin	REQUEST	[GET] /core/ui/css/alignment.css
16:12:53.866	[0:0:0:0:0:0:0:1]:50831	admin	200		9.72 ms
16:12:53.875	[0:0:0:0:0:0:0:1]:50827	admin	200		16.9 ms
16:12:53.877	[0:0:0:0:0:0:0:1]:50829	admin	REQUEST	[GET] /core/ui/images/logos/biblissima.png
16:12:53.877	[0:0:0:0:0:0:0:1]:50830	admin	REQUEST	[GET] /core/ui/images/logos/investissement-davenir.png
16:12:53.888	[0:0:0:0:0:0:0:1]:50829	admin	200		10.97 ms
16:12:53.891	[0:0:0:0:0:0:0:1]:50830	admin	200		14.22 ms
16:13:37.942	[0:0:0:0:0:0:0:1]:50824	admin	REQUEST	[GET] /dyrin/index/personnes.html
16:13:38.055	[0:0:0:0:0:0:0:1]:50824	admin	200		112.78 ms
16:13:38.131	[0:0:0:0:0:0:0:1]:50829	admin	REQUEST	[GET] /core/ui/lib/bootstrap.min.css
16:13:38.134	[0:0:0:0:0:0:0:1]:50828	admin	REQUEST	[GET] /dyrin/ui/css/menuGauche.css
16:13:38.141	[0:0:0:0:0:0:0:1]:50829	admin	200		9.59 ms
16:13:38.144	[0:0:0:0:0:0:0:1]:50828	admin	200		10.62 ms
16:13:38.145	[0:0:0:0:0:0:0:1]:50830	admin	REQUEST	[GET] /core/ui/css/tei.css
16:13:38.147	[0:0:0:0:0:0:0:1]:50831	admin	REQUEST	[GET] /core/ui/css/alignment.css
16:13:38.149	[0:0:0:0:0:0:0:1]:50824	admin	REQUEST	[GET] /core/ui/lib/bootstrap.bundle.min.js
16:13:38.152	[0:0:0:0:0:0:0:1]:50829	admin	REQUEST	[GET] /core/ui/js/MaxTEI.js
16:13:38.154	[0:0:0:0:0:0:0:1]:50827	admin	REQUEST	[GET] /dyrin/ui/css/dyrin.css
16:13:38.156	[0:0:0:0:0:0:0:1]:50830	admin	200		11.21 ms
16:13:38.161	[0:0:0:0:0:0:0:1]:50829	admin	200		8.43 ms
16:13:38.163	[0:0:0:0:0:0:0:1]:50827	admin	200		9.14 ms
16:13:38.163	[0:0:0:0:0:0:0:1]:50830	admin	REQUEST	[GET] /dyrin/ui/js/dyrin.js
16:13:38.162	[0:0:0:0:0:0:0:1]:50824	admin	200		21.5 ms
16:13:38.172	[0:0:0:0:0:0:0:1]:50830	admin	200		8.9 ms
16:13:38.191	[0:0:0:0:0:0:0:1]:50831	admin	200		44.57 ms
16:13:38.193	[0:0:0:0:0:0:0:1]:50829	admin	REQUEST	[GET] /core/ui/images/logos/biblissima.png
16:13:38.194	[0:0:0:0:0:0:0:1]:50828	admin	REQUEST	[GET] /core/ui/images/logos/investissement-davenir.png
16:13:38.195	[0:0:0:0:0:0:0:1]:50830	admin	REQUEST	[GET] /core/ui/js/Plugin.js
16:13:38.203	[0:0:0:0:0:0:0:1]:50828	admin	200		9.9 ms
16:13:38.203	[0:0:0:0:0:0:0:1]:50830	admin	200		8.27 ms
16:13:38.204	[0:0:0:0:0:0:0:1]:50829	admin	200		11.31 ms
16:13:38.205	[0:0:0:0:0:0:0:1]:50831	admin	REQUEST	[GET] /core/ui/js/AbstractMax.js
16:13:38.217	[0:0:0:0:0:0:0:1]:50831	admin	200		12.36 ms
16:13:38.225	[0:0:0:0:0:0:0:1]:50827	admin	REQUEST	[GET] /core/ui/css/header.css
16:13:38.234	[0:0:0:0:0:0:0:1]:50827	admin	200		9.72 ms
16:19:33.104	[0:0:0:0:0:0:0:1]:50889	admin	REQUEST	[GET] /dyrin/index/lieux.html
16:19:33.245	[0:0:0:0:0:0:0:1]:50889	admin	200		141.34 ms
16:19:33.315	[0:0:0:0:0:0:0:1]:50889	admin	REQUEST	[GET] /core/ui/lib/bootstrap.min.css
16:19:33.317	[0:0:0:0:0:0:0:1]:50890	admin	REQUEST	[GET] /dyrin/ui/css/menuGauche.css
16:19:33.327	[0:0:0:0:0:0:0:1]:50889	admin	200		11.94 ms
16:19:33.329	[0:0:0:0:0:0:0:1]:50890	admin	200		12.38 ms
16:19:33.332	[0:0:0:0:0:0:0:1]:50890	admin	REQUEST	[GET] /core/ui/css/alignment.css
16:19:33.342	[0:0:0:0:0:0:0:1]:50889	admin	REQUEST	[GET] /core/ui/lib/bootstrap.bundle.min.js
16:19:33.357	[0:0:0:0:0:0:0:1]:50890	admin	200		24.6 ms
16:19:33.360	[0:0:0:0:0:0:0:1]:50893	admin	REQUEST	[GET] /core/ui/js/MaxTEI.js
16:19:33.361	[0:0:0:0:0:0:0:1]:50892	admin	REQUEST	[GET] /dyrin/ui/css/dyrin.css
16:19:33.360	[0:0:0:0:0:0:0:1]:50894	admin	REQUEST	[GET] /dyrin/ui/js/dyrin.js
16:19:33.383	[0:0:0:0:0:0:0:1]:50893	admin	200		23.37 ms
16:19:33.383	[0:0:0:0:0:0:0:1]:50892	admin	200		22.3 ms
16:19:33.388	[0:0:0:0:0:0:0:1]:50889	admin	200		46.23 ms
16:19:33.392	[0:0:0:0:0:0:0:1]:50894	admin	200		31.99 ms
16:19:33.394	[0:0:0:0:0:0:0:1]:50890	admin	REQUEST	[GET] /core/ui/js/Plugin.js
16:19:33.408	[0:0:0:0:0:0:0:1]:50893	admin	REQUEST	[GET] /core/ui/js/AbstractMax.js
16:19:33.414	[0:0:0:0:0:0:0:1]:50890	admin	200		20.5 ms
16:19:33.416	[0:0:0:0:0:0:0:1]:50893	admin	200		8.09 ms
16:19:33.419	[0:0:0:0:0:0:0:1]:50891	admin	REQUEST	[GET] /core/ui/css/tei.css
16:19:33.430	[0:0:0:0:0:0:0:1]:50891	admin	200		11.39 ms
16:19:33.434	[0:0:0:0:0:0:0:1]:50892	admin	REQUEST	[GET] /core/ui/images/logos/investissement-davenir.png
16:19:33.434	[0:0:0:0:0:0:0:1]:50893	admin	REQUEST	[GET] /core/ui/images/logos/biblissima.png
16:19:33.442	[0:0:0:0:0:0:0:1]:50891	admin	REQUEST	[GET] /core/ui/css/header.css
16:19:33.443	[0:0:0:0:0:0:0:1]:50892	admin	200		9.53 ms
16:19:33.449	[0:0:0:0:0:0:0:1]:50893	admin	200		15.39 ms
16:19:33.460	[0:0:0:0:0:0:0:1]:50891	admin	200		19.09 ms
16:19:33.497	[0:0:0:0:0:0:0:1]:50892	admin	REQUEST	[GET] /favicon.ico
16:19:33.517	[0:0:0:0:0:0:0:1]:50892	admin	200		20.18 ms
17:44:51.934	SERVER	admin	OK	HTTP Server was stopped (port: 16002).
17:44:51.935	SERVER	admin	OK	Server was stopped (port: 16000).
