09:23:46.470	SERVER	admin	OK	Server was started (port: 16000).
09:23:46.554	SERVER	admin	OK	HTTP Server was started (port: 16002).
09:23:54.416	[0:0:0:0:0:0:0:1]:49178	admin	REQUEST	[GET] /dyrin
09:23:57.804	[0:0:0:0:0:0:0:1]:49178	admin	302	Location: http://localhost:16002/dyrin/accueil.html	3392.22 ms
09:23:57.829	[0:0:0:0:0:0:0:1]:49178	admin	REQUEST	[GET] /dyrin/accueil.html
09:24:00.582	[0:0:0:0:0:0:0:1]:49178	admin	200		2753.28 ms
09:24:00.756	[0:0:0:0:0:0:0:1]:49178	admin	REQUEST	[GET] /core/ui/lib/bootstrap.min.css
09:24:00.758	[0:0:0:0:0:0:0:1]:49180	admin	REQUEST	[GET] /dyrin/ui/css/menuGauche.css
09:24:00.769	[0:0:0:0:0:0:0:1]:49181	admin	REQUEST	[GET] /core/ui/css/tei.css
09:24:00.807	[0:0:0:0:0:0:0:1]:49184	admin	REQUEST	[GET] /plugins/thesauri_pdn/thesauri_pdn.css
09:24:00.807	[0:0:0:0:0:0:0:1]:49183	admin	REQUEST	[GET] /plugins/mirador_viewer/mirador_viewer.css
09:24:00.832	[0:0:0:0:0:0:0:1]:49183	admin	200		25.39 ms
09:24:00.845	[0:0:0:0:0:0:0:1]:49183	admin	REQUEST	[GET] /plugins/index/index.css
09:24:00.845	[0:0:0:0:0:0:0:1]:49181	admin	200		76.5 ms
09:24:00.845	[0:0:0:0:0:0:0:1]:49182	admin	REQUEST	[GET] /core/ui/css/alignment.css
09:24:00.847	[0:0:0:0:0:0:0:1]:49180	admin	200		89.09 ms
09:24:00.849	[0:0:0:0:0:0:0:1]:49178	admin	200		92.91 ms
09:24:00.856	[0:0:0:0:0:0:0:1]:49181	admin	REQUEST	[GET] /dyrin/ui/css/dyrin.css
09:24:00.863	[0:0:0:0:0:0:0:1]:49183	admin	200		19.02 ms
09:24:00.867	[0:0:0:0:0:0:0:1]:49183	admin	REQUEST	[GET] /core/ui/lib/bootstrap.bundle.min.js
09:24:00.876	[0:0:0:0:0:0:0:1]:49182	admin	200		31.09 ms
09:24:00.877	[0:0:0:0:0:0:0:1]:49184	admin	200		71.11 ms
09:24:00.884	[0:0:0:0:0:0:0:1]:49182	admin	REQUEST	[GET] /core/ui/js/MaxTEI.js
09:24:00.895	[0:0:0:0:0:0:0:1]:49178	admin	REQUEST	[GET] /plugins/thesauri_pdn/thesauri_pdn.js
09:24:00.903	[0:0:0:0:0:0:0:1]:49181	admin	200		47.84 ms
09:24:00.905	[0:0:0:0:0:0:0:1]:49183	admin	200		38.28 ms
09:24:00.906	[0:0:0:0:0:0:0:1]:49182	admin	200		22.64 ms
09:24:00.908	[0:0:0:0:0:0:0:1]:49181	admin	REQUEST	[GET] /plugins/mirador_viewer/mirador_viewer.js
09:24:00.920	[0:0:0:0:0:0:0:1]:49180	admin	REQUEST	[GET] /dyrin/ui/js/dyrin.js
09:24:00.921	[0:0:0:0:0:0:0:1]:49182	admin	REQUEST	[GET] /plugins/index/index.js
09:24:00.924	[0:0:0:0:0:0:0:1]:49184	admin	REQUEST	[GET] /core/ui/images/logos/biblissima.png
09:24:00.955	[0:0:0:0:0:0:0:1]:49182	admin	200		33.63 ms
09:24:00.958	[0:0:0:0:0:0:0:1]:49182	admin	REQUEST	[GET] /core/ui/images/logos/investissement-davenir.png
09:24:00.983	[0:0:0:0:0:0:0:1]:49180	admin	200		64.59 ms
09:24:00.985	[0:0:0:0:0:0:0:1]:49182	admin	200		27.03 ms
09:24:00.988	[0:0:0:0:0:0:0:1]:49183	admin	REQUEST	[GET] /core/ui/js/AbstractMax.js
09:24:00.988	[0:0:0:0:0:0:0:1]:49180	admin	REQUEST	[GET] /core/ui/css/header.css
09:24:01.009	[0:0:0:0:0:0:0:1]:49178	admin	200		114.68 ms
09:24:01.010	[0:0:0:0:0:0:0:1]:49181	admin	200		102.38 ms
09:24:01.021	[0:0:0:0:0:0:0:1]:49183	admin	200		33.62 ms
09:24:01.026	[0:0:0:0:0:0:0:1]:49184	admin	200		102.02 ms
09:24:01.048	[0:0:0:0:0:0:0:1]:49180	admin	200		60.88 ms
09:24:01.061	[0:0:0:0:0:0:0:1]:49183	admin	REQUEST	[GET] /core/ui/js/Plugin.js
09:24:01.080	[0:0:0:0:0:0:0:1]:49183	admin	200		19.09 ms
09:24:01.120	[0:0:0:0:0:0:0:1]:49183	admin	REQUEST	[GET] /favicon.ico
09:24:01.157	[0:0:0:0:0:0:0:1]:49183	admin	200		37.57 ms
14:20:02.317	[0:0:0:0:0:0:0:1]:50211	admin	REQUEST	[GET] /dyrin/sommaire.html
14:20:03.160	[0:0:0:0:0:0:0:1]:50211	admin	200		843.39 ms
14:20:03.228	[0:0:0:0:0:0:0:1]:50211	admin	REQUEST	[GET] /core/ui/lib/bootstrap.min.css
14:20:03.231	[0:0:0:0:0:0:0:1]:50212	admin	REQUEST	[GET] /dyrin/ui/css/menuGauche.css
14:20:03.246	[0:0:0:0:0:0:0:1]:50213	admin	REQUEST	[GET] /core/ui/css/tei.css
14:20:03.251	[0:0:0:0:0:0:0:1]:50212	admin	200		19.77 ms
14:20:03.252	[0:0:0:0:0:0:0:1]:50211	admin	200		24.03 ms
14:20:03.257	[0:0:0:0:0:0:0:1]:50214	admin	REQUEST	[GET] /core/ui/css/alignment.css
14:20:03.262	[0:0:0:0:0:0:0:1]:50211	admin	REQUEST	[GET] /dyrin/ui/css/dyrin.css
14:20:03.270	[0:0:0:0:0:0:0:1]:50214	admin	200		13.89 ms
14:20:03.274	[0:0:0:0:0:0:0:1]:50214	admin	REQUEST	[GET] /core/ui/lib/bootstrap.bundle.min.js
14:20:03.278	[0:0:0:0:0:0:0:1]:50211	admin	200		16.76 ms
14:20:03.282	[0:0:0:0:0:0:0:1]:50211	admin	REQUEST	[GET] /core/ui/js/MaxTEI.js
14:20:03.280	[0:0:0:0:0:0:0:1]:50213	admin	200		38.51 ms
14:20:03.290	[0:0:0:0:0:0:0:1]:50214	admin	200		16.49 ms
14:20:03.292	[0:0:0:0:0:0:0:1]:50213	admin	REQUEST	[GET] /dyrin/ui/js/dyrin.js
14:20:03.295	[0:0:0:0:0:0:0:1]:50214	admin	REQUEST	[GET] /plugins/thesauri_pdn/thesauri_pdn.js
14:20:03.272	[0:0:0:0:0:0:0:1]:50212	admin	REQUEST	[GET] /plugins/index/index.css
14:20:03.309	[0:0:0:0:0:0:0:1]:50211	admin	200		27.3 ms
14:20:03.315	[0:0:0:0:0:0:0:1]:50213	admin	200		23.35 ms
14:20:03.318	[0:0:0:0:0:0:0:1]:50213	admin	REQUEST	[GET] /plugins/index/index.js
14:20:03.326	[0:0:0:0:0:0:0:1]:50212	admin	200		63.07 ms
14:20:03.329	[0:0:0:0:0:0:0:1]:50212	admin	REQUEST	[GET] /core/ui/css/header.css
14:20:03.330	[0:0:0:0:0:0:0:1]:50211	admin	REQUEST	[GET] /plugins/mirador_viewer/mirador_viewer.js
14:20:03.332	[0:0:0:0:0:0:0:1]:50213	admin	200		14.28 ms
14:20:03.335	[0:0:0:0:0:0:0:1]:50213	admin	REQUEST	[GET] /core/ui/js/AbstractMax.js
14:20:03.341	[0:0:0:0:0:0:0:1]:50215	admin	REQUEST	[GET] /plugins/thesauri_pdn/thesauri_pdn.css
14:20:03.347	[0:0:0:0:0:0:0:1]:50216	admin	REQUEST	[GET] /plugins/mirador_viewer/mirador_viewer.css
14:20:03.349	[0:0:0:0:0:0:0:1]:50213	admin	200		15.47 ms
14:20:03.355	[0:0:0:0:0:0:0:1]:50215	admin	200		14.37 ms
14:20:03.364	[0:0:0:0:0:0:0:1]:50212	admin	200		35.11 ms
14:20:03.367	[0:0:0:0:0:0:0:1]:50216	admin	200		20.44 ms
14:20:03.367	[0:0:0:0:0:0:0:1]:50211	admin	200		37.56 ms
14:20:03.370	[0:0:0:0:0:0:0:1]:50215	admin	REQUEST	[GET] /core/ui/images/logos/biblissima.png
14:20:03.381	[0:0:0:0:0:0:0:1]:50214	admin	200		85.47 ms
14:20:03.384	[0:0:0:0:0:0:0:1]:50215	admin	200		14.31 ms
14:20:03.384	[0:0:0:0:0:0:0:1]:50213	admin	REQUEST	[GET] /core/ui/images/logos/investissement-davenir.png
14:20:03.403	[0:0:0:0:0:0:0:1]:50213	admin	200		34.06 ms
14:20:03.414	[0:0:0:0:0:0:0:1]:50214	admin	REQUEST	[GET] /core/ui/js/Plugin.js
14:20:03.445	[0:0:0:0:0:0:0:1]:50214	admin	200		31.6 ms
14:20:03.459	[0:0:0:0:0:0:0:1]:50214	admin	REQUEST	[GET] /favicon.ico
14:20:03.491	[0:0:0:0:0:0:0:1]:50214	admin	200		32.09 ms
14:20:08.656	[0:0:0:0:0:0:0:1]:50211	admin	REQUEST	[GET] /dyrin/accueil.html
14:20:08.893	[0:0:0:0:0:0:0:1]:50211	admin	200		237.53 ms
14:20:08.948	[0:0:0:0:0:0:0:1]:50214	admin	REQUEST	[GET] /core/ui/lib/bootstrap.min.css
14:20:08.950	[0:0:0:0:0:0:0:1]:50213	admin	REQUEST	[GET] /dyrin/ui/css/menuGauche.css
14:20:08.958	[0:0:0:0:0:0:0:1]:50215	admin	REQUEST	[GET] /core/ui/css/tei.css
14:20:08.962	[0:0:0:0:0:0:0:1]:50214	admin	200		14.23 ms
14:20:08.968	[0:0:0:0:0:0:0:1]:50211	admin	REQUEST	[GET] /core/ui/lib/bootstrap.bundle.min.js
14:20:08.971	[0:0:0:0:0:0:0:1]:50215	admin	200		13.31 ms
14:20:08.973	[0:0:0:0:0:0:0:1]:50215	admin	REQUEST	[GET] /core/ui/js/MaxTEI.js
14:20:08.973	[0:0:0:0:0:0:0:1]:50213	admin	200		23.96 ms
14:20:08.981	[0:0:0:0:0:0:0:1]:50213	admin	REQUEST	[GET] /dyrin/ui/js/dyrin.js
14:20:08.985	[0:0:0:0:0:0:0:1]:50215	admin	200		12.16 ms
14:20:08.994	[0:0:0:0:0:0:0:1]:50216	admin	REQUEST	[GET] /dyrin/ui/css/dyrin.css
14:20:08.998	[0:0:0:0:0:0:0:1]:50211	admin	200		30.12 ms
14:20:09.015	[0:0:0:0:0:0:0:1]:50215	admin	REQUEST	[GET] /core/ui/css/header.css
14:20:09.024	[0:0:0:0:0:0:0:1]:50211	admin	REQUEST	[GET] /core/ui/js/AbstractMax.js
14:20:09.027	[0:0:0:0:0:0:0:1]:50213	admin	200		48.11 ms
14:20:09.029	[0:0:0:0:0:0:0:1]:50215	admin	200		14.71 ms
14:20:09.039	[0:0:0:0:0:0:0:1]:50211	admin	200		15.11 ms
14:20:09.040	[0:0:0:0:0:0:0:1]:50216	admin	200		45.5 ms
14:20:09.040	[0:0:0:0:0:0:0:1]:50214	admin	REQUEST	[GET] /core/ui/js/Plugin.js
14:20:09.042	[0:0:0:0:0:0:0:1]:50212	admin	REQUEST	[GET] /core/ui/css/alignment.css
14:20:09.052	[0:0:0:0:0:0:0:1]:50214	admin	200		12.27 ms
14:20:09.060	[0:0:0:0:0:0:0:1]:50212	admin	200		18.07 ms
14:20:09.062	[0:0:0:0:0:0:0:1]:50213	admin	REQUEST	[GET] /core/ui/images/logos/investissement-davenir.png
14:20:09.062	[0:0:0:0:0:0:0:1]:50214	admin	REQUEST	[GET] /core/ui/images/logos/biblissima.png
14:20:09.074	[0:0:0:0:0:0:0:1]:50214	admin	200		12.53 ms
14:20:09.074	[0:0:0:0:0:0:0:1]:50213	admin	200		13.05 ms
14:20:14.337	[0:0:0:0:0:0:0:1]:50211	admin	REQUEST	[GET] /dyrin/contacts.html
14:20:14.575	[0:0:0:0:0:0:0:1]:50211	admin	200		238.34 ms
14:20:14.646	[0:0:0:0:0:0:0:1]:50214	admin	REQUEST	[GET] /core/ui/lib/bootstrap.min.css
14:20:14.660	[0:0:0:0:0:0:0:1]:50214	admin	200		13.74 ms
14:20:14.660	[0:0:0:0:0:0:0:1]:50213	admin	REQUEST	[GET] /dyrin/ui/css/menuGauche.css
14:20:14.670	[0:0:0:0:0:0:0:1]:50215	admin	REQUEST	[GET] /core/ui/css/tei.css
14:20:14.670	[0:0:0:0:0:0:0:1]:50216	admin	REQUEST	[GET] /core/ui/css/alignment.css
14:20:14.685	[0:0:0:0:0:0:0:1]:50215	admin	200		16.0 ms
14:20:14.685	[0:0:0:0:0:0:0:1]:50213	admin	200		25.82 ms
14:20:14.687	[0:0:0:0:0:0:0:1]:50212	admin	REQUEST	[GET] /dyrin/ui/css/dyrin.css
14:20:14.687	[0:0:0:0:0:0:0:1]:50211	admin	REQUEST	[GET] /core/ui/lib/bootstrap.bundle.min.js
14:20:14.691	[0:0:0:0:0:0:0:1]:50215	admin	REQUEST	[GET] /dyrin/ui/js/dyrin.js
14:20:14.691	[0:0:0:0:0:0:0:1]:50213	admin	REQUEST	[GET] /core/ui/js/MaxTEI.js
14:20:14.728	[0:0:0:0:0:0:0:1]:50213	admin	200		36.71 ms
14:20:14.730	[0:0:0:0:0:0:0:1]:50213	admin	REQUEST	[GET] /core/ui/css/header.css
14:20:14.736	[0:0:0:0:0:0:0:1]:50215	admin	200		45.08 ms
14:20:14.739	[0:0:0:0:0:0:0:1]:50212	admin	200		51.73 ms
14:20:14.739	[0:0:0:0:0:0:0:1]:50215	admin	REQUEST	[GET] /core/ui/js/AbstractMax.js
14:20:14.743	[0:0:0:0:0:0:0:1]:50213	admin	200		13.13 ms
14:20:14.749	[0:0:0:0:0:0:0:1]:50216	admin	200		79.94 ms
14:20:14.750	[0:0:0:0:0:0:0:1]:50215	admin	200		11.57 ms
14:20:14.751	[0:0:0:0:0:0:0:1]:50213	admin	REQUEST	[GET] /core/ui/images/logos/biblissima.png
14:20:14.752	[0:0:0:0:0:0:0:1]:50212	admin	REQUEST	[GET] /core/ui/images/logos/investissement-davenir.png
14:20:14.750	[0:0:0:0:0:0:0:1]:50211	admin	200		63.16 ms
14:20:14.762	[0:0:0:0:0:0:0:1]:50212	admin	200		10.04 ms
14:20:14.762	[0:0:0:0:0:0:0:1]:50213	admin	200		10.69 ms
14:20:14.770	[0:0:0:0:0:0:0:1]:50214	admin	REQUEST	[GET] /core/ui/js/Plugin.js
14:20:14.783	[0:0:0:0:0:0:0:1]:50214	admin	200		13.14 ms
14:20:14.805	[0:0:0:0:0:0:0:1]:50214	admin	REQUEST	[GET] /favicon.ico
14:20:14.829	[0:0:0:0:0:0:0:1]:50214	admin	200		24.15 ms
14:20:16.510	[0:0:0:0:0:0:0:1]:50211	admin	REQUEST	[GET] /dyrin/sommaire.html
14:20:16.782	[0:0:0:0:0:0:0:1]:50211	admin	200		272.11 ms
14:20:16.850	[0:0:0:0:0:0:0:1]:50214	admin	REQUEST	[GET] /core/ui/lib/bootstrap.min.css
14:20:16.851	[0:0:0:0:0:0:0:1]:50212	admin	REQUEST	[GET] /dyrin/ui/css/menuGauche.css
14:20:16.854	[0:0:0:0:0:0:0:1]:50213	admin	REQUEST	[GET] /core/ui/css/tei.css
14:20:16.864	[0:0:0:0:0:0:0:1]:50212	admin	200		13.37 ms
14:20:16.864	[0:0:0:0:0:0:0:1]:50215	admin	REQUEST	[GET] /core/ui/css/alignment.css
14:20:16.870	[0:0:0:0:0:0:0:1]:50212	admin	REQUEST	[GET] /dyrin/ui/css/dyrin.css
14:20:16.870	[0:0:0:0:0:0:0:1]:50213	admin	200		15.88 ms
14:20:16.876	[0:0:0:0:0:0:0:1]:50216	admin	REQUEST	[GET] /core/ui/lib/bootstrap.bundle.min.js
14:20:16.878	[0:0:0:0:0:0:0:1]:50211	admin	REQUEST	[GET] /dyrin/ui/js/dyrin.js
14:20:16.882	[0:0:0:0:0:0:0:1]:50213	admin	REQUEST	[GET] /core/ui/js/MaxTEI.js
14:20:16.894	[0:0:0:0:0:0:0:1]:50213	admin	200		12.31 ms
14:20:16.896	[0:0:0:0:0:0:0:1]:50213	admin	REQUEST	[GET] /core/ui/css/header.css
14:20:16.902	[0:0:0:0:0:0:0:1]:50214	admin	200		52.64 ms
14:20:16.903	[0:0:0:0:0:0:0:1]:50215	admin	200		38.31 ms
14:20:16.905	[0:0:0:0:0:0:0:1]:50215	admin	REQUEST	[GET] /core/ui/js/Plugin.js
14:20:16.910	[0:0:0:0:0:0:0:1]:50212	admin	200		42.68 ms
14:20:16.913	[0:0:0:0:0:0:0:1]:50214	admin	REQUEST	[GET] /core/ui/js/AbstractMax.js
14:20:16.915	[0:0:0:0:0:0:0:1]:50216	admin	200		39.95 ms
14:20:16.916	[0:0:0:0:0:0:0:1]:50211	admin	200		38.75 ms
14:20:16.930	[0:0:0:0:0:0:0:1]:50215	admin	200		24.8 ms
14:20:16.949	[0:0:0:0:0:0:0:1]:50213	admin	200		53.33 ms
14:20:16.951	[0:0:0:0:0:0:0:1]:50216	admin	REQUEST	[GET] /core/ui/images/logos/biblissima.png
14:20:16.951	[0:0:0:0:0:0:0:1]:50212	admin	REQUEST	[GET] /core/ui/images/logos/investissement-davenir.png
14:20:16.953	[0:0:0:0:0:0:0:1]:50214	admin	200		40.88 ms
14:20:16.964	[0:0:0:0:0:0:0:1]:50212	admin	200		12.84 ms
14:20:16.967	[0:0:0:0:0:0:0:1]:50216	admin	200		16.38 ms
14:20:17.000	[0:0:0:0:0:0:0:1]:50214	admin	REQUEST	[GET] /favicon.ico
14:20:17.022	[0:0:0:0:0:0:0:1]:50214	admin	200		22.71 ms
14:20:20.994	[0:0:0:0:0:0:0:1]:50211	admin	REQUEST	[GET] /dyrin/accueil.html
14:20:21.182	[0:0:0:0:0:0:0:1]:50211	admin	200		191.92 ms
14:20:21.240	[0:0:0:0:0:0:0:1]:50214	admin	REQUEST	[GET] /core/ui/lib/bootstrap.min.css
14:20:21.242	[0:0:0:0:0:0:0:1]:50216	admin	REQUEST	[GET] /dyrin/ui/css/menuGauche.css
14:20:21.254	[0:0:0:0:0:0:0:1]:50214	admin	200		14.33 ms
14:20:21.255	[0:0:0:0:0:0:0:1]:50213	admin	REQUEST	[GET] /core/ui/css/tei.css
14:20:21.265	[0:0:0:0:0:0:0:1]:50214	admin	REQUEST	[GET] /core/ui/js/MaxTEI.js
14:20:21.267	[0:0:0:0:0:0:0:1]:50212	admin	REQUEST	[GET] /core/ui/css/alignment.css
14:20:21.269	[0:0:0:0:0:0:0:1]:50216	admin	200		27.47 ms
14:20:21.276	[0:0:0:0:0:0:0:1]:50214	admin	200		10.67 ms
14:20:21.279	[0:0:0:0:0:0:0:1]:50213	admin	200		24.27 ms
14:20:21.282	[0:0:0:0:0:0:0:1]:50216	admin	REQUEST	[GET] /dyrin/ui/js/dyrin.js
14:20:21.286	[0:0:0:0:0:0:0:1]:50215	admin	REQUEST	[GET] /dyrin/ui/css/dyrin.css
14:20:21.286	[0:0:0:0:0:0:0:1]:50211	admin	REQUEST	[GET] /core/ui/lib/bootstrap.bundle.min.js
14:20:21.290	[0:0:0:0:0:0:0:1]:50212	admin	200		23.24 ms
14:20:21.303	[0:0:0:0:0:0:0:1]:50215	admin	200		17.53 ms
14:20:21.304	[0:0:0:0:0:0:0:1]:50211	admin	200		18.06 ms
14:20:21.305	[0:0:0:0:0:0:0:1]:50214	admin	REQUEST	[GET] /core/ui/images/logos/biblissima.png
14:20:21.305	[0:0:0:0:0:0:0:1]:50213	admin	REQUEST	[GET] /core/ui/images/logos/investissement-davenir.png
14:20:21.317	[0:0:0:0:0:0:0:1]:50212	admin	REQUEST	[GET] /core/ui/js/Plugin.js
14:20:21.318	[0:0:0:0:0:0:0:1]:50215	admin	REQUEST	[GET] /core/ui/js/AbstractMax.js
14:20:21.321	[0:0:0:0:0:0:0:1]:50213	admin	200		15.93 ms
14:20:21.321	[0:0:0:0:0:0:0:1]:50214	admin	200		16.42 ms
14:20:21.324	[0:0:0:0:0:0:0:1]:50213	admin	REQUEST	[GET] /core/ui/css/header.css
14:20:21.328	[0:0:0:0:0:0:0:1]:50212	admin	200		11.34 ms
14:20:21.330	[0:0:0:0:0:0:0:1]:50215	admin	200		17.15 ms
14:20:21.338	[0:0:0:0:0:0:0:1]:50216	admin	200		55.92 ms
14:20:21.349	[0:0:0:0:0:0:0:1]:50213	admin	200		24.39 ms
14:20:36.244	[0:0:0:0:0:0:0:1]:50214	admin	REQUEST	[GET] /dyrin/about.html
14:20:36.448	[0:0:0:0:0:0:0:1]:50214	admin	200		203.36 ms
14:20:36.501	[0:0:0:0:0:0:0:1]:50214	admin	REQUEST	[GET] /core/ui/lib/bootstrap.min.css
14:20:36.503	[0:0:0:0:0:0:0:1]:50216	admin	REQUEST	[GET] /dyrin/ui/css/menuGauche.css
14:20:36.506	[0:0:0:0:0:0:0:1]:50212	admin	REQUEST	[GET] /core/ui/css/tei.css
14:20:36.512	[0:0:0:0:0:0:0:1]:50213	admin	REQUEST	[GET] /core/ui/css/alignment.css
14:20:36.516	[0:0:0:0:0:0:0:1]:50216	admin	200		12.73 ms
14:20:36.518	[0:0:0:0:0:0:0:1]:50214	admin	200		16.49 ms
14:20:36.520	[0:0:0:0:0:0:0:1]:50212	admin	200		14.66 ms
14:20:36.522	[0:0:0:0:0:0:0:1]:50216	admin	REQUEST	[GET] /dyrin/ui/css/dyrin.css
14:20:36.529	[0:0:0:0:0:0:0:1]:50213	admin	200		16.49 ms
14:20:36.529	[0:0:0:0:0:0:0:1]:50212	admin	REQUEST	[GET] /dyrin/ui/js/dyrin.js
14:20:36.530	[0:0:0:0:0:0:0:1]:50211	admin	REQUEST	[GET] /core/ui/js/MaxTEI.js
14:20:36.533	[0:0:0:0:0:0:0:1]:50216	admin	200		10.91 ms
14:20:36.534	[0:0:0:0:0:0:0:1]:50215	admin	REQUEST	[GET] /core/ui/lib/bootstrap.bundle.min.js
14:20:36.538	[0:0:0:0:0:0:0:1]:50214	admin	REQUEST	[GET] /dyrin/ui/images/static/olaus-magnus-magn-carta-islande.png
14:20:36.542	[0:0:0:0:0:0:0:1]:50211	admin	200		12.51 ms
14:20:36.547	[0:0:0:0:0:0:0:1]:50216	admin	REQUEST	[GET] /core/ui/images/logos/biblissima.png
14:20:36.548	[0:0:0:0:0:0:0:1]:50213	admin	REQUEST	[GET] /core/ui/images/logos/investissement-davenir.png
14:20:36.551	[0:0:0:0:0:0:0:1]:50215	admin	200		17.32 ms
14:20:36.560	[0:0:0:0:0:0:0:1]:50213	admin	200		12.13 ms
14:20:36.564	[0:0:0:0:0:0:0:1]:50215	admin	REQUEST	[GET] /core/ui/js/Plugin.js
14:20:36.567	[0:0:0:0:0:0:0:1]:50211	admin	REQUEST	[GET] /core/ui/js/AbstractMax.js
14:20:36.579	[0:0:0:0:0:0:0:1]:50213	admin	REQUEST	[GET] /core/ui/css/header.css
14:20:36.580	[0:0:0:0:0:0:0:1]:50216	admin	200		33.62 ms
14:20:36.582	[0:0:0:0:0:0:0:1]:50214	admin	200		44.26 ms
14:20:36.585	[0:0:0:0:0:0:0:1]:50211	admin	200		17.57 ms
14:20:36.593	[0:0:0:0:0:0:0:1]:50213	admin	200		14.4 ms
14:20:36.595	[0:0:0:0:0:0:0:1]:50212	admin	200		66.12 ms
14:20:36.597	[0:0:0:0:0:0:0:1]:50215	admin	200		33.99 ms
14:21:05.676	[0:0:0:0:0:0:0:1]:50214	admin	REQUEST	[GET] /dyrin/sommaire.html
14:21:05.937	[0:0:0:0:0:0:0:1]:50214	admin	200		261.48 ms
14:21:06.000	[0:0:0:0:0:0:0:1]:50214	admin	REQUEST	[GET] /core/ui/lib/bootstrap.min.css
14:21:06.003	[0:0:0:0:0:0:0:1]:50216	admin	REQUEST	[GET] /dyrin/ui/css/menuGauche.css
14:21:06.004	[0:0:0:0:0:0:0:1]:50215	admin	REQUEST	[GET] /core/ui/css/tei.css
14:21:06.014	[0:0:0:0:0:0:0:1]:50214	admin	200		14.53 ms
14:21:06.015	[0:0:0:0:0:0:0:1]:50216	admin	200		11.59 ms
14:21:06.015	[0:0:0:0:0:0:0:1]:50213	admin	REQUEST	[GET] /core/ui/css/alignment.css
14:21:06.015	[0:0:0:0:0:0:0:1]:50215	admin	200		10.93 ms
14:21:06.019	[0:0:0:0:0:0:0:1]:50214	admin	REQUEST	[GET] /dyrin/ui/css/dyrin.css
14:21:06.021	[0:0:0:0:0:0:0:1]:50216	admin	REQUEST	[GET] /core/ui/lib/bootstrap.bundle.min.js
14:21:06.027	[0:0:0:0:0:0:0:1]:50212	admin	REQUEST	[GET] /dyrin/ui/js/dyrin.js
14:21:06.033	[0:0:0:0:0:0:0:1]:50216	admin	200		11.54 ms
14:21:06.037	[0:0:0:0:0:0:0:1]:50215	admin	REQUEST	[GET] /core/ui/js/MaxTEI.js
14:21:06.037	[0:0:0:0:0:0:0:1]:50214	admin	200		17.31 ms
14:21:06.040	[0:0:0:0:0:0:0:1]:50213	admin	200		25.35 ms
14:21:06.043	[0:0:0:0:0:0:0:1]:50214	admin	REQUEST	[GET] /core/ui/images/logos/biblissima.png
14:21:06.045	[0:0:0:0:0:0:0:1]:50216	admin	REQUEST	[GET] /core/ui/images/logos/investissement-davenir.png
14:21:06.055	[0:0:0:0:0:0:0:1]:50214	admin	200		11.53 ms
14:21:06.059	[0:0:0:0:0:0:0:1]:50215	admin	200		22.86 ms
14:21:06.061	[0:0:0:0:0:0:0:1]:50211	admin	REQUEST	[GET] /core/ui/css/header.css
14:21:06.070	[0:0:0:0:0:0:0:1]:50213	admin	REQUEST	[GET] /core/ui/js/Plugin.js
14:21:06.070	[0:0:0:0:0:0:0:1]:50214	admin	REQUEST	[GET] /core/ui/js/AbstractMax.js
14:21:06.073	[0:0:0:0:0:0:0:1]:50211	admin	200		16.91 ms
14:21:06.084	[0:0:0:0:0:0:0:1]:50212	admin	200		57.3 ms
14:21:06.088	[0:0:0:0:0:0:0:1]:50216	admin	200		42.82 ms
14:21:06.092	[0:0:0:0:0:0:0:1]:50213	admin	200		24.14 ms
14:21:06.114	[0:0:0:0:0:0:0:1]:50214	admin	200		49.4 ms
14:21:06.135	[0:0:0:0:0:0:0:1]:50214	admin	REQUEST	[GET] /favicon.ico
14:21:06.164	[0:0:0:0:0:0:0:1]:50214	admin	200		28.63 ms
14:21:15.008	[0:0:0:0:0:0:0:1]:50214	admin	REQUEST	[GET] /dyrin/doc/macareux_moine.html
14:21:15.915	[0:0:0:0:0:0:0:1]:50214	admin	200		907.26 ms
14:21:15.978	[0:0:0:0:0:0:0:1]:50214	admin	REQUEST	[GET] /core/ui/lib/bootstrap.min.css
14:21:15.995	[0:0:0:0:0:0:0:1]:50214	admin	200		16.93 ms
14:21:15.995	[0:0:0:0:0:0:0:1]:50213	admin	REQUEST	[GET] /dyrin/ui/css/dyrin.css
14:21:16.005	[0:0:0:0:0:0:0:1]:50213	admin	200		10.7 ms
14:21:16.008	[0:0:0:0:0:0:0:1]:50215	admin	REQUEST	[GET] /dyrin/ui/css/menuGauche.css
14:21:16.011	[0:0:0:0:0:0:0:1]:50216	admin	REQUEST	[GET] /core/ui/css/tei.css
14:21:16.015	[0:0:0:0:0:0:0:1]:50211	admin	REQUEST	[GET] /core/ui/lib/bootstrap.bundle.min.js
14:21:16.023	[0:0:0:0:0:0:0:1]:50216	admin	200		11.95 ms
14:21:16.024	[0:0:0:0:0:0:0:1]:50212	admin	REQUEST	[GET] /core/ui/css/alignment.css
14:21:16.025	[0:0:0:0:0:0:0:1]:50216	admin	REQUEST	[GET] /dyrin/ui/js/dyrin.js
14:21:16.034	[0:0:0:0:0:0:0:1]:50216	admin	200		9.56 ms
14:21:16.037	[0:0:0:0:0:0:0:1]:50211	admin	200		22.33 ms
14:21:16.039	[0:0:0:0:0:0:0:1]:50212	admin	200		14.95 ms
14:21:16.043	[0:0:0:0:0:0:0:1]:50213	admin	REQUEST	[GET] /core/ui/js/MaxTEI.js
14:21:16.045	[0:0:0:0:0:0:0:1]:50215	admin	200		38.53 ms
14:21:16.052	[0:0:0:0:0:0:0:1]:50214	admin	REQUEST	[GET] /core/ui/js/Plugin.js
14:21:16.054	[0:0:0:0:0:0:0:1]:50216	admin	REQUEST	[GET] /core/ui/images/logos/biblissima.png
14:21:16.057	[0:0:0:0:0:0:0:1]:50215	admin	REQUEST	[GET] /core/ui/images/logos/investissement-davenir.png
14:21:16.063	[0:0:0:0:0:0:0:1]:50216	admin	200		9.07 ms
14:21:16.063	[0:0:0:0:0:0:0:1]:50214	admin	200		10.76 ms
14:21:16.064	[0:0:0:0:0:0:0:1]:50213	admin	200		21.06 ms
14:21:16.085	[0:0:0:0:0:0:0:1]:50215	admin	200		28.84 ms
14:21:16.087	[0:0:0:0:0:0:0:1]:50214	admin	REQUEST	[GET] /core/ui/css/header.css
14:21:16.087	[0:0:0:0:0:0:0:1]:50216	admin	REQUEST	[GET] /core/ui/js/AbstractMax.js
14:21:16.096	[0:0:0:0:0:0:0:1]:50216	admin	200		8.83 ms
14:21:16.096	[0:0:0:0:0:0:0:1]:50214	admin	200		8.89 ms
14:23:52.863	[0:0:0:0:0:0:0:1]:50240	admin	REQUEST	[GET] /dyrin/ui/css/menuGauche.css
14:23:52.894	[0:0:0:0:0:0:0:1]:50240	admin	200		31.23 ms
14:23:52.964	[0:0:0:0:0:0:0:1]:50240	admin	REQUEST	[GET] /dyrin/ui/css/dyrin.css
14:23:52.976	[0:0:0:0:0:0:0:1]:50240	admin	200		12.15 ms
14:23:52.999	[0:0:0:0:0:0:0:1]:50240	admin	REQUEST	[GET] /core/ui/css/tei.css
14:23:53.008	[0:0:0:0:0:0:0:1]:50240	admin	200		8.98 ms
14:23:53.016	[0:0:0:0:0:0:0:1]:50240	admin	REQUEST	[GET] /core/ui/lib/bootstrap.min.css
14:23:53.024	[0:0:0:0:0:0:0:1]:50240	admin	200		8.2 ms
14:23:53.310	[0:0:0:0:0:0:0:1]:50241	admin	REQUEST	[GET] /core/ui/lib/bootstrap.bundle.min.js
14:23:53.322	[0:0:0:0:0:0:0:1]:50242	admin	REQUEST	[GET] /dyrin/doc/macareux_moine.html
14:23:53.322	[0:0:0:0:0:0:0:1]:50241	admin	200		13.08 ms
14:23:53.413	[0:0:0:0:0:0:0:1]:50240	admin	REQUEST	[GET] /core/ui/lib/bootstrap.min.css.map
14:23:53.424	[0:0:0:0:0:0:0:1]:50240	admin	200		10.65 ms
14:23:53.906	[0:0:0:0:0:0:0:1]:50242	admin	200		584.16 ms
14:26:14.553	[0:0:0:0:0:0:0:1]:50254	admin	REQUEST	[GET] /dyrin/mirador/?linkhttps://www.e-rara.ch/i3f/v20/2120014/manifest&canvasId=&canvasIndex=147
14:26:14.586	[0:0:0:0:0:0:0:1]:50254	admin	200		33.65 ms
14:26:14.635	[0:0:0:0:0:0:0:1]:50254	admin	REQUEST	[GET] /plugins/mirador_viewer/max-mirador/MaxMirador.js
14:26:14.646	[0:0:0:0:0:0:0:1]:50254	admin	200		11.57 ms
14:26:14.950	[0:0:0:0:0:0:0:1]:50254	admin	REQUEST	[GET] /favicon.ico
14:26:14.971	[0:0:0:0:0:0:0:1]:50254	admin	200		21.13 ms
14:26:37.207	[0:0:0:0:0:0:0:1]:50254	admin	REQUEST	[GET] /dyrin/mirador/?linkhttps://gallica.bnf.fr/iiif/ark:/12148/bpt6k15135395/manifest.json&canvasId=&canvasIndex=132
14:26:37.258	[0:0:0:0:0:0:0:1]:50254	admin	200		51.58 ms
14:26:37.558	[0:0:0:0:0:0:0:1]:50254	admin	REQUEST	[GET] /favicon.ico
14:26:37.575	[0:0:0:0:0:0:0:1]:50254	admin	200		16.93 ms
14:31:02.743	[0:0:0:0:0:0:0:1]:50280	admin	REQUEST	[GET] /dyrin/index/personnes.html
14:31:02.913	[0:0:0:0:0:0:0:1]:50280	admin	200		170.55 ms
14:31:02.994	[0:0:0:0:0:0:0:1]:50280	admin	REQUEST	[GET] /core/ui/lib/bootstrap.min.css
14:31:03.004	[0:0:0:0:0:0:0:1]:50281	admin	REQUEST	[GET] /dyrin/ui/css/menuGauche.css
14:31:03.005	[0:0:0:0:0:0:0:1]:50280	admin	200		11.89 ms
14:31:03.008	[0:0:0:0:0:0:0:1]:50283	admin	REQUEST	[GET] /core/ui/css/alignment.css
14:31:03.008	[0:0:0:0:0:0:0:1]:50282	admin	REQUEST	[GET] /core/ui/css/tei.css
14:31:03.016	[0:0:0:0:0:0:0:1]:50281	admin	200		12.07 ms
14:31:03.020	[0:0:0:0:0:0:0:1]:50284	admin	REQUEST	[GET] /dyrin/ui/css/dyrin.css
14:31:03.020	[0:0:0:0:0:0:0:1]:50282	admin	200		12.11 ms
14:31:03.023	[0:0:0:0:0:0:0:1]:50282	admin	REQUEST	[GET] /dyrin/ui/js/dyrin.js
14:31:03.031	[0:0:0:0:0:0:0:1]:50284	admin	200		11.49 ms
14:31:03.034	[0:0:0:0:0:0:0:1]:50285	admin	REQUEST	[GET] /core/ui/js/MaxTEI.js
14:31:03.035	[0:0:0:0:0:0:0:1]:50283	admin	200		26.31 ms
14:31:03.039	[0:0:0:0:0:0:0:1]:50281	admin	REQUEST	[GET] /core/ui/lib/bootstrap.bundle.min.js
14:31:03.041	[0:0:0:0:0:0:0:1]:50282	admin	200		18.11 ms
14:31:03.046	[0:0:0:0:0:0:0:1]:50285	admin	200		11.83 ms
14:31:03.053	[0:0:0:0:0:0:0:1]:50281	admin	200		14.56 ms
14:31:03.067	[0:0:0:0:0:0:0:1]:50281	admin	REQUEST	[GET] /core/ui/images/logos/biblissima.png
14:31:03.077	[0:0:0:0:0:0:0:1]:50281	admin	200		9.87 ms
14:31:03.084	[0:0:0:0:0:0:0:1]:50281	admin	REQUEST	[GET] /core/ui/images/logos/investissement-davenir.png
14:31:03.094	[0:0:0:0:0:0:0:1]:50281	admin	200		10.34 ms
14:31:03.205	[0:0:0:0:0:0:0:1]:50281	admin	REQUEST	[GET] /core/ui/js/Plugin.js
14:31:03.209	[0:0:0:0:0:0:0:1]:50284	admin	REQUEST	[GET] /core/ui/css/header.css
14:31:03.210	[0:0:0:0:0:0:0:1]:50285	admin	REQUEST	[GET] /core/ui/js/AbstractMax.js
14:31:03.217	[0:0:0:0:0:0:0:1]:50281	admin	200		12.13 ms
14:31:03.218	[0:0:0:0:0:0:0:1]:50284	admin	200		9.2 ms
14:31:03.219	[0:0:0:0:0:0:0:1]:50285	admin	200		8.96 ms
14:31:03.706	[0:0:0:0:0:0:0:1]:50281	admin	REQUEST	[GET] /core/ui/lib/bootstrap.min.css.map
14:31:03.716	[0:0:0:0:0:0:0:1]:50281	admin	200		10.76 ms
14:31:06.591	[0:0:0:0:0:0:0:1]:50281	admin	REQUEST	[GET] /dyrin/index/auteurs.html
14:31:06.744	[0:0:0:0:0:0:0:1]:50281	admin	200		152.41 ms
14:31:06.843	[0:0:0:0:0:0:0:1]:50281	admin	REQUEST	[GET] /core/ui/lib/bootstrap.min.css
14:31:06.845	[0:0:0:0:0:0:0:1]:50284	admin	REQUEST	[GET] /dyrin/ui/css/menuGauche.css
14:31:06.850	[0:0:0:0:0:0:0:1]:50282	admin	REQUEST	[GET] /core/ui/css/alignment.css
14:31:06.855	[0:0:0:0:0:0:0:1]:50283	admin	REQUEST	[GET] /dyrin/ui/css/dyrin.css
14:31:06.859	[0:0:0:0:0:0:0:1]:50284	admin	200		14.29 ms
14:31:06.859	[0:0:0:0:0:0:0:1]:50282	admin	200		8.97 ms
14:31:06.862	[0:0:0:0:0:0:0:1]:50280	admin	REQUEST	[GET] /core/ui/lib/bootstrap.bundle.min.js
14:31:06.863	[0:0:0:0:0:0:0:1]:50282	admin	REQUEST	[GET] /dyrin/ui/js/dyrin.js
14:31:06.865	[0:0:0:0:0:0:0:1]:50283	admin	200		9.94 ms
14:31:06.867	[0:0:0:0:0:0:0:1]:50284	admin	REQUEST	[GET] /core/ui/js/MaxTEI.js
14:31:06.874	[0:0:0:0:0:0:0:1]:50280	admin	200		12.81 ms
14:31:06.875	[0:0:0:0:0:0:0:1]:50284	admin	200		8.91 ms
14:31:06.879	[0:0:0:0:0:0:0:1]:50285	admin	REQUEST	[GET] /core/ui/css/tei.css
14:31:06.879	[0:0:0:0:0:0:0:1]:50281	admin	200		36.58 ms
14:31:06.890	[0:0:0:0:0:0:0:1]:50282	admin	200		27.07 ms
14:31:06.894	[0:0:0:0:0:0:0:1]:50285	admin	200		14.54 ms
14:31:06.896	[0:0:0:0:0:0:0:1]:50281	admin	REQUEST	[GET] /core/ui/images/logos/biblissima.png
14:31:06.896	[0:0:0:0:0:0:0:1]:50283	admin	REQUEST	[GET] /core/ui/images/logos/investissement-davenir.png
14:31:06.906	[0:0:0:0:0:0:0:1]:50281	admin	200		10.21 ms
14:31:06.907	[0:0:0:0:0:0:0:1]:50283	admin	200		11.16 ms
14:31:07.008	[0:0:0:0:0:0:0:1]:50281	admin	REQUEST	[GET] /core/ui/js/Plugin.js
14:31:07.012	[0:0:0:0:0:0:0:1]:50283	admin	REQUEST	[GET] /core/ui/js/AbstractMax.js
14:31:07.015	[0:0:0:0:0:0:0:1]:50284	admin	REQUEST	[GET] /core/ui/css/header.css
14:31:07.020	[0:0:0:0:0:0:0:1]:50281	admin	200		12.61 ms
14:31:07.024	[0:0:0:0:0:0:0:1]:50283	admin	200		12.37 ms
14:31:07.024	[0:0:0:0:0:0:0:1]:50284	admin	200		8.95 ms
14:31:07.443	[0:0:0:0:0:0:0:1]:50281	admin	REQUEST	[GET] /core/ui/lib/bootstrap.min.css.map
14:31:07.449	[0:0:0:0:0:0:0:1]:50281	admin	200		7.12 ms
14:31:09.001	[0:0:0:0:0:0:0:1]:50281	admin	REQUEST	[GET] /dyrin/index/artistes.html
14:31:09.159	[0:0:0:0:0:0:0:1]:50281	admin	200		158.94 ms
14:31:09.239	[0:0:0:0:0:0:0:1]:50281	admin	REQUEST	[GET] /core/ui/lib/bootstrap.min.css
14:31:09.246	[0:0:0:0:0:0:0:1]:50283	admin	REQUEST	[GET] /dyrin/ui/css/menuGauche.css
14:31:09.250	[0:0:0:0:0:0:0:1]:50281	admin	200		11.45 ms
14:31:09.252	[0:0:0:0:0:0:0:1]:50284	admin	REQUEST	[GET] /core/ui/css/tei.css
14:31:09.257	[0:0:0:0:0:0:0:1]:50285	admin	REQUEST	[GET] /core/ui/css/alignment.css
14:31:09.263	[0:0:0:0:0:0:0:1]:50284	admin	200		10.88 ms
14:31:09.265	[0:0:0:0:0:0:0:1]:50282	admin	REQUEST	[GET] /dyrin/ui/css/dyrin.css
14:31:09.279	[0:0:0:0:0:0:0:1]:50281	admin	REQUEST	[GET] /dyrin/ui/js/dyrin.js
14:31:09.280	[0:0:0:0:0:0:0:1]:50283	admin	200		33.9 ms
14:31:09.281	[0:0:0:0:0:0:0:1]:50284	admin	REQUEST	[GET] /core/ui/lib/bootstrap.bundle.min.js
14:31:09.281	[0:0:0:0:0:0:0:1]:50280	admin	REQUEST	[GET] /core/ui/js/MaxTEI.js
14:31:09.284	[0:0:0:0:0:0:0:1]:50285	admin	200		26.56 ms
14:31:09.290	[0:0:0:0:0:0:0:1]:50282	admin	200		24.96 ms
14:31:09.290	[0:0:0:0:0:0:0:1]:50280	admin	200		8.65 ms
14:31:09.291	[0:0:0:0:0:0:0:1]:50285	admin	REQUEST	[GET] /core/ui/images/logos/investissement-davenir.png
14:31:09.291	[0:0:0:0:0:0:0:1]:50283	admin	REQUEST	[GET] /core/ui/images/logos/biblissima.png
14:31:09.300	[0:0:0:0:0:0:0:1]:50285	admin	200		9.33 ms
14:31:09.300	[0:0:0:0:0:0:0:1]:50283	admin	200		9.34 ms
14:31:09.303	[0:0:0:0:0:0:0:1]:50281	admin	200		24.57 ms
14:31:09.305	[0:0:0:0:0:0:0:1]:50284	admin	200		24.38 ms
14:31:09.419	[0:0:0:0:0:0:0:1]:50281	admin	REQUEST	[GET] /core/ui/css/header.css
14:31:09.421	[0:0:0:0:0:0:0:1]:50284	admin	REQUEST	[GET] /core/ui/js/Plugin.js
14:31:09.423	[0:0:0:0:0:0:0:1]:50283	admin	REQUEST	[GET] /core/ui/js/AbstractMax.js
14:31:09.429	[0:0:0:0:0:0:0:1]:50284	admin	200		8.8 ms
14:31:09.431	[0:0:0:0:0:0:0:1]:50281	admin	200		11.43 ms
14:31:09.435	[0:0:0:0:0:0:0:1]:50283	admin	200		12.07 ms
14:31:09.735	[0:0:0:0:0:0:0:1]:50281	admin	REQUEST	[GET] /core/ui/lib/bootstrap.min.css.map
14:31:09.742	[0:0:0:0:0:0:0:1]:50281	admin	200		7.8 ms
14:33:47.276	[0:0:0:0:0:0:0:1]:50304	admin	REQUEST	[GET] /dyrin/index/personnes.html
14:33:47.442	[0:0:0:0:0:0:0:1]:50304	admin	200		166.13 ms
14:33:47.510	[0:0:0:0:0:0:0:1]:50304	admin	REQUEST	[GET] /core/ui/lib/bootstrap.min.css
14:33:47.512	[0:0:0:0:0:0:0:1]:50305	admin	REQUEST	[GET] /dyrin/ui/css/menuGauche.css
14:33:47.520	[0:0:0:0:0:0:0:1]:50304	admin	200		9.94 ms
14:33:47.523	[0:0:0:0:0:0:0:1]:50306	admin	REQUEST	[GET] /core/ui/css/tei.css
14:33:47.523	[0:0:0:0:0:0:0:1]:50307	admin	REQUEST	[GET] /core/ui/css/alignment.css
14:33:47.525	[0:0:0:0:0:0:0:1]:50305	admin	200		13.01 ms
14:33:47.530	[0:0:0:0:0:0:0:1]:50305	admin	REQUEST	[GET] /core/ui/lib/bootstrap.bundle.min.js
14:33:47.531	[0:0:0:0:0:0:0:1]:50308	admin	REQUEST	[GET] /dyrin/ui/css/dyrin.css
14:33:47.539	[0:0:0:0:0:0:0:1]:50306	admin	200		17.12 ms
14:33:47.540	[0:0:0:0:0:0:0:1]:50305	admin	200		9.8 ms
14:33:47.540	[0:0:0:0:0:0:0:1]:50307	admin	200		16.93 ms
14:33:47.542	[0:0:0:0:0:0:0:1]:50309	admin	REQUEST	[GET] /core/ui/js/MaxTEI.js
14:33:47.544	[0:0:0:0:0:0:0:1]:50308	admin	200		14.69 ms
14:33:47.551	[0:0:0:0:0:0:0:1]:50309	admin	200		9.32 ms
14:33:47.553	[0:0:0:0:0:0:0:1]:50305	admin	REQUEST	[GET] /dyrin/ui/js/dyrin.js
14:33:47.561	[0:0:0:0:0:0:0:1]:50305	admin	200		8.95 ms
14:33:47.623	[0:0:0:0:0:0:0:1]:50305	admin	REQUEST	[GET] /core/ui/images/logos/biblissima.png
14:33:47.624	[0:0:0:0:0:0:0:1]:50308	admin	REQUEST	[GET] /core/ui/images/logos/investissement-davenir.png
14:33:47.632	[0:0:0:0:0:0:0:1]:50305	admin	200		8.84 ms
14:33:47.632	[0:0:0:0:0:0:0:1]:50308	admin	200		8.43 ms
14:33:47.660	[0:0:0:0:0:0:0:1]:50305	admin	REQUEST	[GET] /core/ui/css/header.css
14:33:47.661	[0:0:0:0:0:0:0:1]:50308	admin	REQUEST	[GET] /core/ui/js/AbstractMax.js
14:33:47.662	[0:0:0:0:0:0:0:1]:50309	admin	REQUEST	[GET] /core/ui/js/Plugin.js
14:33:47.672	[0:0:0:0:0:0:0:1]:50308	admin	200		11.07 ms
14:33:47.673	[0:0:0:0:0:0:0:1]:50309	admin	200		10.78 ms
14:33:47.678	[0:0:0:0:0:0:0:1]:50305	admin	200		18.5 ms
14:33:48.011	[0:0:0:0:0:0:0:1]:50305	admin	REQUEST	[GET] /core/ui/lib/bootstrap.min.css.map
14:33:48.017	[0:0:0:0:0:0:0:1]:50305	admin	200		6.29 ms
14:37:13.932	[0:0:0:0:0:0:0:1]:50316	admin	REQUEST	[GET] /dyrin/index/zoonymes.html
14:37:14.107	[0:0:0:0:0:0:0:1]:50316	admin	200		174.57 ms
14:37:14.193	[0:0:0:0:0:0:0:1]:50316	admin	REQUEST	[GET] /core/ui/lib/bootstrap.min.css
14:37:14.196	[0:0:0:0:0:0:0:1]:50317	admin	REQUEST	[GET] /dyrin/ui/css/menuGauche.css
14:37:14.196	[0:0:0:0:0:0:0:1]:50318	admin	REQUEST	[GET] /core/ui/css/tei.css
14:37:14.207	[0:0:0:0:0:0:0:1]:50316	admin	200		14.45 ms
14:37:14.212	[0:0:0:0:0:0:0:1]:50317	admin	200		16.75 ms
14:37:14.214	[0:0:0:0:0:0:0:1]:50321	admin	REQUEST	[GET] /core/ui/lib/bootstrap.bundle.min.js
14:37:14.215	[0:0:0:0:0:0:0:1]:50318	admin	200		19.25 ms
14:37:14.223	[0:0:0:0:0:0:0:1]:50316	admin	REQUEST	[GET] /core/ui/js/MaxTEI.js
14:37:14.225	[0:0:0:0:0:0:0:1]:50317	admin	REQUEST	[GET] /dyrin/ui/js/dyrin.js
14:37:14.225	[0:0:0:0:0:0:0:1]:50319	admin	REQUEST	[GET] /dyrin/ui/css/dyrin.css
14:37:14.230	[0:0:0:0:0:0:0:1]:50321	admin	200		16.16 ms
14:37:14.233	[0:0:0:0:0:0:0:1]:50317	admin	200		8.44 ms
14:37:14.245	[0:0:0:0:0:0:0:1]:50320	admin	REQUEST	[GET] /core/ui/css/alignment.css
14:37:14.255	[0:0:0:0:0:0:0:1]:50316	admin	200		32.11 ms
14:37:14.258	[0:0:0:0:0:0:0:1]:50320	admin	200		12.68 ms
14:37:14.260	[0:0:0:0:0:0:0:1]:50319	admin	200		35.99 ms
14:37:14.273	[0:0:0:0:0:0:0:1]:50321	admin	REQUEST	[GET] /core/ui/images/logos/biblissima.png
14:37:14.273	[0:0:0:0:0:0:0:1]:50318	admin	REQUEST	[GET] /core/ui/images/logos/investissement-davenir.png
14:37:14.282	[0:0:0:0:0:0:0:1]:50321	admin	200		9.7 ms
14:37:14.282	[0:0:0:0:0:0:0:1]:50318	admin	200		8.86 ms
14:37:14.366	[0:0:0:0:0:0:0:1]:50321	admin	REQUEST	[GET] /core/ui/js/Plugin.js
14:37:14.376	[0:0:0:0:0:0:0:1]:50321	admin	200		9.6 ms
14:37:14.377	[0:0:0:0:0:0:0:1]:50321	admin	REQUEST	[GET] /core/ui/css/header.css
14:37:14.379	[0:0:0:0:0:0:0:1]:50318	admin	REQUEST	[GET] /core/ui/js/AbstractMax.js
14:37:14.390	[0:0:0:0:0:0:0:1]:50318	admin	200		11.21 ms
14:37:14.395	[0:0:0:0:0:0:0:1]:50321	admin	200		18.36 ms
14:37:14.761	[0:0:0:0:0:0:0:1]:50321	admin	REQUEST	[GET] /core/ui/lib/bootstrap.min.css.map
14:37:14.770	[0:0:0:0:0:0:0:1]:50321	admin	200		9.62 ms
14:40:42.943	[0:0:0:0:0:0:0:1]:50329	admin	REQUEST	[GET] /dyrin/index/themes.html
14:40:43.091	[0:0:0:0:0:0:0:1]:50329	admin	200		147.88 ms
14:40:43.165	[0:0:0:0:0:0:0:1]:50329	admin	REQUEST	[GET] /core/ui/lib/bootstrap.min.css
14:40:43.167	[0:0:0:0:0:0:0:1]:50330	admin	REQUEST	[GET] /dyrin/ui/css/menuGauche.css
14:40:43.177	[0:0:0:0:0:0:0:1]:50329	admin	200		11.67 ms
14:40:43.177	[0:0:0:0:0:0:0:1]:50331	admin	REQUEST	[GET] /core/ui/css/alignment.css
14:40:43.179	[0:0:0:0:0:0:0:1]:50330	admin	200		12.4 ms
14:40:43.182	[0:0:0:0:0:0:0:1]:50333	admin	REQUEST	[GET] /dyrin/ui/css/dyrin.css
14:40:43.190	[0:0:0:0:0:0:0:1]:50331	admin	200		13.44 ms
14:40:43.192	[0:0:0:0:0:0:0:1]:50330	admin	REQUEST	[GET] /core/ui/js/MaxTEI.js
14:40:43.193	[0:0:0:0:0:0:0:1]:50333	admin	200		10.95 ms
14:40:43.194	[0:0:0:0:0:0:0:1]:50331	admin	REQUEST	[GET] /dyrin/ui/js/dyrin.js
14:40:43.195	[0:0:0:0:0:0:0:1]:50334	admin	REQUEST	[GET] /core/ui/lib/bootstrap.bundle.min.js
14:40:43.204	[0:0:0:0:0:0:0:1]:50334	admin	200		9.36 ms
14:40:43.204	[0:0:0:0:0:0:0:1]:50330	admin	200		12.38 ms
14:40:43.204	[0:0:0:0:0:0:0:1]:50331	admin	200		10.3 ms
14:40:43.207	[0:0:0:0:0:0:0:1]:50332	admin	REQUEST	[GET] /core/ui/css/tei.css
14:40:43.221	[0:0:0:0:0:0:0:1]:50332	admin	200		14.11 ms
14:40:43.234	[0:0:0:0:0:0:0:1]:50334	admin	REQUEST	[GET] /core/ui/images/logos/biblissima.png
14:40:43.240	[0:0:0:0:0:0:0:1]:50333	admin	REQUEST	[GET] /core/ui/images/logos/investissement-davenir.png
14:40:43.247	[0:0:0:0:0:0:0:1]:50334	admin	200		13.97 ms
14:40:43.254	[0:0:0:0:0:0:0:1]:50333	admin	200		14.07 ms
14:40:43.314	[0:0:0:0:0:0:0:1]:50334	admin	REQUEST	[GET] /core/ui/js/Plugin.js
14:40:43.321	[0:0:0:0:0:0:0:1]:50334	admin	200		7.09 ms
14:40:43.323	[0:0:0:0:0:0:0:1]:50334	admin	REQUEST	[GET] /core/ui/js/AbstractMax.js
14:40:43.325	[0:0:0:0:0:0:0:1]:50333	admin	REQUEST	[GET] /core/ui/css/header.css
14:40:43.333	[0:0:0:0:0:0:0:1]:50334	admin	200		10.21 ms
14:40:43.333	[0:0:0:0:0:0:0:1]:50333	admin	200		8.89 ms
14:40:43.680	[0:0:0:0:0:0:0:1]:50334	admin	REQUEST	[GET] /core/ui/lib/bootstrap.min.css.map
14:40:43.690	[0:0:0:0:0:0:0:1]:50334	admin	200		10.22 ms
14:46:10.862	[0:0:0:0:0:0:0:1]:50339	admin	REQUEST	[GET] /dyrin/index/personnes.html
14:46:10.999	[0:0:0:0:0:0:0:1]:50339	admin	200		137.9 ms
14:46:11.079	[0:0:0:0:0:0:0:1]:50339	admin	REQUEST	[GET] /core/ui/lib/bootstrap.min.css
14:46:11.085	[0:0:0:0:0:0:0:1]:50340	admin	REQUEST	[GET] /dyrin/ui/css/menuGauche.css
14:46:11.088	[0:0:0:0:0:0:0:1]:50342	admin	REQUEST	[GET] /core/ui/css/alignment.css
14:46:11.092	[0:0:0:0:0:0:0:1]:50339	admin	200		12.97 ms
14:46:11.097	[0:0:0:0:0:0:0:1]:50342	admin	200		9.82 ms
14:46:11.099	[0:0:0:0:0:0:0:1]:50341	admin	REQUEST	[GET] /core/ui/css/tei.css
14:46:11.107	[0:0:0:0:0:0:0:1]:50339	admin	REQUEST	[GET] /core/ui/js/MaxTEI.js
14:46:11.108	[0:0:0:0:0:0:0:1]:50343	admin	REQUEST	[GET] /dyrin/ui/css/dyrin.css
14:46:11.110	[0:0:0:0:0:0:0:1]:50344	admin	REQUEST	[GET] /core/ui/lib/bootstrap.bundle.min.js
14:46:11.121	[0:0:0:0:0:0:0:1]:50341	admin	200		21.92 ms
14:46:11.121	[0:0:0:0:0:0:0:1]:50343	admin	200		12.91 ms
14:46:11.121	[0:0:0:0:0:0:0:1]:50344	admin	200		11.7 ms
14:46:11.125	[0:0:0:0:0:0:0:1]:50340	admin	200		41.5 ms
14:46:11.128	[0:0:0:0:0:0:0:1]:50343	admin	REQUEST	[GET] /dyrin/ui/js/dyrin.js
14:46:11.128	[0:0:0:0:0:0:0:1]:50339	admin	200		23.07 ms
14:46:11.138	[0:0:0:0:0:0:0:1]:50344	admin	REQUEST	[GET] /core/ui/images/logos/biblissima.png
14:46:11.138	[0:0:0:0:0:0:0:1]:50341	admin	REQUEST	[GET] /core/ui/images/logos/investissement-davenir.png
14:46:11.145	[0:0:0:0:0:0:0:1]:50343	admin	200		18.48 ms
14:46:11.146	[0:0:0:0:0:0:0:1]:50344	admin	200		8.39 ms
14:46:11.151	[0:0:0:0:0:0:0:1]:50341	admin	200		13.35 ms
14:46:11.250	[0:0:0:0:0:0:0:1]:50344	admin	REQUEST	[GET] /core/ui/js/Plugin.js
14:46:11.254	[0:0:0:0:0:0:0:1]:50341	admin	REQUEST	[GET] /core/ui/css/header.css
14:46:11.260	[0:0:0:0:0:0:0:1]:50344	admin	200		9.94 ms
14:46:11.262	[0:0:0:0:0:0:0:1]:50344	admin	REQUEST	[GET] /core/ui/js/AbstractMax.js
14:46:11.263	[0:0:0:0:0:0:0:1]:50341	admin	200		9.25 ms
14:46:11.274	[0:0:0:0:0:0:0:1]:50344	admin	200		11.76 ms
14:46:11.624	[0:0:0:0:0:0:0:1]:50344	admin	REQUEST	[GET] /core/ui/lib/bootstrap.min.css.map
14:46:11.633	[0:0:0:0:0:0:0:1]:50344	admin	200		9.25 ms
14:46:14.429	[0:0:0:0:0:0:0:1]:50344	admin	REQUEST	[GET] /dyrin/index/themes.html
14:46:14.563	[0:0:0:0:0:0:0:1]:50344	admin	200		134.24 ms
14:46:14.626	[0:0:0:0:0:0:0:1]:50344	admin	REQUEST	[GET] /core/ui/lib/bootstrap.min.css
14:46:14.639	[0:0:0:0:0:0:0:1]:50341	admin	REQUEST	[GET] /dyrin/ui/css/menuGauche.css
14:46:14.637	[0:0:0:0:0:0:0:1]:50344	admin	200		13.4 ms
14:46:14.640	[0:0:0:0:0:0:0:1]:50343	admin	REQUEST	[GET] /core/ui/css/tei.css
14:46:14.638	[0:0:0:0:0:0:0:1]:50340	admin	REQUEST	[GET] /core/ui/css/alignment.css
14:46:14.661	[0:0:0:0:0:0:0:1]:50339	admin	REQUEST	[GET] /core/ui/js/MaxTEI.js
14:46:14.662	[0:0:0:0:0:0:0:1]:50344	admin	REQUEST	[GET] /dyrin/ui/css/dyrin.css
14:46:14.665	[0:0:0:0:0:0:0:1]:50342	admin	REQUEST	[GET] /core/ui/lib/bootstrap.bundle.min.js
14:46:14.666	[0:0:0:0:0:0:0:1]:50341	admin	200		32.59 ms
14:46:14.672	[0:0:0:0:0:0:0:1]:50339	admin	200		11.4 ms
14:46:14.675	[0:0:0:0:0:0:0:1]:50341	admin	REQUEST	[GET] /dyrin/ui/js/dyrin.js
14:46:14.684	[0:0:0:0:0:0:0:1]:50344	admin	200		21.44 ms
14:46:14.685	[0:0:0:0:0:0:0:1]:50342	admin	200		19.97 ms
14:46:14.690	[0:0:0:0:0:0:0:1]:50340	admin	200		51.82 ms
14:46:14.692	[0:0:0:0:0:0:0:1]:50343	admin	200		51.91 ms
14:46:14.701	[0:0:0:0:0:0:0:1]:50341	admin	200		26.22 ms
14:46:14.742	[0:0:0:0:0:0:0:1]:50344	admin	REQUEST	[GET] /core/ui/images/logos/biblissima.png
14:46:14.744	[0:0:0:0:0:0:0:1]:50342	admin	REQUEST	[GET] /core/ui/images/logos/investissement-davenir.png
14:46:14.750	[0:0:0:0:0:0:0:1]:50344	admin	200		8.83 ms
14:46:14.757	[0:0:0:0:0:0:0:1]:50342	admin	200		13.1 ms
14:46:14.773	[0:0:0:0:0:0:0:1]:50344	admin	REQUEST	[GET] /core/ui/js/Plugin.js
14:46:14.780	[0:0:0:0:0:0:0:1]:50342	admin	REQUEST	[GET] /core/ui/js/AbstractMax.js
14:46:14.782	[0:0:0:0:0:0:0:1]:50344	admin	200		9.17 ms
14:46:14.784	[0:0:0:0:0:0:0:1]:50341	admin	REQUEST	[GET] /core/ui/css/header.css
14:46:14.791	[0:0:0:0:0:0:0:1]:50342	admin	200		10.87 ms
14:46:14.792	[0:0:0:0:0:0:0:1]:50341	admin	200		8.45 ms
14:46:15.145	[0:0:0:0:0:0:0:1]:50344	admin	REQUEST	[GET] /core/ui/lib/bootstrap.min.css.map
14:46:15.152	[0:0:0:0:0:0:0:1]:50344	admin	200		6.74 ms
14:46:17.229	[0:0:0:0:0:0:0:1]:50344	admin	REQUEST	[GET] /dyrin/index/zoonymes.html
14:46:17.363	[0:0:0:0:0:0:0:1]:50344	admin	200		134.16 ms
14:46:17.430	[0:0:0:0:0:0:0:1]:50344	admin	REQUEST	[GET] /core/ui/lib/bootstrap.min.css
14:46:17.438	[0:0:0:0:0:0:0:1]:50342	admin	REQUEST	[GET] /dyrin/ui/css/menuGauche.css
14:46:17.444	[0:0:0:0:0:0:0:1]:50339	admin	REQUEST	[GET] /core/ui/lib/bootstrap.bundle.min.js
14:46:17.445	[0:0:0:0:0:0:0:1]:50344	admin	200		14.31 ms
14:46:17.453	[0:0:0:0:0:0:0:1]:50344	admin	REQUEST	[GET] /core/ui/js/MaxTEI.js
14:46:17.456	[0:0:0:0:0:0:0:1]:50339	admin	200		11.56 ms
14:46:17.458	[0:0:0:0:0:0:0:1]:50342	admin	200		19.79 ms
14:46:17.459	[0:0:0:0:0:0:0:1]:50339	admin	REQUEST	[GET] /dyrin/ui/js/dyrin.js
14:46:17.472	[0:0:0:0:0:0:0:1]:50341	admin	REQUEST	[GET] /core/ui/css/tei.css
14:46:17.473	[0:0:0:0:0:0:0:1]:50344	admin	200		20.24 ms
14:46:17.479	[0:0:0:0:0:0:0:1]:50340	admin	REQUEST	[GET] /dyrin/ui/css/dyrin.css
14:46:17.486	[0:0:0:0:0:0:0:1]:50341	admin	200		14.67 ms
14:46:17.487	[0:0:0:0:0:0:0:1]:50343	admin	REQUEST	[GET] /core/ui/css/alignment.css
14:46:17.489	[0:0:0:0:0:0:0:1]:50340	admin	200		10.12 ms
14:46:17.496	[0:0:0:0:0:0:0:1]:50343	admin	200		8.87 ms
14:46:17.520	[0:0:0:0:0:0:0:1]:50339	admin	200		60.67 ms
14:46:17.525	[0:0:0:0:0:0:0:1]:50344	admin	REQUEST	[GET] /core/ui/images/logos/biblissima.png
14:46:17.526	[0:0:0:0:0:0:0:1]:50342	admin	REQUEST	[GET] /core/ui/images/logos/investissement-davenir.png
14:46:17.534	[0:0:0:0:0:0:0:1]:50342	admin	200		8.65 ms
14:46:17.546	[0:0:0:0:0:0:0:1]:50344	admin	200		20.84 ms
14:46:17.560	[0:0:0:0:0:0:0:1]:50344	admin	REQUEST	[GET] /core/ui/js/Plugin.js
14:46:17.570	[0:0:0:0:0:0:0:1]:50344	admin	200		9.98 ms
14:46:17.575	[0:0:0:0:0:0:0:1]:50344	admin	REQUEST	[GET] /core/ui/js/AbstractMax.js
14:46:17.580	[0:0:0:0:0:0:0:1]:50342	admin	REQUEST	[GET] /core/ui/css/header.css
14:46:17.584	[0:0:0:0:0:0:0:1]:50344	admin	200		9.19 ms
14:46:17.592	[0:0:0:0:0:0:0:1]:50342	admin	200		11.62 ms
14:46:17.947	[0:0:0:0:0:0:0:1]:50344	admin	REQUEST	[GET] /core/ui/lib/bootstrap.min.css.map
14:46:17.959	[0:0:0:0:0:0:0:1]:50344	admin	200		11.61 ms
14:46:44.869	[0:0:0:0:0:0:0:1]:50344	admin	REQUEST	[GET] /dyrin/index/lieux.html
14:46:45.009	[0:0:0:0:0:0:0:1]:50344	admin	200		140.17 ms
14:46:45.078	[0:0:0:0:0:0:0:1]:50344	admin	REQUEST	[GET] /core/ui/lib/bootstrap.min.css
14:46:45.080	[0:0:0:0:0:0:0:1]:50342	admin	REQUEST	[GET] /dyrin/ui/css/menuGauche.css
14:46:45.080	[0:0:0:0:0:0:0:1]:50341	admin	REQUEST	[GET] /core/ui/css/tei.css
14:46:45.087	[0:0:0:0:0:0:0:1]:50343	admin	REQUEST	[GET] /core/ui/css/alignment.css
14:46:45.087	[0:0:0:0:0:0:0:1]:50342	admin	200		7.92 ms
14:46:45.088	[0:0:0:0:0:0:0:1]:50344	admin	200		10.0 ms
14:46:45.090	[0:0:0:0:0:0:0:1]:50341	admin	200		10.03 ms
14:46:45.091	[0:0:0:0:0:0:0:1]:50340	admin	REQUEST	[GET] /dyrin/ui/css/dyrin.css
14:46:45.093	[0:0:0:0:0:0:0:1]:50339	admin	REQUEST	[GET] /core/ui/lib/bootstrap.bundle.min.js
14:46:45.098	[0:0:0:0:0:0:0:1]:50340	admin	200		7.33 ms
14:46:45.100	[0:0:0:0:0:0:0:1]:50342	admin	REQUEST	[GET] /dyrin/ui/js/dyrin.js
14:46:45.101	[0:0:0:0:0:0:0:1]:50339	admin	200		8.45 ms
14:46:45.104	[0:0:0:0:0:0:0:1]:50341	admin	REQUEST	[GET] /core/ui/js/MaxTEI.js
14:46:45.098	[0:0:0:0:0:0:0:1]:50343	admin	200		11.72 ms
14:46:45.114	[0:0:0:0:0:0:0:1]:50342	admin	200		14.2 ms
14:46:45.114	[0:0:0:0:0:0:0:1]:50341	admin	200		9.81 ms
14:46:45.177	[0:0:0:0:0:0:0:1]:50344	admin	REQUEST	[GET] /core/ui/images/logos/biblissima.png
14:46:45.179	[0:0:0:0:0:0:0:1]:50342	admin	REQUEST	[GET] /core/ui/images/logos/investissement-davenir.png
14:46:45.186	[0:0:0:0:0:0:0:1]:50344	admin	200		9.34 ms
14:46:45.187	[0:0:0:0:0:0:0:1]:50342	admin	200		8.32 ms
14:46:45.212	[0:0:0:0:0:0:0:1]:50344	admin	REQUEST	[GET] /core/ui/css/header.css
14:46:45.216	[0:0:0:0:0:0:0:1]:50342	admin	REQUEST	[GET] /core/ui/js/AbstractMax.js
14:46:45.217	[0:0:0:0:0:0:0:1]:50341	admin	REQUEST	[GET] /core/ui/js/Plugin.js
14:46:45.219	[0:0:0:0:0:0:0:1]:50344	admin	200		7.37 ms
14:46:45.226	[0:0:0:0:0:0:0:1]:50341	admin	200		9.35 ms
14:46:45.228	[0:0:0:0:0:0:0:1]:50342	admin	200		12.67 ms
14:46:45.553	[0:0:0:0:0:0:0:1]:50344	admin	REQUEST	[GET] /core/ui/lib/bootstrap.min.css.map
14:46:45.559	[0:0:0:0:0:0:0:1]:50344	admin	200		6.13 ms
16:18:06.890	[0:0:0:0:0:0:0:1]:50559	admin	REQUEST	[GET] /dyrin/index/auteurs.html
16:18:07.031	[0:0:0:0:0:0:0:1]:50559	admin	200		141.38 ms
16:18:07.103	[0:0:0:0:0:0:0:1]:50559	admin	REQUEST	[GET] /core/ui/lib/bootstrap.min.css
16:18:07.105	[0:0:0:0:0:0:0:1]:50560	admin	REQUEST	[GET] /dyrin/ui/css/menuGauche.css
16:18:07.114	[0:0:0:0:0:0:0:1]:50559	admin	200		11.03 ms
16:18:07.115	[0:0:0:0:0:0:0:1]:50560	admin	200		11.0 ms
16:18:07.117	[0:0:0:0:0:0:0:1]:50561	admin	REQUEST	[GET] /core/ui/css/alignment.css
16:18:07.118	[0:0:0:0:0:0:0:1]:50562	admin	REQUEST	[GET] /core/ui/css/tei.css
16:18:07.126	[0:0:0:0:0:0:0:1]:50562	admin	200		8.9 ms
16:18:07.131	[0:0:0:0:0:0:0:1]:50561	admin	200		14.16 ms
16:18:07.132	[0:0:0:0:0:0:0:1]:50563	admin	REQUEST	[GET] /core/ui/lib/bootstrap.bundle.min.js
16:18:07.136	[0:0:0:0:0:0:0:1]:50560	admin	REQUEST	[GET] /dyrin/ui/css/dyrin.css
16:18:07.146	[0:0:0:0:0:0:0:1]:50562	admin	REQUEST	[GET] /core/ui/js/MaxTEI.js
16:18:07.146	[0:0:0:0:0:0:0:1]:50560	admin	200		10.57 ms
16:18:07.147	[0:0:0:0:0:0:0:1]:50563	admin	200		14.86 ms
16:18:07.148	[0:0:0:0:0:0:0:1]:50561	admin	REQUEST	[GET] /dyrin/ui/js/dyrin.js
16:18:07.161	[0:0:0:0:0:0:0:1]:50561	admin	200		13.06 ms
16:18:07.171	[0:0:0:0:0:0:0:1]:50563	admin	REQUEST	[GET] /core/ui/images/logos/biblissima.png
16:18:07.172	[0:0:0:0:0:0:0:1]:50560	admin	REQUEST	[GET] /core/ui/images/logos/investissement-davenir.png
16:18:07.181	[0:0:0:0:0:0:0:1]:50563	admin	200		9.9 ms
16:18:07.183	[0:0:0:0:0:0:0:1]:50560	admin	200		11.03 ms
16:18:07.200	[0:0:0:0:0:0:0:1]:50562	admin	200		54.73 ms
16:18:07.287	[0:0:0:0:0:0:0:1]:50563	admin	REQUEST	[GET] /core/ui/css/header.css
16:18:07.288	[0:0:0:0:0:0:0:1]:50560	admin	REQUEST	[GET] /core/ui/js/Plugin.js
16:18:07.291	[0:0:0:0:0:0:0:1]:50562	admin	REQUEST	[GET] /core/ui/js/AbstractMax.js
16:18:07.298	[0:0:0:0:0:0:0:1]:50560	admin	200		9.65 ms
16:18:07.300	[0:0:0:0:0:0:0:1]:50563	admin	200		13.33 ms
16:18:07.306	[0:0:0:0:0:0:0:1]:50562	admin	200		14.64 ms
16:18:07.705	[0:0:0:0:0:0:0:1]:50563	admin	REQUEST	[GET] /core/ui/lib/bootstrap.min.css.map
16:18:07.714	[0:0:0:0:0:0:0:1]:50563	admin	200		8.9 ms
16:31:16.091	[0:0:0:0:0:0:0:1]:50636	admin	REQUEST	[GET] /dyrin/accueil.html
16:31:16.281	[0:0:0:0:0:0:0:1]:50636	admin	200		191.02 ms
16:31:16.344	[0:0:0:0:0:0:0:1]:50636	admin	REQUEST	[GET] /core/ui/lib/bootstrap.min.css
16:31:16.355	[0:0:0:0:0:0:0:1]:50639	admin	REQUEST	[GET] /core/ui/css/tei.css
16:31:16.358	[0:0:0:0:0:0:0:1]:50640	admin	REQUEST	[GET] /dyrin/ui/css/menuGauche.css
16:31:16.360	[0:0:0:0:0:0:0:1]:50641	admin	REQUEST	[GET] /core/ui/lib/bootstrap.bundle.min.js
16:31:16.364	[0:0:0:0:0:0:0:1]:50639	admin	200		9.05 ms
16:31:16.379	[0:0:0:0:0:0:0:1]:50639	admin	REQUEST	[GET] /core/ui/js/MaxTEI.js
16:31:16.383	[0:0:0:0:0:0:0:1]:50640	admin	200		24.66 ms
16:31:16.396	[0:0:0:0:0:0:0:1]:50640	admin	REQUEST	[GET] /dyrin/ui/js/dyrin.js
16:31:16.399	[0:0:0:0:0:0:0:1]:50636	admin	200		55.6 ms
16:31:16.401	[0:0:0:0:0:0:0:1]:50641	admin	200		41.16 ms
16:31:16.406	[0:0:0:0:0:0:0:1]:50640	admin	200		9.8 ms
16:31:16.407	[0:0:0:0:0:0:0:1]:50638	admin	REQUEST	[GET] /core/ui/css/alignment.css
16:31:16.410	[0:0:0:0:0:0:0:1]:50639	admin	200		30.93 ms
16:31:16.416	[0:0:0:0:0:0:0:1]:50638	admin	200		9.14 ms
16:31:16.416	[0:0:0:0:0:0:0:1]:50637	admin	REQUEST	[GET] /dyrin/ui/css/dyrin.css
16:31:16.427	[0:0:0:0:0:0:0:1]:50637	admin	200		14.78 ms
16:31:16.473	[0:0:0:0:0:0:0:1]:50641	admin	REQUEST	[GET] /core/ui/images/logos/biblissima.png
16:31:16.477	[0:0:0:0:0:0:0:1]:50637	admin	REQUEST	[GET] /core/ui/images/logos/investissement-davenir.png
16:31:16.483	[0:0:0:0:0:0:0:1]:50641	admin	200		10.74 ms
16:31:16.486	[0:0:0:0:0:0:0:1]:50637	admin	200		9.33 ms
16:31:16.527	[0:0:0:0:0:0:0:1]:50641	admin	REQUEST	[GET] /core/ui/js/Plugin.js
16:31:16.536	[0:0:0:0:0:0:0:1]:50641	admin	200		9.34 ms
16:31:16.538	[0:0:0:0:0:0:0:1]:50641	admin	REQUEST	[GET] /core/ui/css/header.css
16:31:16.540	[0:0:0:0:0:0:0:1]:50637	admin	REQUEST	[GET] /core/ui/js/AbstractMax.js
16:31:16.549	[0:0:0:0:0:0:0:1]:50641	admin	200		11.47 ms
16:31:16.555	[0:0:0:0:0:0:0:1]:50637	admin	200		14.56 ms
16:31:17.006	[0:0:0:0:0:0:0:1]:50641	admin	REQUEST	[GET] /core/ui/lib/bootstrap.min.css.map
16:31:17.018	[0:0:0:0:0:0:0:1]:50641	admin	200		12.45 ms
16:31:22.806	[0:0:0:0:0:0:0:1]:50641	admin	REQUEST	[GET] /dyrin/index/lieux.html
16:31:23.001	[0:0:0:0:0:0:0:1]:50641	admin	200		195.23 ms
16:31:23.083	[0:0:0:0:0:0:0:1]:50641	admin	REQUEST	[GET] /core/ui/lib/bootstrap.min.css
16:31:23.087	[0:0:0:0:0:0:0:1]:50637	admin	REQUEST	[GET] /dyrin/ui/css/menuGauche.css
16:31:23.090	[0:0:0:0:0:0:0:1]:50639	admin	REQUEST	[GET] /core/ui/css/tei.css
16:31:23.092	[0:0:0:0:0:0:0:1]:50640	admin	REQUEST	[GET] /core/ui/css/alignment.css
16:31:23.094	[0:0:0:0:0:0:0:1]:50641	admin	200		11.57 ms
16:31:23.098	[0:0:0:0:0:0:0:1]:50639	admin	200		8.6 ms
16:31:23.100	[0:0:0:0:0:0:0:1]:50639	admin	REQUEST	[GET] /core/ui/js/MaxTEI.js
16:31:23.101	[0:0:0:0:0:0:0:1]:50638	admin	REQUEST	[GET] /dyrin/ui/css/dyrin.css
16:31:23.109	[0:0:0:0:0:0:0:1]:50639	admin	200		9.96 ms
16:31:23.111	[0:0:0:0:0:0:0:1]:50636	admin	REQUEST	[GET] /core/ui/lib/bootstrap.bundle.min.js
16:31:23.112	[0:0:0:0:0:0:0:1]:50638	admin	200		10.68 ms
16:31:23.112	[0:0:0:0:0:0:0:1]:50639	admin	REQUEST	[GET] /dyrin/ui/js/dyrin.js
16:31:23.118	[0:0:0:0:0:0:0:1]:50640	admin	200		26.49 ms
16:31:23.121	[0:0:0:0:0:0:0:1]:50636	admin	200		10.03 ms
16:31:23.122	[0:0:0:0:0:0:0:1]:50639	admin	200		9.45 ms
16:31:23.125	[0:0:0:0:0:0:0:1]:50637	admin	200		38.13 ms
16:31:23.226	[0:0:0:0:0:0:0:1]:50641	admin	REQUEST	[GET] /core/ui/images/logos/biblissima.png
16:31:23.229	[0:0:0:0:0:0:0:1]:50637	admin	REQUEST	[GET] /core/ui/images/logos/investissement-davenir.png
16:31:23.234	[0:0:0:0:0:0:0:1]:50641	admin	200		8.51 ms
16:31:23.238	[0:0:0:0:0:0:0:1]:50637	admin	200		9.02 ms
16:31:23.309	[0:0:0:0:0:0:0:1]:50641	admin	REQUEST	[GET] /core/ui/css/header.css
16:31:23.311	[0:0:0:0:0:0:0:1]:50637	admin	REQUEST	[GET] /core/ui/js/AbstractMax.js
16:31:23.313	[0:0:0:0:0:0:0:1]:50638	admin	REQUEST	[GET] /core/ui/js/Plugin.js
16:31:23.321	[0:0:0:0:0:0:0:1]:50641	admin	200		11.83 ms
16:31:23.323	[0:0:0:0:0:0:0:1]:50638	admin	200		9.88 ms
16:31:23.326	[0:0:0:0:0:0:0:1]:50637	admin	200		14.92 ms
16:31:23.862	[0:0:0:0:0:0:0:1]:50641	admin	REQUEST	[GET] /core/ui/lib/bootstrap.min.css.map
16:31:23.871	[0:0:0:0:0:0:0:1]:50641	admin	200		8.81 ms
16:31:24.535	[0:0:0:0:0:0:0:1]:50641	admin	REQUEST	[GET] /dyrin/doc/elan.html
16:31:25.120	[0:0:0:0:0:0:0:1]:50641	admin	200		585.53 ms
16:31:25.188	[0:0:0:0:0:0:0:1]:50641	admin	REQUEST	[GET] /core/ui/lib/bootstrap.min.css
16:31:25.192	[0:0:0:0:0:0:0:1]:50638	admin	REQUEST	[GET] /core/ui/css/tei.css
16:31:25.195	[0:0:0:0:0:0:0:1]:50639	admin	REQUEST	[GET] /core/ui/css/alignment.css
16:31:25.199	[0:0:0:0:0:0:0:1]:50641	admin	200		11.23 ms
16:31:25.201	[0:0:0:0:0:0:0:1]:50638	admin	200		9.77 ms
16:31:25.206	[0:0:0:0:0:0:0:1]:50639	admin	200		11.36 ms
16:31:25.207	[0:0:0:0:0:0:0:1]:50641	admin	REQUEST	[GET] /dyrin/ui/css/dyrin.css
16:31:25.212	[0:0:0:0:0:0:0:1]:50638	admin	REQUEST	[GET] /core/ui/lib/bootstrap.bundle.min.js
16:31:25.216	[0:0:0:0:0:0:0:1]:50641	admin	200		9.26 ms
16:31:25.220	[0:0:0:0:0:0:0:1]:50641	admin	REQUEST	[GET] /core/ui/js/MaxTEI.js
16:31:25.221	[0:0:0:0:0:0:0:1]:50638	admin	200		9.08 ms
16:31:25.226	[0:0:0:0:0:0:0:1]:50639	admin	REQUEST	[GET] /dyrin/ui/js/dyrin.js
16:31:25.230	[0:0:0:0:0:0:0:1]:50641	admin	200		9.19 ms
16:31:25.235	[0:0:0:0:0:0:0:1]:50637	admin	REQUEST	[GET] /dyrin/ui/css/menuGauche.css
16:31:25.235	[0:0:0:0:0:0:0:1]:50639	admin	200		9.85 ms
16:31:25.255	[0:0:0:0:0:0:0:1]:50637	admin	200		36.73 ms
16:31:25.262	[0:0:0:0:0:0:0:1]:50641	admin	REQUEST	[GET] /core/ui/images/logos/biblissima.png
16:31:25.264	[0:0:0:0:0:0:0:1]:50638	admin	REQUEST	[GET] /core/ui/images/logos/investissement-davenir.png
16:31:25.271	[0:0:0:0:0:0:0:1]:50641	admin	200		8.89 ms
16:31:25.273	[0:0:0:0:0:0:0:1]:50638	admin	200		9.04 ms
16:31:25.355	[0:0:0:0:0:0:0:1]:50641	admin	REQUEST	[GET] /core/ui/css/header.css
16:31:25.359	[0:0:0:0:0:0:0:1]:50638	admin	REQUEST	[GET] /core/ui/js/Plugin.js
16:31:25.365	[0:0:0:0:0:0:0:1]:50641	admin	200		10.52 ms
16:31:25.367	[0:0:0:0:0:0:0:1]:50638	admin	200		8.45 ms
16:31:25.370	[0:0:0:0:0:0:0:1]:50641	admin	REQUEST	[GET] /core/ui/js/AbstractMax.js
16:31:25.379	[0:0:0:0:0:0:0:1]:50641	admin	200		9.32 ms
16:31:25.923	[0:0:0:0:0:0:0:1]:50641	admin	REQUEST	[GET] /core/ui/lib/bootstrap.min.css.map
16:31:25.933	[0:0:0:0:0:0:0:1]:50641	admin	200		9.37 ms
17:00:15.142	[0:0:0:0:0:0:0:1]:50674	admin	REQUEST	[GET] /dyrin/doc/elan.html
17:00:15.575	[0:0:0:0:0:0:0:1]:50674	admin	200		433.13 ms
17:00:15.636	[0:0:0:0:0:0:0:1]:50674	admin	REQUEST	[GET] /core/ui/lib/bootstrap.min.css
17:00:15.640	[0:0:0:0:0:0:0:1]:50675	admin	REQUEST	[GET] /dyrin/ui/css/menuGauche.css
17:00:15.646	[0:0:0:0:0:0:0:1]:50674	admin	200		10.34 ms
17:00:15.653	[0:0:0:0:0:0:0:1]:50674	admin	REQUEST	[GET] /plugins/index/index.css
17:00:15.661	[0:0:0:0:0:0:0:1]:50676	admin	REQUEST	[GET] /plugins/thesauri_pdn/thesauri_pdn.css
17:00:15.663	[0:0:0:0:0:0:0:1]:50674	admin	200		9.89 ms
17:00:15.664	[0:0:0:0:0:0:0:1]:50678	admin	REQUEST	[GET] /core/ui/css/tei.css
17:00:15.670	[0:0:0:0:0:0:0:1]:50677	admin	REQUEST	[GET] /core/ui/css/alignment.css
17:00:15.671	[0:0:0:0:0:0:0:1]:50675	admin	200		30.29 ms
17:00:15.674	[0:0:0:0:0:0:0:1]:50675	admin	REQUEST	[GET] /core/ui/lib/bootstrap.bundle.min.js
17:00:15.679	[0:0:0:0:0:0:0:1]:50676	admin	200		17.8 ms
17:00:15.680	[0:0:0:0:0:0:0:1]:50678	admin	200		15.57 ms
17:00:15.680	[0:0:0:0:0:0:0:1]:50677	admin	200		9.71 ms
17:00:15.682	[0:0:0:0:0:0:0:1]:50677	admin	REQUEST	[GET] /dyrin/ui/js/dyrin.js
17:00:15.682	[0:0:0:0:0:0:0:1]:50678	admin	REQUEST	[GET] /core/ui/js/MaxTEI.js
17:00:15.699	[0:0:0:0:0:0:0:1]:50676	admin	REQUEST	[GET] /plugins/thesauri_pdn/thesauri_pdn.js
17:00:15.701	[0:0:0:0:0:0:0:1]:50677	admin	200		19.23 ms
17:00:15.709	[0:0:0:0:0:0:0:1]:50677	admin	REQUEST	[GET] /plugins/mirador_viewer/mirador_viewer.js
17:00:15.712	[0:0:0:0:0:0:0:1]:50676	admin	200		12.57 ms
17:00:15.714	[0:0:0:0:0:0:0:1]:50676	admin	REQUEST	[GET] /plugins/index/index.js
17:00:15.726	[0:0:0:0:0:0:0:1]:50676	admin	200		11.97 ms
17:00:15.737	[0:0:0:0:0:0:0:1]:50675	admin	200		62.74 ms
17:00:15.742	[0:0:0:0:0:0:0:1]:50674	admin	REQUEST	[GET] /dyrin/ui/css/dyrin.css
17:00:15.742	[0:0:0:0:0:0:0:1]:50678	admin	200		60.46 ms
17:00:15.749	[0:0:0:0:0:0:0:1]:50677	admin	200		40.49 ms
17:00:15.753	[0:0:0:0:0:0:0:1]:50674	admin	200		11.96 ms
17:00:15.755	[0:0:0:0:0:0:0:1]:50679	admin	REQUEST	[GET] /plugins/mirador_viewer/mirador_viewer.css
17:00:15.764	[0:0:0:0:0:0:0:1]:50679	admin	200		9.01 ms
17:00:15.808	[0:0:0:0:0:0:0:1]:50675	admin	REQUEST	[GET] /core/ui/images/logos/biblissima.png
17:00:15.810	[0:0:0:0:0:0:0:1]:50678	admin	REQUEST	[GET] /core/ui/images/logos/investissement-davenir.png
17:00:15.817	[0:0:0:0:0:0:0:1]:50675	admin	200		8.56 ms
17:00:15.818	[0:0:0:0:0:0:0:1]:50678	admin	200		8.78 ms
17:00:15.861	[0:0:0:0:0:0:0:1]:50675	admin	REQUEST	[GET] /core/ui/js/Plugin.js
17:00:15.866	[0:0:0:0:0:0:0:1]:50678	admin	REQUEST	[GET] /core/ui/css/header.css
17:00:15.868	[0:0:0:0:0:0:0:1]:50676	admin	REQUEST	[GET] /core/ui/js/AbstractMax.js
17:00:15.869	[0:0:0:0:0:0:0:1]:50675	admin	200		8.46 ms
17:00:15.876	[0:0:0:0:0:0:0:1]:50676	admin	200		8.49 ms
17:00:15.878	[0:0:0:0:0:0:0:1]:50678	admin	200		11.91 ms
17:00:16.525	[0:0:0:0:0:0:0:1]:50675	admin	REQUEST	[GET] /core/ui/lib/bootstrap.min.css.map
17:00:16.533	[0:0:0:0:0:0:0:1]:50675	admin	200		8.61 ms
17:00:46.139	[0:0:0:0:0:0:0:1]:50675	admin	REQUEST	[GET] /dyrin/doc/elan.html
17:00:46.523	[0:0:0:0:0:0:0:1]:50675	admin	200		384.51 ms
17:00:46.587	[0:0:0:0:0:0:0:1]:50675	admin	REQUEST	[GET] /core/ui/lib/bootstrap.min.css
17:00:46.597	[0:0:0:0:0:0:0:1]:50678	admin	REQUEST	[GET] /dyrin/ui/css/menuGauche.css
17:00:46.600	[0:0:0:0:0:0:0:1]:50676	admin	REQUEST	[GET] /core/ui/css/tei.css
17:00:46.607	[0:0:0:0:0:0:0:1]:50678	admin	200		10.21 ms
17:00:46.610	[0:0:0:0:0:0:0:1]:50676	admin	200		10.44 ms
17:00:46.617	[0:0:0:0:0:0:0:1]:50677	admin	REQUEST	[GET] /core/ui/css/alignment.css
17:00:46.617	[0:0:0:0:0:0:0:1]:50675	admin	200		29.64 ms
17:00:46.618	[0:0:0:0:0:0:0:1]:50676	admin	REQUEST	[GET] /dyrin/ui/css/dyrin.css
17:00:46.625	[0:0:0:0:0:0:0:1]:50677	admin	200		8.72 ms
17:00:46.628	[0:0:0:0:0:0:0:1]:50674	admin	REQUEST	[GET] /plugins/mirador_viewer/mirador_viewer.css
17:00:46.634	[0:0:0:0:0:0:0:1]:50677	admin	REQUEST	[GET] /core/ui/lib/bootstrap.bundle.min.js
17:00:46.635	[0:0:0:0:0:0:0:1]:50676	admin	200		16.89 ms
17:00:46.628	[0:0:0:0:0:0:0:1]:50678	admin	REQUEST	[GET] /plugins/index/index.css
17:00:46.640	[0:0:0:0:0:0:0:1]:50676	admin	REQUEST	[GET] /core/ui/js/MaxTEI.js
17:00:46.647	[0:0:0:0:0:0:0:1]:50677	admin	200		13.37 ms
17:00:46.650	[0:0:0:0:0:0:0:1]:50676	admin	200		10.03 ms
17:00:46.653	[0:0:0:0:0:0:0:1]:50679	admin	REQUEST	[GET] /plugins/thesauri_pdn/thesauri_pdn.css
17:00:46.654	[0:0:0:0:0:0:0:1]:50674	admin	200		25.52 ms
17:00:46.656	[0:0:0:0:0:0:0:1]:50678	admin	200		28.06 ms
17:00:46.658	[0:0:0:0:0:0:0:1]:50674	admin	REQUEST	[GET] /plugins/thesauri_pdn/thesauri_pdn.js
17:00:46.662	[0:0:0:0:0:0:0:1]:50679	admin	200		8.69 ms
17:00:46.666	[0:0:0:0:0:0:0:1]:50674	admin	200		8.74 ms
17:00:46.667	[0:0:0:0:0:0:0:1]:50678	admin	REQUEST	[GET] /plugins/mirador_viewer/mirador_viewer.js
17:00:46.668	[0:0:0:0:0:0:0:1]:50679	admin	REQUEST	[GET] /plugins/index/index.js
17:00:46.668	[0:0:0:0:0:0:0:1]:50677	admin	REQUEST	[GET] /dyrin/ui/js/dyrin.js
17:00:46.676	[0:0:0:0:0:0:0:1]:50677	admin	200		8.22 ms
17:00:46.677	[0:0:0:0:0:0:0:1]:50679	admin	200		8.82 ms
17:00:46.687	[0:0:0:0:0:0:0:1]:50678	admin	200		19.48 ms
17:00:46.754	[0:0:0:0:0:0:0:1]:50675	admin	REQUEST	[GET] /core/ui/images/logos/biblissima.png
17:00:46.756	[0:0:0:0:0:0:0:1]:50677	admin	REQUEST	[GET] /core/ui/images/logos/investissement-davenir.png
17:00:46.762	[0:0:0:0:0:0:0:1]:50675	admin	200		8.62 ms
17:00:46.765	[0:0:0:0:0:0:0:1]:50677	admin	200		8.52 ms
17:00:46.809	[0:0:0:0:0:0:0:1]:50675	admin	REQUEST	[GET] /core/ui/css/header.css
17:00:46.817	[0:0:0:0:0:0:0:1]:50675	admin	200		8.47 ms
17:00:46.821	[0:0:0:0:0:0:0:1]:50675	admin	REQUEST	[GET] /core/ui/js/Plugin.js
17:00:46.823	[0:0:0:0:0:0:0:1]:50677	admin	REQUEST	[GET] /core/ui/js/AbstractMax.js
17:00:46.832	[0:0:0:0:0:0:0:1]:50677	admin	200		9.13 ms
17:00:46.835	[0:0:0:0:0:0:0:1]:50675	admin	200		14.6 ms
17:00:47.308	[0:0:0:0:0:0:0:1]:50675	admin	REQUEST	[GET] /core/ui/lib/bootstrap.min.css.map
17:00:47.324	[0:0:0:0:0:0:0:1]:50675	admin	200		15.96 ms
17:02:18.789	[0:0:0:0:0:0:0:1]:50688	admin	REQUEST	[GET] /dyrin/doc/elan.html
17:02:19.140	[0:0:0:0:0:0:0:1]:50688	admin	200		351.34 ms
17:02:19.211	[0:0:0:0:0:0:0:1]:50688	admin	REQUEST	[GET] /core/ui/lib/bootstrap.min.css
17:02:19.217	[0:0:0:0:0:0:0:1]:50689	admin	REQUEST	[GET] /core/ui/css/tei.css
17:02:19.224	[0:0:0:0:0:0:0:1]:50691	admin	REQUEST	[GET] /core/ui/css/alignment.css
17:02:19.227	[0:0:0:0:0:0:0:1]:50688	admin	200		15.33 ms
17:02:19.232	[0:0:0:0:0:0:0:1]:50689	admin	200		14.57 ms
17:02:19.234	[0:0:0:0:0:0:0:1]:50689	admin	REQUEST	[GET] /plugins/index/index.css
17:02:19.235	[0:0:0:0:0:0:0:1]:50691	admin	200		11.3 ms
17:02:19.240	[0:0:0:0:0:0:0:1]:50691	admin	REQUEST	[GET] /dyrin/ui/css/dyrin.css
17:02:19.242	[0:0:0:0:0:0:0:1]:50693	admin	REQUEST	[GET] /plugins/thesauri_pdn/thesauri_pdn.css
17:02:19.245	[0:0:0:0:0:0:0:1]:50689	admin	200		11.3 ms
17:02:19.249	[0:0:0:0:0:0:0:1]:50691	admin	200		9.45 ms
17:02:19.251	[0:0:0:0:0:0:0:1]:50689	admin	REQUEST	[GET] /core/ui/js/MaxTEI.js
17:02:19.252	[0:0:0:0:0:0:0:1]:50693	admin	200		9.84 ms
17:02:19.253	[0:0:0:0:0:0:0:1]:50691	admin	REQUEST	[GET] /dyrin/ui/js/dyrin.js
17:02:19.255	[0:0:0:0:0:0:0:1]:50693	admin	REQUEST	[GET] /plugins/thesauri_pdn/thesauri_pdn.js
17:02:19.260	[0:0:0:0:0:0:0:1]:50689	admin	200		9.26 ms
17:02:19.262	[0:0:0:0:0:0:0:1]:50689	admin	REQUEST	[GET] /plugins/mirador_viewer/mirador_viewer.js
17:02:19.272	[0:0:0:0:0:0:0:1]:50689	admin	200		9.47 ms
17:02:19.273	[0:0:0:0:0:0:0:1]:50693	admin	200		17.63 ms
17:02:19.275	[0:0:0:0:0:0:0:1]:50693	admin	REQUEST	[GET] /plugins/index/index.js
17:02:19.276	[0:0:0:0:0:0:0:1]:50691	admin	200		22.89 ms
17:02:19.278	[0:0:0:0:0:0:0:1]:50690	admin	REQUEST	[GET] /dyrin/ui/css/menuGauche.css
17:02:19.278	[0:0:0:0:0:0:0:1]:50688	admin	REQUEST	[GET] /core/ui/lib/bootstrap.bundle.min.js
17:02:19.278	[0:0:0:0:0:0:0:1]:50692	admin	REQUEST	[GET] /plugins/mirador_viewer/mirador_viewer.css
17:02:19.283	[0:0:0:0:0:0:0:1]:50693	admin	200		8.54 ms
17:02:19.290	[0:0:0:0:0:0:0:1]:50692	admin	200		11.49 ms
17:02:19.293	[0:0:0:0:0:0:0:1]:50688	admin	200		14.6 ms
17:02:19.304	[0:0:0:0:0:0:0:1]:50690	admin	200		26.35 ms
17:02:19.326	[0:0:0:0:0:0:0:1]:50691	admin	REQUEST	[GET] /core/ui/images/logos/biblissima.png
17:02:19.328	[0:0:0:0:0:0:0:1]:50689	admin	REQUEST	[GET] /core/ui/images/logos/investissement-davenir.png
17:02:19.335	[0:0:0:0:0:0:0:1]:50691	admin	200		8.94 ms
17:02:19.341	[0:0:0:0:0:0:0:1]:50689	admin	200		13.26 ms
17:02:19.402	[0:0:0:0:0:0:0:1]:50689	admin	REQUEST	[GET] /core/ui/css/header.css
17:02:19.405	[0:0:0:0:0:0:0:1]:50691	admin	REQUEST	[GET] /core/ui/js/AbstractMax.js
17:02:19.410	[0:0:0:0:0:0:0:1]:50689	admin	200		8.54 ms
17:02:19.411	[0:0:0:0:0:0:0:1]:50693	admin	REQUEST	[GET] /core/ui/js/Plugin.js
17:02:19.420	[0:0:0:0:0:0:0:1]:50693	admin	200		9.37 ms
17:02:19.421	[0:0:0:0:0:0:0:1]:50691	admin	200		15.92 ms
17:02:19.895	[0:0:0:0:0:0:0:1]:50689	admin	REQUEST	[GET] /core/ui/lib/bootstrap.min.css.map
17:02:19.903	[0:0:0:0:0:0:0:1]:50689	admin	200		8.43 ms
17:02:57.860	[0:0:0:0:0:0:0:1]:50689	admin	REQUEST	[GET] /dyrin/doc/elan.html
17:02:58.221	[0:0:0:0:0:0:0:1]:50689	admin	200		361.28 ms
17:02:58.285	[0:0:0:0:0:0:0:1]:50689	admin	REQUEST	[GET] /core/ui/lib/bootstrap.min.css
17:02:58.294	[0:0:0:0:0:0:0:1]:50689	admin	200		8.83 ms
17:02:58.301	[0:0:0:0:0:0:0:1]:50690	admin	REQUEST	[GET] /core/ui/css/alignment.css
17:02:58.303	[0:0:0:0:0:0:0:1]:50693	admin	REQUEST	[GET] /core/ui/css/tei.css
17:02:58.311	[0:0:0:0:0:0:0:1]:50688	admin	REQUEST	[GET] /plugins/mirador_viewer/mirador_viewer.css
17:02:58.311	[0:0:0:0:0:0:0:1]:50690	admin	200		10.52 ms
17:02:58.314	[0:0:0:0:0:0:0:1]:50690	admin	REQUEST	[GET] /dyrin/ui/css/dyrin.css
17:02:58.317	[0:0:0:0:0:0:0:1]:50693	admin	200		14.49 ms
17:02:58.318	[0:0:0:0:0:0:0:1]:50692	admin	REQUEST	[GET] /plugins/thesauri_pdn/thesauri_pdn.css
17:02:58.319	[0:0:0:0:0:0:0:1]:50691	admin	REQUEST	[GET] /dyrin/ui/css/menuGauche.css
17:02:58.325	[0:0:0:0:0:0:0:1]:50690	admin	200		11.23 ms
17:02:58.326	[0:0:0:0:0:0:0:1]:50690	admin	REQUEST	[GET] /core/ui/js/MaxTEI.js
17:02:58.328	[0:0:0:0:0:0:0:1]:50688	admin	200		17.46 ms
17:02:58.331	[0:0:0:0:0:0:0:1]:50691	admin	200		12.14 ms
17:02:58.331	[0:0:0:0:0:0:0:1]:50692	admin	200		13.05 ms
17:02:58.332	[0:0:0:0:0:0:0:1]:50688	admin	REQUEST	[GET] /dyrin/ui/js/dyrin.js
17:02:58.333	[0:0:0:0:0:0:0:1]:50689	admin	REQUEST	[GET] /plugins/index/index.css
17:02:58.334	[0:0:0:0:0:0:0:1]:50690	admin	200		8.31 ms
17:02:58.336	[0:0:0:0:0:0:0:1]:50692	admin	REQUEST	[GET] /plugins/thesauri_pdn/thesauri_pdn.js
17:02:58.336	[0:0:0:0:0:0:0:1]:50690	admin	REQUEST	[GET] /plugins/index/index.js
17:02:58.370	[0:0:0:0:0:0:0:1]:50689	admin	200		37.15 ms
17:02:58.371	[0:0:0:0:0:0:0:1]:50693	admin	REQUEST	[GET] /core/ui/lib/bootstrap.bundle.min.js
17:02:58.374	[0:0:0:0:0:0:0:1]:50692	admin	200		37.88 ms
17:02:58.384	[0:0:0:0:0:0:0:1]:50693	admin	200		12.6 ms
17:02:58.389	[0:0:0:0:0:0:0:1]:50691	admin	REQUEST	[GET] /plugins/mirador_viewer/mirador_viewer.js
17:02:58.391	[0:0:0:0:0:0:0:1]:50690	admin	200		54.87 ms
17:02:58.393	[0:0:0:0:0:0:0:1]:50688	admin	200		60.96 ms
17:02:58.403	[0:0:0:0:0:0:0:1]:50691	admin	200		13.88 ms
17:02:58.436	[0:0:0:0:0:0:0:1]:50689	admin	REQUEST	[GET] /core/ui/images/logos/biblissima.png
17:02:58.437	[0:0:0:0:0:0:0:1]:50693	admin	REQUEST	[GET] /core/ui/images/logos/investissement-davenir.png
17:02:58.445	[0:0:0:0:0:0:0:1]:50693	admin	200		8.03 ms
17:02:58.449	[0:0:0:0:0:0:0:1]:50689	admin	200		13.01 ms
17:02:58.478	[0:0:0:0:0:0:0:1]:50689	admin	REQUEST	[GET] /core/ui/css/header.css
17:02:58.486	[0:0:0:0:0:0:0:1]:50693	admin	REQUEST	[GET] /core/ui/js/AbstractMax.js
17:02:58.489	[0:0:0:0:0:0:0:1]:50689	admin	200		11.1 ms
17:02:58.492	[0:0:0:0:0:0:0:1]:50689	admin	REQUEST	[GET] /core/ui/js/Plugin.js
17:02:58.496	[0:0:0:0:0:0:0:1]:50693	admin	200		9.9 ms
17:02:58.505	[0:0:0:0:0:0:0:1]:50689	admin	200		12.93 ms
17:02:58.980	[0:0:0:0:0:0:0:1]:50689	admin	REQUEST	[GET] /core/ui/lib/bootstrap.min.css.map
17:02:58.988	[0:0:0:0:0:0:0:1]:50689	admin	200		8.41 ms
17:03:17.727	[0:0:0:0:0:0:0:1]:50689	admin	REQUEST	[GET] /dyrin/doc/elan.html
17:03:18.049	[0:0:0:0:0:0:0:1]:50689	admin	200		321.43 ms
17:03:18.099	[0:0:0:0:0:0:0:1]:50689	admin	REQUEST	[GET] /core/ui/lib/bootstrap.min.css
17:03:18.109	[0:0:0:0:0:0:0:1]:50689	admin	200		9.62 ms
17:03:18.109	[0:0:0:0:0:0:0:1]:50690	admin	REQUEST	[GET] /core/ui/css/alignment.css
17:03:18.110	[0:0:0:0:0:0:0:1]:50692	admin	REQUEST	[GET] /plugins/thesauri_pdn/thesauri_pdn.css
17:03:18.118	[0:0:0:0:0:0:0:1]:50692	admin	200		8.01 ms
17:03:18.119	[0:0:0:0:0:0:0:1]:50688	admin	REQUEST	[GET] /plugins/mirador_viewer/mirador_viewer.css
17:03:18.122	[0:0:0:0:0:0:0:1]:50690	admin	200		13.13 ms
17:03:18.123	[0:0:0:0:0:0:0:1]:50692	admin	REQUEST	[GET] /plugins/index/index.css
17:03:18.129	[0:0:0:0:0:0:0:1]:50690	admin	REQUEST	[GET] /dyrin/ui/css/dyrin.css
17:03:18.139	[0:0:0:0:0:0:0:1]:50690	admin	200		11.29 ms
17:03:18.140	[0:0:0:0:0:0:0:1]:50690	admin	REQUEST	[GET] /core/ui/lib/bootstrap.bundle.min.js
17:03:18.140	[0:0:0:0:0:0:0:1]:50689	admin	REQUEST	[GET] /core/ui/js/MaxTEI.js
17:03:18.151	[0:0:0:0:0:0:0:1]:50690	admin	200		10.78 ms
17:03:18.154	[0:0:0:0:0:0:0:1]:50688	admin	200		35.02 ms
17:03:18.154	[0:0:0:0:0:0:0:1]:50690	admin	REQUEST	[GET] /dyrin/ui/js/dyrin.js
17:03:18.155	[0:0:0:0:0:0:0:1]:50688	admin	REQUEST	[GET] /plugins/thesauri_pdn/thesauri_pdn.js
17:03:18.160	[0:0:0:0:0:0:0:1]:50689	admin	200		20.05 ms
17:03:18.162	[0:0:0:0:0:0:0:1]:50693	admin	REQUEST	[GET] /dyrin/ui/css/menuGauche.css
17:03:18.169	[0:0:0:0:0:0:0:1]:50688	admin	200		13.78 ms
17:03:18.170	[0:0:0:0:0:0:0:1]:50688	admin	REQUEST	[GET] /plugins/index/index.js
17:03:18.173	[0:0:0:0:0:0:0:1]:50692	admin	200		50.24 ms
17:03:18.175	[0:0:0:0:0:0:0:1]:50690	admin	200		21.63 ms
17:03:18.177	[0:0:0:0:0:0:0:1]:50693	admin	200		15.66 ms
17:03:18.178	[0:0:0:0:0:0:0:1]:50689	admin	REQUEST	[GET] /plugins/mirador_viewer/mirador_viewer.js
17:03:18.179	[0:0:0:0:0:0:0:1]:50688	admin	200		8.97 ms
17:03:18.190	[0:0:0:0:0:0:0:1]:50689	admin	200		12.03 ms
17:03:18.178	[0:0:0:0:0:0:0:1]:50691	admin	REQUEST	[GET] /core/ui/css/tei.css
17:03:18.218	[0:0:0:0:0:0:0:1]:50691	admin	200		39.94 ms
17:03:18.242	[0:0:0:0:0:0:0:1]:50689	admin	REQUEST	[GET] /core/ui/images/logos/biblissima.png
17:03:18.243	[0:0:0:0:0:0:0:1]:50690	admin	REQUEST	[GET] /core/ui/images/logos/investissement-davenir.png
17:03:18.253	[0:0:0:0:0:0:0:1]:50689	admin	200		11.11 ms
17:03:18.254	[0:0:0:0:0:0:0:1]:50690	admin	200		11.3 ms
17:03:18.283	[0:0:0:0:0:0:0:1]:50689	admin	REQUEST	[GET] /core/ui/js/AbstractMax.js
17:03:18.283	[0:0:0:0:0:0:0:1]:50693	admin	REQUEST	[GET] /core/ui/js/Plugin.js
17:03:18.291	[0:0:0:0:0:0:0:1]:50689	admin	200		8.5 ms
17:03:18.291	[0:0:0:0:0:0:0:1]:50693	admin	200		8.04 ms
17:03:18.298	[0:0:0:0:0:0:0:1]:50689	admin	REQUEST	[GET] /core/ui/css/header.css
17:03:18.315	[0:0:0:0:0:0:0:1]:50689	admin	200		17.84 ms
17:03:18.628	[0:0:0:0:0:0:0:1]:50689	admin	REQUEST	[GET] /core/ui/lib/bootstrap.min.css.map
17:03:18.634	[0:0:0:0:0:0:0:1]:50689	admin	200		6.43 ms
17:06:04.312	[0:0:0:0:0:0:0:1]:50703	admin	REQUEST	[GET] /dyrin/doc/elan.html
17:06:04.634	[0:0:0:0:0:0:0:1]:50703	admin	200		322.3 ms
17:06:04.702	[0:0:0:0:0:0:0:1]:50703	admin	REQUEST	[GET] /core/ui/lib/bootstrap.min.css
17:06:04.703	[0:0:0:0:0:0:0:1]:50704	admin	REQUEST	[GET] /dyrin/ui/css/menuGauche.css
17:06:04.713	[0:0:0:0:0:0:0:1]:50704	admin	200		9.99 ms
17:06:04.714	[0:0:0:0:0:0:0:1]:50703	admin	200		11.9 ms
17:06:04.718	[0:0:0:0:0:0:0:1]:50705	admin	REQUEST	[GET] /core/ui/css/tei.css
17:06:04.719	[0:0:0:0:0:0:0:1]:50703	admin	REQUEST	[GET] /dyrin/ui/css/dyrin.css
17:06:04.719	[0:0:0:0:0:0:0:1]:50707	admin	REQUEST	[GET] /core/ui/css/alignment.css
17:06:04.726	[0:0:0:0:0:0:0:1]:50707	admin	200		7.11 ms
17:06:04.726	[0:0:0:0:0:0:0:1]:50703	admin	200		7.47 ms
17:06:04.728	[0:0:0:0:0:0:0:1]:50706	admin	REQUEST	[GET] /plugins/thesauri_pdn/thesauri_pdn.css
17:06:04.729	[0:0:0:0:0:0:0:1]:50705	admin	200		10.64 ms
17:06:04.730	[0:0:0:0:0:0:0:1]:50703	admin	REQUEST	[GET] /core/ui/js/MaxTEI.js
17:06:04.730	[0:0:0:0:0:0:0:1]:50708	admin	REQUEST	[GET] /plugins/mirador_viewer/mirador_viewer.css
17:06:04.738	[0:0:0:0:0:0:0:1]:50705	admin	REQUEST	[GET] /dyrin/ui/js/dyrin.js
17:06:04.738	[0:0:0:0:0:0:0:1]:50708	admin	200		7.87 ms
17:06:04.739	[0:0:0:0:0:0:0:1]:50706	admin	200		10.72 ms
17:06:04.730	[0:0:0:0:0:0:0:1]:50707	admin	REQUEST	[GET] /core/ui/lib/bootstrap.bundle.min.js
17:06:04.746	[0:0:0:0:0:0:0:1]:50708	admin	REQUEST	[GET] /plugins/thesauri_pdn/thesauri_pdn.js
17:06:04.752	[0:0:0:0:0:0:0:1]:50705	admin	200		13.83 ms
17:06:04.756	[0:0:0:0:0:0:0:1]:50705	admin	REQUEST	[GET] /plugins/index/index.js
17:06:04.771	[0:0:0:0:0:0:0:1]:50704	admin	REQUEST	[GET] /plugins/index/index.css
17:06:04.777	[0:0:0:0:0:0:0:1]:50705	admin	200		20.85 ms
17:06:04.777	[0:0:0:0:0:0:0:1]:50707	admin	200		47.2 ms
17:06:04.783	[0:0:0:0:0:0:0:1]:50708	admin	200		37.75 ms
17:06:04.787	[0:0:0:0:0:0:0:1]:50706	admin	REQUEST	[GET] /plugins/mirador_viewer/mirador_viewer.js
17:06:04.802	[0:0:0:0:0:0:0:1]:50704	admin	200		30.55 ms
17:06:04.804	[0:0:0:0:0:0:0:1]:50706	admin	200		16.76 ms
17:06:04.817	[0:0:0:0:0:0:0:1]:50706	admin	REQUEST	[GET] /core/ui/images/logos/investissement-davenir.png
17:06:04.818	[0:0:0:0:0:0:0:1]:50703	admin	200		88.05 ms
17:06:04.826	[0:0:0:0:0:0:0:1]:50706	admin	200		9.56 ms
17:06:04.829	[0:0:0:0:0:0:0:1]:50707	admin	REQUEST	[GET] /core/ui/images/logos/biblissima.png
17:06:04.842	[0:0:0:0:0:0:0:1]:50707	admin	200		13.9 ms
17:06:04.865	[0:0:0:0:0:0:0:1]:50707	admin	REQUEST	[GET] /core/ui/css/header.css
17:06:04.873	[0:0:0:0:0:0:0:1]:50707	admin	200		8.07 ms
17:06:04.882	[0:0:0:0:0:0:0:1]:50707	admin	REQUEST	[GET] /core/ui/js/Plugin.js
17:06:04.887	[0:0:0:0:0:0:0:1]:50706	admin	REQUEST	[GET] /core/ui/js/AbstractMax.js
17:06:04.890	[0:0:0:0:0:0:0:1]:50707	admin	200		8.66 ms
17:06:04.896	[0:0:0:0:0:0:0:1]:50706	admin	200		9.64 ms
17:06:05.496	[0:0:0:0:0:0:0:1]:50707	admin	REQUEST	[GET] /core/ui/lib/bootstrap.min.css.map
17:06:05.503	[0:0:0:0:0:0:0:1]:50707	admin	200		7.24 ms
17:07:00.187	[0:0:0:0:0:0:0:1]:50707	admin	REQUEST	[GET] /core/ui/lib/bootstrap.min.css.map
17:07:00.205	[0:0:0:0:0:0:0:1]:50707	admin	200		18.58 ms
17:08:06.951	[0:0:0:0:0:0:0:1]:50714	admin	REQUEST	[GET] /dyrin/doc/elan.html
17:08:07.274	[0:0:0:0:0:0:0:1]:50714	admin	200		323.51 ms
17:08:07.348	[0:0:0:0:0:0:0:1]:50714	admin	REQUEST	[GET] /core/ui/lib/bootstrap.min.css
17:08:07.357	[0:0:0:0:0:0:0:1]:50715	admin	REQUEST	[GET] /core/ui/css/alignment.css
17:08:07.360	[0:0:0:0:0:0:0:1]:50717	admin	REQUEST	[GET] /dyrin/ui/css/menuGauche.css
17:08:07.365	[0:0:0:0:0:0:0:1]:50719	admin	REQUEST	[GET] /plugins/mirador_viewer/mirador_viewer.css
17:08:07.368	[0:0:0:0:0:0:0:1]:50717	admin	200		8.53 ms
17:08:07.358	[0:0:0:0:0:0:0:1]:50714	admin	200		26.23 ms
17:08:07.375	[0:0:0:0:0:0:0:1]:50717	admin	REQUEST	[GET] /plugins/index/index.css
17:08:07.377	[0:0:0:0:0:0:0:1]:50719	admin	200		12.94 ms
17:08:07.380	[0:0:0:0:0:0:0:1]:50719	admin	REQUEST	[GET] /dyrin/ui/css/dyrin.css
17:08:07.381	[0:0:0:0:0:0:0:1]:50715	admin	200		23.79 ms
17:08:07.389	[0:0:0:0:0:0:0:1]:50719	admin	200		8.71 ms
17:08:07.389	[0:0:0:0:0:0:0:1]:50717	admin	200		14.86 ms
17:08:07.391	[0:0:0:0:0:0:0:1]:50719	admin	REQUEST	[GET] /core/ui/js/MaxTEI.js
17:08:07.398	[0:0:0:0:0:0:0:1]:50718	admin	REQUEST	[GET] /plugins/thesauri_pdn/thesauri_pdn.css
17:08:07.400	[0:0:0:0:0:0:0:1]:50719	admin	200		8.59 ms
17:08:07.401	[0:0:0:0:0:0:0:1]:50716	admin	REQUEST	[GET] /core/ui/css/tei.css
17:08:07.401	[0:0:0:0:0:0:0:1]:50715	admin	REQUEST	[GET] /core/ui/lib/bootstrap.bundle.min.js
17:08:07.405	[0:0:0:0:0:0:0:1]:50719	admin	REQUEST	[GET] /dyrin/ui/js/dyrin.js
17:08:07.406	[0:0:0:0:0:0:0:1]:50718	admin	200		8.33 ms
17:08:07.413	[0:0:0:0:0:0:0:1]:50717	admin	REQUEST	[GET] /plugins/thesauri_pdn/thesauri_pdn.js
17:08:07.415	[0:0:0:0:0:0:0:1]:50719	admin	200		9.86 ms
17:08:07.416	[0:0:0:0:0:0:0:1]:50719	admin	REQUEST	[GET] /plugins/mirador_viewer/mirador_viewer.js
17:08:07.420	[0:0:0:0:0:0:0:1]:50717	admin	200		8.01 ms
17:08:07.422	[0:0:0:0:0:0:0:1]:50717	admin	REQUEST	[GET] /plugins/index/index.js
17:08:07.422	[0:0:0:0:0:0:0:1]:50716	admin	200		21.64 ms
17:08:07.425	[0:0:0:0:0:0:0:1]:50719	admin	200		8.56 ms
17:08:07.431	[0:0:0:0:0:0:0:1]:50717	admin	200		8.66 ms
17:08:07.433	[0:0:0:0:0:0:0:1]:50715	admin	200		32.11 ms
17:08:07.522	[0:0:0:0:0:0:0:1]:50719	admin	REQUEST	[GET] /core/ui/images/logos/investissement-davenir.png
17:08:07.523	[0:0:0:0:0:0:0:1]:50715	admin	REQUEST	[GET] /core/ui/images/logos/biblissima.png
17:08:07.531	[0:0:0:0:0:0:0:1]:50719	admin	200		8.99 ms
17:08:07.534	[0:0:0:0:0:0:0:1]:50715	admin	200		12.81 ms
17:08:07.597	[0:0:0:0:0:0:0:1]:50715	admin	REQUEST	[GET] /core/ui/js/AbstractMax.js
17:08:07.599	[0:0:0:0:0:0:0:1]:50719	admin	REQUEST	[GET] /core/ui/js/Plugin.js
17:08:07.600	[0:0:0:0:0:0:0:1]:50718	admin	REQUEST	[GET] /core/ui/css/header.css
17:08:07.609	[0:0:0:0:0:0:0:1]:50718	admin	200		9.53 ms
17:08:07.610	[0:0:0:0:0:0:0:1]:50715	admin	200		13.42 ms
17:08:07.620	[0:0:0:0:0:0:0:1]:50719	admin	200		20.97 ms
17:08:08.288	[0:0:0:0:0:0:0:1]:50715	admin	REQUEST	[GET] /core/ui/lib/bootstrap.min.css.map
17:08:08.300	[0:0:0:0:0:0:0:1]:50715	admin	200		12.15 ms
17:11:06.394	[0:0:0:0:0:0:0:1]:50727	admin	REQUEST	[GET] /dyrin/doc/elan.html
17:11:06.531	[0:0:0:0:0:0:0:1]:50727	admin	500	Stopped at /Users/ag/Documents/elsa/projetsMaX/dyrin/dyrin-BaseX/webapp/MaX/max.xq, 275/26: [xslt:error] Error in {@subtype='} at char 8 in xsl:when/@test on line 243 column 59 of text_hook.xsl: XPST0003: Unmatched quote in expression	137.93 ms
17:11:14.021	[0:0:0:0:0:0:0:1]:50727	admin	REQUEST	[GET] /dyrin/doc/elan.html
17:11:14.361	[0:0:0:0:0:0:0:1]:50727	admin	200		340.88 ms
17:11:14.456	[0:0:0:0:0:0:0:1]:50727	admin	REQUEST	[GET] /core/ui/lib/bootstrap.min.css
17:11:14.457	[0:0:0:0:0:0:0:1]:50728	admin	REQUEST	[GET] /dyrin/ui/css/menuGauche.css
17:11:14.466	[0:0:0:0:0:0:0:1]:50727	admin	200		10.15 ms
17:11:14.466	[0:0:0:0:0:0:0:1]:50728	admin	200		9.24 ms
17:11:14.478	[0:0:0:0:0:0:0:1]:50728	admin	REQUEST	[GET] /core/ui/css/tei.css
17:11:14.480	[0:0:0:0:0:0:0:1]:50727	admin	REQUEST	[GET] /core/ui/css/alignment.css
17:11:14.482	[0:0:0:0:0:0:0:1]:50729	admin	REQUEST	[GET] /plugins/thesauri_pdn/thesauri_pdn.css
17:11:14.486	[0:0:0:0:0:0:0:1]:50728	admin	200		8.42 ms
17:11:14.488	[0:0:0:0:0:0:0:1]:50730	admin	REQUEST	[GET] /plugins/mirador_viewer/mirador_viewer.css
17:11:14.489	[0:0:0:0:0:0:0:1]:50728	admin	REQUEST	[GET] /plugins/index/index.css
17:11:14.489	[0:0:0:0:0:0:0:1]:50729	admin	200		7.63 ms
17:11:14.499	[0:0:0:0:0:0:0:1]:50729	admin	REQUEST	[GET] /dyrin/ui/css/dyrin.css
17:11:14.503	[0:0:0:0:0:0:0:1]:50728	admin	200		13.79 ms
17:11:14.503	[0:0:0:0:0:0:0:1]:50731	admin	REQUEST	[GET] /core/ui/lib/bootstrap.bundle.min.js
17:11:14.506	[0:0:0:0:0:0:0:1]:50728	admin	REQUEST	[GET] /core/ui/js/MaxTEI.js
17:11:14.507	[0:0:0:0:0:0:0:1]:50729	admin	200		8.14 ms
17:11:14.511	[0:0:0:0:0:0:0:1]:50729	admin	REQUEST	[GET] /dyrin/ui/js/dyrin.js
17:11:14.512	[0:0:0:0:0:0:0:1]:50731	admin	200		8.61 ms
17:11:14.527	[0:0:0:0:0:0:0:1]:50731	admin	REQUEST	[GET] /plugins/thesauri_pdn/thesauri_pdn.js
17:11:14.533	[0:0:0:0:0:0:0:1]:50727	admin	200		52.33 ms
17:11:14.535	[0:0:0:0:0:0:0:1]:50730	admin	200		47.64 ms
17:11:14.536	[0:0:0:0:0:0:0:1]:50731	admin	200		8.98 ms
17:11:14.536	[0:0:0:0:0:0:0:1]:50732	admin	REQUEST	[GET] /plugins/mirador_viewer/mirador_viewer.js
17:11:14.536	[0:0:0:0:0:0:0:1]:50728	admin	200		30.16 ms
17:11:14.537	[0:0:0:0:0:0:0:1]:50731	admin	REQUEST	[GET] /plugins/index/index.js
17:11:14.540	[0:0:0:0:0:0:0:1]:50729	admin	200		29.06 ms
17:11:14.544	[0:0:0:0:0:0:0:1]:50731	admin	200		7.16 ms
17:11:14.545	[0:0:0:0:0:0:0:1]:50732	admin	200		8.78 ms
17:11:14.571	[0:0:0:0:0:0:0:1]:50731	admin	REQUEST	[GET] /core/ui/images/logos/biblissima.png
17:11:14.573	[0:0:0:0:0:0:0:1]:50729	admin	REQUEST	[GET] /core/ui/images/logos/investissement-davenir.png
17:11:14.580	[0:0:0:0:0:0:0:1]:50731	admin	200		8.89 ms
17:11:14.584	[0:0:0:0:0:0:0:1]:50729	admin	200		10.9 ms
17:11:14.686	[0:0:0:0:0:0:0:1]:50731	admin	REQUEST	[GET] /core/ui/css/header.css
17:11:14.690	[0:0:0:0:0:0:0:1]:50729	admin	REQUEST	[GET] /core/ui/js/Plugin.js
17:11:14.693	[0:0:0:0:0:0:0:1]:50728	admin	REQUEST	[GET] /core/ui/js/AbstractMax.js
17:11:14.695	[0:0:0:0:0:0:0:1]:50731	admin	200		8.45 ms
17:11:14.702	[0:0:0:0:0:0:0:1]:50728	admin	200		9.06 ms
17:11:14.702	[0:0:0:0:0:0:0:1]:50729	admin	200		12.28 ms
17:11:15.144	[0:0:0:0:0:0:0:1]:50731	admin	REQUEST	[GET] /core/ui/lib/bootstrap.min.css.map
17:11:15.151	[0:0:0:0:0:0:0:1]:50731	admin	200		7.31 ms
17:12:35.150	[0:0:0:0:0:0:0:1]:50739	admin	REQUEST	[GET] /dyrin/doc/elan.html
17:12:35.435	[0:0:0:0:0:0:0:1]:50739	admin	200		285.3 ms
17:12:35.493	[0:0:0:0:0:0:0:1]:50739	admin	REQUEST	[GET] /core/ui/lib/bootstrap.min.css
17:12:35.497	[0:0:0:0:0:0:0:1]:50740	admin	REQUEST	[GET] /dyrin/ui/css/menuGauche.css
17:12:35.506	[0:0:0:0:0:0:0:1]:50740	admin	200		9.03 ms
17:12:35.508	[0:0:0:0:0:0:0:1]:50742	admin	REQUEST	[GET] /core/ui/css/alignment.css
17:12:35.512	[0:0:0:0:0:0:0:1]:50744	admin	REQUEST	[GET] /plugins/mirador_viewer/mirador_viewer.css
17:12:35.521	[0:0:0:0:0:0:0:1]:50740	admin	REQUEST	[GET] /plugins/index/index.css
17:12:35.522	[0:0:0:0:0:0:0:1]:50742	admin	200		14.42 ms
17:12:35.526	[0:0:0:0:0:0:0:1]:50742	admin	REQUEST	[GET] /dyrin/ui/css/dyrin.css
17:12:35.530	[0:0:0:0:0:0:0:1]:50740	admin	200		8.62 ms
17:12:35.532	[0:0:0:0:0:0:0:1]:50740	admin	REQUEST	[GET] /core/ui/lib/bootstrap.bundle.min.js
17:12:35.534	[0:0:0:0:0:0:0:1]:50739	admin	200		40.99 ms
17:12:35.534	[0:0:0:0:0:0:0:1]:50744	admin	200		21.62 ms
17:12:35.541	[0:0:0:0:0:0:0:1]:50740	admin	200		9.32 ms
17:12:35.545	[0:0:0:0:0:0:0:1]:50741	admin	REQUEST	[GET] /plugins/thesauri_pdn/thesauri_pdn.css
17:12:35.546	[0:0:0:0:0:0:0:1]:50742	admin	200		20.02 ms
17:12:35.551	[0:0:0:0:0:0:0:1]:50743	admin	REQUEST	[GET] /core/ui/css/tei.css
17:12:35.554	[0:0:0:0:0:0:0:1]:50740	admin	REQUEST	[GET] /core/ui/js/MaxTEI.js
17:12:35.560	[0:0:0:0:0:0:0:1]:50741	admin	200		14.31 ms
17:12:35.563	[0:0:0:0:0:0:0:1]:50740	admin	200		9.0 ms
17:12:35.566	[0:0:0:0:0:0:0:1]:50740	admin	REQUEST	[GET] /dyrin/ui/js/dyrin.js
17:12:35.568	[0:0:0:0:0:0:0:1]:50742	admin	REQUEST	[GET] /plugins/thesauri_pdn/thesauri_pdn.js
17:12:35.579	[0:0:0:0:0:0:0:1]:50744	admin	REQUEST	[GET] /plugins/index/index.js
17:12:35.583	[0:0:0:0:0:0:0:1]:50742	admin	200		14.57 ms
17:12:35.587	[0:0:0:0:0:0:0:1]:50741	admin	REQUEST	[GET] /plugins/mirador_viewer/mirador_viewer.js
17:12:35.591	[0:0:0:0:0:0:0:1]:50744	admin	200		11.53 ms
17:12:35.592	[0:0:0:0:0:0:0:1]:50740	admin	200		26.47 ms
17:12:35.595	[0:0:0:0:0:0:0:1]:50743	admin	200		43.4 ms
17:12:35.600	[0:0:0:0:0:0:0:1]:50741	admin	200		13.78 ms
17:12:35.636	[0:0:0:0:0:0:0:1]:50740	admin	REQUEST	[GET] /core/ui/images/logos/biblissima.png
17:12:35.641	[0:0:0:0:0:0:0:1]:50742	admin	REQUEST	[GET] /core/ui/images/logos/investissement-davenir.png
17:12:35.646	[0:0:0:0:0:0:0:1]:50740	admin	200		10.49 ms
17:12:35.651	[0:0:0:0:0:0:0:1]:50742	admin	200		9.58 ms
17:12:35.719	[0:0:0:0:0:0:0:1]:50740	admin	REQUEST	[GET] /core/ui/js/AbstractMax.js
17:12:35.722	[0:0:0:0:0:0:0:1]:50742	admin	REQUEST	[GET] /core/ui/js/Plugin.js
17:12:35.731	[0:0:0:0:0:0:0:1]:50740	admin	200		11.5 ms
17:12:35.733	[0:0:0:0:0:0:0:1]:50742	admin	200		10.8 ms
17:12:35.733	[0:0:0:0:0:0:0:1]:50740	admin	REQUEST	[GET] /core/ui/css/header.css
17:12:35.743	[0:0:0:0:0:0:0:1]:50740	admin	200		9.95 ms
17:12:36.352	[0:0:0:0:0:0:0:1]:50740	admin	REQUEST	[GET] /core/ui/lib/bootstrap.min.css.map
17:12:36.361	[0:0:0:0:0:0:0:1]:50740	admin	200		8.59 ms
17:13:19.251	[0:0:0:0:0:0:0:1]:50740	admin	REQUEST	[GET] /dyrin/doc/elan.html
17:13:19.549	[0:0:0:0:0:0:0:1]:50740	admin	200		298.08 ms
17:13:19.614	[0:0:0:0:0:0:0:1]:50740	admin	REQUEST	[GET] /core/ui/lib/bootstrap.min.css
17:13:19.620	[0:0:0:0:0:0:0:1]:50742	admin	REQUEST	[GET] /dyrin/ui/css/menuGauche.css
17:13:19.623	[0:0:0:0:0:0:0:1]:50740	admin	200		8.76 ms
17:13:19.631	[0:0:0:0:0:0:0:1]:50744	admin	REQUEST	[GET] /plugins/thesauri_pdn/thesauri_pdn.css
17:13:19.633	[0:0:0:0:0:0:0:1]:50742	admin	200		12.69 ms
17:13:19.637	[0:0:0:0:0:0:0:1]:50741	admin	REQUEST	[GET] /core/ui/css/tei.css
17:13:19.643	[0:0:0:0:0:0:0:1]:50739	admin	REQUEST	[GET] /plugins/mirador_viewer/mirador_viewer.css
17:13:19.644	[0:0:0:0:0:0:0:1]:50744	admin	200		13.03 ms
17:13:19.651	[0:0:0:0:0:0:0:1]:50741	admin	200		14.18 ms
17:13:19.653	[0:0:0:0:0:0:0:1]:50743	admin	REQUEST	[GET] /core/ui/css/alignment.css
17:13:19.654	[0:0:0:0:0:0:0:1]:50740	admin	REQUEST	[GET] /plugins/index/index.css
17:13:19.655	[0:0:0:0:0:0:0:1]:50741	admin	REQUEST	[GET] /core/ui/lib/bootstrap.bundle.min.js
17:13:19.655	[0:0:0:0:0:0:0:1]:50739	admin	200		12.05 ms
17:13:19.656	[0:0:0:0:0:0:0:1]:50742	admin	REQUEST	[GET] /core/ui/js/MaxTEI.js
17:13:19.662	[0:0:0:0:0:0:0:1]:50740	admin	200		7.99 ms
17:13:19.663	[0:0:0:0:0:0:0:1]:50744	admin	REQUEST	[GET] /dyrin/ui/css/dyrin.css
17:13:19.663	[0:0:0:0:0:0:0:1]:50741	admin	200		8.05 ms
17:13:19.665	[0:0:0:0:0:0:0:1]:50740	admin	REQUEST	[GET] /plugins/thesauri_pdn/thesauri_pdn.js
17:13:19.666	[0:0:0:0:0:0:0:1]:50739	admin	REQUEST	[GET] /dyrin/ui/js/dyrin.js
17:13:19.668	[0:0:0:0:0:0:0:1]:50741	admin	REQUEST	[GET] /plugins/mirador_viewer/mirador_viewer.js
17:13:19.673	[0:0:0:0:0:0:0:1]:50740	admin	200		8.49 ms
17:13:19.673	[0:0:0:0:0:0:0:1]:50739	admin	200		7.75 ms
17:13:19.675	[0:0:0:0:0:0:0:1]:50739	admin	REQUEST	[GET] /plugins/index/index.js
17:13:19.675	[0:0:0:0:0:0:0:1]:50741	admin	200		7.79 ms
17:13:19.687	[0:0:0:0:0:0:0:1]:50744	admin	200		23.9 ms
17:13:19.708	[0:0:0:0:0:0:0:1]:50739	admin	200		33.52 ms
17:13:19.710	[0:0:0:0:0:0:0:1]:50743	admin	200		57.14 ms
17:13:19.710	[0:0:0:0:0:0:0:1]:50742	admin	200		54.14 ms
17:13:19.771	[0:0:0:0:0:0:0:1]:50740	admin	REQUEST	[GET] /core/ui/images/logos/biblissima.png
17:13:19.777	[0:0:0:0:0:0:0:1]:50741	admin	REQUEST	[GET] /core/ui/images/logos/investissement-davenir.png
17:13:19.780	[0:0:0:0:0:0:0:1]:50740	admin	200		8.8 ms
17:13:19.787	[0:0:0:0:0:0:0:1]:50741	admin	200		10.33 ms
17:13:19.829	[0:0:0:0:0:0:0:1]:50740	admin	REQUEST	[GET] /core/ui/css/header.css
17:13:19.834	[0:0:0:0:0:0:0:1]:50741	admin	REQUEST	[GET] /core/ui/js/Plugin.js
17:13:19.838	[0:0:0:0:0:0:0:1]:50740	admin	200		9.28 ms
17:13:19.839	[0:0:0:0:0:0:0:1]:50742	admin	REQUEST	[GET] /core/ui/js/AbstractMax.js
17:13:19.843	[0:0:0:0:0:0:0:1]:50741	admin	200		8.55 ms
17:13:19.849	[0:0:0:0:0:0:0:1]:50742	admin	200		9.96 ms
17:13:20.445	[0:0:0:0:0:0:0:1]:50740	admin	REQUEST	[GET] /core/ui/lib/bootstrap.min.css.map
17:13:20.452	[0:0:0:0:0:0:0:1]:50740	admin	200		7.61 ms
17:14:58.428	[0:0:0:0:0:0:0:1]:50752	admin	REQUEST	[GET] /dyrin/doc/elan.html
17:14:58.725	[0:0:0:0:0:0:0:1]:50752	admin	200		296.96 ms
17:14:58.795	[0:0:0:0:0:0:0:1]:50752	admin	REQUEST	[GET] /core/ui/lib/bootstrap.min.css
17:14:58.803	[0:0:0:0:0:0:0:1]:50753	admin	REQUEST	[GET] /core/ui/css/alignment.css
17:14:58.805	[0:0:0:0:0:0:0:1]:50755	admin	REQUEST	[GET] /dyrin/ui/css/menuGauche.css
17:14:58.808	[0:0:0:0:0:0:0:1]:50752	admin	200		13.64 ms
17:14:58.811	[0:0:0:0:0:0:0:1]:50753	admin	200		8.65 ms
17:14:58.812	[0:0:0:0:0:0:0:1]:50757	admin	REQUEST	[GET] /plugins/mirador_viewer/mirador_viewer.css
17:14:58.814	[0:0:0:0:0:0:0:1]:50755	admin	200		9.37 ms
17:14:58.822	[0:0:0:0:0:0:0:1]:50755	admin	REQUEST	[GET] /dyrin/ui/css/dyrin.css
17:14:58.823	[0:0:0:0:0:0:0:1]:50753	admin	REQUEST	[GET] /plugins/index/index.css
17:14:58.823	[0:0:0:0:0:0:0:1]:50757	admin	200		11.12 ms
17:14:58.827	[0:0:0:0:0:0:0:1]:50757	admin	REQUEST	[GET] /core/ui/lib/bootstrap.bundle.min.js
17:14:58.832	[0:0:0:0:0:0:0:1]:50755	admin	200		9.99 ms
17:14:58.838	[0:0:0:0:0:0:0:1]:50755	admin	REQUEST	[GET] /dyrin/ui/js/dyrin.js
17:14:58.838	[0:0:0:0:0:0:0:1]:50757	admin	200		11.62 ms
17:14:58.840	[0:0:0:0:0:0:0:1]:50753	admin	200		17.3 ms
17:14:58.841	[0:0:0:0:0:0:0:1]:50757	admin	REQUEST	[GET] /plugins/thesauri_pdn/thesauri_pdn.js
17:14:58.842	[0:0:0:0:0:0:0:1]:50753	admin	REQUEST	[GET] /plugins/mirador_viewer/mirador_viewer.js
17:14:58.848	[0:0:0:0:0:0:0:1]:50755	admin	200		9.45 ms
17:14:58.849	[0:0:0:0:0:0:0:1]:50757	admin	200		7.94 ms
17:14:58.850	[0:0:0:0:0:0:0:1]:50753	admin	200		8.28 ms
17:14:58.851	[0:0:0:0:0:0:0:1]:50755	admin	REQUEST	[GET] /plugins/index/index.js
17:14:58.860	[0:0:0:0:0:0:0:1]:50755	admin	200		9.57 ms
17:14:58.872	[0:0:0:0:0:0:0:1]:50754	admin	REQUEST	[GET] /core/ui/css/tei.css
17:14:58.872	[0:0:0:0:0:0:0:1]:50756	admin	REQUEST	[GET] /plugins/thesauri_pdn/thesauri_pdn.css
17:14:58.880	[0:0:0:0:0:0:0:1]:50756	admin	200		8.43 ms
17:14:58.880	[0:0:0:0:0:0:0:1]:50754	admin	200		8.67 ms
17:14:58.883	[0:0:0:0:0:0:0:1]:50752	admin	REQUEST	[GET] /core/ui/js/MaxTEI.js
17:14:58.907	[0:0:0:0:0:0:0:1]:50752	admin	200		24.07 ms
17:14:58.966	[0:0:0:0:0:0:0:1]:50757	admin	REQUEST	[GET] /core/ui/images/logos/biblissima.png
17:14:58.968	[0:0:0:0:0:0:0:1]:50755	admin	REQUEST	[GET] /core/ui/images/logos/investissement-davenir.png
17:14:58.975	[0:0:0:0:0:0:0:1]:50757	admin	200		8.39 ms
17:14:58.977	[0:0:0:0:0:0:0:1]:50755	admin	200		8.87 ms
17:14:59.014	[0:0:0:0:0:0:0:1]:50757	admin	REQUEST	[GET] /core/ui/js/Plugin.js
17:14:59.020	[0:0:0:0:0:0:0:1]:50755	admin	REQUEST	[GET] /core/ui/css/header.css
17:14:59.023	[0:0:0:0:0:0:0:1]:50757	admin	200		9.69 ms
17:14:59.029	[0:0:0:0:0:0:0:1]:50757	admin	REQUEST	[GET] /core/ui/js/AbstractMax.js
17:14:59.032	[0:0:0:0:0:0:0:1]:50755	admin	200		12.25 ms
17:14:59.038	[0:0:0:0:0:0:0:1]:50757	admin	200		9.58 ms
17:14:59.552	[0:0:0:0:0:0:0:1]:50757	admin	REQUEST	[GET] /core/ui/lib/bootstrap.min.css.map
17:14:59.562	[0:0:0:0:0:0:0:1]:50757	admin	200		10.06 ms
17:15:48.551	SERVER	admin	OK	Server was stopped (port: 16000).
17:15:48.572	SERVER	admin	OK	HTTP Server was stopped (port: 16002).
