08:43:57.527	SERVER	admin	OK	Server was started (port: 16000).
08:43:57.599	SERVER	admin	OK	HTTP Server was started (port: 16002).
08:44:15.178	[0:0:0:0:0:0:0:1]:49238	admin	REQUEST	[GET] /dyrin
08:44:18.496	[0:0:0:0:0:0:0:1]:49238	admin	302	Location: http://localhost:16002/dyrin/accueil.html	3321.1 ms
08:44:18.511	[0:0:0:0:0:0:0:1]:49238	admin	REQUEST	[GET] /dyrin/accueil.html
08:44:20.471	[0:0:0:0:0:0:0:1]:49238	admin	200		1960.09 ms
08:44:20.533	[0:0:0:0:0:0:0:1]:49238	admin	REQUEST	[GET] /core/ui/lib/bootstrap.min.css
08:44:20.537	[0:0:0:0:0:0:0:1]:49239	admin	REQUEST	[GET] /dyrin/ui/css/menuGauche.css
08:44:20.545	[0:0:0:0:0:0:0:1]:49240	admin	REQUEST	[GET] /core/ui/css/tei.css
08:44:20.547	[0:0:0:0:0:0:0:1]:49243	admin	REQUEST	[GET] /plugins/mirador_viewer/mirador_viewer.css
08:44:20.550	[0:0:0:0:0:0:0:1]:49241	admin	REQUEST	[GET] /core/ui/css/alignment.css
08:44:20.561	[0:0:0:0:0:0:0:1]:49242	admin	REQUEST	[GET] /plugins/thesauri_pdn/thesauri_pdn.css
08:44:20.588	[0:0:0:0:0:0:0:1]:49242	admin	200		27.95 ms
08:44:20.589	[0:0:0:0:0:0:0:1]:49243	admin	200		41.72 ms
08:44:20.589	[0:0:0:0:0:0:0:1]:49241	admin	200		40.8 ms
08:44:20.594	[0:0:0:0:0:0:0:1]:49242	admin	REQUEST	[GET] /plugins/tei_pdf/tei_pdf.css
08:44:20.594	[0:0:0:0:0:0:0:1]:49243	admin	REQUEST	[GET] /plugins/index/index.css
08:44:20.596	[0:0:0:0:0:0:0:1]:49241	admin	REQUEST	[GET] /dyrin/ui/css/dyrin.css
08:44:20.599	[0:0:0:0:0:0:0:1]:49240	admin	200		54.65 ms
08:44:20.596	[0:0:0:0:0:0:0:1]:49239	admin	200		59.17 ms
08:44:20.605	[0:0:0:0:0:0:0:1]:49239	admin	REQUEST	[GET] /core/ui/lib/bootstrap.bundle.min.js
08:44:20.608	[0:0:0:0:0:0:0:1]:49240	admin	REQUEST	[GET] /core/ui/js/MaxTEI.js
08:44:20.635	[0:0:0:0:0:0:0:1]:49238	admin	200		102.73 ms
08:44:20.641	[0:0:0:0:0:0:0:1]:49242	admin	200		47.43 ms
08:44:20.644	[0:0:0:0:0:0:0:1]:49242	admin	REQUEST	[GET] /dyrin/ui/js/dyrin.js
08:44:20.654	[0:0:0:0:0:0:0:1]:49239	admin	200		48.75 ms
08:44:20.655	[0:0:0:0:0:0:0:1]:49241	admin	200		58.87 ms
08:44:20.660	[0:0:0:0:0:0:0:1]:49241	admin	REQUEST	[GET] /plugins/thesauri_pdn/thesauri_pdn.js
08:44:20.661	[0:0:0:0:0:0:0:1]:49242	admin	200		17.56 ms
08:44:20.664	[0:0:0:0:0:0:0:1]:49242	admin	REQUEST	[GET] /plugins/mirador_viewer/mirador_viewer.js
08:44:20.674	[0:0:0:0:0:0:0:1]:49239	admin	REQUEST	[GET] /plugins/index/index.js
08:44:20.681	[0:0:0:0:0:0:0:1]:49242	admin	200		17.26 ms
08:44:20.681	[0:0:0:0:0:0:0:1]:49240	admin	200		73.33 ms
08:44:20.684	[0:0:0:0:0:0:0:1]:49242	admin	REQUEST	[GET] /core/ui/css/header.css
08:44:20.692	[0:0:0:0:0:0:0:1]:49240	admin	REQUEST	[GET] /core/ui/js/AbstractMax.js
08:44:20.699	[0:0:0:0:0:0:0:1]:49243	admin	200		105.12 ms
08:44:20.707	[0:0:0:0:0:0:0:1]:49241	admin	200		47.16 ms
08:44:20.711	[0:0:0:0:0:0:0:1]:49240	admin	200		18.87 ms
08:44:20.711	[0:0:0:0:0:0:0:1]:49242	admin	200		27.57 ms
08:44:20.717	[0:0:0:0:0:0:0:1]:49241	admin	REQUEST	[GET] /core/ui/js/Plugin.js
08:44:20.721	[0:0:0:0:0:0:0:1]:49240	admin	REQUEST	[GET] /core/ui/images/logos/biblissima.png
08:44:20.730	[0:0:0:0:0:0:0:1]:49243	admin	REQUEST	[GET] /core/ui/images/logos/investissement-davenir.png
08:44:20.740	[0:0:0:0:0:0:0:1]:49240	admin	200		19.38 ms
08:44:20.748	[0:0:0:0:0:0:0:1]:49239	admin	200		74.97 ms
08:44:20.751	[0:0:0:0:0:0:0:1]:49243	admin	200		21.42 ms
08:44:20.759	[0:0:0:0:0:0:0:1]:49241	admin	200		42.14 ms
08:44:20.772	[0:0:0:0:0:0:0:1]:49239	admin	REQUEST	[GET] /favicon.ico
08:44:20.830	[0:0:0:0:0:0:0:1]:49239	admin	200		58.02 ms
08:44:31.514	[0:0:0:0:0:0:0:1]:49238	admin	REQUEST	[GET] /dyrin/sommaire.html
08:44:32.282	[0:0:0:0:0:0:0:1]:49238	admin	200		767.82 ms
08:44:32.334	[0:0:0:0:0:0:0:1]:49239	admin	REQUEST	[GET] /core/ui/lib/bootstrap.min.css
08:44:32.343	[0:0:0:0:0:0:0:1]:49240	admin	REQUEST	[GET] /core/ui/css/tei.css
08:44:32.349	[0:0:0:0:0:0:0:1]:49242	admin	REQUEST	[GET] /dyrin/ui/css/dyrin.css
08:44:32.353	[0:0:0:0:0:0:0:1]:49238	admin	REQUEST	[GET] /core/ui/lib/bootstrap.bundle.min.js
08:44:32.370	[0:0:0:0:0:0:0:1]:49240	admin	200		27.25 ms
08:44:32.372	[0:0:0:0:0:0:0:1]:49238	admin	200		19.38 ms
08:44:32.372	[0:0:0:0:0:0:0:1]:49240	admin	REQUEST	[GET] /core/ui/js/MaxTEI.js
08:44:32.377	[0:0:0:0:0:0:0:1]:49242	admin	200		28.82 ms
08:44:32.381	[0:0:0:0:0:0:0:1]:49242	admin	REQUEST	[GET] /dyrin/ui/js/dyrin.js
08:44:32.382	[0:0:0:0:0:0:0:1]:49238	admin	REQUEST	[GET] /core/ui/js/Plugin.js
08:44:32.389	[0:0:0:0:0:0:0:1]:49239	admin	200		55.43 ms
08:44:32.400	[0:0:0:0:0:0:0:1]:49242	admin	200		18.99 ms
08:44:32.402	[0:0:0:0:0:0:0:1]:49242	admin	REQUEST	[GET] /core/ui/css/header.css
08:44:32.404	[0:0:0:0:0:0:0:1]:49238	admin	200		23.26 ms
08:44:32.415	[0:0:0:0:0:0:0:1]:49241	admin	REQUEST	[GET] /core/ui/css/alignment.css
08:44:32.416	[0:0:0:0:0:0:0:1]:49242	admin	200		15.01 ms
08:44:32.419	[0:0:0:0:0:0:0:1]:49243	admin	REQUEST	[GET] /dyrin/ui/css/menuGauche.css
08:44:32.430	[0:0:0:0:0:0:0:1]:49240	admin	200		57.41 ms
08:44:32.433	[0:0:0:0:0:0:0:1]:49241	admin	200		18.23 ms
08:44:32.439	[0:0:0:0:0:0:0:1]:49239	admin	REQUEST	[GET] /core/ui/js/AbstractMax.js
08:44:32.443	[0:0:0:0:0:0:0:1]:49243	admin	200		24.85 ms
08:44:32.446	[0:0:0:0:0:0:0:1]:49242	admin	REQUEST	[GET] /core/ui/images/logos/investissement-davenir.png
08:44:32.446	[0:0:0:0:0:0:0:1]:49240	admin	REQUEST	[GET] /core/ui/images/logos/biblissima.png
08:44:32.453	[0:0:0:0:0:0:0:1]:49239	admin	200		14.35 ms
08:44:32.459	[0:0:0:0:0:0:0:1]:49240	admin	200		12.94 ms
08:44:32.459	[0:0:0:0:0:0:0:1]:49242	admin	200		13.63 ms
08:44:39.946	[0:0:0:0:0:0:0:1]:49238	admin	REQUEST	[GET] /dyrin/doc/narval.html
08:44:41.028	[0:0:0:0:0:0:0:1]:49238	admin	200		1082.74 ms
08:44:41.099	[0:0:0:0:0:0:0:1]:49239	admin	REQUEST	[GET] /core/ui/lib/bootstrap.min.css
08:44:41.101	[0:0:0:0:0:0:0:1]:49242	admin	REQUEST	[GET] /core/ui/css/tei.css
08:44:41.111	[0:0:0:0:0:0:0:1]:49240	admin	REQUEST	[GET] /core/ui/css/alignment.css
08:44:41.112	[0:0:0:0:0:0:0:1]:49239	admin	200		14.1 ms
08:44:41.122	[0:0:0:0:0:0:0:1]:49242	admin	200		20.96 ms
08:44:41.124	[0:0:0:0:0:0:0:1]:49240	admin	200		13.37 ms
08:44:41.125	[0:0:0:0:0:0:0:1]:49242	admin	REQUEST	[GET] /core/ui/lib/bootstrap.bundle.min.js
08:44:41.127	[0:0:0:0:0:0:0:1]:49238	admin	REQUEST	[GET] /dyrin/ui/js/dyrin.js
08:44:41.135	[0:0:0:0:0:0:0:1]:49240	admin	REQUEST	[GET] /core/ui/js/MaxTEI.js
08:44:41.139	[0:0:0:0:0:0:0:1]:49242	admin	200		15.01 ms
08:44:41.140	[0:0:0:0:0:0:0:1]:49238	admin	200		12.93 ms
08:44:41.148	[0:0:0:0:0:0:0:1]:49241	admin	REQUEST	[GET] /dyrin/ui/css/dyrin.css
08:44:41.161	[0:0:0:0:0:0:0:1]:49239	admin	REQUEST	[GET] /core/ui/js/Plugin.js
08:44:41.162	[0:0:0:0:0:0:0:1]:49242	admin	REQUEST	[GET] /core/ui/css/header.css
08:44:41.175	[0:0:0:0:0:0:0:1]:49240	admin	200		48.85 ms
08:44:41.175	[0:0:0:0:0:0:0:1]:49242	admin	200		12.81 ms
08:44:41.176	[0:0:0:0:0:0:0:1]:49239	admin	200		14.55 ms
08:44:41.180	[0:0:0:0:0:0:0:1]:49243	admin	REQUEST	[GET] /dyrin/ui/css/menuGauche.css
08:44:41.182	[0:0:0:0:0:0:0:1]:49239	admin	REQUEST	[GET] /core/ui/js/AbstractMax.js
08:44:41.191	[0:0:0:0:0:0:0:1]:49241	admin	200		43.34 ms
08:44:41.197	[0:0:0:0:0:0:0:1]:49239	admin	200		15.01 ms
08:44:41.207	[0:0:0:0:0:0:0:1]:49243	admin	200		27.12 ms
08:44:41.209	[0:0:0:0:0:0:0:1]:49242	admin	REQUEST	[GET] /core/ui/images/logos/investissement-davenir.png
08:44:41.211	[0:0:0:0:0:0:0:1]:49239	admin	REQUEST	[GET] /core/ui/images/logos/biblissima.png
08:44:41.222	[0:0:0:0:0:0:0:1]:49242	admin	200		12.69 ms
08:44:41.225	[0:0:0:0:0:0:0:1]:49239	admin	200		15.1 ms
08:44:53.942	[0:0:0:0:0:0:0:1]:49238	admin	REQUEST	[GET] /dyrin/index/personnes.html
08:44:54.184	[0:0:0:0:0:0:0:1]:49238	admin	200		242.36 ms
08:44:54.263	[0:0:0:0:0:0:0:1]:49239	admin	REQUEST	[GET] /core/ui/lib/bootstrap.min.css
08:44:54.268	[0:0:0:0:0:0:0:1]:49243	admin	REQUEST	[GET] /core/ui/css/tei.css
08:44:54.270	[0:0:0:0:0:0:0:1]:49242	admin	REQUEST	[GET] /dyrin/ui/css/menuGauche.css
08:44:54.277	[0:0:0:0:0:0:0:1]:49241	admin	REQUEST	[GET] /dyrin/ui/css/dyrin.css
08:44:54.279	[0:0:0:0:0:0:0:1]:49239	admin	200		20.25 ms
08:44:54.281	[0:0:0:0:0:0:0:1]:49238	admin	REQUEST	[GET] /core/ui/lib/bootstrap.bundle.min.js
08:44:54.293	[0:0:0:0:0:0:0:1]:49242	admin	200		23.67 ms
08:44:54.294	[0:0:0:0:0:0:0:1]:49241	admin	200		17.31 ms
08:44:54.295	[0:0:0:0:0:0:0:1]:49242	admin	REQUEST	[GET] /core/ui/js/MaxTEI.js
08:44:54.296	[0:0:0:0:0:0:0:1]:49241	admin	REQUEST	[GET] /dyrin/ui/js/dyrin.js
08:44:54.300	[0:0:0:0:0:0:0:1]:49238	admin	200		19.75 ms
08:44:54.308	[0:0:0:0:0:0:0:1]:49238	admin	REQUEST	[GET] /core/ui/js/Plugin.js
08:44:54.312	[0:0:0:0:0:0:0:1]:49241	admin	200		16.02 ms
08:44:54.313	[0:0:0:0:0:0:0:1]:49240	admin	REQUEST	[GET] /core/ui/css/alignment.css
08:44:54.324	[0:0:0:0:0:0:0:1]:49242	admin	200		28.88 ms
08:44:54.330	[0:0:0:0:0:0:0:1]:49242	admin	REQUEST	[GET] /core/ui/js/AbstractMax.js
08:44:54.337	[0:0:0:0:0:0:0:1]:49243	admin	200		69.11 ms
08:44:54.343	[0:0:0:0:0:0:0:1]:49240	admin	200		30.22 ms
08:44:54.344	[0:0:0:0:0:0:0:1]:49239	admin	REQUEST	[GET] /core/ui/images/logos/biblissima.png
08:44:54.347	[0:0:0:0:0:0:0:1]:49243	admin	REQUEST	[GET] /core/ui/images/logos/investissement-davenir.png
08:44:54.356	[0:0:0:0:0:0:0:1]:49240	admin	REQUEST	[GET] /core/ui/css/header.css
08:44:54.373	[0:0:0:0:0:0:0:1]:49239	admin	200		29.29 ms
08:44:54.380	[0:0:0:0:0:0:0:1]:49238	admin	200		71.99 ms
08:44:54.386	[0:0:0:0:0:0:0:1]:49240	admin	200		29.72 ms
08:44:54.388	[0:0:0:0:0:0:0:1]:49243	admin	200		41.84 ms
08:44:54.398	[0:0:0:0:0:0:0:1]:49242	admin	200		67.57 ms
08:44:59.980	[0:0:0:0:0:0:0:1]:49239	admin	REQUEST	[GET] /dyrin/index/themes.html
08:45:00.183	[0:0:0:0:0:0:0:1]:49239	admin	200		203.19 ms
08:45:00.245	[0:0:0:0:0:0:0:1]:49239	admin	REQUEST	[GET] /core/ui/lib/bootstrap.min.css
08:45:00.246	[0:0:0:0:0:0:0:1]:49242	admin	REQUEST	[GET] /dyrin/ui/css/menuGauche.css
08:45:00.256	[0:0:0:0:0:0:0:1]:49240	admin	REQUEST	[GET] /core/ui/css/alignment.css
08:45:00.261	[0:0:0:0:0:0:0:1]:49241	admin	REQUEST	[GET] /dyrin/ui/css/dyrin.css
08:45:00.265	[0:0:0:0:0:0:0:1]:49238	admin	REQUEST	[GET] /core/ui/lib/bootstrap.bundle.min.js
08:45:00.275	[0:0:0:0:0:0:0:1]:49243	admin	REQUEST	[GET] /core/ui/css/tei.css
08:45:00.285	[0:0:0:0:0:0:0:1]:49239	admin	200		40.42 ms
08:45:00.290	[0:0:0:0:0:0:0:1]:49242	admin	200		44.32 ms
08:45:00.293	[0:0:0:0:0:0:0:1]:49240	admin	200		37.43 ms
08:45:00.294	[0:0:0:0:0:0:0:1]:49242	admin	REQUEST	[GET] /core/ui/js/MaxTEI.js
08:45:00.295	[0:0:0:0:0:0:0:1]:49243	admin	200		20.66 ms
08:45:00.297	[0:0:0:0:0:0:0:1]:49243	admin	REQUEST	[GET] /core/ui/js/Plugin.js
08:45:00.299	[0:0:0:0:0:0:0:1]:49240	admin	REQUEST	[GET] /dyrin/ui/js/dyrin.js
08:45:00.308	[0:0:0:0:0:0:0:1]:49243	admin	200		10.79 ms
08:45:00.310	[0:0:0:0:0:0:0:1]:49243	admin	REQUEST	[GET] /core/ui/css/header.css
08:45:00.313	[0:0:0:0:0:0:0:1]:49238	admin	200		48.77 ms
08:45:00.314	[0:0:0:0:0:0:0:1]:49241	admin	200		52.89 ms
08:45:00.329	[0:0:0:0:0:0:0:1]:49242	admin	200		35.1 ms
08:45:00.329	[0:0:0:0:0:0:0:1]:49240	admin	200		30.77 ms
08:45:00.332	[0:0:0:0:0:0:0:1]:49243	admin	200		22.51 ms
08:45:00.334	[0:0:0:0:0:0:0:1]:49239	admin	REQUEST	[GET] /core/ui/images/logos/biblissima.png
08:45:00.338	[0:0:0:0:0:0:0:1]:49242	admin	REQUEST	[GET] /core/ui/images/logos/investissement-davenir.png
08:45:00.347	[0:0:0:0:0:0:0:1]:49239	admin	200		13.45 ms
08:45:00.348	[0:0:0:0:0:0:0:1]:49242	admin	200		11.15 ms
08:45:00.353	[0:0:0:0:0:0:0:1]:49243	admin	REQUEST	[GET] /core/ui/js/AbstractMax.js
08:45:00.365	[0:0:0:0:0:0:0:1]:49243	admin	200		12.26 ms
08:45:06.984	[0:0:0:0:0:0:0:1]:49238	admin	REQUEST	[GET] /dyrin/index/zoonymes.html
08:45:07.174	[0:0:0:0:0:0:0:1]:49238	admin	200		190.3 ms
08:45:07.230	[0:0:0:0:0:0:0:1]:49239	admin	REQUEST	[GET] /core/ui/lib/bootstrap.min.css
08:45:07.231	[0:0:0:0:0:0:0:1]:49242	admin	REQUEST	[GET] /dyrin/ui/css/menuGauche.css
08:45:07.241	[0:0:0:0:0:0:0:1]:49240	admin	REQUEST	[GET] /core/ui/css/alignment.css
08:45:07.245	[0:0:0:0:0:0:0:1]:49239	admin	200		15.05 ms
08:45:07.246	[0:0:0:0:0:0:0:1]:49242	admin	200		15.12 ms
08:45:07.250	[0:0:0:0:0:0:0:1]:49242	admin	REQUEST	[GET] /core/ui/js/MaxTEI.js
08:45:07.250	[0:0:0:0:0:0:0:1]:49238	admin	REQUEST	[GET] /core/ui/lib/bootstrap.bundle.min.js
08:45:07.256	[0:0:0:0:0:0:0:1]:49240	admin	200		14.39 ms
08:45:07.259	[0:0:0:0:0:0:0:1]:49240	admin	REQUEST	[GET] /dyrin/ui/js/dyrin.js
08:45:07.264	[0:0:0:0:0:0:0:1]:49238	admin	200		14.57 ms
08:45:07.265	[0:0:0:0:0:0:0:1]:49242	admin	200		15.89 ms
08:45:07.272	[0:0:0:0:0:0:0:1]:49240	admin	200		12.95 ms
08:45:07.272	[0:0:0:0:0:0:0:1]:49241	admin	REQUEST	[GET] /dyrin/ui/css/dyrin.css
08:45:07.287	[0:0:0:0:0:0:0:1]:49239	admin	REQUEST	[GET] /core/ui/js/Plugin.js
08:45:07.287	[0:0:0:0:0:0:0:1]:49241	admin	200		15.56 ms
08:45:07.298	[0:0:0:0:0:0:0:1]:49243	admin	REQUEST	[GET] /core/ui/css/tei.css
08:45:07.300	[0:0:0:0:0:0:0:1]:49239	admin	200		13.75 ms
08:45:07.303	[0:0:0:0:0:0:0:1]:49242	admin	REQUEST	[GET] /core/ui/js/AbstractMax.js
08:45:07.313	[0:0:0:0:0:0:0:1]:49242	admin	200		10.89 ms
08:45:07.314	[0:0:0:0:0:0:0:1]:49243	admin	200		16.04 ms
08:45:07.316	[0:0:0:0:0:0:0:1]:49242	admin	REQUEST	[GET] /core/ui/images/logos/investissement-davenir.png
08:45:07.317	[0:0:0:0:0:0:0:1]:49239	admin	REQUEST	[GET] /core/ui/images/logos/biblissima.png
08:45:07.326	[0:0:0:0:0:0:0:1]:49243	admin	REQUEST	[GET] /core/ui/css/header.css
08:45:07.328	[0:0:0:0:0:0:0:1]:49239	admin	200		11.42 ms
08:45:07.331	[0:0:0:0:0:0:0:1]:49242	admin	200		15.38 ms
08:45:07.341	[0:0:0:0:0:0:0:1]:49243	admin	200		14.9 ms
08:45:41.130	[0:0:0:0:0:0:0:1]:49238	admin	REQUEST	[GET] /dyrin/doc/eider.html
08:45:41.661	[0:0:0:0:0:0:0:1]:49238	admin	200		531.4 ms
08:45:41.714	[0:0:0:0:0:0:0:1]:49239	admin	REQUEST	[GET] /core/ui/lib/bootstrap.min.css
08:45:41.716	[0:0:0:0:0:0:0:1]:49242	admin	REQUEST	[GET] /dyrin/ui/css/menuGauche.css
08:45:41.727	[0:0:0:0:0:0:0:1]:49239	admin	200		12.53 ms
08:45:41.728	[0:0:0:0:0:0:0:1]:49243	admin	REQUEST	[GET] /core/ui/css/tei.css
08:45:41.729	[0:0:0:0:0:0:0:1]:49242	admin	200		12.61 ms
08:45:41.730	[0:0:0:0:0:0:0:1]:49240	admin	REQUEST	[GET] /core/ui/css/alignment.css
08:45:41.738	[0:0:0:0:0:0:0:1]:49242	admin	REQUEST	[GET] /dyrin/ui/css/dyrin.css
08:45:41.743	[0:0:0:0:0:0:0:1]:49241	admin	REQUEST	[GET] /core/ui/lib/bootstrap.bundle.min.js
08:45:41.744	[0:0:0:0:0:0:0:1]:49243	admin	200		15.69 ms
08:45:41.744	[0:0:0:0:0:0:0:1]:49240	admin	200		13.98 ms
08:45:41.746	[0:0:0:0:0:0:0:1]:49243	admin	REQUEST	[GET] /dyrin/ui/js/dyrin.js
08:45:41.746	[0:0:0:0:0:0:0:1]:49238	admin	REQUEST	[GET] /core/ui/js/MaxTEI.js
08:45:41.754	[0:0:0:0:0:0:0:1]:49241	admin	200		10.91 ms
08:45:41.756	[0:0:0:0:0:0:0:1]:49238	admin	200		10.58 ms
08:45:41.761	[0:0:0:0:0:0:0:1]:49243	admin	200		15.91 ms
08:45:41.771	[0:0:0:0:0:0:0:1]:49241	admin	REQUEST	[GET] /core/ui/js/Plugin.js
08:45:41.773	[0:0:0:0:0:0:0:1]:49243	admin	REQUEST	[GET] /core/ui/css/header.css
08:45:41.777	[0:0:0:0:0:0:0:1]:49240	admin	REQUEST	[GET] /core/ui/js/AbstractMax.js
08:45:41.785	[0:0:0:0:0:0:0:1]:49240	admin	200		9.03 ms
08:45:41.785	[0:0:0:0:0:0:0:1]:49243	admin	200		12.52 ms
08:45:41.789	[0:0:0:0:0:0:0:1]:49241	admin	200		18.4 ms
08:45:41.793	[0:0:0:0:0:0:0:1]:49242	admin	200		55.29 ms
08:45:41.796	[0:0:0:0:0:0:0:1]:49239	admin	REQUEST	[GET] /core/ui/images/logos/biblissima.png
08:45:41.796	[0:0:0:0:0:0:0:1]:49241	admin	REQUEST	[GET] /core/ui/images/logos/investissement-davenir.png
08:45:41.811	[0:0:0:0:0:0:0:1]:49241	admin	200		15.22 ms
08:45:41.812	[0:0:0:0:0:0:0:1]:49239	admin	200		15.87 ms
08:45:47.037	[0:0:0:0:0:0:0:1]:49253	admin	REQUEST	[GET] /core/ui/lib/bootstrap.bundle.min.js
08:45:47.078	[0:0:0:0:0:0:0:1]:49253	admin	200		41.56 ms
08:45:49.412	[0:0:0:0:0:0:0:1]:49239	admin	REQUEST	[GET] /core/ui/lib/bootstrap.min.css.map
08:45:49.428	[0:0:0:0:0:0:0:1]:49239	admin	200		16.78 ms
08:50:24.161	[0:0:0:0:0:0:0:1]:49269	admin	REQUEST	[GET] /dyrin/doc/eider.html
08:50:24.682	[0:0:0:0:0:0:0:1]:49269	admin	200		521.48 ms
08:50:24.781	[0:0:0:0:0:0:0:1]:49269	admin	REQUEST	[GET] /core/ui/lib/bootstrap.min.css
08:50:24.785	[0:0:0:0:0:0:0:1]:49270	admin	REQUEST	[GET] /dyrin/ui/css/menuGauche.css
08:50:24.798	[0:0:0:0:0:0:0:1]:49273	admin	REQUEST	[GET] /plugins/thesauri_pdn/thesauri_pdn.css
08:50:24.800	[0:0:0:0:0:0:0:1]:49270	admin	200		15.16 ms
08:50:24.802	[0:0:0:0:0:0:0:1]:49269	admin	200		20.42 ms
08:50:24.804	[0:0:0:0:0:0:0:1]:49270	admin	REQUEST	[GET] /plugins/index/index.css
08:50:24.809	[0:0:0:0:0:0:0:1]:49269	admin	REQUEST	[GET] /plugins/tei_pdf/tei_pdf.css
08:50:24.809	[0:0:0:0:0:0:0:1]:49274	admin	REQUEST	[GET] /plugins/mirador_viewer/mirador_viewer.css
08:50:24.821	[0:0:0:0:0:0:0:1]:49269	admin	200		12.71 ms
08:50:24.822	[0:0:0:0:0:0:0:1]:49273	admin	200		23.58 ms
08:50:24.822	[0:0:0:0:0:0:0:1]:49274	admin	200		13.85 ms
08:50:24.824	[0:0:0:0:0:0:0:1]:49269	admin	REQUEST	[GET] /dyrin/ui/css/dyrin.css
08:50:24.824	[0:0:0:0:0:0:0:1]:49273	admin	REQUEST	[GET] /core/ui/lib/bootstrap.bundle.min.js
08:50:24.827	[0:0:0:0:0:0:0:1]:49271	admin	REQUEST	[GET] /core/ui/css/tei.css
08:50:24.831	[0:0:0:0:0:0:0:1]:49272	admin	REQUEST	[GET] /core/ui/css/alignment.css
08:50:24.844	[0:0:0:0:0:0:0:1]:49273	admin	200		19.92 ms
08:50:24.845	[0:0:0:0:0:0:0:1]:49274	admin	REQUEST	[GET] /core/ui/js/MaxTEI.js
08:50:24.847	[0:0:0:0:0:0:0:1]:49271	admin	200		19.37 ms
08:50:24.847	[0:0:0:0:0:0:0:1]:49273	admin	REQUEST	[GET] /dyrin/ui/js/dyrin.js
08:50:24.851	[0:0:0:0:0:0:0:1]:49271	admin	REQUEST	[GET] /plugins/thesauri_pdn/thesauri_pdn.js
08:50:24.859	[0:0:0:0:0:0:0:1]:49274	admin	200		14.3 ms
08:50:24.861	[0:0:0:0:0:0:0:1]:49274	admin	REQUEST	[GET] /plugins/mirador_viewer/mirador_viewer.js
08:50:24.863	[0:0:0:0:0:0:0:1]:49270	admin	200		59.19 ms
08:50:24.865	[0:0:0:0:0:0:0:1]:49270	admin	REQUEST	[GET] /plugins/index/index.js
08:50:24.870	[0:0:0:0:0:0:0:1]:49273	admin	200		23.3 ms
08:50:24.871	[0:0:0:0:0:0:0:1]:49274	admin	200		9.88 ms
08:50:24.872	[0:0:0:0:0:0:0:1]:49271	admin	200		20.93 ms
08:50:24.877	[0:0:0:0:0:0:0:1]:49269	admin	200		53.69 ms
08:50:24.887	[0:0:0:0:0:0:0:1]:49270	admin	200		22.25 ms
08:50:24.889	[0:0:0:0:0:0:0:1]:49272	admin	200		58.46 ms
08:50:24.893	[0:0:0:0:0:0:0:1]:49273	admin	REQUEST	[GET] /core/ui/images/logos/biblissima.png
08:50:24.895	[0:0:0:0:0:0:0:1]:49274	admin	REQUEST	[GET] /core/ui/images/logos/investissement-davenir.png
08:50:24.905	[0:0:0:0:0:0:0:1]:49273	admin	200		12.11 ms
08:50:24.906	[0:0:0:0:0:0:0:1]:49274	admin	200		11.11 ms
08:50:25.088	[0:0:0:0:0:0:0:1]:49273	admin	REQUEST	[GET] /core/ui/css/header.css
08:50:25.090	[0:0:0:0:0:0:0:1]:49274	admin	REQUEST	[GET] /core/ui/js/AbstractMax.js
08:50:25.096	[0:0:0:0:0:0:0:1]:49271	admin	REQUEST	[GET] /core/ui/js/Plugin.js
08:50:25.101	[0:0:0:0:0:0:0:1]:49274	admin	200		11.57 ms
08:50:25.103	[0:0:0:0:0:0:0:1]:49273	admin	200		15.06 ms
08:50:25.108	[0:0:0:0:0:0:0:1]:49271	admin	200		12.33 ms
08:50:25.881	[0:0:0:0:0:0:0:1]:49273	admin	REQUEST	[GET] /core/ui/lib/bootstrap.min.css.map
08:50:25.892	[0:0:0:0:0:0:0:1]:49273	admin	200		11.79 ms
08:50:45.179	[0:0:0:0:0:0:0:1]:49273	admin	REQUEST	[GET] /dyrin/doc/eider.html
08:50:45.610	[0:0:0:0:0:0:0:1]:49273	admin	200		430.84 ms
08:50:45.670	[0:0:0:0:0:0:0:1]:49273	admin	REQUEST	[GET] /core/ui/lib/bootstrap.min.css
08:50:45.679	[0:0:0:0:0:0:0:1]:49274	admin	REQUEST	[GET] /dyrin/ui/css/menuGauche.css
08:50:45.689	[0:0:0:0:0:0:0:1]:49272	admin	REQUEST	[GET] /plugins/thesauri_pdn/thesauri_pdn.css
08:50:45.689	[0:0:0:0:0:0:0:1]:49273	admin	200		18.53 ms
08:50:45.689	[0:0:0:0:0:0:0:1]:49270	admin	REQUEST	[GET] /core/ui/css/alignment.css
08:50:45.696	[0:0:0:0:0:0:0:1]:49273	admin	REQUEST	[GET] /plugins/index/index.css
08:50:45.700	[0:0:0:0:0:0:0:1]:49274	admin	200		21.6 ms
08:50:45.703	[0:0:0:0:0:0:0:1]:49270	admin	200		14.6 ms
08:50:45.706	[0:0:0:0:0:0:0:1]:49274	admin	REQUEST	[GET] /plugins/tei_pdf/tei_pdf.css
08:50:45.708	[0:0:0:0:0:0:0:1]:49270	admin	REQUEST	[GET] /dyrin/ui/css/dyrin.css
08:50:45.710	[0:0:0:0:0:0:0:1]:49272	admin	200		21.51 ms
08:50:45.713	[0:0:0:0:0:0:0:1]:49271	admin	REQUEST	[GET] /core/ui/css/tei.css
08:50:45.717	[0:0:0:0:0:0:0:1]:49274	admin	200		11.44 ms
08:50:45.719	[0:0:0:0:0:0:0:1]:49270	admin	200		11.71 ms
08:50:45.721	[0:0:0:0:0:0:0:1]:49274	admin	REQUEST	[GET] /core/ui/lib/bootstrap.bundle.min.js
08:50:45.724	[0:0:0:0:0:0:0:1]:49271	admin	200		12.23 ms
08:50:45.724	[0:0:0:0:0:0:0:1]:49270	admin	REQUEST	[GET] /core/ui/js/MaxTEI.js
08:50:45.727	[0:0:0:0:0:0:0:1]:49271	admin	REQUEST	[GET] /dyrin/ui/js/dyrin.js
08:50:45.729	[0:0:0:0:0:0:0:1]:49272	admin	REQUEST	[GET] /plugins/thesauri_pdn/thesauri_pdn.js
08:50:45.733	[0:0:0:0:0:0:0:1]:49270	admin	200		9.21 ms
08:50:45.735	[0:0:0:0:0:0:0:1]:49270	admin	REQUEST	[GET] /plugins/mirador_viewer/mirador_viewer.js
08:50:45.735	[0:0:0:0:0:0:0:1]:49271	admin	200		8.81 ms
08:50:45.738	[0:0:0:0:0:0:0:1]:49271	admin	REQUEST	[GET] /plugins/index/index.js
08:50:45.747	[0:0:0:0:0:0:0:1]:49271	admin	200		8.99 ms
08:50:45.747	[0:0:0:0:0:0:0:1]:49269	admin	REQUEST	[GET] /plugins/mirador_viewer/mirador_viewer.css
08:50:45.762	[0:0:0:0:0:0:0:1]:49269	admin	200		49.84 ms
08:50:45.764	[0:0:0:0:0:0:0:1]:49270	admin	200		28.48 ms
08:50:45.766	[0:0:0:0:0:0:0:1]:49272	admin	200		37.37 ms
08:50:45.767	[0:0:0:0:0:0:0:1]:49274	admin	200		46.16 ms
08:50:45.770	[0:0:0:0:0:0:0:1]:49273	admin	200		74.07 ms
08:50:45.820	[0:0:0:0:0:0:0:1]:49273	admin	REQUEST	[GET] /core/ui/images/logos/biblissima.png
08:50:45.831	[0:0:0:0:0:0:0:1]:49273	admin	200		11.97 ms
08:50:45.840	[0:0:0:0:0:0:0:1]:49273	admin	REQUEST	[GET] /core/ui/images/logos/investissement-davenir.png
08:50:45.851	[0:0:0:0:0:0:0:1]:49273	admin	200		11.52 ms
08:50:45.902	[0:0:0:0:0:0:0:1]:49273	admin	REQUEST	[GET] /core/ui/css/header.css
08:50:45.910	[0:0:0:0:0:0:0:1]:49274	admin	REQUEST	[GET] /core/ui/js/AbstractMax.js
08:50:45.913	[0:0:0:0:0:0:0:1]:49270	admin	REQUEST	[GET] /core/ui/js/Plugin.js
08:50:45.914	[0:0:0:0:0:0:0:1]:49273	admin	200		11.94 ms
08:50:45.922	[0:0:0:0:0:0:0:1]:49274	admin	200		12.43 ms
08:50:45.924	[0:0:0:0:0:0:0:1]:49270	admin	200		11.02 ms
08:50:46.534	[0:0:0:0:0:0:0:1]:49273	admin	REQUEST	[GET] /core/ui/lib/bootstrap.min.css.map
08:50:46.543	[0:0:0:0:0:0:0:1]:49273	admin	200		9.12 ms
08:54:39.327	[0:0:0:0:0:0:0:1]:49289	admin	REQUEST	[GET] /dyrin/doc/eider.html
08:54:39.467	[0:0:0:0:0:0:0:1]:49289	admin	500	Stopped at /Users/ag/Documents/elsa/projetsMaX/dyrin/dyrin-BaseX/webapp/MaX/max.xq, 275/26: [xslt:error] Error on line 46 column 7 of text_hook.xsl: SXXP0003: Error reported by XML parser: The element type "div" must be terminated by the matching end-tag "</div>".	140.84 ms
08:55:06.714	[0:0:0:0:0:0:0:1]:49289	admin	REQUEST	[GET] /dyrin/doc/eider.html
08:55:07.111	[0:0:0:0:0:0:0:1]:49289	admin	200		397.1 ms
08:55:07.177	[0:0:0:0:0:0:0:1]:49289	admin	REQUEST	[GET] /core/ui/lib/bootstrap.min.css
08:55:07.186	[0:0:0:0:0:0:0:1]:49292	admin	REQUEST	[GET] /dyrin/ui/css/menuGauche.css
08:55:07.190	[0:0:0:0:0:0:0:1]:49289	admin	200		13.4 ms
08:55:07.193	[0:0:0:0:0:0:0:1]:49294	admin	REQUEST	[GET] /plugins/thesauri_pdn/thesauri_pdn.css
08:55:07.194	[0:0:0:0:0:0:0:1]:49296	admin	REQUEST	[GET] /plugins/mirador_viewer/mirador_viewer.css
08:55:07.202	[0:0:0:0:0:0:0:1]:49294	admin	200		9.4 ms
08:55:07.205	[0:0:0:0:0:0:0:1]:49296	admin	200		11.35 ms
08:55:07.206	[0:0:0:0:0:0:0:1]:49294	admin	REQUEST	[GET] /plugins/index/index.css
08:55:07.208	[0:0:0:0:0:0:0:1]:49296	admin	REQUEST	[GET] /plugins/tei_pdf/tei_pdf.css
08:55:07.211	[0:0:0:0:0:0:0:1]:49289	admin	REQUEST	[GET] /dyrin/ui/css/dyrin.css
08:55:07.217	[0:0:0:0:0:0:0:1]:49296	admin	200		9.97 ms
08:55:07.217	[0:0:0:0:0:0:0:1]:49292	admin	200		32.84 ms
08:55:07.220	[0:0:0:0:0:0:0:1]:49292	admin	REQUEST	[GET] /core/ui/lib/bootstrap.bundle.min.js
08:55:07.222	[0:0:0:0:0:0:0:1]:49296	admin	REQUEST	[GET] /core/ui/js/MaxTEI.js
08:55:07.226	[0:0:0:0:0:0:0:1]:49294	admin	200		20.15 ms
08:55:07.228	[0:0:0:0:0:0:0:1]:49294	admin	REQUEST	[GET] /dyrin/ui/js/dyrin.js
08:55:07.228	[0:0:0:0:0:0:0:1]:49292	admin	200		8.7 ms
08:55:07.230	[0:0:0:0:0:0:0:1]:49295	admin	REQUEST	[GET] /core/ui/css/alignment.css
08:55:07.237	[0:0:0:0:0:0:0:1]:49294	admin	200		9.46 ms
08:55:07.238	[0:0:0:0:0:0:0:1]:49294	admin	REQUEST	[GET] /plugins/thesauri_pdn/thesauri_pdn.js
08:55:07.238	[0:0:0:0:0:0:0:1]:49296	admin	200		16.58 ms
08:55:07.240	[0:0:0:0:0:0:0:1]:49293	admin	REQUEST	[GET] /core/ui/css/tei.css
08:55:07.242	[0:0:0:0:0:0:0:1]:49296	admin	REQUEST	[GET] /plugins/mirador_viewer/mirador_viewer.js
08:55:07.244	[0:0:0:0:0:0:0:1]:49295	admin	200		13.28 ms
08:55:07.246	[0:0:0:0:0:0:0:1]:49295	admin	REQUEST	[GET] /plugins/index/index.js
08:55:07.251	[0:0:0:0:0:0:0:1]:49296	admin	200		8.76 ms
08:55:07.251	[0:0:0:0:0:0:0:1]:49294	admin	200		12.95 ms
08:55:07.253	[0:0:0:0:0:0:0:1]:49289	admin	200		42.8 ms
08:55:07.268	[0:0:0:0:0:0:0:1]:49295	admin	200		22.99 ms
08:55:07.271	[0:0:0:0:0:0:0:1]:49293	admin	200		30.74 ms
08:55:07.316	[0:0:0:0:0:0:0:1]:49292	admin	REQUEST	[GET] /core/ui/images/logos/biblissima.png
08:55:07.319	[0:0:0:0:0:0:0:1]:49296	admin	REQUEST	[GET] /core/ui/images/logos/investissement-davenir.png
08:55:07.326	[0:0:0:0:0:0:0:1]:49292	admin	200		9.72 ms
08:55:07.329	[0:0:0:0:0:0:0:1]:49296	admin	200		10.35 ms
08:55:07.377	[0:0:0:0:0:0:0:1]:49292	admin	REQUEST	[GET] /core/ui/js/AbstractMax.js
08:55:07.378	[0:0:0:0:0:0:0:1]:49296	admin	REQUEST	[GET] /core/ui/js/Plugin.js
08:55:07.382	[0:0:0:0:0:0:0:1]:49294	admin	REQUEST	[GET] /core/ui/css/header.css
08:55:07.386	[0:0:0:0:0:0:0:1]:49292	admin	200		9.11 ms
08:55:07.388	[0:0:0:0:0:0:0:1]:49296	admin	200		10.04 ms
08:55:07.393	[0:0:0:0:0:0:0:1]:49294	admin	200		10.67 ms
08:55:07.795	[0:0:0:0:0:0:0:1]:49292	admin	REQUEST	[GET] /core/ui/lib/bootstrap.min.css.map
08:55:07.803	[0:0:0:0:0:0:0:1]:49292	admin	200		8.4 ms
08:55:34.431	[0:0:0:0:0:0:0:1]:49292	admin	REQUEST	[GET] /dyrin/doc/eider.html
08:55:34.825	[0:0:0:0:0:0:0:1]:49292	admin	200		394.06 ms
08:55:34.907	[0:0:0:0:0:0:0:1]:49294	admin	REQUEST	[GET] /core/ui/css/tei.css
08:55:34.908	[0:0:0:0:0:0:0:1]:49296	admin	REQUEST	[GET] /dyrin/ui/css/menuGauche.css
08:55:34.911	[0:0:0:0:0:0:0:1]:49293	admin	REQUEST	[GET] /core/ui/css/alignment.css
08:55:34.911	[0:0:0:0:0:0:0:1]:49289	admin	REQUEST	[GET] /plugins/mirador_viewer/mirador_viewer.css
08:55:34.920	[0:0:0:0:0:0:0:1]:49296	admin	200		12.56 ms
08:55:34.934	[0:0:0:0:0:0:0:1]:49295	admin	REQUEST	[GET] /plugins/thesauri_pdn/thesauri_pdn.css
08:55:34.934	[0:0:0:0:0:0:0:1]:49292	admin	REQUEST	[GET] /core/ui/lib/bootstrap.min.css
08:55:34.939	[0:0:0:0:0:0:0:1]:49293	admin	200		28.03 ms
08:55:34.934	[0:0:0:0:0:0:0:1]:49294	admin	200		27.42 ms
08:55:34.942	[0:0:0:0:0:0:0:1]:49293	admin	REQUEST	[GET] /plugins/index/index.css
08:55:34.943	[0:0:0:0:0:0:0:1]:49295	admin	200		18.56 ms
08:55:34.944	[0:0:0:0:0:0:0:1]:49294	admin	REQUEST	[GET] /plugins/tei_pdf/tei_pdf.css
08:55:34.945	[0:0:0:0:0:0:0:1]:49295	admin	REQUEST	[GET] /dyrin/ui/css/dyrin.css
08:55:34.955	[0:0:0:0:0:0:0:1]:49293	admin	200		13.0 ms
08:55:34.955	[0:0:0:0:0:0:0:1]:49294	admin	200		11.52 ms
08:55:34.956	[0:0:0:0:0:0:0:1]:49293	admin	REQUEST	[GET] /core/ui/lib/bootstrap.bundle.min.js
08:55:34.957	[0:0:0:0:0:0:0:1]:49294	admin	REQUEST	[GET] /core/ui/js/MaxTEI.js
08:55:34.962	[0:0:0:0:0:0:0:1]:49289	admin	200		51.57 ms
08:55:34.964	[0:0:0:0:0:0:0:1]:49289	admin	REQUEST	[GET] /dyrin/ui/js/dyrin.js
08:55:34.965	[0:0:0:0:0:0:0:1]:49294	admin	200		8.54 ms
08:55:34.965	[0:0:0:0:0:0:0:1]:49293	admin	200		9.15 ms
08:55:34.967	[0:0:0:0:0:0:0:1]:49294	admin	REQUEST	[GET] /plugins/thesauri_pdn/thesauri_pdn.js
08:55:34.978	[0:0:0:0:0:0:0:1]:49296	admin	REQUEST	[GET] /plugins/mirador_viewer/mirador_viewer.js
08:55:34.979	[0:0:0:0:0:0:0:1]:49289	admin	200		14.66 ms
08:55:34.980	[0:0:0:0:0:0:0:1]:49289	admin	REQUEST	[GET] /plugins/index/index.js
08:55:34.987	[0:0:0:0:0:0:0:1]:49296	admin	200		8.76 ms
08:55:34.989	[0:0:0:0:0:0:0:1]:49289	admin	200		9.01 ms
08:55:34.992	[0:0:0:0:0:0:0:1]:49292	admin	200		68.16 ms
08:55:35.006	[0:0:0:0:0:0:0:1]:49294	admin	200		39.64 ms
08:55:35.008	[0:0:0:0:0:0:0:1]:49295	admin	200		63.14 ms
08:55:35.010	[0:0:0:0:0:0:0:1]:49296	admin	REQUEST	[GET] /core/ui/images/logos/investissement-davenir.png
08:55:35.010	[0:0:0:0:0:0:0:1]:49292	admin	REQUEST	[GET] /core/ui/images/logos/biblissima.png
08:55:35.019	[0:0:0:0:0:0:0:1]:49292	admin	200		9.17 ms
08:55:35.019	[0:0:0:0:0:0:0:1]:49296	admin	200		9.39 ms
08:55:35.096	[0:0:0:0:0:0:0:1]:49292	admin	REQUEST	[GET] /core/ui/css/header.css
08:55:35.107	[0:0:0:0:0:0:0:1]:49293	admin	REQUEST	[GET] /core/ui/js/AbstractMax.js
08:55:35.109	[0:0:0:0:0:0:0:1]:49292	admin	200		13.19 ms
08:55:35.118	[0:0:0:0:0:0:0:1]:49293	admin	200		11.76 ms
08:55:35.136	[0:0:0:0:0:0:0:1]:49292	admin	REQUEST	[GET] /core/ui/js/Plugin.js
08:55:35.147	[0:0:0:0:0:0:0:1]:49292	admin	200		10.92 ms
08:55:35.543	[0:0:0:0:0:0:0:1]:49292	admin	REQUEST	[GET] /core/ui/lib/bootstrap.min.css.map
08:55:35.552	[0:0:0:0:0:0:0:1]:49292	admin	200		9.39 ms
08:59:15.831	[0:0:0:0:0:0:0:1]:49304	admin	REQUEST	[GET] /dyrin/doc/eider.html
08:59:16.030	[0:0:0:0:0:0:0:1]:49304	admin	500	Stopped at /Users/ag/Documents/elsa/projetsMaX/dyrin/dyrin-BaseX/webapp/MaX/max.xq, 275/26: [xslt:error] Error in {*:tei:publicationStmt} at char 5 in xsl:template/@match on line 42 column 65 of text_hook.xsl: XTSE0340: Unexpected token ":" beyond end of expression	198.83 ms
08:59:51.984	[0:0:0:0:0:0:0:1]:49304	admin	REQUEST	[GET] /dyrin/doc/eider.html
08:59:52.141	[0:0:0:0:0:0:0:1]:49304	admin	500	Stopped at /Users/ag/Documents/elsa/projetsMaX/dyrin/dyrin-BaseX/webapp/MaX/max.xq, 275/26: [xslt:error] Error near {...publicationStmt//*:tei:lice...} at char 26 in xsl:template/@match on line 42 column 63 of text_hook.xsl: XTSE0340: Unexpected token ":" beyond end of expression	157.96 ms
09:00:05.533	[0:0:0:0:0:0:0:1]:49304	admin	REQUEST	[GET] /dyrin/doc/eider.html
09:00:05.911	[0:0:0:0:0:0:0:1]:49304	admin	200		378.51 ms
09:00:05.962	[0:0:0:0:0:0:0:1]:49304	admin	REQUEST	[GET] /core/ui/lib/bootstrap.min.css
09:00:05.974	[0:0:0:0:0:0:0:1]:49305	admin	REQUEST	[GET] /dyrin/ui/css/menuGauche.css
09:00:05.977	[0:0:0:0:0:0:0:1]:49309	admin	REQUEST	[GET] /plugins/mirador_viewer/mirador_viewer.css
09:00:05.987	[0:0:0:0:0:0:0:1]:49305	admin	200		13.4 ms
09:00:05.989	[0:0:0:0:0:0:0:1]:49309	admin	200		12.28 ms
09:00:05.990	[0:0:0:0:0:0:0:1]:49305	admin	REQUEST	[GET] /plugins/index/index.css
09:00:05.991	[0:0:0:0:0:0:0:1]:49304	admin	200		28.82 ms
09:00:05.991	[0:0:0:0:0:0:0:1]:49307	admin	REQUEST	[GET] /core/ui/css/alignment.css
09:00:05.992	[0:0:0:0:0:0:0:1]:49309	admin	REQUEST	[GET] /plugins/tei_pdf/tei_pdf.css
09:00:05.996	[0:0:0:0:0:0:0:1]:49304	admin	REQUEST	[GET] /dyrin/ui/css/dyrin.css
09:00:05.999	[0:0:0:0:0:0:0:1]:49307	admin	200		8.58 ms
09:00:06.004	[0:0:0:0:0:0:0:1]:49307	admin	REQUEST	[GET] /core/ui/lib/bootstrap.bundle.min.js
09:00:06.009	[0:0:0:0:0:0:0:1]:49304	admin	200		13.51 ms
09:00:06.011	[0:0:0:0:0:0:0:1]:49306	admin	REQUEST	[GET] /core/ui/css/tei.css
09:00:06.014	[0:0:0:0:0:0:0:1]:49307	admin	200		10.11 ms
09:00:06.018	[0:0:0:0:0:0:0:1]:49307	admin	REQUEST	[GET] /dyrin/ui/js/dyrin.js
09:00:06.022	[0:0:0:0:0:0:0:1]:49305	admin	200		31.96 ms
09:00:06.023	[0:0:0:0:0:0:0:1]:49305	admin	REQUEST	[GET] /plugins/thesauri_pdn/thesauri_pdn.js
09:00:06.025	[0:0:0:0:0:0:0:1]:49309	admin	200		33.15 ms
09:00:06.027	[0:0:0:0:0:0:0:1]:49309	admin	REQUEST	[GET] /plugins/mirador_viewer/mirador_viewer.js
09:00:06.031	[0:0:0:0:0:0:0:1]:49305	admin	200		8.03 ms
09:00:06.031	[0:0:0:0:0:0:0:1]:49307	admin	200		13.23 ms
09:00:06.034	[0:0:0:0:0:0:0:1]:49305	admin	REQUEST	[GET] /plugins/index/index.js
09:00:06.042	[0:0:0:0:0:0:0:1]:49309	admin	200		14.92 ms
09:00:06.045	[0:0:0:0:0:0:0:1]:49305	admin	200		11.82 ms
09:00:06.045	[0:0:0:0:0:0:0:1]:49304	admin	REQUEST	[GET] /core/ui/js/MaxTEI.js
09:00:06.054	[0:0:0:0:0:0:0:1]:49304	admin	200		8.96 ms
09:00:06.058	[0:0:0:0:0:0:0:1]:49308	admin	REQUEST	[GET] /plugins/thesauri_pdn/thesauri_pdn.css
09:00:06.059	[0:0:0:0:0:0:0:1]:49306	admin	200		48.06 ms
09:00:06.079	[0:0:0:0:0:0:0:1]:49308	admin	200		21.01 ms
09:00:06.100	[0:0:0:0:0:0:0:1]:49307	admin	REQUEST	[GET] /core/ui/images/logos/biblissima.png
09:00:06.103	[0:0:0:0:0:0:0:1]:49308	admin	REQUEST	[GET] /core/ui/images/logos/investissement-davenir.png
09:00:06.108	[0:0:0:0:0:0:0:1]:49307	admin	200		8.92 ms
09:00:06.111	[0:0:0:0:0:0:0:1]:49308	admin	200		9.04 ms
09:00:06.164	[0:0:0:0:0:0:0:1]:49307	admin	REQUEST	[GET] /core/ui/js/Plugin.js
09:00:06.170	[0:0:0:0:0:0:0:1]:49308	admin	REQUEST	[GET] /core/ui/js/AbstractMax.js
09:00:06.172	[0:0:0:0:0:0:0:1]:49306	admin	REQUEST	[GET] /core/ui/css/header.css
09:00:06.178	[0:0:0:0:0:0:0:1]:49307	admin	200		13.34 ms
09:00:06.179	[0:0:0:0:0:0:0:1]:49308	admin	200		9.63 ms
09:00:06.180	[0:0:0:0:0:0:0:1]:49306	admin	200		8.38 ms
09:00:06.592	[0:0:0:0:0:0:0:1]:49307	admin	REQUEST	[GET] /core/ui/lib/bootstrap.min.css.map
09:00:06.598	[0:0:0:0:0:0:0:1]:49307	admin	200		6.22 ms
09:00:55.420	[0:0:0:0:0:0:0:1]:49307	admin	REQUEST	[GET] /dyrin/doc/eider.html
09:00:55.752	[0:0:0:0:0:0:0:1]:49307	admin	200		332.12 ms
09:00:55.818	[0:0:0:0:0:0:0:1]:49307	admin	REQUEST	[GET] /core/ui/lib/bootstrap.min.css
09:00:55.826	[0:0:0:0:0:0:0:1]:49304	admin	REQUEST	[GET] /plugins/mirador_viewer/mirador_viewer.css
09:00:55.827	[0:0:0:0:0:0:0:1]:49306	admin	REQUEST	[GET] /core/ui/css/tei.css
09:00:55.828	[0:0:0:0:0:0:0:1]:49307	admin	200		9.7 ms
09:00:55.830	[0:0:0:0:0:0:0:1]:49308	admin	REQUEST	[GET] /dyrin/ui/css/menuGauche.css
09:00:55.838	[0:0:0:0:0:0:0:1]:49304	admin	200		12.13 ms
09:00:55.839	[0:0:0:0:0:0:0:1]:49306	admin	200		12.33 ms
09:00:55.840	[0:0:0:0:0:0:0:1]:49304	admin	REQUEST	[GET] /plugins/index/index.css
09:00:55.841	[0:0:0:0:0:0:0:1]:49308	admin	200		11.69 ms
09:00:55.845	[0:0:0:0:0:0:0:1]:49306	admin	REQUEST	[GET] /plugins/tei_pdf/tei_pdf.css
09:00:55.846	[0:0:0:0:0:0:0:1]:49308	admin	REQUEST	[GET] /dyrin/ui/css/dyrin.css
09:00:55.853	[0:0:0:0:0:0:0:1]:49304	admin	200		12.7 ms
09:00:55.854	[0:0:0:0:0:0:0:1]:49304	admin	REQUEST	[GET] /core/ui/lib/bootstrap.bundle.min.js
09:00:55.857	[0:0:0:0:0:0:0:1]:49306	admin	200		11.92 ms
09:00:55.857	[0:0:0:0:0:0:0:1]:49308	admin	200		11.35 ms
09:00:55.859	[0:0:0:0:0:0:0:1]:49306	admin	REQUEST	[GET] /core/ui/js/MaxTEI.js
09:00:55.859	[0:0:0:0:0:0:0:1]:49308	admin	REQUEST	[GET] /dyrin/ui/js/dyrin.js
09:00:55.863	[0:0:0:0:0:0:0:1]:49304	admin	200		9.22 ms
09:00:55.868	[0:0:0:0:0:0:0:1]:49308	admin	200		9.04 ms
09:00:55.870	[0:0:0:0:0:0:0:1]:49308	admin	REQUEST	[GET] /plugins/thesauri_pdn/thesauri_pdn.js
09:00:55.872	[0:0:0:0:0:0:0:1]:49306	admin	200		13.55 ms
09:00:55.874	[0:0:0:0:0:0:0:1]:49306	admin	REQUEST	[GET] /plugins/mirador_viewer/mirador_viewer.js
09:00:55.874	[0:0:0:0:0:0:0:1]:49307	admin	REQUEST	[GET] /plugins/index/index.js
09:00:55.879	[0:0:0:0:0:0:0:1]:49308	admin	200		9.14 ms
09:00:55.882	[0:0:0:0:0:0:0:1]:49306	admin	200		8.26 ms
09:00:55.883	[0:0:0:0:0:0:0:1]:49305	admin	REQUEST	[GET] /core/ui/css/alignment.css
09:00:55.887	[0:0:0:0:0:0:0:1]:49309	admin	REQUEST	[GET] /plugins/thesauri_pdn/thesauri_pdn.css
09:00:55.889	[0:0:0:0:0:0:0:1]:49307	admin	200		15.1 ms
09:00:55.897	[0:0:0:0:0:0:0:1]:49309	admin	200		10.92 ms
09:00:55.901	[0:0:0:0:0:0:0:1]:49305	admin	200		17.79 ms
09:00:55.955	[0:0:0:0:0:0:0:1]:49307	admin	REQUEST	[GET] /core/ui/images/logos/biblissima.png
09:00:55.956	[0:0:0:0:0:0:0:1]:49308	admin	REQUEST	[GET] /core/ui/images/logos/investissement-davenir.png
09:00:55.964	[0:0:0:0:0:0:0:1]:49308	admin	200		8.36 ms
09:00:55.965	[0:0:0:0:0:0:0:1]:49307	admin	200		10.07 ms
09:00:56.013	[0:0:0:0:0:0:0:1]:49307	admin	REQUEST	[GET] /core/ui/css/header.css
09:00:56.021	[0:0:0:0:0:0:0:1]:49308	admin	REQUEST	[GET] /core/ui/js/AbstractMax.js
09:00:56.021	[0:0:0:0:0:0:0:1]:49307	admin	200		8.2 ms
09:00:56.022	[0:0:0:0:0:0:0:1]:49306	admin	REQUEST	[GET] /core/ui/js/Plugin.js
09:00:56.030	[0:0:0:0:0:0:0:1]:49308	admin	200		9.49 ms
09:00:56.033	[0:0:0:0:0:0:0:1]:49306	admin	200		10.84 ms
09:00:56.521	[0:0:0:0:0:0:0:1]:49307	admin	REQUEST	[GET] /core/ui/lib/bootstrap.min.css.map
09:00:56.531	[0:0:0:0:0:0:0:1]:49307	admin	200		9.84 ms
09:01:24.422	[0:0:0:0:0:0:0:1]:49307	admin	REQUEST	[GET] /dyrin/doc/eider.html
09:01:24.760	[0:0:0:0:0:0:0:1]:49307	admin	200		338.68 ms
09:01:24.840	[0:0:0:0:0:0:0:1]:49309	admin	REQUEST	[GET] /core/ui/css/alignment.css
09:01:24.854	[0:0:0:0:0:0:0:1]:49309	admin	200		13.53 ms
09:01:24.856	[0:0:0:0:0:0:0:1]:49309	admin	REQUEST	[GET] /plugins/index/index.css
09:01:24.867	[0:0:0:0:0:0:0:1]:49304	admin	REQUEST	[GET] /plugins/mirador_viewer/mirador_viewer.css
09:01:24.873	[0:0:0:0:0:0:0:1]:49305	admin	REQUEST	[GET] /plugins/thesauri_pdn/thesauri_pdn.css
09:01:24.876	[0:0:0:0:0:0:0:1]:49306	admin	REQUEST	[GET] /core/ui/css/tei.css
09:01:24.879	[0:0:0:0:0:0:0:1]:49307	admin	REQUEST	[GET] /core/ui/lib/bootstrap.min.css
09:01:24.880	[0:0:0:0:0:0:0:1]:49308	admin	REQUEST	[GET] /dyrin/ui/css/menuGauche.css
09:01:24.942	[0:0:0:0:0:0:0:1]:49305	admin	200		69.86 ms
09:01:24.944	[0:0:0:0:0:0:0:1]:49304	admin	200		76.49 ms
09:01:24.945	[0:0:0:0:0:0:0:1]:49307	admin	200		66.23 ms
09:01:24.946	[0:0:0:0:0:0:0:1]:49304	admin	REQUEST	[GET] /dyrin/ui/css/dyrin.css
09:01:24.946	[0:0:0:0:0:0:0:1]:49305	admin	REQUEST	[GET] /plugins/tei_pdf/tei_pdf.css
09:01:24.953	[0:0:0:0:0:0:0:1]:49307	admin	REQUEST	[GET] /core/ui/lib/bootstrap.bundle.min.js
09:01:24.955	[0:0:0:0:0:0:0:1]:49305	admin	200		8.79 ms
09:01:24.955	[0:0:0:0:0:0:0:1]:49304	admin	200		9.12 ms
09:01:24.958	[0:0:0:0:0:0:0:1]:49304	admin	REQUEST	[GET] /core/ui/js/MaxTEI.js
09:01:24.960	[0:0:0:0:0:0:0:1]:49305	admin	REQUEST	[GET] /dyrin/ui/js/dyrin.js
09:01:24.964	[0:0:0:0:0:0:0:1]:49306	admin	200		88.91 ms
09:01:24.968	[0:0:0:0:0:0:0:1]:49305	admin	200		8.51 ms
09:01:24.970	[0:0:0:0:0:0:0:1]:49308	admin	200		89.64 ms
09:01:24.972	[0:0:0:0:0:0:0:1]:49306	admin	REQUEST	[GET] /plugins/thesauri_pdn/thesauri_pdn.js
09:01:24.972	[0:0:0:0:0:0:0:1]:49308	admin	REQUEST	[GET] /plugins/index/index.js
09:01:24.977	[0:0:0:0:0:0:0:1]:49304	admin	200		19.68 ms
09:01:24.980	[0:0:0:0:0:0:0:1]:49308	admin	200		8.23 ms
09:01:24.985	[0:0:0:0:0:0:0:1]:49306	admin	200		13.22 ms
09:01:24.987	[0:0:0:0:0:0:0:1]:49309	admin	200		131.24 ms
09:01:24.988	[0:0:0:0:0:0:0:1]:49308	admin	REQUEST	[GET] /core/ui/images/logos/biblissima.png
09:01:24.988	[0:0:0:0:0:0:0:1]:49306	admin	REQUEST	[GET] /core/ui/images/logos/investissement-davenir.png
09:01:24.992	[0:0:0:0:0:0:0:1]:49307	admin	200		39.49 ms
09:01:24.997	[0:0:0:0:0:0:0:1]:49306	admin	200		8.61 ms
09:01:25.000	[0:0:0:0:0:0:0:1]:49308	admin	200		12.43 ms
09:01:25.002	[0:0:0:0:0:0:0:1]:49305	admin	REQUEST	[GET] /plugins/mirador_viewer/mirador_viewer.js
09:01:25.010	[0:0:0:0:0:0:0:1]:49305	admin	200		8.38 ms
09:01:25.097	[0:0:0:0:0:0:0:1]:49307	admin	REQUEST	[GET] /core/ui/css/header.css
09:01:25.105	[0:0:0:0:0:0:0:1]:49306	admin	REQUEST	[GET] /core/ui/js/AbstractMax.js
09:01:25.107	[0:0:0:0:0:0:0:1]:49307	admin	200		9.99 ms
09:01:25.108	[0:0:0:0:0:0:0:1]:49308	admin	REQUEST	[GET] /core/ui/js/Plugin.js
09:01:25.114	[0:0:0:0:0:0:0:1]:49306	admin	200		8.74 ms
09:01:25.117	[0:0:0:0:0:0:0:1]:49308	admin	200		9.59 ms
09:01:25.678	[0:0:0:0:0:0:0:1]:49307	admin	REQUEST	[GET] /core/ui/lib/bootstrap.min.css.map
09:01:25.685	[0:0:0:0:0:0:0:1]:49307	admin	200		7.06 ms
09:01:46.191	[0:0:0:0:0:0:0:1]:49307	admin	REQUEST	[GET] /dyrin/doc/eider.html
09:01:46.603	[0:0:0:0:0:0:0:1]:49307	admin	200		412.31 ms
09:01:46.685	[0:0:0:0:0:0:0:1]:49307	admin	REQUEST	[GET] /core/ui/lib/bootstrap.min.css
09:01:46.688	[0:0:0:0:0:0:0:1]:49306	admin	REQUEST	[GET] /dyrin/ui/css/menuGauche.css
09:01:46.692	[0:0:0:0:0:0:0:1]:49308	admin	REQUEST	[GET] /core/ui/css/tei.css
09:01:46.697	[0:0:0:0:0:0:0:1]:49304	admin	REQUEST	[GET] /plugins/mirador_viewer/mirador_viewer.css
09:01:46.699	[0:0:0:0:0:0:0:1]:49306	admin	200		11.4 ms
09:01:46.698	[0:0:0:0:0:0:0:1]:49307	admin	200		15.05 ms
09:01:46.702	[0:0:0:0:0:0:0:1]:49308	admin	200		9.72 ms
09:01:46.705	[0:0:0:0:0:0:0:1]:49304	admin	200		8.35 ms
09:01:46.707	[0:0:0:0:0:0:0:1]:49309	admin	REQUEST	[GET] /core/ui/css/alignment.css
09:01:46.707	[0:0:0:0:0:0:0:1]:49305	admin	REQUEST	[GET] /plugins/thesauri_pdn/thesauri_pdn.css
09:01:46.715	[0:0:0:0:0:0:0:1]:49305	admin	200		8.91 ms
09:01:46.717	[0:0:0:0:0:0:0:1]:49307	admin	REQUEST	[GET] /plugins/index/index.css
09:01:46.719	[0:0:0:0:0:0:0:1]:49306	admin	REQUEST	[GET] /plugins/tei_pdf/tei_pdf.css
09:01:46.722	[0:0:0:0:0:0:0:1]:49308	admin	REQUEST	[GET] /dyrin/ui/css/dyrin.css
09:01:46.723	[0:0:0:0:0:0:0:1]:49305	admin	REQUEST	[GET] /core/ui/lib/bootstrap.bundle.min.js
09:01:46.726	[0:0:0:0:0:0:0:1]:49307	admin	200		9.47 ms
09:01:46.726	[0:0:0:0:0:0:0:1]:49306	admin	200		7.68 ms
09:01:46.728	[0:0:0:0:0:0:0:1]:49307	admin	REQUEST	[GET] /core/ui/js/MaxTEI.js
09:01:46.730	[0:0:0:0:0:0:0:1]:49306	admin	REQUEST	[GET] /dyrin/ui/js/dyrin.js
09:01:46.730	[0:0:0:0:0:0:0:1]:49305	admin	200		7.7 ms
09:01:46.736	[0:0:0:0:0:0:0:1]:49307	admin	200		8.32 ms
09:01:46.737	[0:0:0:0:0:0:0:1]:49304	admin	REQUEST	[GET] /plugins/thesauri_pdn/thesauri_pdn.js
09:01:46.738	[0:0:0:0:0:0:0:1]:49306	admin	200		8.78 ms
09:01:46.740	[0:0:0:0:0:0:0:1]:49306	admin	REQUEST	[GET] /plugins/index/index.js
09:01:46.740	[0:0:0:0:0:0:0:1]:49307	admin	REQUEST	[GET] /plugins/mirador_viewer/mirador_viewer.js
09:01:46.746	[0:0:0:0:0:0:0:1]:49304	admin	200		9.2 ms
09:01:46.748	[0:0:0:0:0:0:0:1]:49306	admin	200		8.75 ms
09:01:46.751	[0:0:0:0:0:0:0:1]:49308	admin	200		29.06 ms
09:01:46.754	[0:0:0:0:0:0:0:1]:49307	admin	200		14.26 ms
09:01:46.758	[0:0:0:0:0:0:0:1]:49309	admin	200		51.65 ms
09:01:46.927	[0:0:0:0:0:0:0:1]:49307	admin	REQUEST	[GET] /core/ui/images/logos/biblissima.png
09:01:46.928	[0:0:0:0:0:0:0:1]:49305	admin	REQUEST	[GET] /core/ui/images/logos/investissement-davenir.png
09:01:46.935	[0:0:0:0:0:0:0:1]:49307	admin	200		8.68 ms
09:01:46.938	[0:0:0:0:0:0:0:1]:49305	admin	200		9.97 ms
09:01:46.993	[0:0:0:0:0:0:0:1]:49307	admin	REQUEST	[GET] /core/ui/css/header.css
09:01:47.002	[0:0:0:0:0:0:0:1]:49305	admin	REQUEST	[GET] /core/ui/js/AbstractMax.js
09:01:47.004	[0:0:0:0:0:0:0:1]:49307	admin	200		10.71 ms
09:01:47.006	[0:0:0:0:0:0:0:1]:49307	admin	REQUEST	[GET] /core/ui/js/Plugin.js
09:01:47.011	[0:0:0:0:0:0:0:1]:49305	admin	200		8.8 ms
09:01:47.015	[0:0:0:0:0:0:0:1]:49307	admin	200		8.57 ms
09:01:47.614	[0:0:0:0:0:0:0:1]:49307	admin	REQUEST	[GET] /core/ui/lib/bootstrap.min.css.map
09:01:47.621	[0:0:0:0:0:0:0:1]:49307	admin	200		7.35 ms
14:29:34.130	[0:0:0:0:0:0:0:1]:49334	admin	REQUEST	[GET] /dyrin/sommaire.html
14:29:34.546	[0:0:0:0:0:0:0:1]:49334	admin	200		417.39 ms
14:29:34.647	[0:0:0:0:0:0:0:1]:49334	admin	REQUEST	[GET] /core/ui/lib/bootstrap.min.css
14:29:34.650	[0:0:0:0:0:0:0:1]:49335	admin	REQUEST	[GET] /dyrin/ui/css/menuGauche.css
14:29:34.664	[0:0:0:0:0:0:0:1]:49337	admin	REQUEST	[GET] /core/ui/css/tei.css
14:29:34.665	[0:0:0:0:0:0:0:1]:49334	admin	200		18.1 ms
14:29:34.674	[0:0:0:0:0:0:0:1]:49335	admin	200		24.97 ms
14:29:34.675	[0:0:0:0:0:0:0:1]:49339	admin	REQUEST	[GET] /core/ui/lib/bootstrap.bundle.min.js
14:29:34.680	[0:0:0:0:0:0:0:1]:49337	admin	200		16.64 ms
14:29:34.684	[0:0:0:0:0:0:0:1]:49335	admin	REQUEST	[GET] /dyrin/ui/js/dyrin.js
14:29:34.694	[0:0:0:0:0:0:0:1]:49339	admin	200		19.34 ms
14:29:34.698	[0:0:0:0:0:0:0:1]:49335	admin	200		13.77 ms
14:29:34.705	[0:0:0:0:0:0:0:1]:49338	admin	REQUEST	[GET] /dyrin/ui/css/dyrin.css
14:29:34.708	[0:0:0:0:0:0:0:1]:49336	admin	REQUEST	[GET] /core/ui/css/alignment.css
14:29:34.717	[0:0:0:0:0:0:0:1]:49337	admin	REQUEST	[GET] /core/ui/css/header.css
14:29:34.727	[0:0:0:0:0:0:0:1]:49339	admin	REQUEST	[GET] /core/ui/js/Plugin.js
14:29:34.728	[0:0:0:0:0:0:0:1]:49334	admin	REQUEST	[GET] /core/ui/js/MaxTEI.js
14:29:34.730	[0:0:0:0:0:0:0:1]:49338	admin	200		24.35 ms
14:29:34.730	[0:0:0:0:0:0:0:1]:49336	admin	200		22.24 ms
14:29:34.734	[0:0:0:0:0:0:0:1]:49337	admin	200		17.68 ms
14:29:34.737	[0:0:0:0:0:0:0:1]:49335	admin	REQUEST	[GET] /core/ui/images/logos/investissement-davenir.png
14:29:34.738	[0:0:0:0:0:0:0:1]:49338	admin	REQUEST	[GET] /core/ui/images/logos/biblissima.png
14:29:34.744	[0:0:0:0:0:0:0:1]:49339	admin	200		17.01 ms
14:29:34.751	[0:0:0:0:0:0:0:1]:49335	admin	200		14.0 ms
14:29:34.754	[0:0:0:0:0:0:0:1]:49338	admin	200		16.47 ms
14:29:34.770	[0:0:0:0:0:0:0:1]:49334	admin	200		41.89 ms
14:29:34.801	[0:0:0:0:0:0:0:1]:49339	admin	REQUEST	[GET] /core/ui/js/AbstractMax.js
14:29:34.814	[0:0:0:0:0:0:0:1]:49339	admin	200		13.44 ms
14:29:38.466	[0:0:0:0:0:0:0:1]:49334	admin	REQUEST	[GET] /dyrin/doc/renard_polaire.html
14:29:38.898	[0:0:0:0:0:0:0:1]:49334	admin	200		432.32 ms
14:29:38.984	[0:0:0:0:0:0:0:1]:49339	admin	REQUEST	[GET] /core/ui/lib/bootstrap.min.css
14:29:38.986	[0:0:0:0:0:0:0:1]:49338	admin	REQUEST	[GET] /core/ui/css/tei.css
14:29:38.986	[0:0:0:0:0:0:0:1]:49335	admin	REQUEST	[GET] /dyrin/ui/css/menuGauche.css
14:29:38.998	[0:0:0:0:0:0:0:1]:49337	admin	REQUEST	[GET] /core/ui/css/alignment.css
14:29:39.005	[0:0:0:0:0:0:0:1]:49338	admin	200		19.0 ms
14:29:39.007	[0:0:0:0:0:0:0:1]:49336	admin	REQUEST	[GET] /dyrin/ui/css/dyrin.css
14:29:39.011	[0:0:0:0:0:0:0:1]:49334	admin	REQUEST	[GET] /core/ui/lib/bootstrap.bundle.min.js
14:29:39.015	[0:0:0:0:0:0:0:1]:49337	admin	200		17.7 ms
14:29:39.018	[0:0:0:0:0:0:0:1]:49338	admin	REQUEST	[GET] /core/ui/js/MaxTEI.js
14:29:39.022	[0:0:0:0:0:0:0:1]:49337	admin	REQUEST	[GET] /dyrin/ui/js/dyrin.js
14:29:39.030	[0:0:0:0:0:0:0:1]:49336	admin	200		23.54 ms
14:29:39.032	[0:0:0:0:0:0:0:1]:49334	admin	200		20.86 ms
14:29:39.052	[0:0:0:0:0:0:0:1]:49336	admin	REQUEST	[GET] /core/ui/js/Plugin.js
14:29:39.054	[0:0:0:0:0:0:0:1]:49339	admin	200		70.59 ms
14:29:39.054	[0:0:0:0:0:0:0:1]:49338	admin	200		36.83 ms
14:29:39.064	[0:0:0:0:0:0:0:1]:49335	admin	200		77.43 ms
14:29:39.065	[0:0:0:0:0:0:0:1]:49336	admin	200		13.78 ms
14:29:39.066	[0:0:0:0:0:0:0:1]:49337	admin	200		47.39 ms
14:29:39.066	[0:0:0:0:0:0:0:1]:49335	admin	REQUEST	[GET] /core/ui/js/AbstractMax.js
14:29:39.072	[0:0:0:0:0:0:0:1]:49334	admin	REQUEST	[GET] /core/ui/css/header.css
14:29:39.080	[0:0:0:0:0:0:0:1]:49335	admin	200		14.23 ms
14:29:39.091	[0:0:0:0:0:0:0:1]:49334	admin	200		19.52 ms
14:29:39.093	[0:0:0:0:0:0:0:1]:49338	admin	REQUEST	[GET] /core/ui/images/logos/investissement-davenir.png
14:29:39.096	[0:0:0:0:0:0:0:1]:49339	admin	REQUEST	[GET] /dyrin/doc/hdl.handle.net/10934/RM0001.COLLECT.673176
14:29:39.096	[0:0:0:0:0:0:0:1]:49335	admin	REQUEST	[GET] /core/ui/images/logos/biblissima.png
14:29:39.100	[0:0:0:0:0:0:0:1]:49339	admin	404	Service not found.	4.21 ms
14:29:39.116	[0:0:0:0:0:0:0:1]:49338	admin	200		22.6 ms
14:29:39.117	[0:0:0:0:0:0:0:1]:49335	admin	200		20.7 ms
14:29:49.652	[0:0:0:0:0:0:0:1]:49334	admin	REQUEST	[GET] /dyrin/doc/renard_polaire.html
14:29:50.106	[0:0:0:0:0:0:0:1]:49334	admin	200		454.62 ms
14:29:50.161	[0:0:0:0:0:0:0:1]:49339	admin	REQUEST	[GET] /core/ui/lib/bootstrap.min.css
14:29:50.164	[0:0:0:0:0:0:0:1]:49338	admin	REQUEST	[GET] /core/ui/css/tei.css
14:29:50.171	[0:0:0:0:0:0:0:1]:49336	admin	REQUEST	[GET] /core/ui/css/alignment.css
14:29:50.174	[0:0:0:0:0:0:0:1]:49334	admin	REQUEST	[GET] /plugins/mirador_viewer/mirador_viewer.css
14:29:50.186	[0:0:0:0:0:0:0:1]:49338	admin	200		22.24 ms
14:29:50.190	[0:0:0:0:0:0:0:1]:49338	admin	REQUEST	[GET] /plugins/index/index.css
14:29:50.190	[0:0:0:0:0:0:0:1]:49339	admin	200		29.36 ms
14:29:50.200	[0:0:0:0:0:0:0:1]:49336	admin	200		29.72 ms
14:29:50.201	[0:0:0:0:0:0:0:1]:49334	admin	200		26.99 ms
14:29:50.200	[0:0:0:0:0:0:0:1]:49339	admin	REQUEST	[GET] /plugins/tei_pdf/tei_pdf.css
14:29:50.204	[0:0:0:0:0:0:0:1]:49336	admin	REQUEST	[GET] /dyrin/ui/css/dyrin.css
14:29:50.205	[0:0:0:0:0:0:0:1]:49334	admin	REQUEST	[GET] /core/ui/lib/bootstrap.bundle.min.js
14:29:50.210	[0:0:0:0:0:0:0:1]:49338	admin	200		20.86 ms
14:29:50.217	[0:0:0:0:0:0:0:1]:49338	admin	REQUEST	[GET] /core/ui/js/MaxTEI.js
14:29:50.220	[0:0:0:0:0:0:0:1]:49339	admin	200		19.56 ms
14:29:50.224	[0:0:0:0:0:0:0:1]:49336	admin	200		20.21 ms
14:29:50.225	[0:0:0:0:0:0:0:1]:49339	admin	REQUEST	[GET] /dyrin/ui/js/dyrin.js
14:29:50.229	[0:0:0:0:0:0:0:1]:49336	admin	REQUEST	[GET] /plugins/thesauri_pdn/thesauri_pdn.js
14:29:50.238	[0:0:0:0:0:0:0:1]:49338	admin	200		21.56 ms
14:29:50.242	[0:0:0:0:0:0:0:1]:49338	admin	REQUEST	[GET] /plugins/mirador_viewer/mirador_viewer.js
14:29:50.242	[0:0:0:0:0:0:0:1]:49339	admin	200		17.41 ms
14:29:50.245	[0:0:0:0:0:0:0:1]:49339	admin	REQUEST	[GET] /plugins/index/index.js
14:29:50.249	[0:0:0:0:0:0:0:1]:49336	admin	200		20.14 ms
14:29:50.251	[0:0:0:0:0:0:0:1]:49336	admin	REQUEST	[GET] /core/ui/css/header.css
14:29:50.258	[0:0:0:0:0:0:0:1]:49334	admin	200		52.65 ms
14:29:50.264	[0:0:0:0:0:0:0:1]:49336	admin	200		12.91 ms
14:29:50.265	[0:0:0:0:0:0:0:1]:49338	admin	200		23.45 ms
14:29:50.268	[0:0:0:0:0:0:0:1]:49336	admin	REQUEST	[GET] /core/ui/js/Plugin.js
14:29:50.269	[0:0:0:0:0:0:0:1]:49339	admin	200		24.94 ms
14:29:50.272	[0:0:0:0:0:0:0:1]:49334	admin	REQUEST	[GET] /core/ui/js/AbstractMax.js
14:29:50.276	[0:0:0:0:0:0:0:1]:49337	admin	REQUEST	[GET] /plugins/thesauri_pdn/thesauri_pdn.css
14:29:50.276	[0:0:0:0:0:0:0:1]:49335	admin	REQUEST	[GET] /dyrin/ui/css/menuGauche.css
14:29:50.287	[0:0:0:0:0:0:0:1]:49334	admin	200		15.22 ms
14:29:50.290	[0:0:0:0:0:0:0:1]:49336	admin	200		21.95 ms
14:29:50.297	[0:0:0:0:0:0:0:1]:49335	admin	200		21.08 ms
14:29:50.313	[0:0:0:0:0:0:0:1]:49337	admin	200		37.53 ms
14:29:50.318	[0:0:0:0:0:0:0:1]:49338	admin	REQUEST	[GET] /core/ui/images/logos/biblissima.png
14:29:50.318	[0:0:0:0:0:0:0:1]:49339	admin	REQUEST	[GET] /dyrin/doc/hdl.handle.net/10934/RM0001.COLLECT.673176
14:29:50.318	[0:0:0:0:0:0:0:1]:49339	admin	404	Service not found.	0.54 ms
14:29:50.321	[0:0:0:0:0:0:0:1]:49335	admin	REQUEST	[GET] /core/ui/images/logos/investissement-davenir.png
14:29:50.330	[0:0:0:0:0:0:0:1]:49338	admin	200		12.52 ms
14:29:50.338	[0:0:0:0:0:0:0:1]:49335	admin	200		17.19 ms
14:30:00.884	[0:0:0:0:0:0:0:1]:49334	admin	REQUEST	[GET] /dyrin
14:30:00.932	[0:0:0:0:0:0:0:1]:49334	admin	302	Location: http://localhost:16002/dyrin/accueil.html	48.53 ms
14:30:00.936	[0:0:0:0:0:0:0:1]:49339	admin	REQUEST	[GET] /dyrin/accueil.html
14:30:01.076	[0:0:0:0:0:0:0:1]:49339	admin	200		140.56 ms
14:30:01.217	[0:0:0:0:0:0:0:1]:49339	admin	REQUEST	[GET] /core/ui/lib/bootstrap.min.css
14:30:01.224	[0:0:0:0:0:0:0:1]:49338	admin	REQUEST	[GET] /dyrin/ui/css/menuGauche.css
14:30:01.228	[0:0:0:0:0:0:0:1]:49336	admin	REQUEST	[GET] /core/ui/css/alignment.css
14:30:01.238	[0:0:0:0:0:0:0:1]:49334	admin	REQUEST	[GET] /core/ui/lib/bootstrap.bundle.min.js
14:30:01.241	[0:0:0:0:0:0:0:1]:49339	admin	200		24.15 ms
14:30:01.246	[0:0:0:0:0:0:0:1]:49336	admin	200		18.21 ms
14:30:01.246	[0:0:0:0:0:0:0:1]:49337	admin	REQUEST	[GET] /dyrin/ui/css/dyrin.css
14:30:01.250	[0:0:0:0:0:0:0:1]:49336	admin	REQUEST	[GET] /dyrin/ui/js/dyrin.js
14:30:01.253	[0:0:0:0:0:0:0:1]:49334	admin	200		15.61 ms
14:30:01.262	[0:0:0:0:0:0:0:1]:49337	admin	200		15.97 ms
14:30:01.264	[0:0:0:0:0:0:0:1]:49335	admin	REQUEST	[GET] /core/ui/css/tei.css
14:30:01.266	[0:0:0:0:0:0:0:1]:49338	admin	200		41.76 ms
14:30:01.269	[0:0:0:0:0:0:0:1]:49339	admin	REQUEST	[GET] /core/ui/js/MaxTEI.js
14:30:01.281	[0:0:0:0:0:0:0:1]:49338	admin	REQUEST	[GET] /core/ui/js/Plugin.js
14:30:01.296	[0:0:0:0:0:0:0:1]:49338	admin	200		15.23 ms
14:30:01.303	[0:0:0:0:0:0:0:1]:49335	admin	200		39.33 ms
14:30:01.313	[0:0:0:0:0:0:0:1]:49338	admin	REQUEST	[GET] /core/ui/images/logos/biblissima.png
14:30:01.319	[0:0:0:0:0:0:0:1]:49337	admin	REQUEST	[GET] /core/ui/images/logos/investissement-davenir.png
14:30:01.336	[0:0:0:0:0:0:0:1]:49337	admin	200		17.06 ms
14:30:01.338	[0:0:0:0:0:0:0:1]:49338	admin	200		25.3 ms
14:30:01.340	[0:0:0:0:0:0:0:1]:49339	admin	200		71.05 ms
14:30:01.343	[0:0:0:0:0:0:0:1]:49336	admin	200		93.12 ms
14:30:01.357	[0:0:0:0:0:0:0:1]:49339	admin	REQUEST	[GET] /core/ui/css/header.css
14:30:01.365	[0:0:0:0:0:0:0:1]:49335	admin	REQUEST	[GET] /core/ui/js/AbstractMax.js
14:30:01.370	[0:0:0:0:0:0:0:1]:49339	admin	200		13.76 ms
14:30:01.382	[0:0:0:0:0:0:0:1]:49335	admin	200		17.02 ms
14:30:02.955	[0:0:0:0:0:0:0:1]:49334	admin	REQUEST	[GET] /dyrin/sommaire.html
14:30:03.101	[0:0:0:0:0:0:0:1]:49334	admin	200		146.4 ms
14:30:03.171	[0:0:0:0:0:0:0:1]:49337	admin	REQUEST	[GET] /dyrin/ui/css/menuGauche.css
14:30:03.179	[0:0:0:0:0:0:0:1]:49338	admin	REQUEST	[GET] /core/ui/css/tei.css
14:30:03.184	[0:0:0:0:0:0:0:1]:49337	admin	200		13.86 ms
14:30:03.186	[0:0:0:0:0:0:0:1]:49335	admin	REQUEST	[GET] /core/ui/css/alignment.css
14:30:03.195	[0:0:0:0:0:0:0:1]:49335	admin	200		9.6 ms
14:30:03.179	[0:0:0:0:0:0:0:1]:49339	admin	REQUEST	[GET] /core/ui/lib/bootstrap.min.css
14:30:03.202	[0:0:0:0:0:0:0:1]:49338	admin	200		23.18 ms
14:30:03.217	[0:0:0:0:0:0:0:1]:49338	admin	REQUEST	[GET] /core/ui/js/MaxTEI.js
14:30:03.218	[0:0:0:0:0:0:0:1]:49335	admin	REQUEST	[GET] /core/ui/js/Plugin.js
14:30:03.219	[0:0:0:0:0:0:0:1]:49334	admin	REQUEST	[GET] /core/ui/lib/bootstrap.bundle.min.js
14:30:03.223	[0:0:0:0:0:0:0:1]:49337	admin	REQUEST	[GET] /dyrin/ui/js/dyrin.js
14:30:03.226	[0:0:0:0:0:0:0:1]:49335	admin	200		7.47 ms
14:30:03.228	[0:0:0:0:0:0:0:1]:49339	admin	200		49.73 ms
14:30:03.229	[0:0:0:0:0:0:0:1]:49336	admin	REQUEST	[GET] /dyrin/ui/css/dyrin.css
14:30:03.237	[0:0:0:0:0:0:0:1]:49339	admin	REQUEST	[GET] /core/ui/css/header.css
14:30:03.239	[0:0:0:0:0:0:0:1]:49336	admin	200		9.96 ms
14:30:03.246	[0:0:0:0:0:0:0:1]:49339	admin	200		9.17 ms
14:30:03.250	[0:0:0:0:0:0:0:1]:49335	admin	REQUEST	[GET] /core/ui/images/logos/biblissima.png
14:30:03.251	[0:0:0:0:0:0:0:1]:49336	admin	REQUEST	[GET] /core/ui/images/logos/investissement-davenir.png
14:30:03.257	[0:0:0:0:0:0:0:1]:49335	admin	200		7.92 ms
14:30:03.259	[0:0:0:0:0:0:0:1]:49336	admin	200		8.05 ms
14:30:03.261	[0:0:0:0:0:0:0:1]:49334	admin	200		41.71 ms
14:30:03.264	[0:0:0:0:0:0:0:1]:49338	admin	200		47.0 ms
14:30:03.264	[0:0:0:0:0:0:0:1]:49337	admin	200		41.18 ms
14:30:03.275	[0:0:0:0:0:0:0:1]:49339	admin	REQUEST	[GET] /core/ui/js/AbstractMax.js
14:30:03.284	[0:0:0:0:0:0:0:1]:49339	admin	200		8.79 ms
14:30:04.817	[0:0:0:0:0:0:0:1]:49334	admin	REQUEST	[GET] /dyrin/doc/eider.html
14:30:05.079	[0:0:0:0:0:0:0:1]:49334	admin	200		261.65 ms
14:30:05.134	[0:0:0:0:0:0:0:1]:49339	admin	REQUEST	[GET] /core/ui/lib/bootstrap.min.css
14:30:05.136	[0:0:0:0:0:0:0:1]:49335	admin	REQUEST	[GET] /dyrin/ui/css/menuGauche.css
14:30:05.138	[0:0:0:0:0:0:0:1]:49337	admin	REQUEST	[GET] /core/ui/css/tei.css
14:30:05.143	[0:0:0:0:0:0:0:1]:49339	admin	200		8.98 ms
14:30:05.144	[0:0:0:0:0:0:0:1]:49335	admin	200		8.87 ms
14:30:05.147	[0:0:0:0:0:0:0:1]:49338	admin	REQUEST	[GET] /core/ui/css/alignment.css
14:30:05.154	[0:0:0:0:0:0:0:1]:49336	admin	REQUEST	[GET] /dyrin/ui/css/dyrin.css
14:30:05.154	[0:0:0:0:0:0:0:1]:49337	admin	200		16.51 ms
14:30:05.159	[0:0:0:0:0:0:0:1]:49338	admin	200		11.38 ms
14:30:05.160	[0:0:0:0:0:0:0:1]:49335	admin	REQUEST	[GET] /core/ui/js/MaxTEI.js
14:30:05.163	[0:0:0:0:0:0:0:1]:49339	admin	REQUEST	[GET] /core/ui/lib/bootstrap.bundle.min.js
14:30:05.166	[0:0:0:0:0:0:0:1]:49337	admin	REQUEST	[GET] /dyrin/ui/js/dyrin.js
14:30:05.168	[0:0:0:0:0:0:0:1]:49336	admin	200		14.67 ms
14:30:05.180	[0:0:0:0:0:0:0:1]:49335	admin	200		19.96 ms
14:30:05.182	[0:0:0:0:0:0:0:1]:49337	admin	200		15.99 ms
14:30:05.184	[0:0:0:0:0:0:0:1]:49336	admin	REQUEST	[GET] /core/ui/images/logos/biblissima.png
14:30:05.184	[0:0:0:0:0:0:0:1]:49335	admin	REQUEST	[GET] /core/ui/images/logos/investissement-davenir.png
14:30:05.194	[0:0:0:0:0:0:0:1]:49335	admin	200		10.22 ms
14:30:05.198	[0:0:0:0:0:0:0:1]:49336	admin	200		13.47 ms
14:30:05.200	[0:0:0:0:0:0:0:1]:49337	admin	REQUEST	[GET] /core/ui/js/Plugin.js
14:30:05.217	[0:0:0:0:0:0:0:1]:49335	admin	REQUEST	[GET] /core/ui/js/AbstractMax.js
14:30:05.218	[0:0:0:0:0:0:0:1]:49338	admin	REQUEST	[GET] /core/ui/css/header.css
14:30:05.226	[0:0:0:0:0:0:0:1]:49335	admin	200		8.86 ms
14:30:05.229	[0:0:0:0:0:0:0:1]:49339	admin	200		65.83 ms
14:30:05.246	[0:0:0:0:0:0:0:1]:49337	admin	200		45.63 ms
14:30:05.246	[0:0:0:0:0:0:0:1]:49338	admin	200		27.99 ms
16:15:37.561	[0:0:0:0:0:0:0:1]:49471	admin	REQUEST	[GET] /dyrin/sommaire.html
16:15:37.745	[0:0:0:0:0:0:0:1]:49471	admin	200		184.76 ms
16:15:37.820	[0:0:0:0:0:0:0:1]:49471	admin	REQUEST	[GET] /core/ui/lib/bootstrap.min.css
16:15:37.826	[0:0:0:0:0:0:0:1]:49472	admin	REQUEST	[GET] /dyrin/ui/css/menuGauche.css
16:15:37.833	[0:0:0:0:0:0:0:1]:49471	admin	200		13.05 ms
16:15:37.836	[0:0:0:0:0:0:0:1]:49472	admin	200		10.04 ms
16:15:37.839	[0:0:0:0:0:0:0:1]:49474	admin	REQUEST	[GET] /core/ui/css/alignment.css
16:15:37.840	[0:0:0:0:0:0:0:1]:49476	admin	REQUEST	[GET] /core/ui/lib/bootstrap.bundle.min.js
16:15:37.852	[0:0:0:0:0:0:0:1]:49473	admin	REQUEST	[GET] /core/ui/css/tei.css
16:15:37.855	[0:0:0:0:0:0:0:1]:49474	admin	200		16.06 ms
16:15:37.862	[0:0:0:0:0:0:0:1]:49473	admin	200		22.96 ms
16:15:37.855	[0:0:0:0:0:0:0:1]:49476	admin	200		22.29 ms
16:15:37.867	[0:0:0:0:0:0:0:1]:49472	admin	REQUEST	[GET] /dyrin/ui/js/dyrin.js
16:15:37.867	[0:0:0:0:0:0:0:1]:49473	admin	REQUEST	[GET] /core/ui/js/Plugin.js
16:15:37.876	[0:0:0:0:0:0:0:1]:49472	admin	200		9.7 ms
16:15:37.891	[0:0:0:0:0:0:0:1]:49475	admin	REQUEST	[GET] /dyrin/ui/css/dyrin.css
16:15:37.891	[0:0:0:0:0:0:0:1]:49474	admin	REQUEST	[GET] /core/ui/css/header.css
16:15:37.891	[0:0:0:0:0:0:0:1]:49471	admin	REQUEST	[GET] /core/ui/js/MaxTEI.js
16:15:37.900	[0:0:0:0:0:0:0:1]:49474	admin	200		9.31 ms
16:15:37.905	[0:0:0:0:0:0:0:1]:49475	admin	200		13.68 ms
16:15:37.907	[0:0:0:0:0:0:0:1]:49472	admin	REQUEST	[GET] /core/ui/images/logos/investissement-davenir.png
16:15:37.910	[0:0:0:0:0:0:0:1]:49476	admin	REQUEST	[GET] /core/ui/images/logos/biblissima.png
16:15:37.914	[0:0:0:0:0:0:0:1]:49471	admin	200		47.77 ms
16:15:37.917	[0:0:0:0:0:0:0:1]:49472	admin	200		10.52 ms
16:15:37.920	[0:0:0:0:0:0:0:1]:49473	admin	200		53.17 ms
16:15:37.921	[0:0:0:0:0:0:0:1]:49476	admin	200		10.92 ms
16:15:37.949	[0:0:0:0:0:0:0:1]:49476	admin	REQUEST	[GET] /core/ui/js/AbstractMax.js
16:15:37.957	[0:0:0:0:0:0:0:1]:49476	admin	200		8.68 ms
16:15:43.431	[0:0:0:0:0:0:0:1]:49471	admin	REQUEST	[GET] /dyrin/doc/macareux_moine.html
16:15:43.702	[0:0:0:0:0:0:0:1]:49471	admin	200		271.05 ms
16:15:43.774	[0:0:0:0:0:0:0:1]:49476	admin	REQUEST	[GET] /core/ui/lib/bootstrap.min.css
16:15:43.782	[0:0:0:0:0:0:0:1]:49472	admin	REQUEST	[GET] /dyrin/ui/css/menuGauche.css
16:15:43.783	[0:0:0:0:0:0:0:1]:49476	admin	200		9.12 ms
16:15:43.786	[0:0:0:0:0:0:0:1]:49473	admin	REQUEST	[GET] /core/ui/css/alignment.css
16:15:43.795	[0:0:0:0:0:0:0:1]:49476	admin	REQUEST	[GET] /dyrin/ui/css/dyrin.css
16:15:43.795	[0:0:0:0:0:0:0:1]:49473	admin	200		8.96 ms
16:15:43.798	[0:0:0:0:0:0:0:1]:49473	admin	REQUEST	[GET] /core/ui/lib/bootstrap.bundle.min.js
16:15:43.802	[0:0:0:0:0:0:0:1]:49471	admin	REQUEST	[GET] /dyrin/ui/js/dyrin.js
16:15:43.803	[0:0:0:0:0:0:0:1]:49476	admin	200		8.59 ms
16:15:43.807	[0:0:0:0:0:0:0:1]:49473	admin	200		8.58 ms
16:15:43.812	[0:0:0:0:0:0:0:1]:49471	admin	200		10.05 ms
16:15:43.812	[0:0:0:0:0:0:0:1]:49474	admin	REQUEST	[GET] /core/ui/js/MaxTEI.js
16:15:43.835	[0:0:0:0:0:0:0:1]:49476	admin	REQUEST	[GET] /core/ui/js/Plugin.js
16:15:43.837	[0:0:0:0:0:0:0:1]:49474	admin	200		25.58 ms
16:15:43.846	[0:0:0:0:0:0:0:1]:49476	admin	200		11.11 ms
16:15:43.846	[0:0:0:0:0:0:0:1]:49475	admin	REQUEST	[GET] /core/ui/css/tei.css
16:15:43.848	[0:0:0:0:0:0:0:1]:49476	admin	REQUEST	[GET] /core/ui/js/AbstractMax.js
16:15:43.852	[0:0:0:0:0:0:0:1]:49472	admin	200		70.33 ms
16:15:43.854	[0:0:0:0:0:0:0:1]:49475	admin	200		68.52 ms
16:15:43.855	[0:0:0:0:0:0:0:1]:49473	admin	REQUEST	[GET] /core/ui/images/logos/biblissima.png
16:15:43.859	[0:0:0:0:0:0:0:1]:49472	admin	REQUEST	[GET] /core/ui/images/logos/investissement-davenir.png
16:15:43.860	[0:0:0:0:0:0:0:1]:49476	admin	200		11.68 ms
16:15:43.864	[0:0:0:0:0:0:0:1]:49473	admin	200		8.88 ms
16:15:43.867	[0:0:0:0:0:0:0:1]:49472	admin	200		8.28 ms
16:15:43.872	[0:0:0:0:0:0:0:1]:49476	admin	REQUEST	[GET] /core/ui/css/header.css
16:15:43.881	[0:0:0:0:0:0:0:1]:49476	admin	200		8.9 ms
