09:40:01.803	SERVER	admin	OK	Server was started (port: 16000).
09:40:01.886	SERVER	admin	OK	HTTP Server was started (port: 16002).
09:40:13.250	[0:0:0:0:0:0:0:1]:49241	admin	REQUEST	[GET] /dyrin
09:40:16.407	[0:0:0:0:0:0:0:1]:49241	admin	302	Location: http://localhost:16002/dyrin/accueil.html	3161.04 ms
09:40:16.423	[0:0:0:0:0:0:0:1]:49241	admin	REQUEST	[GET] /dyrin/accueil.html
09:40:18.477	[0:0:0:0:0:0:0:1]:49241	admin	200		2054.07 ms
09:40:18.597	[0:0:0:0:0:0:0:1]:49241	admin	REQUEST	[GET] /core/ui/lib/bootstrap.min.css
09:40:18.611	[0:0:0:0:0:0:0:1]:49243	admin	REQUEST	[GET] /dyrin/ui/css/menuGauche.css
09:40:18.613	[0:0:0:0:0:0:0:1]:49245	admin	REQUEST	[GET] /core/ui/css/alignment.css
09:40:18.625	[0:0:0:0:0:0:0:1]:49246	admin	REQUEST	[GET] /plugins/thesauri_pdn/thesauri_pdn.css
09:40:18.672	[0:0:0:0:0:0:0:1]:49241	admin	200		75.22 ms
09:40:18.691	[0:0:0:0:0:0:0:1]:49246	admin	200		65.78 ms
09:40:18.691	[0:0:0:0:0:0:0:1]:49245	admin	200		78.69 ms
09:40:18.696	[0:0:0:0:0:0:0:1]:49245	admin	REQUEST	[GET] /plugins/index/index.css
09:40:18.706	[0:0:0:0:0:0:0:1]:49246	admin	REQUEST	[GET] /dyrin/ui/css/dyrin.css
09:40:18.709	[0:0:0:0:0:0:0:1]:49243	admin	200		98.22 ms
09:40:18.714	[0:0:0:0:0:0:0:1]:49245	admin	200		18.87 ms
09:40:18.715	[0:0:0:0:0:0:0:1]:49243	admin	REQUEST	[GET] /core/ui/lib/bootstrap.bundle.min.js
09:40:18.718	[0:0:0:0:0:0:0:1]:49245	admin	REQUEST	[GET] /core/ui/js/MaxTEI.js
09:40:18.758	[0:0:0:0:0:0:0:1]:49244	admin	REQUEST	[GET] /core/ui/css/tei.css
09:40:18.758	[0:0:0:0:0:0:0:1]:49247	admin	REQUEST	[GET] /plugins/mirador_viewer/mirador_viewer.css
09:40:18.774	[0:0:0:0:0:0:0:1]:49245	admin	200		55.97 ms
09:40:18.774	[0:0:0:0:0:0:0:1]:49244	admin	200		16.7 ms
09:40:18.782	[0:0:0:0:0:0:0:1]:49244	admin	REQUEST	[GET] /dyrin/ui/js/dyrin.js
09:40:18.798	[0:0:0:0:0:0:0:1]:49243	admin	200		82.49 ms
09:40:18.799	[0:0:0:0:0:0:0:1]:49244	admin	200		16.64 ms
09:40:18.802	[0:0:0:0:0:0:0:1]:49244	admin	REQUEST	[GET] /plugins/thesauri_pdn/thesauri_pdn.js
09:40:18.811	[0:0:0:0:0:0:0:1]:49243	admin	REQUEST	[GET] /plugins/mirador_viewer/mirador_viewer.js
09:40:18.822	[0:0:0:0:0:0:0:1]:49244	admin	200		20.36 ms
09:40:18.826	[0:0:0:0:0:0:0:1]:49244	admin	REQUEST	[GET] /core/ui/css/header.css
09:40:18.839	[0:0:0:0:0:0:0:1]:49241	admin	REQUEST	[GET] /plugins/index/index.js
09:40:18.841	[0:0:0:0:0:0:0:1]:49246	admin	200		135.24 ms
09:40:18.846	[0:0:0:0:0:0:0:1]:49245	admin	REQUEST	[GET] /core/ui/js/Plugin.js
09:40:18.854	[0:0:0:0:0:0:0:1]:49246	admin	REQUEST	[GET] /core/ui/js/AbstractMax.js
09:40:18.861	[0:0:0:0:0:0:0:1]:49247	admin	200		103.15 ms
09:40:18.869	[0:0:0:0:0:0:0:1]:49244	admin	200		43.07 ms
09:40:18.872	[0:0:0:0:0:0:0:1]:49244	admin	REQUEST	[GET] /core/ui/images/logos/investissement-davenir.png
09:40:18.886	[0:0:0:0:0:0:0:1]:49247	admin	REQUEST	[GET] /core/ui/images/logos/biblissima.png
09:40:18.892	[0:0:0:0:0:0:0:1]:49246	admin	200		38.49 ms
09:40:18.897	[0:0:0:0:0:0:0:1]:49245	admin	200		51.16 ms
09:40:18.903	[0:0:0:0:0:0:0:1]:49241	admin	200		64.72 ms
09:40:18.908	[0:0:0:0:0:0:0:1]:49244	admin	200		36.36 ms
09:40:18.920	[0:0:0:0:0:0:0:1]:49244	admin	REQUEST	[GET] /dyrin/ui/fonts/junicode/Junicode.ttf
09:40:18.929	[0:0:0:0:0:0:0:1]:49243	admin	200		118.25 ms
09:40:18.940	[0:0:0:0:0:0:0:1]:49244	admin	200		21.24 ms
09:40:18.977	[0:0:0:0:0:0:0:1]:49247	admin	200		91.28 ms
09:40:19.055	[0:0:0:0:0:0:0:1]:49244	admin	REQUEST	[GET] /favicon.ico
09:40:19.110	[0:0:0:0:0:0:0:1]:49244	admin	200		55.98 ms
11:06:58.519	[0:0:0:0:0:0:0:1]:49941	admin	REQUEST	[GET] /dyrin/sommaire.html
11:06:59.248	[0:0:0:0:0:0:0:1]:49941	admin	200		728.74 ms
11:06:59.308	[0:0:0:0:0:0:0:1]:49941	admin	REQUEST	[GET] /core/ui/lib/bootstrap.min.css
11:06:59.320	[0:0:0:0:0:0:0:1]:49942	admin	REQUEST	[GET] /dyrin/ui/css/menuGauche.css
11:06:59.328	[0:0:0:0:0:0:0:1]:49945	admin	REQUEST	[GET] /plugins/thesauri_pdn/thesauri_pdn.css
11:06:59.329	[0:0:0:0:0:0:0:1]:49944	admin	REQUEST	[GET] /core/ui/css/alignment.css
11:06:59.341	[0:0:0:0:0:0:0:1]:49941	admin	200		33.24 ms
11:06:59.343	[0:0:0:0:0:0:0:1]:49944	admin	200		14.44 ms
11:06:59.343	[0:0:0:0:0:0:0:1]:49945	admin	200		15.69 ms
11:06:59.346	[0:0:0:0:0:0:0:1]:49946	admin	REQUEST	[GET] /plugins/mirador_viewer/mirador_viewer.css
11:06:59.350	[0:0:0:0:0:0:0:1]:49944	admin	REQUEST	[GET] /plugins/index/index.css
11:06:59.350	[0:0:0:0:0:0:0:1]:49945	admin	REQUEST	[GET] /dyrin/ui/css/dyrin.css
11:06:59.361	[0:0:0:0:0:0:0:1]:49946	admin	200		15.19 ms
11:06:59.363	[0:0:0:0:0:0:0:1]:49946	admin	REQUEST	[GET] /core/ui/lib/bootstrap.bundle.min.js
11:06:59.367	[0:0:0:0:0:0:0:1]:49943	admin	REQUEST	[GET] /core/ui/css/tei.css
11:06:59.368	[0:0:0:0:0:0:0:1]:49941	admin	REQUEST	[GET] /core/ui/js/MaxTEI.js
11:06:59.377	[0:0:0:0:0:0:0:1]:49946	admin	200		13.8 ms
11:06:59.377	[0:0:0:0:0:0:0:1]:49942	admin	200		57.06 ms
11:06:59.380	[0:0:0:0:0:0:0:1]:49942	admin	REQUEST	[GET] /dyrin/ui/js/dyrin.js
11:06:59.385	[0:0:0:0:0:0:0:1]:49944	admin	200		35.46 ms
11:06:59.387	[0:0:0:0:0:0:0:1]:49944	admin	REQUEST	[GET] /plugins/mirador_viewer/mirador_viewer.js
11:06:59.391	[0:0:0:0:0:0:0:1]:49946	admin	REQUEST	[GET] /plugins/thesauri_pdn/thesauri_pdn.js
11:06:59.402	[0:0:0:0:0:0:0:1]:49945	admin	200		52.04 ms
11:06:59.409	[0:0:0:0:0:0:0:1]:49944	admin	200		21.94 ms
11:06:59.409	[0:0:0:0:0:0:0:1]:49945	admin	REQUEST	[GET] /plugins/index/index.js
11:06:59.410	[0:0:0:0:0:0:0:1]:49942	admin	200		30.23 ms
11:06:59.413	[0:0:0:0:0:0:0:1]:49941	admin	200		45.45 ms
11:06:59.413	[0:0:0:0:0:0:0:1]:49946	admin	200		22.32 ms
11:06:59.424	[0:0:0:0:0:0:0:1]:49945	admin	200		15.37 ms
11:06:59.425	[0:0:0:0:0:0:0:1]:49943	admin	200		58.47 ms
11:06:59.427	[0:0:0:0:0:0:0:1]:49946	admin	REQUEST	[GET] /core/ui/images/logos/biblissima.png
11:06:59.427	[0:0:0:0:0:0:0:1]:49945	admin	REQUEST	[GET] /core/ui/images/logos/investissement-davenir.png
11:06:59.435	[0:0:0:0:0:0:0:1]:49943	admin	REQUEST	[GET] /core/ui/js/Plugin.js
11:06:59.440	[0:0:0:0:0:0:0:1]:49946	admin	200		13.05 ms
11:06:59.443	[0:0:0:0:0:0:0:1]:49945	admin	200		16.0 ms
11:06:59.448	[0:0:0:0:0:0:0:1]:49946	admin	REQUEST	[GET] /core/ui/js/AbstractMax.js
11:06:59.460	[0:0:0:0:0:0:0:1]:49943	admin	200		25.9 ms
11:06:59.465	[0:0:0:0:0:0:0:1]:49945	admin	REQUEST	[GET] /core/ui/css/header.css
11:06:59.469	[0:0:0:0:0:0:0:1]:49946	admin	200		21.12 ms
11:06:59.483	[0:0:0:0:0:0:0:1]:49945	admin	200		19.04 ms
11:06:59.514	[0:0:0:0:0:0:0:1]:49946	admin	REQUEST	[GET] /favicon.ico
11:06:59.548	[0:0:0:0:0:0:0:1]:49946	admin	200		34.14 ms
11:07:01.009	[0:0:0:0:0:0:0:1]:49941	admin	REQUEST	[GET] /dyrin/doc/harfang.html
11:07:01.851	[0:0:0:0:0:0:0:1]:49941	admin	200		841.66 ms
11:07:01.920	[0:0:0:0:0:0:0:1]:49946	admin	REQUEST	[GET] /core/ui/lib/bootstrap.min.css
11:07:01.920	[0:0:0:0:0:0:0:1]:49945	admin	REQUEST	[GET] /dyrin/ui/css/menuGauche.css
11:07:01.923	[0:0:0:0:0:0:0:1]:49943	admin	REQUEST	[GET] /core/ui/css/tei.css
11:07:01.933	[0:0:0:0:0:0:0:1]:49946	admin	200		13.61 ms
11:07:01.937	[0:0:0:0:0:0:0:1]:49945	admin	200		16.9 ms
11:07:01.938	[0:0:0:0:0:0:0:1]:49941	admin	REQUEST	[GET] /core/ui/lib/bootstrap.bundle.min.js
11:07:01.941	[0:0:0:0:0:0:0:1]:49945	admin	REQUEST	[GET] /core/ui/js/MaxTEI.js
11:07:01.956	[0:0:0:0:0:0:0:1]:49943	admin	200		33.47 ms
11:07:01.956	[0:0:0:0:0:0:0:1]:49946	admin	REQUEST	[GET] /dyrin/ui/js/dyrin.js
11:07:01.958	[0:0:0:0:0:0:0:1]:49943	admin	REQUEST	[GET] /core/ui/js/Plugin.js
11:07:01.961	[0:0:0:0:0:0:0:1]:49945	admin	200		20.9 ms
11:07:01.962	[0:0:0:0:0:0:0:1]:49941	admin	200		24.82 ms
11:07:01.970	[0:0:0:0:0:0:0:1]:49945	admin	REQUEST	[GET] /core/ui/css/header.css
11:07:01.974	[0:0:0:0:0:0:0:1]:49941	admin	REQUEST	[GET] /core/ui/js/AbstractMax.js
11:07:01.982	[0:0:0:0:0:0:0:1]:49942	admin	REQUEST	[GET] /core/ui/css/alignment.css
11:07:01.982	[0:0:0:0:0:0:0:1]:49944	admin	REQUEST	[GET] /dyrin/ui/css/dyrin.css
11:07:01.991	[0:0:0:0:0:0:0:1]:49941	admin	200		17.23 ms
11:07:01.992	[0:0:0:0:0:0:0:1]:49943	admin	200		34.55 ms
11:07:01.997	[0:0:0:0:0:0:0:1]:49942	admin	200		15.16 ms
11:07:01.998	[0:0:0:0:0:0:0:1]:49944	admin	200		16.2 ms
11:07:02.000	[0:0:0:0:0:0:0:1]:49946	admin	200		44.45 ms
11:07:02.005	[0:0:0:0:0:0:0:1]:49945	admin	200		34.94 ms
11:07:02.007	[0:0:0:0:0:0:0:1]:49946	admin	REQUEST	[GET] /core/ui/images/logos/biblissima.png
11:07:02.007	[0:0:0:0:0:0:0:1]:49944	admin	REQUEST	[GET] /core/ui/images/logos/investissement-davenir.png
11:07:02.020	[0:0:0:0:0:0:0:1]:49946	admin	200		13.89 ms
11:07:02.020	[0:0:0:0:0:0:0:1]:49944	admin	200		13.84 ms
11:07:02.055	[0:0:0:0:0:0:0:1]:49946	admin	REQUEST	[GET] /favicon.ico
11:07:02.106	[0:0:0:0:0:0:0:1]:49946	admin	200		51.88 ms
11:15:06.738	[0:0:0:0:0:0:0:1]:49976	admin	REQUEST	[GET] /core/ui/lib/bootstrap.bundle.min.js
11:15:06.779	[0:0:0:0:0:0:0:1]:49977	admin	REQUEST	[GET] /dyrin/doc/harfang.html
11:15:06.918	[0:0:0:0:0:0:0:1]:49976	admin	200		183.11 ms
11:15:06.930	[0:0:0:0:0:0:0:1]:49978	admin	REQUEST	[GET] /core/ui/lib/bootstrap.min.css.map
11:15:06.942	[0:0:0:0:0:0:0:1]:49978	admin	200		12.2 ms
11:15:07.542	[0:0:0:0:0:0:0:1]:49977	admin	200		764.05 ms
11:55:34.626	[0:0:0:0:0:0:0:1]:50002	admin	REQUEST	[GET] /dyrin/index/lieux.html
11:55:34.848	[0:0:0:0:0:0:0:1]:50002	admin	200		222.76 ms
11:55:34.948	[0:0:0:0:0:0:0:1]:50002	admin	REQUEST	[GET] /core/ui/lib/bootstrap.min.css
11:55:34.963	[0:0:0:0:0:0:0:1]:50003	admin	REQUEST	[GET] /dyrin/ui/css/menuGauche.css
11:55:34.969	[0:0:0:0:0:0:0:1]:50004	admin	REQUEST	[GET] /core/ui/css/tei.css
11:55:34.976	[0:0:0:0:0:0:0:1]:50005	admin	REQUEST	[GET] /core/ui/css/alignment.css
11:55:34.979	[0:0:0:0:0:0:0:1]:50004	admin	200		10.27 ms
11:55:34.979	[0:0:0:0:0:0:0:1]:50003	admin	200		16.4 ms
11:55:34.983	[0:0:0:0:0:0:0:1]:50002	admin	200		34.57 ms
11:55:34.988	[0:0:0:0:0:0:0:1]:50005	admin	200		12.03 ms
11:55:34.993	[0:0:0:0:0:0:0:1]:50004	admin	REQUEST	[GET] /dyrin/ui/css/dyrin.css
11:55:34.996	[0:0:0:0:0:0:0:1]:50003	admin	REQUEST	[GET] /core/ui/lib/bootstrap.bundle.min.js
11:55:34.998	[0:0:0:0:0:0:0:1]:50005	admin	REQUEST	[GET] /core/ui/js/MaxTEI.js
11:55:35.003	[0:0:0:0:0:0:0:1]:50006	admin	REQUEST	[GET] /dyrin/ui/js/dyrin.js
11:55:35.009	[0:0:0:0:0:0:0:1]:50004	admin	200		16.27 ms
11:55:35.013	[0:0:0:0:0:0:0:1]:50006	admin	200		10.28 ms
11:55:35.015	[0:0:0:0:0:0:0:1]:50004	admin	REQUEST	[GET] /core/ui/images/logos/biblissima.png
11:55:35.021	[0:0:0:0:0:0:0:1]:50003	admin	200		25.24 ms
11:55:35.026	[0:0:0:0:0:0:0:1]:50004	admin	200		11.34 ms
11:55:35.034	[0:0:0:0:0:0:0:1]:50003	admin	REQUEST	[GET] /core/ui/images/logos/investissement-davenir.png
11:55:35.045	[0:0:0:0:0:0:0:1]:50003	admin	200		11.29 ms
11:55:35.048	[0:0:0:0:0:0:0:1]:50005	admin	200		50.41 ms
11:55:35.225	[0:0:0:0:0:0:0:1]:50003	admin	REQUEST	[GET] /core/ui/css/header.css
11:55:35.228	[0:0:0:0:0:0:0:1]:50004	admin	REQUEST	[GET] /core/ui/js/Plugin.js
11:55:35.231	[0:0:0:0:0:0:0:1]:50005	admin	REQUEST	[GET] /core/ui/js/AbstractMax.js
11:55:35.238	[0:0:0:0:0:0:0:1]:50003	admin	200		12.69 ms
11:55:35.238	[0:0:0:0:0:0:0:1]:50004	admin	200		10.4 ms
11:55:35.240	[0:0:0:0:0:0:0:1]:50005	admin	200		10.23 ms
11:55:35.315	[0:0:0:0:0:0:0:1]:50003	admin	REQUEST	[GET] /favicon.ico
11:55:35.342	[0:0:0:0:0:0:0:1]:50003	admin	200		27.58 ms
11:55:35.887	[0:0:0:0:0:0:0:1]:50003	admin	REQUEST	[GET] /core/ui/lib/bootstrap.min.css.map
11:55:35.901	[0:0:0:0:0:0:0:1]:50003	admin	200		14.15 ms
11:58:03.564	[0:0:0:0:0:0:0:1]:50008	admin	REQUEST	[GET] /dyrin/index/lieux.html
11:58:03.746	[0:0:0:0:0:0:0:1]:50008	admin	200		181.63 ms
11:58:03.836	[0:0:0:0:0:0:0:1]:50008	admin	REQUEST	[GET] /core/ui/lib/bootstrap.min.css
11:58:03.848	[0:0:0:0:0:0:0:1]:50009	admin	REQUEST	[GET] /dyrin/ui/css/menuGauche.css
11:58:03.850	[0:0:0:0:0:0:0:1]:50008	admin	200		14.72 ms
11:58:03.858	[0:0:0:0:0:0:0:1]:50010	admin	REQUEST	[GET] /core/ui/css/tei.css
11:58:03.858	[0:0:0:0:0:0:0:1]:50012	admin	REQUEST	[GET] /core/ui/css/alignment.css
11:58:03.862	[0:0:0:0:0:0:0:1]:50009	admin	200		14.03 ms
11:58:03.869	[0:0:0:0:0:0:0:1]:50009	admin	REQUEST	[GET] /dyrin/ui/css/dyrin.css
11:58:03.869	[0:0:0:0:0:0:0:1]:50011	admin	REQUEST	[GET] /core/ui/lib/bootstrap.bundle.min.js
11:58:03.870	[0:0:0:0:0:0:0:1]:50012	admin	200		13.8 ms
11:58:03.875	[0:0:0:0:0:0:0:1]:50012	admin	REQUEST	[GET] /dyrin/ui/js/dyrin.js
11:58:03.883	[0:0:0:0:0:0:0:1]:50008	admin	REQUEST	[GET] /core/ui/js/MaxTEI.js
11:58:03.884	[0:0:0:0:0:0:0:1]:50009	admin	200		14.63 ms
11:58:03.890	[0:0:0:0:0:0:0:1]:50010	admin	200		32.33 ms
11:58:03.893	[0:0:0:0:0:0:0:1]:50011	admin	200		23.31 ms
11:58:03.894	[0:0:0:0:0:0:0:1]:50008	admin	200		10.92 ms
11:58:03.894	[0:0:0:0:0:0:0:1]:50012	admin	200		19.13 ms
11:58:03.908	[0:0:0:0:0:0:0:1]:50011	admin	REQUEST	[GET] /core/ui/images/logos/biblissima.png
11:58:03.910	[0:0:0:0:0:0:0:1]:50009	admin	REQUEST	[GET] /core/ui/images/logos/investissement-davenir.png
11:58:03.922	[0:0:0:0:0:0:0:1]:50011	admin	200		14.82 ms
11:58:03.931	[0:0:0:0:0:0:0:1]:50009	admin	200		21.3 ms
11:58:04.069	[0:0:0:0:0:0:0:1]:50011	admin	REQUEST	[GET] /core/ui/js/Plugin.js
11:58:04.070	[0:0:0:0:0:0:0:1]:50009	admin	REQUEST	[GET] /core/ui/css/header.css
11:58:04.080	[0:0:0:0:0:0:0:1]:50011	admin	200		11.12 ms
11:58:04.081	[0:0:0:0:0:0:0:1]:50010	admin	REQUEST	[GET] /core/ui/js/AbstractMax.js
11:58:04.082	[0:0:0:0:0:0:0:1]:50009	admin	200		11.66 ms
11:58:04.093	[0:0:0:0:0:0:0:1]:50010	admin	200		12.0 ms
11:58:04.618	[0:0:0:0:0:0:0:1]:50011	admin	REQUEST	[GET] /core/ui/lib/bootstrap.min.css.map
11:58:04.629	[0:0:0:0:0:0:0:1]:50011	admin	200		11.24 ms
11:58:05.943	[0:0:0:0:0:0:0:1]:50011	admin	REQUEST	[GET] /dyrin/index/lieux.html
11:58:06.137	[0:0:0:0:0:0:0:1]:50011	admin	200		193.71 ms
11:58:06.213	[0:0:0:0:0:0:0:1]:50011	admin	REQUEST	[GET] /core/ui/lib/bootstrap.min.css
11:58:06.223	[0:0:0:0:0:0:0:1]:50009	admin	REQUEST	[GET] /dyrin/ui/css/menuGauche.css
11:58:06.225	[0:0:0:0:0:0:0:1]:50011	admin	200		15.84 ms
11:58:06.232	[0:0:0:0:0:0:0:1]:50010	admin	REQUEST	[GET] /core/ui/css/tei.css
11:58:06.238	[0:0:0:0:0:0:0:1]:50012	admin	REQUEST	[GET] /core/ui/css/alignment.css
11:58:06.243	[0:0:0:0:0:0:0:1]:50013	admin	REQUEST	[GET] /dyrin/ui/css/dyrin.css
11:58:06.244	[0:0:0:0:0:0:0:1]:50010	admin	200		12.58 ms
11:58:06.247	[0:0:0:0:0:0:0:1]:50008	admin	REQUEST	[GET] /core/ui/lib/bootstrap.bundle.min.js
11:58:06.253	[0:0:0:0:0:0:0:1]:50010	admin	REQUEST	[GET] /core/ui/js/MaxTEI.js
11:58:06.254	[0:0:0:0:0:0:0:1]:50012	admin	200		16.24 ms
11:58:06.258	[0:0:0:0:0:0:0:1]:50008	admin	200		10.9 ms
11:58:06.261	[0:0:0:0:0:0:0:1]:50012	admin	REQUEST	[GET] /dyrin/ui/js/dyrin.js
11:58:06.262	[0:0:0:0:0:0:0:1]:50010	admin	200		9.83 ms
11:58:06.262	[0:0:0:0:0:0:0:1]:50013	admin	200		19.1 ms
11:58:06.272	[0:0:0:0:0:0:0:1]:50012	admin	200		10.65 ms
11:58:06.307	[0:0:0:0:0:0:0:1]:50009	admin	200		85.49 ms
11:58:06.309	[0:0:0:0:0:0:0:1]:50011	admin	REQUEST	[GET] /core/ui/images/logos/biblissima.png
11:58:06.309	[0:0:0:0:0:0:0:1]:50010	admin	REQUEST	[GET] /core/ui/images/logos/investissement-davenir.png
11:58:06.320	[0:0:0:0:0:0:0:1]:50011	admin	200		11.35 ms
11:58:06.325	[0:0:0:0:0:0:0:1]:50010	admin	200		16.35 ms
11:58:06.458	[0:0:0:0:0:0:0:1]:50011	admin	REQUEST	[GET] /core/ui/css/header.css
11:58:06.460	[0:0:0:0:0:0:0:1]:50009	admin	REQUEST	[GET] /core/ui/js/Plugin.js
11:58:06.462	[0:0:0:0:0:0:0:1]:50010	admin	REQUEST	[GET] /core/ui/js/AbstractMax.js
11:58:06.471	[0:0:0:0:0:0:0:1]:50011	admin	200		13.07 ms
11:58:06.473	[0:0:0:0:0:0:0:1]:50010	admin	200		11.05 ms
11:58:06.474	[0:0:0:0:0:0:0:1]:50009	admin	200		14.69 ms
11:58:06.869	[0:0:0:0:0:0:0:1]:50011	admin	REQUEST	[GET] /core/ui/lib/bootstrap.min.css.map
11:58:06.879	[0:0:0:0:0:0:0:1]:50011	admin	200		10.42 ms
11:58:09.655	[0:0:0:0:0:0:0:1]:50011	admin	REQUEST	[GET] /dyrin/index/lieux.html
11:58:09.830	[0:0:0:0:0:0:0:1]:50011	admin	200		175.96 ms
11:58:09.899	[0:0:0:0:0:0:0:1]:50011	admin	REQUEST	[GET] /core/ui/lib/bootstrap.min.css
11:58:09.900	[0:0:0:0:0:0:0:1]:50010	admin	REQUEST	[GET] /dyrin/ui/css/menuGauche.css
11:58:09.907	[0:0:0:0:0:0:0:1]:50009	admin	REQUEST	[GET] /core/ui/css/tei.css
11:58:09.930	[0:0:0:0:0:0:0:1]:50009	admin	200		23.15 ms
11:58:09.930	[0:0:0:0:0:0:0:1]:50008	admin	REQUEST	[GET] /core/ui/lib/bootstrap.bundle.min.js
11:58:09.932	[0:0:0:0:0:0:0:1]:50009	admin	REQUEST	[GET] /core/ui/js/MaxTEI.js
11:58:09.940	[0:0:0:0:0:0:0:1]:50012	admin	REQUEST	[GET] /dyrin/ui/css/dyrin.css
11:58:09.947	[0:0:0:0:0:0:0:1]:50011	admin	200		48.81 ms
11:58:09.948	[0:0:0:0:0:0:0:1]:50008	admin	200		18.16 ms
11:58:09.950	[0:0:0:0:0:0:0:1]:50013	admin	REQUEST	[GET] /core/ui/css/alignment.css
11:58:09.952	[0:0:0:0:0:0:0:1]:50012	admin	200		28.25 ms
11:58:09.955	[0:0:0:0:0:0:0:1]:50012	admin	REQUEST	[GET] /dyrin/ui/js/dyrin.js
11:58:09.964	[0:0:0:0:0:0:0:1]:50010	admin	200		64.4 ms
11:58:09.966	[0:0:0:0:0:0:0:1]:50010	admin	REQUEST	[GET] /core/ui/js/Plugin.js
11:58:09.968	[0:0:0:0:0:0:0:1]:50011	admin	REQUEST	[GET] /core/ui/css/header.css
11:58:09.974	[0:0:0:0:0:0:0:1]:50013	admin	200		24.93 ms
11:58:09.975	[0:0:0:0:0:0:0:1]:50009	admin	200		42.25 ms
11:58:09.979	[0:0:0:0:0:0:0:1]:50012	admin	200		24.33 ms
11:58:09.988	[0:0:0:0:0:0:0:1]:50011	admin	200		20.97 ms
11:58:09.990	[0:0:0:0:0:0:0:1]:50009	admin	REQUEST	[GET] /core/ui/images/logos/biblissima.png
11:58:09.994	[0:0:0:0:0:0:0:1]:50013	admin	REQUEST	[GET] /core/ui/images/logos/investissement-davenir.png
11:58:09.994	[0:0:0:0:0:0:0:1]:50011	admin	REQUEST	[GET] /core/ui/js/AbstractMax.js
11:58:10.001	[0:0:0:0:0:0:0:1]:50009	admin	200		11.66 ms
11:58:10.005	[0:0:0:0:0:0:0:1]:50013	admin	200		11.37 ms
11:58:10.011	[0:0:0:0:0:0:0:1]:50011	admin	200		17.21 ms
11:58:10.016	[0:0:0:0:0:0:0:1]:50010	admin	200		50.37 ms
17:34:41.009	[0:0:0:0:0:0:0:1]:50916	admin	REQUEST	[GET] /dyrin/index/lieux.html
17:34:41.188	[0:0:0:0:0:0:0:1]:50916	admin	500	Stopped at /Users/ag/Documents/elsa/projetsMaX/dyrin/dyrin-BaseX/webapp/MaX/rxq/config.xqm, 48/21: [FODC0002] "/Users/ag/Documents/elsa/projetsMaX/dyrin/dyrin-BaseX/webapp/MaX/configuration/configuration.xml" (Line 5): An 'include' failed, and no 'fallback' element was found.	179.16 ms
17:34:41.244	[0:0:0:0:0:0:0:1]:50916	admin	REQUEST	[GET] /favicon.ico
17:34:41.278	[0:0:0:0:0:0:0:1]:50916	admin	200		34.05 ms
17:35:24.533	[0:0:0:0:0:0:0:1]:50916	admin	REQUEST	[GET] /dyrin/index/lieux.html
17:35:24.703	[0:0:0:0:0:0:0:1]:50916	admin	200		169.76 ms
17:35:24.761	[0:0:0:0:0:0:0:1]:50916	admin	REQUEST	[GET] /core/ui/lib/bootstrap.min.css
17:35:24.763	[0:0:0:0:0:0:0:1]:50917	admin	REQUEST	[GET] /dyrin/ui/css/menuGauche.css
17:35:24.770	[0:0:0:0:0:0:0:1]:50919	admin	REQUEST	[GET] /core/ui/css/alignment.css
17:35:24.772	[0:0:0:0:0:0:0:1]:50921	admin	REQUEST	[GET] /plugins/mirador_viewer/mirador_viewer.css
17:35:24.795	[0:0:0:0:0:0:0:1]:50917	admin	200		31.93 ms
17:35:24.797	[0:0:0:0:0:0:0:1]:50918	admin	REQUEST	[GET] /core/ui/css/tei.css
17:35:24.797	[0:0:0:0:0:0:0:1]:50919	admin	200		27.72 ms
17:35:24.801	[0:0:0:0:0:0:0:1]:50919	admin	REQUEST	[GET] /plugins/index/index.css
17:35:24.804	[0:0:0:0:0:0:0:1]:50920	admin	REQUEST	[GET] /plugins/thesauri_pdn/thesauri_pdn.css
17:35:24.806	[0:0:0:0:0:0:0:1]:50917	admin	REQUEST	[GET] /dyrin/ui/css/dyrin.css
17:35:24.810	[0:0:0:0:0:0:0:1]:50921	admin	200		37.94 ms
17:35:24.814	[0:0:0:0:0:0:0:1]:50921	admin	REQUEST	[GET] /core/ui/lib/bootstrap.bundle.min.js
17:35:24.823	[0:0:0:0:0:0:0:1]:50918	admin	200		26.78 ms
17:35:24.827	[0:0:0:0:0:0:0:1]:50918	admin	REQUEST	[GET] /core/ui/js/MaxTEI.js
17:35:24.831	[0:0:0:0:0:0:0:1]:50919	admin	200		30.72 ms
17:35:24.835	[0:0:0:0:0:0:0:1]:50919	admin	REQUEST	[GET] /dyrin/ui/js/dyrin.js
17:35:24.838	[0:0:0:0:0:0:0:1]:50921	admin	200		24.49 ms
17:35:24.851	[0:0:0:0:0:0:0:1]:50918	admin	200		24.93 ms
17:35:24.854	[0:0:0:0:0:0:0:1]:50921	admin	REQUEST	[GET] /plugins/thesauri_pdn/thesauri_pdn.js
17:35:24.855	[0:0:0:0:0:0:0:1]:50918	admin	REQUEST	[GET] /plugins/mirador_viewer/mirador_viewer.js
17:35:24.866	[0:0:0:0:0:0:0:1]:50919	admin	200		30.89 ms
17:35:24.869	[0:0:0:0:0:0:0:1]:50919	admin	REQUEST	[GET] /plugins/index/index.js
17:35:24.922	[0:0:0:0:0:0:0:1]:50920	admin	200		118.0 ms
17:35:24.928	[0:0:0:0:0:0:0:1]:50920	admin	REQUEST	[GET] /core/ui/css/header.css
17:35:24.934	[0:0:0:0:0:0:0:1]:50917	admin	200		129.72 ms
17:35:24.938	[0:0:0:0:0:0:0:1]:50917	admin	REQUEST	[GET] /core/ui/js/AbstractMax.js
17:35:24.940	[0:0:0:0:0:0:0:1]:50920	admin	200		12.25 ms
17:35:24.950	[0:0:0:0:0:0:0:1]:50917	admin	200		12.04 ms
17:35:24.950	[0:0:0:0:0:0:0:1]:50921	admin	200		96.86 ms
17:35:24.962	[0:0:0:0:0:0:0:1]:50918	admin	200		107.47 ms
17:35:24.963	[0:0:0:0:0:0:0:1]:50916	admin	200		202.25 ms
17:35:24.965	[0:0:0:0:0:0:0:1]:50921	admin	REQUEST	[GET] /core/ui/js/Plugin.js
17:35:24.979	[0:0:0:0:0:0:0:1]:50920	admin	REQUEST	[GET] /core/ui/images/logos/investissement-davenir.png
17:35:24.987	[0:0:0:0:0:0:0:1]:50921	admin	200		22.48 ms
17:35:24.998	[0:0:0:0:0:0:0:1]:50920	admin	200		18.89 ms
17:35:24.999	[0:0:0:0:0:0:0:1]:50918	admin	REQUEST	[GET] /core/ui/images/logos/biblissima.png
17:35:25.004	[0:0:0:0:0:0:0:1]:50919	admin	200		135.12 ms
17:35:25.015	[0:0:0:0:0:0:0:1]:50918	admin	200		16.44 ms
17:35:25.032	[0:0:0:0:0:0:0:1]:50921	admin	REQUEST	[GET] /dyrin/ui/fonts/junicode/Junicode.ttf
17:35:25.045	[0:0:0:0:0:0:0:1]:50921	admin	200		13.27 ms
17:35:27.974	[0:0:0:0:0:0:0:1]:50921	admin	REQUEST	[GET] /dyrin/ui/css/menuGauche.css
17:35:27.986	[0:0:0:0:0:0:0:1]:50921	admin	200		12.43 ms
17:35:28.062	[0:0:0:0:0:0:0:1]:50921	admin	REQUEST	[GET] /dyrin/ui/css/dyrin.css
17:35:28.071	[0:0:0:0:0:0:0:1]:50921	admin	200		9.1 ms
17:35:28.083	[0:0:0:0:0:0:0:1]:50921	admin	REQUEST	[GET] /core/ui/css/tei.css
17:35:28.092	[0:0:0:0:0:0:0:1]:50921	admin	200		9.58 ms
17:35:28.100	[0:0:0:0:0:0:0:1]:50921	admin	REQUEST	[GET] /core/ui/lib/bootstrap.min.css
17:35:28.109	[0:0:0:0:0:0:0:1]:50921	admin	200		9.67 ms
17:35:28.585	[0:0:0:0:0:0:0:1]:50921	admin	REQUEST	[GET] /core/ui/lib/bootstrap.min.css.map
17:35:28.595	[0:0:0:0:0:0:0:1]:50921	admin	200		10.68 ms
17:36:12.917	[0:0:0:0:0:0:0:1]:50921	admin	REQUEST	[GET] /dyrin/index/lieux.html
17:36:13.083	[0:0:0:0:0:0:0:1]:50921	admin	200		165.88 ms
17:36:13.145	[0:0:0:0:0:0:0:1]:50921	admin	REQUEST	[GET] /core/ui/lib/bootstrap.min.css
17:36:13.147	[0:0:0:0:0:0:0:1]:50920	admin	REQUEST	[GET] /dyrin/ui/css/menuGauche.css
17:36:13.154	[0:0:0:0:0:0:0:1]:50918	admin	REQUEST	[GET] /core/ui/css/tei.css
17:36:13.160	[0:0:0:0:0:0:0:1]:50916	admin	REQUEST	[GET] /plugins/mirador_viewer/mirador_viewer.css
17:36:13.165	[0:0:0:0:0:0:0:1]:50917	admin	REQUEST	[GET] /core/ui/css/alignment.css
17:36:13.178	[0:0:0:0:0:0:0:1]:50918	admin	200		26.42 ms
17:36:13.179	[0:0:0:0:0:0:0:1]:50921	admin	200		33.45 ms
17:36:13.180	[0:0:0:0:0:0:0:1]:50918	admin	REQUEST	[GET] /plugins/index/index.css
17:36:13.182	[0:0:0:0:0:0:0:1]:50919	admin	REQUEST	[GET] /plugins/thesauri_pdn/thesauri_pdn.css
17:36:13.192	[0:0:0:0:0:0:0:1]:50921	admin	REQUEST	[GET] /plugins/tei_pdf/tei_pdf.css
17:36:13.194	[0:0:0:0:0:0:0:1]:50919	admin	200		11.93 ms
17:36:13.196	[0:0:0:0:0:0:0:1]:50920	admin	200		49.06 ms
17:36:13.196	[0:0:0:0:0:0:0:1]:50916	admin	200		36.33 ms
17:36:13.197	[0:0:0:0:0:0:0:1]:50917	admin	200		31.53 ms
17:36:13.198	[0:0:0:0:0:0:0:1]:50919	admin	REQUEST	[GET] /core/ui/lib/bootstrap.bundle.min.js
17:36:13.198	[0:0:0:0:0:0:0:1]:50917	admin	REQUEST	[GET] /dyrin/ui/js/dyrin.js
17:36:13.199	[0:0:0:0:0:0:0:1]:50920	admin	REQUEST	[GET] /core/ui/js/MaxTEI.js
17:36:13.200	[0:0:0:0:0:0:0:1]:50918	admin	200		20.79 ms
17:36:13.202	[0:0:0:0:0:0:0:1]:50916	admin	REQUEST	[GET] /dyrin/ui/css/dyrin.css
17:36:13.206	[0:0:0:0:0:0:0:1]:50919	admin	200		8.67 ms
17:36:13.206	[0:0:0:0:0:0:0:1]:50920	admin	200		7.76 ms
17:36:13.217	[0:0:0:0:0:0:0:1]:50921	admin	200		25.06 ms
17:36:13.218	[0:0:0:0:0:0:0:1]:50917	admin	200		21.74 ms
17:36:13.223	[0:0:0:0:0:0:0:1]:50916	admin	200		21.72 ms
17:36:13.230	[0:0:0:0:0:0:0:1]:50921	admin	REQUEST	[GET] /plugins/thesauri_pdn/thesauri_pdn.js
17:36:13.232	[0:0:0:0:0:0:0:1]:50919	admin	REQUEST	[GET] /plugins/mirador_viewer/mirador_viewer.js
17:36:13.238	[0:0:0:0:0:0:0:1]:50921	admin	200		8.56 ms
17:36:13.242	[0:0:0:0:0:0:0:1]:50919	admin	200		10.1 ms
17:36:13.245	[0:0:0:0:0:0:0:1]:50921	admin	REQUEST	[GET] /plugins/index/index.js
17:36:13.254	[0:0:0:0:0:0:0:1]:50921	admin	200		9.11 ms
17:36:13.359	[0:0:0:0:0:0:0:1]:50921	admin	REQUEST	[GET] /core/ui/images/logos/biblissima.png
17:36:13.361	[0:0:0:0:0:0:0:1]:50919	admin	REQUEST	[GET] /core/ui/images/logos/investissement-davenir.png
17:36:13.370	[0:0:0:0:0:0:0:1]:50921	admin	200		10.92 ms
17:36:13.371	[0:0:0:0:0:0:0:1]:50919	admin	200		10.4 ms
17:36:13.420	[0:0:0:0:0:0:0:1]:50921	admin	REQUEST	[GET] /core/ui/css/header.css
17:36:13.428	[0:0:0:0:0:0:0:1]:50921	admin	200		8.32 ms
17:36:13.431	[0:0:0:0:0:0:0:1]:50921	admin	REQUEST	[GET] /core/ui/js/AbstractMax.js
17:36:13.433	[0:0:0:0:0:0:0:1]:50919	admin	REQUEST	[GET] /core/ui/js/Plugin.js
17:36:13.442	[0:0:0:0:0:0:0:1]:50919	admin	200		9.32 ms
17:36:13.442	[0:0:0:0:0:0:0:1]:50921	admin	200		11.86 ms
17:36:13.523	[0:0:0:0:0:0:0:1]:50921	admin	REQUEST	[GET] /favicon.ico
17:36:13.544	[0:0:0:0:0:0:0:1]:50921	admin	200		20.54 ms
17:36:13.966	[0:0:0:0:0:0:0:1]:50921	admin	REQUEST	[GET] /core/ui/lib/bootstrap.min.css.map
17:36:13.974	[0:0:0:0:0:0:0:1]:50921	admin	200		7.51 ms
17:36:44.916	[0:0:0:0:0:0:0:1]:50921	admin	REQUEST	[GET] /dyrin/doc/gerfaut.html
17:36:45.434	[0:0:0:0:0:0:0:1]:50921	admin	200		518.66 ms
17:36:45.602	[0:0:0:0:0:0:0:1]:50921	admin	REQUEST	[GET] /core/ui/lib/bootstrap.min.css
17:36:45.607	[0:0:0:0:0:0:0:1]:50919	admin	REQUEST	[GET] /dyrin/ui/css/menuGauche.css
17:36:45.609	[0:0:0:0:0:0:0:1]:50920	admin	REQUEST	[GET] /core/ui/css/tei.css
17:36:45.611	[0:0:0:0:0:0:0:1]:50918	admin	REQUEST	[GET] /core/ui/css/alignment.css
17:36:45.612	[0:0:0:0:0:0:0:1]:50921	admin	200		10.28 ms
17:36:45.620	[0:0:0:0:0:0:0:1]:50920	admin	200		11.79 ms
17:36:45.623	[0:0:0:0:0:0:0:1]:50921	admin	REQUEST	[GET] /dyrin/ui/css/dyrin.css
17:36:45.626	[0:0:0:0:0:0:0:1]:50918	admin	200		15.63 ms
17:36:45.635	[0:0:0:0:0:0:0:1]:50920	admin	REQUEST	[GET] /core/ui/lib/bootstrap.bundle.min.js
17:36:45.636	[0:0:0:0:0:0:0:1]:50918	admin	REQUEST	[GET] /core/ui/js/MaxTEI.js
17:36:45.641	[0:0:0:0:0:0:0:1]:50921	admin	200		17.73 ms
17:36:45.643	[0:0:0:0:0:0:0:1]:50917	admin	REQUEST	[GET] /dyrin/ui/js/dyrin.js
17:36:45.644	[0:0:0:0:0:0:0:1]:50920	admin	200		9.63 ms
17:36:45.647	[0:0:0:0:0:0:0:1]:50918	admin	200		11.07 ms
17:36:45.653	[0:0:0:0:0:0:0:1]:50917	admin	200		10.53 ms
17:36:45.661	[0:0:0:0:0:0:0:1]:50919	admin	200		53.57 ms
17:36:45.662	[0:0:0:0:0:0:0:1]:50920	admin	REQUEST	[GET] /core/ui/images/logos/investissement-davenir.png
17:36:45.662	[0:0:0:0:0:0:0:1]:50921	admin	REQUEST	[GET] /core/ui/images/logos/biblissima.png
17:36:45.672	[0:0:0:0:0:0:0:1]:50920	admin	200		10.15 ms
17:36:45.672	[0:0:0:0:0:0:0:1]:50921	admin	200		10.17 ms
17:36:45.826	[0:0:0:0:0:0:0:1]:50921	admin	REQUEST	[GET] /core/ui/css/header.css
17:36:45.828	[0:0:0:0:0:0:0:1]:50919	admin	REQUEST	[GET] /core/ui/js/AbstractMax.js
17:36:45.833	[0:0:0:0:0:0:0:1]:50920	admin	REQUEST	[GET] /core/ui/js/Plugin.js
17:36:45.835	[0:0:0:0:0:0:0:1]:50921	admin	200		9.95 ms
17:36:45.838	[0:0:0:0:0:0:0:1]:50919	admin	200		9.74 ms
17:36:45.842	[0:0:0:0:0:0:0:1]:50920	admin	200		9.47 ms
17:36:46.384	[0:0:0:0:0:0:0:1]:50921	admin	REQUEST	[GET] /core/ui/lib/bootstrap.min.css.map
17:36:46.394	[0:0:0:0:0:0:0:1]:50921	admin	200		10.12 ms
17:36:49.970	[0:0:0:0:0:0:0:1]:50921	admin	REQUEST	[GET] /dyrin/doc/.pdf
17:36:49.988	[0:0:0:0:0:0:0:1]:50921	admin	404	Service not found.	18.62 ms
17:38:23.265	[0:0:0:0:0:0:0:1]:50926	admin	REQUEST	[GET] /dyrin/doc/3.pdf
17:38:23.284	[0:0:0:0:0:0:0:1]:50926	admin	404	Service not found.	18.77 ms
17:41:05.886	127.0.0.1:50928	admin	REQUEST	SET CHOP	26.82 ms
17:41:05.887	127.0.0.1:50928	admin	OK	CHOP: false	0.61 ms
17:41:09.213	127.0.0.1:50928	admin	REQUEST	OPEN dyrin	0.75 ms
17:41:09.218	127.0.0.1:50928	admin	OK	Database 'dyrin' was opened in 3.02 ms.	5.29 ms
17:41:12.402	127.0.0.1:50928	admin	REQUEST	LIST	1.52 ms
17:41:12.405	127.0.0.1:50928	admin	OK		3.59 ms
17:41:17.088	127.0.0.1:50928	admin	REQUEST	LIST dyrin	0.54 ms
17:41:17.096	127.0.0.1:50928	admin	OK		7.89 ms
17:45:14.267	127.0.0.1:50928	admin	REQUEST	DELETE macareux_moine.xml	1.38 ms
17:45:14.282	127.0.0.1:50928	admin	OK	1 resource(s) deleted in 3.32 ms.	14.86 ms
17:45:33.248	127.0.0.1:50928	admin	REQUEST	ADD macareux_moine.xml	1.16 ms
17:45:33.249	127.0.0.1:50928	admin	ERROR	Resource "/Users/ag/Documents/elsa/projetsMaX/dyrin/dyrin-BaseX/bin/macareux_moine.xml" not found.	0.42 ms
17:46:21.058	127.0.0.1:50928	admin	REQUEST	ADD macareux_moine.xml /Users/ag/Documents/elsa/fichiersbasex/dyrin/maraceux_moine.xml	0.57 ms
17:46:21.058	127.0.0.1:50928	admin	ERROR	Resource "/Users/ag/Documents/elsa/projetsMaX/dyrin/dyrin-BaseX/bin/macareux_moine.xml /Users/ag/Documents/elsa/fichiersbasex/dyrin/maraceux_moine.xml" not found.	0.39 ms
17:46:25.117	127.0.0.1:50928	admin	REQUEST	LIST dyrin	0.73 ms
17:46:25.118	127.0.0.1:50928	admin	OK		0.87 ms
17:46:39.571	127.0.0.1:50928	admin	REQUEST	ADD macareux_moine.xml /Users/ag/Documents/elsa/fichiersbasex/dyrin/macareux_moine.xml	0.52 ms
17:46:39.572	127.0.0.1:50928	admin	ERROR	Resource "/Users/ag/Documents/elsa/projetsMaX/dyrin/dyrin-BaseX/bin/macareux_moine.xml /Users/ag/Documents/elsa/fichiersbasex/dyrin/macareux_moine.xml" not found.	0.37 ms
17:47:05.466	127.0.0.1:50928	admin	REQUEST	ADD macareux_moine.xml /Users/ag/Documents/elsa/fichiersbasex/dyrin/macareux_moine.xml	0.41 ms
17:47:05.466	127.0.0.1:50928	admin	ERROR	Resource "/Users/ag/Documents/elsa/projetsMaX/dyrin/dyrin-BaseX/bin/macareux_moine.xml /Users/ag/Documents/elsa/fichiersbasex/dyrin/macareux_moine.xml" not found.	0.29 ms
17:47:11.455	127.0.0.1:50928	admin	REQUEST	LIST dyrin	0.59 ms
17:47:11.456	127.0.0.1:50928	admin	OK		1.01 ms
17:47:31.278	127.0.0.1:50928	admin	REQUEST	ADD TO macareux_moine.xml /Users/ag/Documents/elsa/fichiersbasex/dyrin/macareux_moine.xml	0.36 ms
17:47:31.307	127.0.0.1:50928	admin	OK	Resource(s) added in 25.61 ms.	29.85 ms
17:47:33.462	127.0.0.1:50928	admin	REQUEST	LIST dyrin	0.48 ms
17:47:33.465	127.0.0.1:50928	admin	OK		2.66 ms
17:47:38.750	[0:0:0:0:0:0:0:1]:50932	admin	REQUEST	[GET] /dyrin/doc/gerfaut.html
17:47:39.255	[0:0:0:0:0:0:0:1]:50932	admin	200		505.65 ms
17:47:39.365	[0:0:0:0:0:0:0:1]:50932	admin	REQUEST	[GET] /core/ui/lib/bootstrap.min.css
17:47:39.368	[0:0:0:0:0:0:0:1]:50933	admin	REQUEST	[GET] /dyrin/ui/css/menuGauche.css
17:47:39.377	[0:0:0:0:0:0:0:1]:50933	admin	200		9.06 ms
17:47:39.380	[0:0:0:0:0:0:0:1]:50933	admin	REQUEST	[GET] /core/ui/css/tei.css
17:47:39.380	[0:0:0:0:0:0:0:1]:50932	admin	200		15.02 ms
17:47:39.384	[0:0:0:0:0:0:0:1]:50934	admin	REQUEST	[GET] /core/ui/css/alignment.css
17:47:39.390	[0:0:0:0:0:0:0:1]:50935	admin	REQUEST	[GET] /plugins/thesauri_pdn/thesauri_pdn.css
17:47:39.390	[0:0:0:0:0:0:0:1]:50933	admin	200		9.81 ms
17:47:39.393	[0:0:0:0:0:0:0:1]:50933	admin	REQUEST	[GET] /plugins/mirador_viewer/mirador_viewer.css
17:47:39.394	[0:0:0:0:0:0:0:1]:50934	admin	200		9.4 ms
17:47:39.397	[0:0:0:0:0:0:0:1]:50934	admin	REQUEST	[GET] /plugins/index/index.css
17:47:39.402	[0:0:0:0:0:0:0:1]:50937	admin	REQUEST	[GET] /dyrin/ui/css/dyrin.css
17:47:39.402	[0:0:0:0:0:0:0:1]:50936	admin	REQUEST	[GET] /plugins/tei_pdf/tei_pdf.css
17:47:39.409	[0:0:0:0:0:0:0:1]:50932	admin	REQUEST	[GET] /core/ui/lib/bootstrap.bundle.min.js
17:47:39.410	[0:0:0:0:0:0:0:1]:50937	admin	200		8.34 ms
17:47:39.412	[0:0:0:0:0:0:0:1]:50933	admin	200		18.57 ms
17:47:39.412	[0:0:0:0:0:0:0:1]:50934	admin	200		15.08 ms
17:47:39.412	[0:0:0:0:0:0:0:1]:50936	admin	200		13.06 ms
17:47:39.413	[0:0:0:0:0:0:0:1]:50937	admin	REQUEST	[GET] /core/ui/js/MaxTEI.js
17:47:39.416	[0:0:0:0:0:0:0:1]:50934	admin	REQUEST	[GET] /plugins/thesauri_pdn/thesauri_pdn.js
17:47:39.420	[0:0:0:0:0:0:0:1]:50933	admin	REQUEST	[GET] /dyrin/ui/js/dyrin.js
17:47:39.421	[0:0:0:0:0:0:0:1]:50932	admin	200		12.05 ms
17:47:39.422	[0:0:0:0:0:0:0:1]:50937	admin	200		8.56 ms
17:47:39.422	[0:0:0:0:0:0:0:1]:50936	admin	REQUEST	[GET] /plugins/mirador_viewer/mirador_viewer.js
17:47:39.426	[0:0:0:0:0:0:0:1]:50937	admin	REQUEST	[GET] /plugins/index/index.js
17:47:39.428	[0:0:0:0:0:0:0:1]:50933	admin	200		8.38 ms
17:47:39.431	[0:0:0:0:0:0:0:1]:50934	admin	200		15.45 ms
17:47:39.431	[0:0:0:0:0:0:0:1]:50936	admin	200		9.34 ms
17:47:39.434	[0:0:0:0:0:0:0:1]:50937	admin	200		9.01 ms
17:47:39.437	[0:0:0:0:0:0:0:1]:50935	admin	200		47.54 ms
17:47:39.440	[0:0:0:0:0:0:0:1]:50933	admin	REQUEST	[GET] /core/ui/images/logos/investissement-davenir.png
17:47:39.440	[0:0:0:0:0:0:0:1]:50937	admin	REQUEST	[GET] /core/ui/images/logos/biblissima.png
17:47:39.448	[0:0:0:0:0:0:0:1]:50937	admin	200		8.6 ms
17:47:39.449	[0:0:0:0:0:0:0:1]:50933	admin	200		9.81 ms
17:47:39.650	[0:0:0:0:0:0:0:1]:50933	admin	REQUEST	[GET] /core/ui/css/header.css
17:47:39.656	[0:0:0:0:0:0:0:1]:50935	admin	REQUEST	[GET] /core/ui/js/Plugin.js
17:47:39.660	[0:0:0:0:0:0:0:1]:50937	admin	REQUEST	[GET] /core/ui/js/AbstractMax.js
17:47:39.660	[0:0:0:0:0:0:0:1]:50933	admin	200		10.63 ms
17:47:39.666	[0:0:0:0:0:0:0:1]:50935	admin	200		9.46 ms
17:47:39.673	[0:0:0:0:0:0:0:1]:50937	admin	200		17.25 ms
17:47:40.200	[0:0:0:0:0:0:0:1]:50933	admin	REQUEST	[GET] /core/ui/lib/bootstrap.min.css.map
17:47:40.210	[0:0:0:0:0:0:0:1]:50933	admin	200		9.63 ms
17:47:41.489	[0:0:0:0:0:0:0:1]:50933	admin	REQUEST	[GET] /dyrin/sommaire.html
17:47:41.692	[0:0:0:0:0:0:0:1]:50933	admin	200		202.32 ms
17:47:41.767	[0:0:0:0:0:0:0:1]:50933	admin	REQUEST	[GET] /core/ui/lib/bootstrap.min.css
17:47:41.774	[0:0:0:0:0:0:0:1]:50935	admin	REQUEST	[GET] /core/ui/css/tei.css
17:47:41.776	[0:0:0:0:0:0:0:1]:50934	admin	REQUEST	[GET] /core/ui/css/alignment.css
17:47:41.782	[0:0:0:0:0:0:0:1]:50937	admin	REQUEST	[GET] /dyrin/ui/css/menuGauche.css
17:47:41.782	[0:0:0:0:0:0:0:1]:50933	admin	200		15.22 ms
17:47:41.783	[0:0:0:0:0:0:0:1]:50935	admin	200		10.9 ms
17:47:41.784	[0:0:0:0:0:0:0:1]:50934	admin	200		8.03 ms
17:47:41.792	[0:0:0:0:0:0:0:1]:50937	admin	200		10.67 ms
17:47:41.799	[0:0:0:0:0:0:0:1]:50933	admin	REQUEST	[GET] /dyrin/ui/css/dyrin.css
17:47:41.803	[0:0:0:0:0:0:0:1]:50937	admin	REQUEST	[GET] /core/ui/lib/bootstrap.bundle.min.js
17:47:41.807	[0:0:0:0:0:0:0:1]:50935	admin	REQUEST	[GET] /core/ui/js/MaxTEI.js
17:47:41.808	[0:0:0:0:0:0:0:1]:50933	admin	200		9.4 ms
17:47:41.809	[0:0:0:0:0:0:0:1]:50934	admin	REQUEST	[GET] /dyrin/ui/js/dyrin.js
17:47:41.816	[0:0:0:0:0:0:0:1]:50935	admin	200		9.36 ms
17:47:41.820	[0:0:0:0:0:0:0:1]:50934	admin	200		10.68 ms
17:47:41.823	[0:0:0:0:0:0:0:1]:50937	admin	200		19.7 ms
17:47:41.860	[0:0:0:0:0:0:0:1]:50933	admin	REQUEST	[GET] /core/ui/images/logos/biblissima.png
17:47:41.866	[0:0:0:0:0:0:0:1]:50937	admin	REQUEST	[GET] /core/ui/images/logos/investissement-davenir.png
17:47:41.870	[0:0:0:0:0:0:0:1]:50933	admin	200		10.2 ms
17:47:41.877	[0:0:0:0:0:0:0:1]:50937	admin	200		10.43 ms
17:47:41.976	[0:0:0:0:0:0:0:1]:50933	admin	REQUEST	[GET] /core/ui/css/header.css
17:47:41.986	[0:0:0:0:0:0:0:1]:50933	admin	200		10.27 ms
17:47:41.990	[0:0:0:0:0:0:0:1]:50933	admin	REQUEST	[GET] /core/ui/js/AbstractMax.js
17:47:41.992	[0:0:0:0:0:0:0:1]:50937	admin	REQUEST	[GET] /core/ui/js/Plugin.js
17:47:42.001	[0:0:0:0:0:0:0:1]:50937	admin	200		10.17 ms
17:47:42.011	[0:0:0:0:0:0:0:1]:50933	admin	200		21.18 ms
17:47:42.361	[0:0:0:0:0:0:0:1]:50933	admin	REQUEST	[GET] /core/ui/lib/bootstrap.min.css.map
17:47:42.371	[0:0:0:0:0:0:0:1]:50933	admin	200		10.41 ms
17:48:07.030	[0:0:0:0:0:0:0:1]:50933	admin	REQUEST	[GET] /dyrin/doc/macareux_moine.html
17:48:07.408	[0:0:0:0:0:0:0:1]:50933	admin	200		378.25 ms
17:48:07.489	[0:0:0:0:0:0:0:1]:50933	admin	REQUEST	[GET] /core/ui/lib/bootstrap.min.css
17:48:07.490	[0:0:0:0:0:0:0:1]:50937	admin	REQUEST	[GET] /dyrin/ui/css/menuGauche.css
17:48:07.495	[0:0:0:0:0:0:0:1]:50935	admin	REQUEST	[GET] /core/ui/css/tei.css
17:48:07.499	[0:0:0:0:0:0:0:1]:50933	admin	200		10.18 ms
17:48:07.503	[0:0:0:0:0:0:0:1]:50934	admin	REQUEST	[GET] /core/ui/css/alignment.css
17:48:07.504	[0:0:0:0:0:0:0:1]:50935	admin	200		8.78 ms
17:48:07.512	[0:0:0:0:0:0:0:1]:50934	admin	200		9.04 ms
17:48:07.513	[0:0:0:0:0:0:0:1]:50937	admin	200		22.32 ms
17:48:07.523	[0:0:0:0:0:0:0:1]:50933	admin	REQUEST	[GET] /dyrin/ui/css/dyrin.css
17:48:07.524	[0:0:0:0:0:0:0:1]:50937	admin	REQUEST	[GET] /core/ui/lib/bootstrap.bundle.min.js
17:48:07.532	[0:0:0:0:0:0:0:1]:50933	admin	200		9.73 ms
17:48:07.533	[0:0:0:0:0:0:0:1]:50937	admin	200		8.93 ms
17:48:07.533	[0:0:0:0:0:0:0:1]:50935	admin	REQUEST	[GET] /core/ui/js/MaxTEI.js
17:48:07.535	[0:0:0:0:0:0:0:1]:50933	admin	REQUEST	[GET] /dyrin/ui/js/dyrin.js
17:48:07.543	[0:0:0:0:0:0:0:1]:50933	admin	200		8.14 ms
17:48:07.545	[0:0:0:0:0:0:0:1]:50935	admin	200		11.6 ms
17:48:07.619	[0:0:0:0:0:0:0:1]:50933	admin	REQUEST	[GET] /core/ui/images/logos/biblissima.png
17:48:07.628	[0:0:0:0:0:0:0:1]:50933	admin	200		9.22 ms
17:48:07.637	[0:0:0:0:0:0:0:1]:50933	admin	REQUEST	[GET] /core/ui/images/logos/investissement-davenir.png
17:48:07.647	[0:0:0:0:0:0:0:1]:50933	admin	200		10.9 ms
17:48:07.736	[0:0:0:0:0:0:0:1]:50933	admin	REQUEST	[GET] /core/ui/css/header.css
17:48:07.739	[0:0:0:0:0:0:0:1]:50937	admin	REQUEST	[GET] /core/ui/js/Plugin.js
17:48:07.741	[0:0:0:0:0:0:0:1]:50935	admin	REQUEST	[GET] /core/ui/js/AbstractMax.js
17:48:07.746	[0:0:0:0:0:0:0:1]:50933	admin	200		10.03 ms
17:48:07.749	[0:0:0:0:0:0:0:1]:50935	admin	200		8.66 ms
17:48:07.754	[0:0:0:0:0:0:0:1]:50937	admin	200		15.41 ms
17:48:08.170	[0:0:0:0:0:0:0:1]:50933	admin	REQUEST	[GET] /core/ui/lib/bootstrap.min.css.map
17:48:08.175	[0:0:0:0:0:0:0:1]:50933	admin	200		6.04 ms
17:48:09.597	[0:0:0:0:0:0:0:1]:50933	admin	REQUEST	[GET] /dyrin/doc/.pdf
17:48:09.597	[0:0:0:0:0:0:0:1]:50933	admin	404	Service not found.	0.59 ms
17:48:48.750	[0:0:0:0:0:0:0:1]:50933	admin	REQUEST	[GET] /dyrin/doc/dyrin_macareux.pdf
17:48:48.776	[0:0:0:0:0:0:0:1]:50933	admin	404	Service not found.	25.21 ms
17:48:58.095	[0:0:0:0:0:0:0:1]:50933	admin	REQUEST	[GET] /dyrin/macareux_moine/dyrin_macareux.pdf
17:48:58.112	[0:0:0:0:0:0:0:1]:50933	admin	404	Service not found.	17.43 ms
17:49:12.238	[0:0:0:0:0:0:0:1]:50933	admin	REQUEST	[GET] /dyrin/macareux_moine.xml/dyrin_macareux.pdf
17:49:14.028	[0:0:0:0:0:0:0:1]:50933	admin	500	Stopped at /Users/ag/Documents/elsa/projetsMaX/dyrin/dyrin-BaseX/webapp/MaX/rxq/util.xqm, 92/26: [basex:error] org.apache.fop.fo.ValidationException: "{http://www.w3.org/1999/XSL/Format}root" is not a valid child of "fo:block"! (See position 163:22)	1789.97 ms
17:51:37.507	[0:0:0:0:0:0:0:1]:50947	admin	REQUEST	[GET] /dyrin/macareux_moine.xml/dyrin_macareux.pdf
17:51:37.790	[0:0:0:0:0:0:0:1]:50947	admin	500	Stopped at /Users/ag/Documents/elsa/projetsMaX/dyrin/dyrin-BaseX/webapp/MaX/rxq/util.xqm, 92/26: [basex:error] org.apache.fop.fo.ValidationException: "{http://www.w3.org/1999/XSL/Format}root" is not a valid child of "fo:block"! (See position 163:22)	283.09 ms
17:51:45.189	[0:0:0:0:0:0:0:1]:50947	admin	REQUEST	[GET] /dyrin/macareux_moine.xml/dyrin_macareux.pdf
17:51:45.430	[0:0:0:0:0:0:0:1]:50947	admin	500	Stopped at /Users/ag/Documents/elsa/projetsMaX/dyrin/dyrin-BaseX/webapp/MaX/rxq/util.xqm, 92/26: [basex:error] org.apache.fop.fo.ValidationException: "{http://www.w3.org/1999/XSL/Format}root" is not a valid child of "fo:block"! (See position 163:22)	241.3 ms
17:51:56.950	[0:0:0:0:0:0:0:1]:50947	admin	REQUEST	[GET] /dyrin/macareux_moine.xml/dyrin_macareux.pdf
17:51:57.183	[0:0:0:0:0:0:0:1]:50947	admin	500	Stopped at /Users/ag/Documents/elsa/projetsMaX/dyrin/dyrin-BaseX/webapp/MaX/rxq/util.xqm, 92/26: [basex:error] org.apache.fop.fo.ValidationException: "{http://www.w3.org/1999/XSL/Format}root" is not a valid child of "fo:block"! (See position 163:22)	233.73 ms
17:52:09.353	[0:0:0:0:0:0:0:1]:50947	admin	REQUEST	[GET] /dyrin/macareux_moine.xml/dyrin_macareux.pdf
17:52:09.619	[0:0:0:0:0:0:0:1]:50947	admin	500	Stopped at /Users/ag/Documents/elsa/projetsMaX/dyrin/dyrin-BaseX/webapp/MaX/rxq/util.xqm, 92/26: [basex:error] org.apache.fop.fo.ValidationException: "{http://www.w3.org/1999/XSL/Format}root" is not a valid child of "fo:block"! (See position 163:22)	266.53 ms
17:53:12.071	[0:0:0:0:0:0:0:1]:50948	admin	REQUEST	[GET] /dyrin/macareux_moine.xml/dyrin_macareux.pdf
17:53:12.102	[0:0:0:0:0:0:0:1]:50948	admin	500	Stopped at /Users/ag/Documents/elsa/projetsMaX/dyrin/dyrin-BaseX/webapp/MaX/rxq/util.xqm, 43/79: [XPST0081] No namespace declared for 'xsl:stylesheet'.	31.23 ms
17:53:56.928	[0:0:0:0:0:0:0:1]:50948	admin	REQUEST	[GET] /dyrin/macareux_moine.html
17:53:57.043	[0:0:0:0:0:0:0:1]:50948	admin	500	Stopped at /Users/ag/Documents/elsa/projetsMaX/dyrin/dyrin-BaseX/webapp/MaX/rxq/html.xqm, 224/30: [fetch:open] Resource "/Users/ag/Documents/elsa/projetsMaX/dyrin/dyrin-BaseX/webapp/MaX/editions/dyrin/fragments/fr/macareux_moine.frag.html (No such file or directory)" not found.	115.59 ms
17:54:07.303	[0:0:0:0:0:0:0:1]:50948	admin	REQUEST	[GET] /core/ui/lib/bootstrap.min.css.map
17:54:07.328	[0:0:0:0:0:0:0:1]:50948	admin	200		25.78 ms
17:59:32.746	SERVER	admin	OK	HTTP Server was stopped (port: 16002).
17:59:32.747	SERVER	admin	OK	Server was stopped (port: 16000).
