12:43:04.845	SERVER	admin	OK	Server was started (port: 16000).
12:43:04.931	SERVER	admin	OK	HTTP Server was started (port: 16002).
12:43:11.838	[0:0:0:0:0:0:0:1]:50599	admin	REQUEST	[GET] /dyrin
12:43:15.106	[0:0:0:0:0:0:0:1]:50599	admin	302	Location: http://localhost:16002/dyrin/accueil.html	3273.17 ms
12:43:15.123	[0:0:0:0:0:0:0:1]:50599	admin	REQUEST	[GET] /dyrin/accueil.html
12:43:17.326	[0:0:0:0:0:0:0:1]:50599	admin	200		2203.63 ms
12:43:17.455	[0:0:0:0:0:0:0:1]:50599	admin	REQUEST	[GET] /core/ui/lib/bootstrap.min.css
12:43:17.468	[0:0:0:0:0:0:0:1]:50602	admin	REQUEST	[GET] /dyrin/ui/css/menuGauche.css
12:43:17.474	[0:0:0:0:0:0:0:1]:50604	admin	REQUEST	[GET] /core/ui/css/alignment.css
12:43:17.474	[0:0:0:0:0:0:0:1]:50605	admin	REQUEST	[GET] /plugins/thesauri_pdn/thesauri_pdn.css
12:43:17.477	[0:0:0:0:0:0:0:1]:50606	admin	REQUEST	[GET] /plugins/mirador_viewer/mirador_viewer.css
12:43:17.506	[0:0:0:0:0:0:0:1]:50602	admin	200		37.71 ms
12:43:17.506	[0:0:0:0:0:0:0:1]:50605	admin	200		31.95 ms
12:43:17.506	[0:0:0:0:0:0:0:1]:50604	admin	200		32.63 ms
12:43:17.512	[0:0:0:0:0:0:0:1]:50602	admin	REQUEST	[GET] /plugins/index/index.css
12:43:17.514	[0:0:0:0:0:0:0:1]:50604	admin	REQUEST	[GET] /plugins/tei_pdf/tei_pdf.css
12:43:17.515	[0:0:0:0:0:0:0:1]:50605	admin	REQUEST	[GET] /dyrin/ui/css/dyrin.css
12:43:17.530	[0:0:0:0:0:0:0:1]:50606	admin	200		53.74 ms
12:43:17.533	[0:0:0:0:0:0:0:1]:50606	admin	REQUEST	[GET] /core/ui/lib/bootstrap.bundle.min.js
12:43:17.535	[0:0:0:0:0:0:0:1]:50602	admin	200		23.06 ms
12:43:17.576	[0:0:0:0:0:0:0:1]:50605	admin	200		61.1 ms
12:43:17.582	[0:0:0:0:0:0:0:1]:50599	admin	200		127.3 ms
12:43:17.583	[0:0:0:0:0:0:0:1]:50602	admin	REQUEST	[GET] /core/ui/js/MaxTEI.js
12:43:17.585	[0:0:0:0:0:0:0:1]:50605	admin	REQUEST	[GET] /dyrin/ui/js/dyrin.js
12:43:17.603	[0:0:0:0:0:0:0:1]:50602	admin	200		20.45 ms
12:43:17.608	[0:0:0:0:0:0:0:1]:50602	admin	REQUEST	[GET] /plugins/thesauri_pdn/thesauri_pdn.js
12:43:17.624	[0:0:0:0:0:0:0:1]:50604	admin	200		110.4 ms
12:43:17.626	[0:0:0:0:0:0:0:1]:50605	admin	200		41.65 ms
12:43:17.629	[0:0:0:0:0:0:0:1]:50605	admin	REQUEST	[GET] /plugins/index/index.js
12:43:17.634	[0:0:0:0:0:0:0:1]:50606	admin	200		101.7 ms
12:43:17.629	[0:0:0:0:0:0:0:1]:50599	admin	REQUEST	[GET] /plugins/mirador_viewer/mirador_viewer.js
12:43:17.641	[0:0:0:0:0:0:0:1]:50602	admin	200		33.09 ms
12:43:17.648	[0:0:0:0:0:0:0:1]:50602	admin	REQUEST	[GET] /core/ui/js/AbstractMax.js
12:43:17.650	[0:0:0:0:0:0:0:1]:50605	admin	200		20.84 ms
12:43:17.657	[0:0:0:0:0:0:0:1]:50603	admin	REQUEST	[GET] /core/ui/css/tei.css
12:43:17.668	[0:0:0:0:0:0:0:1]:50606	admin	REQUEST	[GET] /core/ui/js/Plugin.js
12:43:17.673	[0:0:0:0:0:0:0:1]:50602	admin	200		25.41 ms
12:43:17.692	[0:0:0:0:0:0:0:1]:50606	admin	200		24.81 ms
12:43:17.693	[0:0:0:0:0:0:0:1]:50599	admin	200		64.66 ms
12:43:17.694	[0:0:0:0:0:0:0:1]:50603	admin	200		36.75 ms
12:43:17.696	[0:0:0:0:0:0:0:1]:50602	admin	REQUEST	[GET] /core/ui/images/logos/biblissima.png
12:43:17.696	[0:0:0:0:0:0:0:1]:50605	admin	REQUEST	[GET] /core/ui/images/logos/investissement-davenir.png
12:43:17.711	[0:0:0:0:0:0:0:1]:50606	admin	REQUEST	[GET] /core/ui/css/header.css
12:43:17.718	[0:0:0:0:0:0:0:1]:50605	admin	200		21.94 ms
12:43:17.722	[0:0:0:0:0:0:0:1]:50602	admin	200		26.68 ms
12:43:17.731	[0:0:0:0:0:0:0:1]:50606	admin	200		20.42 ms
12:43:17.744	[0:0:0:0:0:0:0:1]:50606	admin	REQUEST	[GET] /dyrin/ui/fonts/junicode/Junicode.ttf
12:43:17.786	[0:0:0:0:0:0:0:1]:50606	admin	200		41.58 ms
12:43:17.864	[0:0:0:0:0:0:0:1]:50606	admin	REQUEST	[GET] /favicon.ico
12:43:17.940	[0:0:0:0:0:0:0:1]:50606	admin	200		76.24 ms
12:43:19.946	[0:0:0:0:0:0:0:1]:50606	admin	REQUEST	[GET] /dyrin/sommaire.html
12:43:20.722	[0:0:0:0:0:0:0:1]:50606	admin	200		776.7 ms
12:43:20.783	[0:0:0:0:0:0:0:1]:50606	admin	REQUEST	[GET] /core/ui/lib/bootstrap.min.css
12:43:20.784	[0:0:0:0:0:0:0:1]:50605	admin	REQUEST	[GET] /dyrin/ui/css/menuGauche.css
12:43:20.786	[0:0:0:0:0:0:0:1]:50602	admin	REQUEST	[GET] /core/ui/css/tei.css
12:43:20.803	[0:0:0:0:0:0:0:1]:50603	admin	REQUEST	[GET] /core/ui/css/alignment.css
12:43:20.809	[0:0:0:0:0:0:0:1]:50604	admin	REQUEST	[GET] /dyrin/ui/css/dyrin.css
12:43:20.809	[0:0:0:0:0:0:0:1]:50599	admin	REQUEST	[GET] /core/ui/lib/bootstrap.bundle.min.js
12:43:20.828	[0:0:0:0:0:0:0:1]:50604	admin	200		19.32 ms
12:43:20.829	[0:0:0:0:0:0:0:1]:50599	admin	200		20.01 ms
12:43:20.831	[0:0:0:0:0:0:0:1]:50604	admin	REQUEST	[GET] /core/ui/js/MaxTEI.js
12:43:20.835	[0:0:0:0:0:0:0:1]:50599	admin	REQUEST	[GET] /dyrin/ui/js/dyrin.js
12:43:20.852	[0:0:0:0:0:0:0:1]:50604	admin	200		21.16 ms
12:43:20.855	[0:0:0:0:0:0:0:1]:50604	admin	REQUEST	[GET] /core/ui/js/Plugin.js
12:43:20.857	[0:0:0:0:0:0:0:1]:50599	admin	200		22.79 ms
12:43:20.860	[0:0:0:0:0:0:0:1]:50599	admin	REQUEST	[GET] /core/ui/js/AbstractMax.js
12:43:20.860	[0:0:0:0:0:0:0:1]:50602	admin	200		75.14 ms
12:43:20.869	[0:0:0:0:0:0:0:1]:50605	admin	200		85.44 ms
12:43:20.874	[0:0:0:0:0:0:0:1]:50606	admin	200		91.51 ms
12:43:20.876	[0:0:0:0:0:0:0:1]:50599	admin	200		17.15 ms
12:43:20.883	[0:0:0:0:0:0:0:1]:50602	admin	REQUEST	[GET] /core/ui/css/header.css
12:43:20.885	[0:0:0:0:0:0:0:1]:50603	admin	200		82.82 ms
12:43:20.896	[0:0:0:0:0:0:0:1]:50604	admin	200		41.2 ms
12:43:20.905	[0:0:0:0:0:0:0:1]:50602	admin	200		22.15 ms
12:43:20.908	[0:0:0:0:0:0:0:1]:50606	admin	REQUEST	[GET] /core/ui/images/logos/biblissima.png
12:43:20.908	[0:0:0:0:0:0:0:1]:50605	admin	REQUEST	[GET] /core/ui/images/logos/investissement-davenir.png
12:43:20.925	[0:0:0:0:0:0:0:1]:50605	admin	200		17.03 ms
12:43:20.927	[0:0:0:0:0:0:0:1]:50606	admin	200		19.85 ms
12:43:23.296	[0:0:0:0:0:0:0:1]:50606	admin	REQUEST	[GET] /dyrin/doc/eider.html
12:43:24.513	[0:0:0:0:0:0:0:1]:50606	admin	200		1217.44 ms
12:43:24.581	[0:0:0:0:0:0:0:1]:50606	admin	REQUEST	[GET] /core/ui/lib/bootstrap.min.css
12:43:24.584	[0:0:0:0:0:0:0:1]:50605	admin	REQUEST	[GET] /dyrin/ui/css/menuGauche.css
12:43:24.597	[0:0:0:0:0:0:0:1]:50606	admin	200		16.05 ms
12:43:24.600	[0:0:0:0:0:0:0:1]:50603	admin	REQUEST	[GET] /dyrin/ui/css/dyrin.css
12:43:24.602	[0:0:0:0:0:0:0:1]:50599	admin	REQUEST	[GET] /core/ui/lib/bootstrap.bundle.min.js
12:43:24.615	[0:0:0:0:0:0:0:1]:50603	admin	200		15.61 ms
12:43:24.616	[0:0:0:0:0:0:0:1]:50605	admin	200		31.79 ms
12:43:24.617	[0:0:0:0:0:0:0:1]:50603	admin	REQUEST	[GET] /dyrin/ui/js/dyrin.js
12:43:24.618	[0:0:0:0:0:0:0:1]:50599	admin	200		16.78 ms
12:43:24.633	[0:0:0:0:0:0:0:1]:50604	admin	REQUEST	[GET] /core/ui/css/alignment.css
12:43:24.634	[0:0:0:0:0:0:0:1]:50606	admin	REQUEST	[GET] /core/ui/js/MaxTEI.js
12:43:24.633	[0:0:0:0:0:0:0:1]:50603	admin	200		16.15 ms
12:43:24.645	[0:0:0:0:0:0:0:1]:50602	admin	REQUEST	[GET] /core/ui/css/tei.css
12:43:24.652	[0:0:0:0:0:0:0:1]:50605	admin	REQUEST	[GET] /core/ui/js/Plugin.js
12:43:24.656	[0:0:0:0:0:0:0:1]:50606	admin	200		22.53 ms
12:43:24.658	[0:0:0:0:0:0:0:1]:50604	admin	200		24.89 ms
12:43:24.667	[0:0:0:0:0:0:0:1]:50606	admin	REQUEST	[GET] /core/ui/js/AbstractMax.js
12:43:24.672	[0:0:0:0:0:0:0:1]:50605	admin	200		20.79 ms
12:43:24.676	[0:0:0:0:0:0:0:1]:50602	admin	200		31.33 ms
12:43:24.681	[0:0:0:0:0:0:0:1]:50606	admin	200		15.05 ms
12:43:24.690	[0:0:0:0:0:0:0:1]:50605	admin	REQUEST	[GET] /core/ui/images/logos/biblissima.png
12:43:24.692	[0:0:0:0:0:0:0:1]:50604	admin	REQUEST	[GET] /core/ui/images/logos/investissement-davenir.png
12:43:24.699	[0:0:0:0:0:0:0:1]:50606	admin	REQUEST	[GET] /core/ui/css/header.css
12:43:24.707	[0:0:0:0:0:0:0:1]:50605	admin	200		16.92 ms
12:43:24.720	[0:0:0:0:0:0:0:1]:50604	admin	200		29.26 ms
12:43:24.722	[0:0:0:0:0:0:0:1]:50606	admin	200		22.99 ms
12:43:24.866	[0:0:0:0:0:0:0:1]:50606	admin	REQUEST	[GET] /favicon.ico
12:43:24.894	[0:0:0:0:0:0:0:1]:50606	admin	200		27.41 ms
12:43:42.539	[0:0:0:0:0:0:0:1]:50606	admin	REQUEST	[GET] /favicon.ico
12:43:42.604	[0:0:0:0:0:0:0:1]:50606	admin	200		70.78 ms
12:43:46.810	[0:0:0:0:0:0:0:1]:50606	admin	REQUEST	[GET] /dyrin/mirador/?linkhttps://gallica.bnf.fr/iiif/ark:/12148/bpt6k41315/manifest.json&canvasId=&canvasIndex=104
12:43:46.891	[0:0:0:0:0:0:0:1]:50606	admin	200		81.76 ms
12:43:46.941	[0:0:0:0:0:0:0:1]:50606	admin	REQUEST	[GET] /plugins/mirador_viewer/max-mirador/MaxMirador.js
12:43:46.953	[0:0:0:0:0:0:0:1]:50606	admin	200		13.0 ms
12:43:47.265	[0:0:0:0:0:0:0:1]:50606	admin	REQUEST	[GET] /favicon.ico
12:43:47.294	[0:0:0:0:0:0:0:1]:50606	admin	200		29.65 ms
12:43:57.867	[0:0:0:0:0:0:0:1]:50606	admin	REQUEST	[GET] /dyrin/doc/narval.html
12:43:58.681	[0:0:0:0:0:0:0:1]:50606	admin	200		814.56 ms
12:43:58.770	[0:0:0:0:0:0:0:1]:50606	admin	REQUEST	[GET] /core/ui/lib/bootstrap.min.css
12:43:58.782	[0:0:0:0:0:0:0:1]:50605	admin	REQUEST	[GET] /dyrin/ui/css/menuGauche.css
12:43:58.782	[0:0:0:0:0:0:0:1]:50606	admin	200		12.49 ms
12:43:58.785	[0:0:0:0:0:0:0:1]:50602	admin	REQUEST	[GET] /core/ui/css/alignment.css
12:43:58.794	[0:0:0:0:0:0:0:1]:50605	admin	200		12.43 ms
12:43:58.795	[0:0:0:0:0:0:0:1]:50603	admin	REQUEST	[GET] /dyrin/ui/css/dyrin.css
12:43:58.797	[0:0:0:0:0:0:0:1]:50602	admin	200		12.0 ms
12:43:58.798	[0:0:0:0:0:0:0:1]:50599	admin	REQUEST	[GET] /core/ui/lib/bootstrap.bundle.min.js
12:43:58.799	[0:0:0:0:0:0:0:1]:50605	admin	REQUEST	[GET] /core/ui/js/MaxTEI.js
12:43:58.810	[0:0:0:0:0:0:0:1]:50605	admin	200		10.77 ms
12:43:58.811	[0:0:0:0:0:0:0:1]:50603	admin	200		16.6 ms
12:43:58.812	[0:0:0:0:0:0:0:1]:50604	admin	REQUEST	[GET] /core/ui/css/tei.css
12:43:58.813	[0:0:0:0:0:0:0:1]:50606	admin	REQUEST	[GET] /dyrin/ui/js/dyrin.js
12:43:58.815	[0:0:0:0:0:0:0:1]:50599	admin	200		17.26 ms
12:43:58.824	[0:0:0:0:0:0:0:1]:50606	admin	200		11.34 ms
12:43:58.832	[0:0:0:0:0:0:0:1]:50604	admin	200		21.86 ms
12:43:58.834	[0:0:0:0:0:0:0:1]:50605	admin	REQUEST	[GET] /core/ui/images/logos/investissement-davenir.png
12:43:58.834	[0:0:0:0:0:0:0:1]:50606	admin	REQUEST	[GET] /core/ui/images/logos/biblissima.png
12:43:58.845	[0:0:0:0:0:0:0:1]:50605	admin	200		11.43 ms
12:43:58.849	[0:0:0:0:0:0:0:1]:50606	admin	200		15.39 ms
12:43:58.884	[0:0:0:0:0:0:0:1]:50606	admin	REQUEST	[GET] /core/ui/js/AbstractMax.js
12:43:58.886	[0:0:0:0:0:0:0:1]:50604	admin	REQUEST	[GET] /core/ui/js/Plugin.js
12:43:58.889	[0:0:0:0:0:0:0:1]:50605	admin	REQUEST	[GET] /core/ui/css/header.css
12:43:58.895	[0:0:0:0:0:0:0:1]:50606	admin	200		10.97 ms
12:43:58.897	[0:0:0:0:0:0:0:1]:50604	admin	200		11.26 ms
12:43:58.899	[0:0:0:0:0:0:0:1]:50605	admin	200		10.37 ms
12:44:21.911	[0:0:0:0:0:0:0:1]:50606	admin	REQUEST	[GET] /dyrin/doc/harfang.html
12:44:22.408	[0:0:0:0:0:0:0:1]:50606	admin	200		497.38 ms
12:44:22.469	[0:0:0:0:0:0:0:1]:50606	admin	REQUEST	[GET] /core/ui/lib/bootstrap.min.css
12:44:22.480	[0:0:0:0:0:0:0:1]:50605	admin	REQUEST	[GET] /core/ui/css/tei.css
12:44:22.483	[0:0:0:0:0:0:0:1]:50602	admin	REQUEST	[GET] /core/ui/css/alignment.css
12:44:22.484	[0:0:0:0:0:0:0:1]:50606	admin	200		15.18 ms
12:44:22.494	[0:0:0:0:0:0:0:1]:50603	admin	REQUEST	[GET] /dyrin/ui/css/dyrin.css
12:44:22.500	[0:0:0:0:0:0:0:1]:50602	admin	200		17.66 ms
12:44:22.503	[0:0:0:0:0:0:0:1]:50605	admin	200		22.45 ms
12:44:22.505	[0:0:0:0:0:0:0:1]:50606	admin	REQUEST	[GET] /core/ui/lib/bootstrap.bundle.min.js
12:44:22.509	[0:0:0:0:0:0:0:1]:50599	admin	REQUEST	[GET] /core/ui/js/MaxTEI.js
12:44:22.510	[0:0:0:0:0:0:0:1]:50603	admin	200		16.33 ms
12:44:22.512	[0:0:0:0:0:0:0:1]:50602	admin	REQUEST	[GET] /dyrin/ui/js/dyrin.js
12:44:22.517	[0:0:0:0:0:0:0:1]:50604	admin	REQUEST	[GET] /dyrin/ui/css/menuGauche.css
12:44:22.519	[0:0:0:0:0:0:0:1]:50606	admin	200		14.71 ms
12:44:22.526	[0:0:0:0:0:0:0:1]:50599	admin	200		17.1 ms
12:44:22.540	[0:0:0:0:0:0:0:1]:50602	admin	200		28.75 ms
12:44:22.547	[0:0:0:0:0:0:0:1]:50606	admin	REQUEST	[GET] /core/ui/js/Plugin.js
12:44:22.549	[0:0:0:0:0:0:0:1]:50605	admin	REQUEST	[GET] /core/ui/css/header.css
12:44:22.560	[0:0:0:0:0:0:0:1]:50605	admin	200		10.26 ms
12:44:22.560	[0:0:0:0:0:0:0:1]:50602	admin	REQUEST	[GET] /core/ui/js/AbstractMax.js
12:44:22.560	[0:0:0:0:0:0:0:1]:50606	admin	200		13.1 ms
12:44:22.563	[0:0:0:0:0:0:0:1]:50604	admin	200		84.07 ms
12:44:22.566	[0:0:0:0:0:0:0:1]:50606	admin	REQUEST	[GET] /core/ui/images/logos/biblissima.png
12:44:22.568	[0:0:0:0:0:0:0:1]:50605	admin	REQUEST	[GET] /core/ui/images/logos/investissement-davenir.png
12:44:22.578	[0:0:0:0:0:0:0:1]:50606	admin	200		11.8 ms
12:44:22.582	[0:0:0:0:0:0:0:1]:50602	admin	200		21.77 ms
12:44:22.584	[0:0:0:0:0:0:0:1]:50605	admin	200		16.87 ms
12:44:31.901	[0:0:0:0:0:0:0:1]:50606	admin	REQUEST	[GET] /favicon.ico
12:44:31.939	[0:0:0:0:0:0:0:1]:50606	admin	200		37.76 ms
12:44:33.112	[0:0:0:0:0:0:0:1]:50606	admin	REQUEST	[GET] /dyrin/doc/macareux_moine.html
12:44:33.649	[0:0:0:0:0:0:0:1]:50606	admin	200		537.28 ms
12:44:33.714	[0:0:0:0:0:0:0:1]:50606	admin	REQUEST	[GET] /core/ui/lib/bootstrap.min.css
12:44:33.719	[0:0:0:0:0:0:0:1]:50605	admin	REQUEST	[GET] /core/ui/css/tei.css
12:44:33.732	[0:0:0:0:0:0:0:1]:50605	admin	200		12.78 ms
12:44:33.732	[0:0:0:0:0:0:0:1]:50606	admin	200		18.59 ms
12:44:33.738	[0:0:0:0:0:0:0:1]:50602	admin	REQUEST	[GET] /core/ui/css/alignment.css
12:44:33.750	[0:0:0:0:0:0:0:1]:50602	admin	200		12.83 ms
12:44:33.752	[0:0:0:0:0:0:0:1]:50605	admin	REQUEST	[GET] /core/ui/lib/bootstrap.bundle.min.js
12:44:33.752	[0:0:0:0:0:0:0:1]:50604	admin	REQUEST	[GET] /dyrin/ui/css/menuGauche.css
12:44:33.753	[0:0:0:0:0:0:0:1]:50599	admin	REQUEST	[GET] /dyrin/ui/js/dyrin.js
12:44:33.752	[0:0:0:0:0:0:0:1]:50603	admin	REQUEST	[GET] /core/ui/js/MaxTEI.js
12:44:33.766	[0:0:0:0:0:0:0:1]:50605	admin	200		14.14 ms
12:44:33.767	[0:0:0:0:0:0:0:1]:50603	admin	200		14.77 ms
12:44:33.774	[0:0:0:0:0:0:0:1]:50599	admin	200		21.59 ms
12:44:33.783	[0:0:0:0:0:0:0:1]:50605	admin	REQUEST	[GET] /core/ui/css/header.css
12:44:33.793	[0:0:0:0:0:0:0:1]:50605	admin	200		11.12 ms
12:44:33.794	[0:0:0:0:0:0:0:1]:50603	admin	REQUEST	[GET] /core/ui/js/AbstractMax.js
12:44:33.800	[0:0:0:0:0:0:0:1]:50604	admin	200		47.76 ms
12:44:33.805	[0:0:0:0:0:0:0:1]:50606	admin	REQUEST	[GET] /dyrin/ui/css/dyrin.css
12:44:33.810	[0:0:0:0:0:0:0:1]:50602	admin	REQUEST	[GET] /core/ui/js/Plugin.js
12:44:33.813	[0:0:0:0:0:0:0:1]:50603	admin	200		18.92 ms
12:44:33.815	[0:0:0:0:0:0:0:1]:50606	admin	200		10.81 ms
12:44:33.817	[0:0:0:0:0:0:0:1]:50604	admin	REQUEST	[GET] /core/ui/images/logos/investissement-davenir.png
12:44:33.817	[0:0:0:0:0:0:0:1]:50605	admin	REQUEST	[GET] /core/ui/images/logos/biblissima.png
12:44:33.828	[0:0:0:0:0:0:0:1]:50605	admin	200		10.91 ms
12:44:33.829	[0:0:0:0:0:0:0:1]:50602	admin	200		20.18 ms
12:44:33.837	[0:0:0:0:0:0:0:1]:50604	admin	200		19.21 ms
14:07:21.095	[0:0:0:0:0:0:0:1]:50761	admin	REQUEST	[GET] /dyrin/accueil.html
14:07:21.337	[0:0:0:0:0:0:0:1]:50761	admin	200		242.25 ms
14:07:21.410	[0:0:0:0:0:0:0:1]:50761	admin	REQUEST	[GET] /core/ui/lib/bootstrap.min.css
14:07:21.412	[0:0:0:0:0:0:0:1]:50762	admin	REQUEST	[GET] /dyrin/ui/css/menuGauche.css
14:07:21.422	[0:0:0:0:0:0:0:1]:50761	admin	200		11.99 ms
14:07:21.426	[0:0:0:0:0:0:0:1]:50763	admin	REQUEST	[GET] /core/ui/css/tei.css
14:07:21.430	[0:0:0:0:0:0:0:1]:50762	admin	200		18.06 ms
14:07:21.432	[0:0:0:0:0:0:0:1]:50764	admin	REQUEST	[GET] /core/ui/css/alignment.css
14:07:21.438	[0:0:0:0:0:0:0:1]:50763	admin	200		12.16 ms
14:07:21.469	[0:0:0:0:0:0:0:1]:50762	admin	REQUEST	[GET] /core/ui/lib/bootstrap.bundle.min.js
14:07:21.474	[0:0:0:0:0:0:0:1]:50761	admin	REQUEST	[GET] /dyrin/ui/js/dyrin.js
14:07:21.474	[0:0:0:0:0:0:0:1]:50765	admin	REQUEST	[GET] /core/ui/js/MaxTEI.js
14:07:21.458	[0:0:0:0:0:0:0:1]:50763	admin	REQUEST	[GET] /dyrin/ui/css/dyrin.css
14:07:21.478	[0:0:0:0:0:0:0:1]:50762	admin	200		9.34 ms
14:07:21.483	[0:0:0:0:0:0:0:1]:50763	admin	200		25.33 ms
14:07:21.485	[0:0:0:0:0:0:0:1]:50761	admin	200		11.04 ms
14:07:21.488	[0:0:0:0:0:0:0:1]:50765	admin	200		13.81 ms
14:07:21.490	[0:0:0:0:0:0:0:1]:50764	admin	200		58.25 ms
14:07:21.493	[0:0:0:0:0:0:0:1]:50765	admin	REQUEST	[GET] /core/ui/images/logos/investissement-davenir.png
14:07:21.493	[0:0:0:0:0:0:0:1]:50762	admin	REQUEST	[GET] /core/ui/images/logos/biblissima.png
14:07:21.507	[0:0:0:0:0:0:0:1]:50762	admin	200		14.15 ms
14:07:21.514	[0:0:0:0:0:0:0:1]:50765	admin	200		21.17 ms
14:07:21.514	[0:0:0:0:0:0:0:1]:50762	admin	REQUEST	[GET] /core/ui/js/Plugin.js
14:07:21.529	[0:0:0:0:0:0:0:1]:50762	admin	200		14.92 ms
14:07:21.530	[0:0:0:0:0:0:0:1]:50765	admin	REQUEST	[GET] /core/ui/css/header.css
14:07:21.536	[0:0:0:0:0:0:0:1]:50762	admin	REQUEST	[GET] /core/ui/js/AbstractMax.js
14:07:21.540	[0:0:0:0:0:0:0:1]:50765	admin	200		10.46 ms
14:07:21.547	[0:0:0:0:0:0:0:1]:50762	admin	200		11.16 ms
14:07:21.576	[0:0:0:0:0:0:0:1]:50762	admin	REQUEST	[GET] /favicon.ico
14:07:21.610	[0:0:0:0:0:0:0:1]:50762	admin	200		34.25 ms
14:07:31.879	[0:0:0:0:0:0:0:1]:50761	admin	REQUEST	[GET] /dyrin/sommaire.html
14:07:32.096	[0:0:0:0:0:0:0:1]:50761	admin	200		217.16 ms
14:07:32.167	[0:0:0:0:0:0:0:1]:50762	admin	REQUEST	[GET] /core/ui/lib/bootstrap.min.css
14:07:32.171	[0:0:0:0:0:0:0:1]:50765	admin	REQUEST	[GET] /dyrin/ui/css/menuGauche.css
14:07:32.177	[0:0:0:0:0:0:0:1]:50763	admin	REQUEST	[GET] /core/ui/css/tei.css
14:07:32.180	[0:0:0:0:0:0:0:1]:50762	admin	200		13.49 ms
14:07:32.180	[0:0:0:0:0:0:0:1]:50765	admin	200		9.88 ms
14:07:32.188	[0:0:0:0:0:0:0:1]:50764	admin	REQUEST	[GET] /core/ui/css/alignment.css
14:07:32.190	[0:0:0:0:0:0:0:1]:50763	admin	200		13.58 ms
14:07:32.193	[0:0:0:0:0:0:0:1]:50762	admin	REQUEST	[GET] /dyrin/ui/css/dyrin.css
14:07:32.194	[0:0:0:0:0:0:0:1]:50765	admin	REQUEST	[GET] /core/ui/lib/bootstrap.bundle.min.js
14:07:32.198	[0:0:0:0:0:0:0:1]:50764	admin	200		10.91 ms
14:07:32.206	[0:0:0:0:0:0:0:1]:50763	admin	REQUEST	[GET] /core/ui/js/MaxTEI.js
14:07:32.206	[0:0:0:0:0:0:0:1]:50762	admin	200		12.95 ms
14:07:32.207	[0:0:0:0:0:0:0:1]:50761	admin	REQUEST	[GET] /dyrin/ui/js/dyrin.js
14:07:32.210	[0:0:0:0:0:0:0:1]:50764	admin	REQUEST	[GET] /core/ui/images/logos/biblissima.png
14:07:32.211	[0:0:0:0:0:0:0:1]:50780	admin	REQUEST	[GET] /core/ui/images/logos/investissement-davenir.png
14:07:32.219	[0:0:0:0:0:0:0:1]:50764	admin	200		9.39 ms
14:07:32.224	[0:0:0:0:0:0:0:1]:50780	admin	200		12.63 ms
14:07:32.238	[0:0:0:0:0:0:0:1]:50762	admin	REQUEST	[GET] /core/ui/js/Plugin.js
14:07:32.241	[0:0:0:0:0:0:0:1]:50780	admin	REQUEST	[GET] /core/ui/css/header.css
14:07:32.250	[0:0:0:0:0:0:0:1]:50780	admin	200		10.7 ms
14:07:32.260	[0:0:0:0:0:0:0:1]:50765	admin	200		66.29 ms
14:07:32.265	[0:0:0:0:0:0:0:1]:50761	admin	200		58.67 ms
14:07:32.279	[0:0:0:0:0:0:0:1]:50763	admin	200		73.87 ms
14:07:32.286	[0:0:0:0:0:0:0:1]:50762	admin	200		48.44 ms
14:07:32.317	[0:0:0:0:0:0:0:1]:50762	admin	REQUEST	[GET] /core/ui/js/AbstractMax.js
14:07:32.328	[0:0:0:0:0:0:0:1]:50762	admin	200		11.09 ms
14:07:32.341	[0:0:0:0:0:0:0:1]:50762	admin	REQUEST	[GET] /favicon.ico
14:07:32.364	[0:0:0:0:0:0:0:1]:50762	admin	200		23.11 ms
14:07:34.641	[0:0:0:0:0:0:0:1]:50761	admin	REQUEST	[GET] /dyrin/doc/eider.html
14:07:35.133	[0:0:0:0:0:0:0:1]:50761	admin	200		492.38 ms
14:07:35.216	[0:0:0:0:0:0:0:1]:50762	admin	REQUEST	[GET] /core/ui/lib/bootstrap.min.css
14:07:35.226	[0:0:0:0:0:0:0:1]:50765	admin	REQUEST	[GET] /dyrin/ui/css/menuGauche.css
14:07:35.227	[0:0:0:0:0:0:0:1]:50762	admin	200		11.76 ms
14:07:35.236	[0:0:0:0:0:0:0:1]:50762	admin	REQUEST	[GET] /core/ui/js/MaxTEI.js
14:07:35.238	[0:0:0:0:0:0:0:1]:50764	admin	REQUEST	[GET] /core/ui/css/alignment.css
14:07:35.238	[0:0:0:0:0:0:0:1]:50765	admin	200		12.49 ms
14:07:35.246	[0:0:0:0:0:0:0:1]:50763	admin	REQUEST	[GET] /dyrin/ui/css/dyrin.css
14:07:35.250	[0:0:0:0:0:0:0:1]:50764	admin	200		11.94 ms
14:07:35.247	[0:0:0:0:0:0:0:1]:50780	admin	REQUEST	[GET] /core/ui/css/tei.css
14:07:35.266	[0:0:0:0:0:0:0:1]:50780	admin	200		21.5 ms
14:07:35.271	[0:0:0:0:0:0:0:1]:50762	admin	200		35.71 ms
14:07:35.272	[0:0:0:0:0:0:0:1]:50763	admin	200		25.92 ms
14:07:35.277	[0:0:0:0:0:0:0:1]:50761	admin	REQUEST	[GET] /core/ui/lib/bootstrap.bundle.min.js
14:07:35.279	[0:0:0:0:0:0:0:1]:50765	admin	REQUEST	[GET] /dyrin/ui/js/dyrin.js
14:07:35.287	[0:0:0:0:0:0:0:1]:50764	admin	REQUEST	[GET] /core/ui/images/logos/investissement-davenir.png
14:07:35.291	[0:0:0:0:0:0:0:1]:50761	admin	200		13.56 ms
14:07:35.292	[0:0:0:0:0:0:0:1]:50765	admin	200		13.33 ms
14:07:35.300	[0:0:0:0:0:0:0:1]:50762	admin	REQUEST	[GET] /core/ui/images/logos/biblissima.png
14:07:35.303	[0:0:0:0:0:0:0:1]:50764	admin	200		16.68 ms
14:07:35.317	[0:0:0:0:0:0:0:1]:50762	admin	200		16.5 ms
14:07:35.322	[0:0:0:0:0:0:0:1]:50763	admin	REQUEST	[GET] /core/ui/css/header.css
14:07:35.324	[0:0:0:0:0:0:0:1]:50765	admin	REQUEST	[GET] /core/ui/js/Plugin.js
14:07:35.325	[0:0:0:0:0:0:0:1]:50780	admin	REQUEST	[GET] /core/ui/js/AbstractMax.js
14:07:35.332	[0:0:0:0:0:0:0:1]:50763	admin	200		10.71 ms
14:07:35.335	[0:0:0:0:0:0:0:1]:50780	admin	200		10.13 ms
14:07:35.336	[0:0:0:0:0:0:0:1]:50765	admin	200		12.47 ms
14:07:37.591	[0:0:0:0:0:0:0:1]:50761	admin	REQUEST	[GET] /dyrin/doc/macareux_moine.html
14:07:38.009	[0:0:0:0:0:0:0:1]:50761	admin	200		417.66 ms
14:07:38.096	[0:0:0:0:0:0:0:1]:50765	admin	REQUEST	[GET] /dyrin/ui/css/menuGauche.css
14:07:38.096	[0:0:0:0:0:0:0:1]:50762	admin	REQUEST	[GET] /core/ui/lib/bootstrap.min.css
14:07:38.098	[0:0:0:0:0:0:0:1]:50780	admin	REQUEST	[GET] /core/ui/css/tei.css
14:07:38.096	[0:0:0:0:0:0:0:1]:50764	admin	REQUEST	[GET] /core/ui/css/alignment.css
14:07:38.107	[0:0:0:0:0:0:0:1]:50765	admin	200		10.98 ms
14:07:38.108	[0:0:0:0:0:0:0:1]:50762	admin	200		12.65 ms
14:07:38.114	[0:0:0:0:0:0:0:1]:50780	admin	200		15.69 ms
14:07:38.116	[0:0:0:0:0:0:0:1]:50764	admin	200		20.0 ms
14:07:38.119	[0:0:0:0:0:0:0:1]:50765	admin	REQUEST	[GET] /dyrin/ui/css/dyrin.css
14:07:38.119	[0:0:0:0:0:0:0:1]:50763	admin	REQUEST	[GET] /core/ui/lib/bootstrap.bundle.min.js
14:07:38.120	[0:0:0:0:0:0:0:1]:50780	admin	REQUEST	[GET] /dyrin/ui/js/dyrin.js
14:07:38.124	[0:0:0:0:0:0:0:1]:50761	admin	REQUEST	[GET] /core/ui/js/MaxTEI.js
14:07:38.134	[0:0:0:0:0:0:0:1]:50780	admin	200		16.86 ms
14:07:38.134	[0:0:0:0:0:0:0:1]:50765	admin	200		15.87 ms
14:07:38.136	[0:0:0:0:0:0:0:1]:50763	admin	200		19.13 ms
14:07:38.142	[0:0:0:0:0:0:0:1]:50762	admin	REQUEST	[GET] /core/ui/images/logos/biblissima.png
14:07:38.142	[0:0:0:0:0:0:0:1]:50765	admin	REQUEST	[GET] /core/ui/images/logos/investissement-davenir.png
14:07:38.143	[0:0:0:0:0:0:0:1]:50761	admin	200		25.67 ms
14:07:38.153	[0:0:0:0:0:0:0:1]:50762	admin	200		11.07 ms
14:07:38.154	[0:0:0:0:0:0:0:1]:50765	admin	200		11.85 ms
14:07:38.157	[0:0:0:0:0:0:0:1]:50763	admin	REQUEST	[GET] /core/ui/js/Plugin.js
14:07:38.161	[0:0:0:0:0:0:0:1]:50762	admin	REQUEST	[GET] /core/ui/js/AbstractMax.js
14:07:38.163	[0:0:0:0:0:0:0:1]:50765	admin	REQUEST	[GET] /core/ui/css/header.css
14:07:38.174	[0:0:0:0:0:0:0:1]:50765	admin	200		10.71 ms
14:07:38.175	[0:0:0:0:0:0:0:1]:50762	admin	200		13.68 ms
14:07:38.189	[0:0:0:0:0:0:0:1]:50763	admin	200		32.72 ms
14:07:47.106	[0:0:0:0:0:0:0:1]:50761	admin	REQUEST	[GET] /dyrin/mirador/?linkhttps://www.e-rara.ch/i3f/v20/528197/manifest&canvasId=&canvasIndex=81
14:07:47.142	[0:0:0:0:0:0:0:1]:50761	admin	200		36.28 ms
14:07:47.184	[0:0:0:0:0:0:0:1]:50762	admin	REQUEST	[GET] /plugins/mirador_viewer/max-mirador/MaxMirador.js
14:07:47.194	[0:0:0:0:0:0:0:1]:50762	admin	200		10.35 ms
14:07:47.511	[0:0:0:0:0:0:0:1]:50762	admin	REQUEST	[GET] /favicon.ico
14:07:47.546	[0:0:0:0:0:0:0:1]:50762	admin	200		34.57 ms
14:11:04.676	[0:0:0:0:0:0:0:1]:50800	admin	REQUEST	[GET] /favicon.ico
14:11:04.723	[0:0:0:0:0:0:0:1]:50800	admin	200		47.62 ms
14:29:59.267	[0:0:0:0:0:0:0:1]:50824	admin	REQUEST	[GET] /dyrin/ui/css/menuGauche.css
14:29:59.304	[0:0:0:0:0:0:0:1]:50824	admin	200		37.27 ms
14:29:59.374	[0:0:0:0:0:0:0:1]:50824	admin	REQUEST	[GET] /dyrin/ui/css/dyrin.css
14:29:59.389	[0:0:0:0:0:0:0:1]:50824	admin	200		14.65 ms
14:29:59.406	[0:0:0:0:0:0:0:1]:50824	admin	REQUEST	[GET] /core/ui/css/tei.css
14:29:59.413	[0:0:0:0:0:0:0:1]:50824	admin	200		6.89 ms
14:29:59.423	[0:0:0:0:0:0:0:1]:50824	admin	REQUEST	[GET] /core/ui/lib/bootstrap.min.css
14:29:59.431	[0:0:0:0:0:0:0:1]:50824	admin	200		7.67 ms
14:29:59.687	[0:0:0:0:0:0:0:1]:50825	admin	REQUEST	[GET] /core/ui/lib/bootstrap.bundle.min.js
14:29:59.691	[0:0:0:0:0:0:0:1]:50826	admin	REQUEST	[GET] /dyrin/doc/macareux_moine.html
14:29:59.703	[0:0:0:0:0:0:0:1]:50825	admin	200		16.17 ms
14:29:59.806	[0:0:0:0:0:0:0:1]:50824	admin	REQUEST	[GET] /core/ui/lib/bootstrap.min.css.map
14:29:59.816	[0:0:0:0:0:0:0:1]:50824	admin	200		10.05 ms
14:30:00.176	[0:0:0:0:0:0:0:1]:50826	admin	200		485.79 ms
14:30:04.703	[0:0:0:0:0:0:0:1]:50825	admin	REQUEST	[GET] /core/ui/css/header.css
14:30:04.734	[0:0:0:0:0:0:0:1]:50825	admin	200		31.37 ms
14:30:04.770	[0:0:0:0:0:0:0:1]:50824	admin	REQUEST	[GET] /core/ui/css/alignment.css
14:30:04.778	[0:0:0:0:0:0:0:1]:50824	admin	200		8.0 ms
14:32:49.369	[0:0:0:0:0:0:0:1]:50833	admin	REQUEST	[GET] /dyrin/sommaire.html
14:32:49.544	[0:0:0:0:0:0:0:1]:50833	admin	200		176.08 ms
14:32:49.622	[0:0:0:0:0:0:0:1]:50833	admin	REQUEST	[GET] /core/ui/lib/bootstrap.min.css
14:32:49.624	[0:0:0:0:0:0:0:1]:50834	admin	REQUEST	[GET] /dyrin/ui/css/menuGauche.css
14:32:49.632	[0:0:0:0:0:0:0:1]:50835	admin	REQUEST	[GET] /core/ui/css/tei.css
14:32:49.633	[0:0:0:0:0:0:0:1]:50836	admin	REQUEST	[GET] /core/ui/css/alignment.css
14:32:49.633	[0:0:0:0:0:0:0:1]:50833	admin	200		10.76 ms
14:32:49.635	[0:0:0:0:0:0:0:1]:50834	admin	200		10.4 ms
14:32:49.641	[0:0:0:0:0:0:0:1]:50836	admin	200		7.77 ms
14:32:49.641	[0:0:0:0:0:0:0:1]:50835	admin	200		8.51 ms
14:32:49.646	[0:0:0:0:0:0:0:1]:50835	admin	REQUEST	[GET] /dyrin/ui/css/dyrin.css
14:32:49.649	[0:0:0:0:0:0:0:1]:50834	admin	REQUEST	[GET] /core/ui/lib/bootstrap.bundle.min.js
14:32:49.653	[0:0:0:0:0:0:0:1]:50836	admin	REQUEST	[GET] /core/ui/js/MaxTEI.js
14:32:49.655	[0:0:0:0:0:0:0:1]:50837	admin	REQUEST	[GET] /dyrin/ui/js/dyrin.js
14:32:49.656	[0:0:0:0:0:0:0:1]:50835	admin	200		10.38 ms
14:32:49.659	[0:0:0:0:0:0:0:1]:50834	admin	200		9.79 ms
14:32:49.663	[0:0:0:0:0:0:0:1]:50837	admin	200		8.29 ms
14:32:49.664	[0:0:0:0:0:0:0:1]:50836	admin	200		11.62 ms
14:32:49.667	[0:0:0:0:0:0:0:1]:50834	admin	REQUEST	[GET] /core/ui/images/logos/biblissima.png
14:32:49.670	[0:0:0:0:0:0:0:1]:50836	admin	REQUEST	[GET] /core/ui/images/logos/investissement-davenir.png
14:32:49.680	[0:0:0:0:0:0:0:1]:50834	admin	200		12.42 ms
14:32:49.691	[0:0:0:0:0:0:0:1]:50836	admin	200		20.58 ms
14:32:49.716	[0:0:0:0:0:0:0:1]:50834	admin	REQUEST	[GET] /core/ui/css/header.css
14:32:49.716	[0:0:0:0:0:0:0:1]:50836	admin	REQUEST	[GET] /core/ui/js/Plugin.js
14:32:49.718	[0:0:0:0:0:0:0:1]:50835	admin	REQUEST	[GET] /core/ui/js/AbstractMax.js
14:32:49.725	[0:0:0:0:0:0:0:1]:50834	admin	200		9.3 ms
14:32:49.726	[0:0:0:0:0:0:0:1]:50836	admin	200		10.23 ms
14:32:49.726	[0:0:0:0:0:0:0:1]:50835	admin	200		7.81 ms
14:32:49.758	[0:0:0:0:0:0:0:1]:50834	admin	REQUEST	[GET] /favicon.ico
14:32:49.792	[0:0:0:0:0:0:0:1]:50834	admin	200		34.37 ms
14:32:53.273	[0:0:0:0:0:0:0:1]:50833	admin	REQUEST	[GET] /dyrin/doc/harfang.html
14:32:53.595	[0:0:0:0:0:0:0:1]:50833	admin	200		322.05 ms
14:32:53.676	[0:0:0:0:0:0:0:1]:50834	admin	REQUEST	[GET] /core/ui/lib/bootstrap.min.css
14:32:53.680	[0:0:0:0:0:0:0:1]:50836	admin	REQUEST	[GET] /dyrin/ui/css/menuGauche.css
14:32:53.682	[0:0:0:0:0:0:0:1]:50835	admin	REQUEST	[GET] /core/ui/css/tei.css
14:32:53.687	[0:0:0:0:0:0:0:1]:50834	admin	200		11.14 ms
14:32:53.689	[0:0:0:0:0:0:0:1]:50837	admin	REQUEST	[GET] /core/ui/css/alignment.css
14:32:53.697	[0:0:0:0:0:0:0:1]:50833	admin	REQUEST	[GET] /dyrin/ui/css/dyrin.css
14:32:53.699	[0:0:0:0:0:0:0:1]:50837	admin	200		10.52 ms
14:32:53.700	[0:0:0:0:0:0:0:1]:50834	admin	REQUEST	[GET] /core/ui/js/MaxTEI.js
14:32:53.702	[0:0:0:0:0:0:0:1]:50838	admin	REQUEST	[GET] /core/ui/lib/bootstrap.bundle.min.js
14:32:53.710	[0:0:0:0:0:0:0:1]:50838	admin	200		8.5 ms
14:32:53.710	[0:0:0:0:0:0:0:1]:50834	admin	200		10.95 ms
14:32:53.712	[0:0:0:0:0:0:0:1]:50834	admin	REQUEST	[GET] /dyrin/ui/js/dyrin.js
14:32:53.714	[0:0:0:0:0:0:0:1]:50833	admin	200		16.92 ms
14:32:53.719	[0:0:0:0:0:0:0:1]:50835	admin	200		37.65 ms
14:32:53.723	[0:0:0:0:0:0:0:1]:50834	admin	200		10.9 ms
14:32:53.739	[0:0:0:0:0:0:0:1]:50834	admin	REQUEST	[GET] /core/ui/js/Plugin.js
14:32:53.742	[0:0:0:0:0:0:0:1]:50838	admin	REQUEST	[GET] /core/ui/js/AbstractMax.js
14:32:53.752	[0:0:0:0:0:0:0:1]:50838	admin	200		9.49 ms
14:32:53.752	[0:0:0:0:0:0:0:1]:50834	admin	200		13.52 ms
14:32:53.753	[0:0:0:0:0:0:0:1]:50835	admin	REQUEST	[GET] /core/ui/css/header.css
14:32:53.762	[0:0:0:0:0:0:0:1]:50836	admin	200		81.64 ms
14:32:53.762	[0:0:0:0:0:0:0:1]:50835	admin	200		9.3 ms
14:32:53.763	[0:0:0:0:0:0:0:1]:50834	admin	REQUEST	[GET] /core/ui/images/logos/biblissima.png
14:32:53.764	[0:0:0:0:0:0:0:1]:50838	admin	REQUEST	[GET] /core/ui/images/logos/investissement-davenir.png
14:32:53.772	[0:0:0:0:0:0:0:1]:50834	admin	200		8.55 ms
14:32:53.774	[0:0:0:0:0:0:0:1]:50838	admin	200		10.35 ms
14:33:55.709	[0:0:0:0:0:0:0:1]:50842	admin	REQUEST	[GET] /dyrin/doc/.pdf
14:33:55.729	[0:0:0:0:0:0:0:1]:50842	admin	404	Service not found.	20.29 ms
14:35:32.645	[0:0:0:0:0:0:0:1]:50844	admin	REQUEST	[GET] /dyrin/index/lieux.html
14:35:32.780	[0:0:0:0:0:0:0:1]:50844	admin	200		134.89 ms
14:35:32.872	[0:0:0:0:0:0:0:1]:50844	admin	REQUEST	[GET] /core/ui/lib/bootstrap.min.css
14:35:32.874	[0:0:0:0:0:0:0:1]:50845	admin	REQUEST	[GET] /dyrin/ui/css/menuGauche.css
14:35:32.880	[0:0:0:0:0:0:0:1]:50847	admin	REQUEST	[GET] /core/ui/css/alignment.css
14:35:32.881	[0:0:0:0:0:0:0:1]:50846	admin	REQUEST	[GET] /core/ui/css/tei.css
14:35:32.885	[0:0:0:0:0:0:0:1]:50844	admin	200		13.59 ms
14:35:32.891	[0:0:0:0:0:0:0:1]:50848	admin	REQUEST	[GET] /dyrin/ui/css/dyrin.css
14:35:32.891	[0:0:0:0:0:0:0:1]:50847	admin	200		10.87 ms
14:35:32.892	[0:0:0:0:0:0:0:1]:50845	admin	200		17.79 ms
14:35:32.892	[0:0:0:0:0:0:0:1]:50846	admin	200		11.68 ms
14:35:32.895	[0:0:0:0:0:0:0:1]:50847	admin	REQUEST	[GET] /core/ui/lib/bootstrap.bundle.min.js
14:35:32.895	[0:0:0:0:0:0:0:1]:50844	admin	REQUEST	[GET] /dyrin/ui/js/dyrin.js
14:35:32.895	[0:0:0:0:0:0:0:1]:50849	admin	REQUEST	[GET] /core/ui/js/MaxTEI.js
14:35:32.900	[0:0:0:0:0:0:0:1]:50848	admin	200		9.62 ms
14:35:32.903	[0:0:0:0:0:0:0:1]:50847	admin	200		9.29 ms
14:35:32.907	[0:0:0:0:0:0:0:1]:50844	admin	200		13.72 ms
14:35:32.912	[0:0:0:0:0:0:0:1]:50849	admin	200		16.7 ms
14:35:32.916	[0:0:0:0:0:0:0:1]:50847	admin	REQUEST	[GET] /core/ui/images/logos/biblissima.png
14:35:32.918	[0:0:0:0:0:0:0:1]:50849	admin	REQUEST	[GET] /core/ui/images/logos/investissement-davenir.png
14:35:32.926	[0:0:0:0:0:0:0:1]:50847	admin	200		10.75 ms
14:35:32.938	[0:0:0:0:0:0:0:1]:50847	admin	REQUEST	[GET] /core/ui/js/Plugin.js
14:35:32.941	[0:0:0:0:0:0:0:1]:50848	admin	REQUEST	[GET] /core/ui/js/AbstractMax.js
14:35:32.948	[0:0:0:0:0:0:0:1]:50847	admin	200		10.32 ms
14:35:32.953	[0:0:0:0:0:0:0:1]:50846	admin	REQUEST	[GET] /core/ui/css/header.css
14:35:32.956	[0:0:0:0:0:0:0:1]:50849	admin	200		38.02 ms
14:35:32.958	[0:0:0:0:0:0:0:1]:50848	admin	200		16.53 ms
14:35:32.964	[0:0:0:0:0:0:0:1]:50846	admin	200		10.69 ms
14:35:45.471	[0:0:0:0:0:0:0:1]:50844	admin	REQUEST	[GET] /dyrin/doc/elan.html
14:35:45.828	[0:0:0:0:0:0:0:1]:50844	admin	200		356.59 ms
14:35:45.900	[0:0:0:0:0:0:0:1]:50847	admin	REQUEST	[GET] /core/ui/lib/bootstrap.min.css
14:35:45.904	[0:0:0:0:0:0:0:1]:50849	admin	REQUEST	[GET] /dyrin/ui/css/menuGauche.css
14:35:45.905	[0:0:0:0:0:0:0:1]:50848	admin	REQUEST	[GET] /core/ui/css/tei.css
14:35:45.908	[0:0:0:0:0:0:0:1]:50846	admin	REQUEST	[GET] /core/ui/css/alignment.css
14:35:45.910	[0:0:0:0:0:0:0:1]:50847	admin	200		9.63 ms
14:35:45.916	[0:0:0:0:0:0:0:1]:50848	admin	200		11.24 ms
14:35:45.919	[0:0:0:0:0:0:0:1]:50846	admin	200		10.84 ms
14:35:45.923	[0:0:0:0:0:0:0:1]:50847	admin	REQUEST	[GET] /dyrin/ui/css/dyrin.css
14:35:45.928	[0:0:0:0:0:0:0:1]:50848	admin	REQUEST	[GET] /core/ui/lib/bootstrap.bundle.min.js
14:35:45.932	[0:0:0:0:0:0:0:1]:50847	admin	200		9.38 ms
14:35:45.934	[0:0:0:0:0:0:0:1]:50847	admin	REQUEST	[GET] /core/ui/js/MaxTEI.js
14:35:45.937	[0:0:0:0:0:0:0:1]:50846	admin	REQUEST	[GET] /dyrin/ui/js/dyrin.js
14:35:45.937	[0:0:0:0:0:0:0:1]:50848	admin	200		9.62 ms
14:35:45.945	[0:0:0:0:0:0:0:1]:50847	admin	200		11.17 ms
14:35:45.947	[0:0:0:0:0:0:0:1]:50846	admin	200		10.71 ms
14:35:45.968	[0:0:0:0:0:0:0:1]:50849	admin	200		64.7 ms
14:35:45.970	[0:0:0:0:0:0:0:1]:50847	admin	REQUEST	[GET] /core/ui/images/logos/biblissima.png
14:35:45.970	[0:0:0:0:0:0:0:1]:50848	admin	REQUEST	[GET] /core/ui/images/logos/investissement-davenir.png
14:35:45.979	[0:0:0:0:0:0:0:1]:50847	admin	200		9.51 ms
14:35:45.981	[0:0:0:0:0:0:0:1]:50849	admin	REQUEST	[GET] /core/ui/css/header.css
14:35:45.983	[0:0:0:0:0:0:0:1]:50848	admin	200		13.72 ms
14:35:45.984	[0:0:0:0:0:0:0:1]:50846	admin	REQUEST	[GET] /core/ui/js/AbstractMax.js
14:35:45.989	[0:0:0:0:0:0:0:1]:50847	admin	REQUEST	[GET] /core/ui/js/Plugin.js
14:35:45.992	[0:0:0:0:0:0:0:1]:50846	admin	200		8.64 ms
14:35:45.997	[0:0:0:0:0:0:0:1]:50849	admin	200		15.21 ms
14:35:46.003	[0:0:0:0:0:0:0:1]:50847	admin	200		13.46 ms
14:38:21.656	[0:0:0:0:0:0:0:1]:50861	admin	REQUEST	[GET] /dyrin/index/personnes.html
14:38:21.774	[0:0:0:0:0:0:0:1]:50861	admin	200		117.81 ms
14:38:21.859	[0:0:0:0:0:0:0:1]:50861	admin	REQUEST	[GET] /core/ui/lib/bootstrap.min.css
14:38:21.863	[0:0:0:0:0:0:0:1]:50862	admin	REQUEST	[GET] /dyrin/ui/css/menuGauche.css
14:38:21.875	[0:0:0:0:0:0:0:1]:50865	admin	REQUEST	[GET] /dyrin/ui/css/dyrin.css
14:38:21.877	[0:0:0:0:0:0:0:1]:50862	admin	200		13.91 ms
14:38:21.880	[0:0:0:0:0:0:0:1]:50863	admin	REQUEST	[GET] /core/ui/css/tei.css
14:38:21.881	[0:0:0:0:0:0:0:1]:50861	admin	200		21.87 ms
14:38:21.883	[0:0:0:0:0:0:0:1]:50862	admin	REQUEST	[GET] /core/ui/js/MaxTEI.js
14:38:21.890	[0:0:0:0:0:0:0:1]:50861	admin	REQUEST	[GET] /dyrin/ui/js/dyrin.js
14:38:21.893	[0:0:0:0:0:0:0:1]:50864	admin	REQUEST	[GET] /core/ui/css/alignment.css
14:38:21.893	[0:0:0:0:0:0:0:1]:50866	admin	REQUEST	[GET] /core/ui/lib/bootstrap.bundle.min.js
14:38:21.901	[0:0:0:0:0:0:0:1]:50865	admin	200		25.69 ms
14:38:21.906	[0:0:0:0:0:0:0:1]:50863	admin	200		26.43 ms
14:38:21.915	[0:0:0:0:0:0:0:1]:50861	admin	200		25.03 ms
14:38:21.919	[0:0:0:0:0:0:0:1]:50866	admin	200		25.88 ms
14:38:21.925	[0:0:0:0:0:0:0:1]:50864	admin	200		32.02 ms
14:38:21.930	[0:0:0:0:0:0:0:1]:50866	admin	REQUEST	[GET] /core/ui/images/logos/biblissima.png
14:38:21.931	[0:0:0:0:0:0:0:1]:50863	admin	REQUEST	[GET] /core/ui/images/logos/investissement-davenir.png
14:38:21.933	[0:0:0:0:0:0:0:1]:50864	admin	REQUEST	[GET] /core/ui/css/header.css
14:38:21.935	[0:0:0:0:0:0:0:1]:50865	admin	REQUEST	[GET] /core/ui/js/Plugin.js
14:38:21.944	[0:0:0:0:0:0:0:1]:50865	admin	200		17.75 ms
14:38:21.951	[0:0:0:0:0:0:0:1]:50863	admin	200		20.91 ms
14:38:21.951	[0:0:0:0:0:0:0:1]:50864	admin	200		18.81 ms
14:38:21.956	[0:0:0:0:0:0:0:1]:50866	admin	200		26.09 ms
14:38:21.966	[0:0:0:0:0:0:0:1]:50862	admin	200		83.23 ms
14:38:21.987	[0:0:0:0:0:0:0:1]:50866	admin	REQUEST	[GET] /core/ui/js/AbstractMax.js
14:38:21.998	[0:0:0:0:0:0:0:1]:50866	admin	200		11.96 ms
15:03:29.997	[0:0:0:0:0:0:0:1]:50894	admin	REQUEST	[GET] /dyrin/index/themes.html
15:03:30.139	[0:0:0:0:0:0:0:1]:50894	admin	200		141.82 ms
15:03:30.233	[0:0:0:0:0:0:0:1]:50894	admin	REQUEST	[GET] /core/ui/lib/bootstrap.min.css
15:03:30.235	[0:0:0:0:0:0:0:1]:50895	admin	REQUEST	[GET] /dyrin/ui/css/menuGauche.css
15:03:30.244	[0:0:0:0:0:0:0:1]:50894	admin	200		10.62 ms
15:03:30.245	[0:0:0:0:0:0:0:1]:50897	admin	REQUEST	[GET] /core/ui/css/alignment.css
15:03:30.246	[0:0:0:0:0:0:0:1]:50895	admin	200		11.55 ms
15:03:30.248	[0:0:0:0:0:0:0:1]:50896	admin	REQUEST	[GET] /core/ui/css/tei.css
15:03:30.257	[0:0:0:0:0:0:0:1]:50897	admin	200		12.41 ms
15:03:30.258	[0:0:0:0:0:0:0:1]:50895	admin	REQUEST	[GET] /dyrin/ui/css/dyrin.css
15:03:30.262	[0:0:0:0:0:0:0:1]:50896	admin	200		14.1 ms
15:03:30.264	[0:0:0:0:0:0:0:1]:50898	admin	REQUEST	[GET] /core/ui/lib/bootstrap.bundle.min.js
15:03:30.265	[0:0:0:0:0:0:0:1]:50896	admin	REQUEST	[GET] /dyrin/ui/js/dyrin.js
15:03:30.269	[0:0:0:0:0:0:0:1]:50895	admin	200		11.21 ms
15:03:30.277	[0:0:0:0:0:0:0:1]:50898	admin	200		12.95 ms
15:03:30.280	[0:0:0:0:0:0:0:1]:50899	admin	REQUEST	[GET] /core/ui/js/MaxTEI.js
15:03:30.281	[0:0:0:0:0:0:0:1]:50896	admin	200		16.07 ms
15:03:30.290	[0:0:0:0:0:0:0:1]:50899	admin	200		10.33 ms
15:03:30.292	[0:0:0:0:0:0:0:1]:50898	admin	REQUEST	[GET] /core/ui/js/Plugin.js
15:03:30.294	[0:0:0:0:0:0:0:1]:50899	admin	REQUEST	[GET] /core/ui/css/header.css
15:03:30.304	[0:0:0:0:0:0:0:1]:50899	admin	200		10.07 ms
15:03:30.308	[0:0:0:0:0:0:0:1]:50899	admin	REQUEST	[GET] /core/ui/images/logos/biblissima.png
15:03:30.308	[0:0:0:0:0:0:0:1]:50895	admin	REQUEST	[GET] /core/ui/images/logos/investissement-davenir.png
15:03:30.317	[0:0:0:0:0:0:0:1]:50898	admin	200		25.23 ms
15:03:30.318	[0:0:0:0:0:0:0:1]:50899	admin	200		9.99 ms
15:03:30.319	[0:0:0:0:0:0:0:1]:50896	admin	REQUEST	[GET] /core/ui/js/AbstractMax.js
15:03:30.329	[0:0:0:0:0:0:0:1]:50896	admin	200		9.68 ms
15:03:30.333	[0:0:0:0:0:0:0:1]:50895	admin	200		25.35 ms
15:06:28.263	[0:0:0:0:0:0:0:1]:50903	admin	REQUEST	[GET] /dyrin/index/zoonymes.html
15:06:28.415	[0:0:0:0:0:0:0:1]:50903	admin	200		152.08 ms
15:06:28.508	[0:0:0:0:0:0:0:1]:50903	admin	REQUEST	[GET] /core/ui/lib/bootstrap.min.css
15:06:28.518	[0:0:0:0:0:0:0:1]:50903	admin	200		10.6 ms
15:06:28.525	[0:0:0:0:0:0:0:1]:50906	admin	REQUEST	[GET] /core/ui/css/alignment.css
15:06:28.525	[0:0:0:0:0:0:0:1]:50905	admin	REQUEST	[GET] /core/ui/css/tei.css
15:06:28.526	[0:0:0:0:0:0:0:1]:50904	admin	REQUEST	[GET] /dyrin/ui/css/menuGauche.css
15:06:28.531	[0:0:0:0:0:0:0:1]:50908	admin	REQUEST	[GET] /core/ui/lib/bootstrap.bundle.min.js
15:06:28.534	[0:0:0:0:0:0:0:1]:50907	admin	REQUEST	[GET] /dyrin/ui/css/dyrin.css
15:06:28.538	[0:0:0:0:0:0:0:1]:50906	admin	200		14.23 ms
15:06:28.540	[0:0:0:0:0:0:0:1]:50908	admin	200		9.0 ms
15:06:28.543	[0:0:0:0:0:0:0:1]:50904	admin	200		17.88 ms
15:06:28.552	[0:0:0:0:0:0:0:1]:50907	admin	200		29.66 ms
15:06:28.558	[0:0:0:0:0:0:0:1]:50904	admin	REQUEST	[GET] /core/ui/js/MaxTEI.js
15:06:28.561	[0:0:0:0:0:0:0:1]:50905	admin	200		40.0 ms
15:06:28.562	[0:0:0:0:0:0:0:1]:50908	admin	REQUEST	[GET] /dyrin/ui/js/dyrin.js
15:06:28.571	[0:0:0:0:0:0:0:1]:50908	admin	200		9.55 ms
15:06:28.571	[0:0:0:0:0:0:0:1]:50904	admin	200		13.56 ms
15:06:28.573	[0:0:0:0:0:0:0:1]:50908	admin	REQUEST	[GET] /core/ui/css/header.css
15:06:28.576	[0:0:0:0:0:0:0:1]:50907	admin	REQUEST	[GET] /core/ui/js/Plugin.js
15:06:28.581	[0:0:0:0:0:0:0:1]:50904	admin	REQUEST	[GET] /core/ui/js/AbstractMax.js
15:06:28.585	[0:0:0:0:0:0:0:1]:50907	admin	200		9.39 ms
15:06:28.589	[0:0:0:0:0:0:0:1]:50908	admin	200		16.12 ms
15:06:28.589	[0:0:0:0:0:0:0:1]:50904	admin	200		8.44 ms
15:06:28.596	[0:0:0:0:0:0:0:1]:50908	admin	REQUEST	[GET] /core/ui/images/logos/biblissima.png
15:06:28.597	[0:0:0:0:0:0:0:1]:50904	admin	REQUEST	[GET] /core/ui/images/logos/investissement-davenir.png
15:06:28.605	[0:0:0:0:0:0:0:1]:50908	admin	200		9.34 ms
15:06:28.605	[0:0:0:0:0:0:0:1]:50904	admin	200		8.02 ms
15:07:00.572	[0:0:0:0:0:0:0:1]:50903	admin	REQUEST	[GET] /dyrin/about.html
15:07:00.686	[0:0:0:0:0:0:0:1]:50903	admin	200		114.51 ms
15:07:00.769	[0:0:0:0:0:0:0:1]:50908	admin	REQUEST	[GET] /core/ui/lib/bootstrap.min.css
15:07:00.770	[0:0:0:0:0:0:0:1]:50904	admin	REQUEST	[GET] /dyrin/ui/css/menuGauche.css
15:07:00.771	[0:0:0:0:0:0:0:1]:50907	admin	REQUEST	[GET] /core/ui/css/tei.css
15:07:00.779	[0:0:0:0:0:0:0:1]:50908	admin	200		10.84 ms
15:07:00.782	[0:0:0:0:0:0:0:1]:50905	admin	REQUEST	[GET] /core/ui/css/alignment.css
15:07:00.785	[0:0:0:0:0:0:0:1]:50904	admin	200		15.03 ms
15:07:00.788	[0:0:0:0:0:0:0:1]:50907	admin	200		16.78 ms
15:07:00.792	[0:0:0:0:0:0:0:1]:50904	admin	REQUEST	[GET] /core/ui/js/MaxTEI.js
15:07:00.796	[0:0:0:0:0:0:0:1]:50906	admin	REQUEST	[GET] /dyrin/ui/css/dyrin.css
15:07:00.796	[0:0:0:0:0:0:0:1]:50907	admin	REQUEST	[GET] /dyrin/ui/js/dyrin.js
15:07:00.798	[0:0:0:0:0:0:0:1]:50905	admin	200		16.94 ms
15:07:00.806	[0:0:0:0:0:0:0:1]:50907	admin	200		9.87 ms
15:07:00.810	[0:0:0:0:0:0:0:1]:50906	admin	200		14.51 ms
15:07:00.813	[0:0:0:0:0:0:0:1]:50903	admin	REQUEST	[GET] /core/ui/lib/bootstrap.bundle.min.js
15:07:00.824	[0:0:0:0:0:0:0:1]:50903	admin	200		11.26 ms
15:07:00.825	[0:0:0:0:0:0:0:1]:50904	admin	200		32.78 ms
15:07:00.829	[0:0:0:0:0:0:0:1]:50907	admin	REQUEST	[GET] /core/ui/images/logos/biblissima.png
15:07:00.829	[0:0:0:0:0:0:0:1]:50908	admin	REQUEST	[GET] /dyrin/ui/images/static/olaus-magnus-magn-carta-islande.png
15:07:00.847	[0:0:0:0:0:0:0:1]:50903	admin	REQUEST	[GET] /core/ui/js/AbstractMax.js
15:07:00.849	[0:0:0:0:0:0:0:1]:50907	admin	200		20.27 ms
15:07:00.850	[0:0:0:0:0:0:0:1]:50905	admin	REQUEST	[GET] /core/ui/images/logos/investissement-davenir.png
15:07:00.850	[0:0:0:0:0:0:0:1]:50906	admin	REQUEST	[GET] /core/ui/js/Plugin.js
15:07:00.853	[0:0:0:0:0:0:0:1]:50904	admin	REQUEST	[GET] /core/ui/css/header.css
15:07:00.860	[0:0:0:0:0:0:0:1]:50903	admin	200		12.46 ms
15:07:00.862	[0:0:0:0:0:0:0:1]:50905	admin	200		25.25 ms
15:07:00.864	[0:0:0:0:0:0:0:1]:50904	admin	200		11.31 ms
15:07:00.868	[0:0:0:0:0:0:0:1]:50906	admin	200		18.62 ms
15:07:00.869	[0:0:0:0:0:0:0:1]:50908	admin	200		40.05 ms
15:07:04.750	[0:0:0:0:0:0:0:1]:50908	admin	REQUEST	[GET] /dyrin/accueil.html
15:07:04.852	[0:0:0:0:0:0:0:1]:50908	admin	200		101.76 ms
15:07:04.921	[0:0:0:0:0:0:0:1]:50908	admin	REQUEST	[GET] /core/ui/lib/bootstrap.min.css
15:07:04.923	[0:0:0:0:0:0:0:1]:50904	admin	REQUEST	[GET] /dyrin/ui/css/menuGauche.css
15:07:04.934	[0:0:0:0:0:0:0:1]:50904	admin	200		10.83 ms
15:07:04.936	[0:0:0:0:0:0:0:1]:50906	admin	REQUEST	[GET] /dyrin/ui/css/dyrin.css
15:07:04.937	[0:0:0:0:0:0:0:1]:50905	admin	REQUEST	[GET] /core/ui/css/tei.css
15:07:04.938	[0:0:0:0:0:0:0:1]:50908	admin	200		17.73 ms
15:07:04.942	[0:0:0:0:0:0:0:1]:50903	admin	REQUEST	[GET] /core/ui/lib/bootstrap.bundle.min.js
15:07:04.948	[0:0:0:0:0:0:0:1]:50905	admin	200		11.4 ms
15:07:04.950	[0:0:0:0:0:0:0:1]:50907	admin	REQUEST	[GET] /core/ui/css/alignment.css
15:07:04.953	[0:0:0:0:0:0:0:1]:50908	admin	REQUEST	[GET] /dyrin/ui/js/dyrin.js
15:07:04.954	[0:0:0:0:0:0:0:1]:50906	admin	200		18.42 ms
15:07:04.957	[0:0:0:0:0:0:0:1]:50903	admin	200		15.19 ms
15:07:04.964	[0:0:0:0:0:0:0:1]:50908	admin	200		10.56 ms
15:07:04.972	[0:0:0:0:0:0:0:1]:50908	admin	REQUEST	[GET] /core/ui/js/Plugin.js
15:07:04.976	[0:0:0:0:0:0:0:1]:50905	admin	REQUEST	[GET] /core/ui/css/header.css
15:07:04.984	[0:0:0:0:0:0:0:1]:50907	admin	200		33.64 ms
15:07:04.984	[0:0:0:0:0:0:0:1]:50908	admin	200		11.87 ms
15:07:04.985	[0:0:0:0:0:0:0:1]:50904	admin	REQUEST	[GET] /core/ui/js/MaxTEI.js
15:07:04.988	[0:0:0:0:0:0:0:1]:50905	admin	200		12.34 ms
15:07:04.990	[0:0:0:0:0:0:0:1]:50908	admin	REQUEST	[GET] /core/ui/images/logos/biblissima.png
15:07:04.990	[0:0:0:0:0:0:0:1]:50907	admin	REQUEST	[GET] /core/ui/images/logos/investissement-davenir.png
15:07:04.999	[0:0:0:0:0:0:0:1]:50907	admin	200		9.63 ms
15:07:05.000	[0:0:0:0:0:0:0:1]:50908	admin	200		10.42 ms
15:07:05.009	[0:0:0:0:0:0:0:1]:50904	admin	200		23.9 ms
15:07:05.022	[0:0:0:0:0:0:0:1]:50908	admin	REQUEST	[GET] /core/ui/js/AbstractMax.js
15:07:05.037	[0:0:0:0:0:0:0:1]:50908	admin	200		14.26 ms
15:07:08.855	[0:0:0:0:0:0:0:1]:50908	admin	REQUEST	[GET] /dyrin/sommaire.html
15:07:09.016	[0:0:0:0:0:0:0:1]:50908	admin	200		161.2 ms
15:07:09.098	[0:0:0:0:0:0:0:1]:50908	admin	REQUEST	[GET] /core/ui/lib/bootstrap.min.css
15:07:09.108	[0:0:0:0:0:0:0:1]:50904	admin	REQUEST	[GET] /core/ui/css/alignment.css
15:07:09.109	[0:0:0:0:0:0:0:1]:50905	admin	REQUEST	[GET] /dyrin/ui/css/menuGauche.css
15:07:09.116	[0:0:0:0:0:0:0:1]:50908	admin	200		18.39 ms
15:07:09.119	[0:0:0:0:0:0:0:1]:50905	admin	200		10.1 ms
15:07:09.120	[0:0:0:0:0:0:0:1]:50906	admin	REQUEST	[GET] /dyrin/ui/css/dyrin.css
15:07:09.120	[0:0:0:0:0:0:0:1]:50907	admin	REQUEST	[GET] /core/ui/css/tei.css
15:07:09.123	[0:0:0:0:0:0:0:1]:50908	admin	REQUEST	[GET] /dyrin/ui/js/dyrin.js
15:07:09.123	[0:0:0:0:0:0:0:1]:50905	admin	REQUEST	[GET] /core/ui/js/MaxTEI.js
15:07:09.125	[0:0:0:0:0:0:0:1]:50903	admin	REQUEST	[GET] /core/ui/lib/bootstrap.bundle.min.js
15:07:09.129	[0:0:0:0:0:0:0:1]:50906	admin	200		9.3 ms
15:07:09.136	[0:0:0:0:0:0:0:1]:50908	admin	200		13.97 ms
15:07:09.138	[0:0:0:0:0:0:0:1]:50903	admin	200		12.63 ms
15:07:09.144	[0:0:0:0:0:0:0:1]:50905	admin	200		20.57 ms
15:07:09.155	[0:0:0:0:0:0:0:1]:50908	admin	REQUEST	[GET] /core/ui/js/Plugin.js
15:07:09.158	[0:0:0:0:0:0:0:1]:50905	admin	REQUEST	[GET] /core/ui/js/AbstractMax.js
15:07:09.163	[0:0:0:0:0:0:0:1]:50908	admin	200		8.77 ms
15:07:09.166	[0:0:0:0:0:0:0:1]:50905	admin	200		8.4 ms
15:07:09.169	[0:0:0:0:0:0:0:1]:50904	admin	200		61.31 ms
15:07:09.175	[0:0:0:0:0:0:0:1]:50907	admin	200		54.78 ms
15:07:09.176	[0:0:0:0:0:0:0:1]:50905	admin	REQUEST	[GET] /core/ui/images/logos/investissement-davenir.png
15:07:09.176	[0:0:0:0:0:0:0:1]:50908	admin	REQUEST	[GET] /core/ui/images/logos/biblissima.png
15:07:09.181	[0:0:0:0:0:0:0:1]:50904	admin	REQUEST	[GET] /core/ui/css/header.css
15:07:09.185	[0:0:0:0:0:0:0:1]:50905	admin	200		9.06 ms
15:07:09.187	[0:0:0:0:0:0:0:1]:50908	admin	200		10.72 ms
15:07:09.195	[0:0:0:0:0:0:0:1]:50904	admin	200		13.79 ms
15:08:19.074	[0:0:0:0:0:0:0:1]:50912	admin	REQUEST	[GET] /dyrin/doc/ours_polaire.html
15:08:19.404	[0:0:0:0:0:0:0:1]:50912	admin	200		330.65 ms
15:08:19.472	[0:0:0:0:0:0:0:1]:50912	admin	REQUEST	[GET] /core/ui/lib/bootstrap.min.css
15:08:19.474	[0:0:0:0:0:0:0:1]:50913	admin	REQUEST	[GET] /dyrin/ui/css/menuGauche.css
15:08:19.482	[0:0:0:0:0:0:0:1]:50912	admin	200		10.49 ms
15:08:19.483	[0:0:0:0:0:0:0:1]:50913	admin	200		9.46 ms
15:08:19.485	[0:0:0:0:0:0:0:1]:50914	admin	REQUEST	[GET] /core/ui/css/tei.css
15:08:19.486	[0:0:0:0:0:0:0:1]:50913	admin	REQUEST	[GET] /core/ui/css/alignment.css
15:08:19.494	[0:0:0:0:0:0:0:1]:50915	admin	REQUEST	[GET] /dyrin/ui/css/dyrin.css
15:08:19.496	[0:0:0:0:0:0:0:1]:50913	admin	200		9.49 ms
15:08:19.499	[0:0:0:0:0:0:0:1]:50912	admin	REQUEST	[GET] /core/ui/lib/bootstrap.bundle.min.js
15:08:19.501	[0:0:0:0:0:0:0:1]:50916	admin	REQUEST	[GET] /core/ui/js/MaxTEI.js
15:08:19.504	[0:0:0:0:0:0:0:1]:50915	admin	200		9.87 ms
15:08:19.510	[0:0:0:0:0:0:0:1]:50913	admin	REQUEST	[GET] /dyrin/ui/js/dyrin.js
15:08:19.512	[0:0:0:0:0:0:0:1]:50912	admin	200		12.92 ms
15:08:19.510	[0:0:0:0:0:0:0:1]:50916	admin	200		9.18 ms
15:08:19.519	[0:0:0:0:0:0:0:1]:50913	admin	200		10.21 ms
15:08:19.522	[0:0:0:0:0:0:0:1]:50914	admin	200		37.06 ms
15:08:19.524	[0:0:0:0:0:0:0:1]:50915	admin	REQUEST	[GET] /core/ui/images/logos/investissement-davenir.png
15:08:19.532	[0:0:0:0:0:0:0:1]:50916	admin	REQUEST	[GET] /core/ui/images/logos/biblissima.png
15:08:19.541	[0:0:0:0:0:0:0:1]:50916	admin	200		8.75 ms
15:08:19.543	[0:0:0:0:0:0:0:1]:50915	admin	200		19.33 ms
15:08:19.555	[0:0:0:0:0:0:0:1]:50915	admin	REQUEST	[GET] /core/ui/js/Plugin.js
15:08:19.556	[0:0:0:0:0:0:0:1]:50916	admin	REQUEST	[GET] /core/ui/js/AbstractMax.js
15:08:19.565	[0:0:0:0:0:0:0:1]:50914	admin	REQUEST	[GET] /core/ui/css/header.css
15:08:19.566	[0:0:0:0:0:0:0:1]:50916	admin	200		10.05 ms
15:08:19.575	[0:0:0:0:0:0:0:1]:50914	admin	200		10.13 ms
15:08:19.575	[0:0:0:0:0:0:0:1]:50915	admin	200		20.14 ms
15:09:57.553	[0:0:0:0:0:0:0:1]:50923	admin	REQUEST	[GET] /dyrin/doc/ours_polaire.html
15:09:57.616	[0:0:0:0:0:0:0:1]:50924	admin	REQUEST	[GET] /core/ui/lib/bootstrap.min.css.map
15:09:57.625	[0:0:0:0:0:0:0:1]:50924	admin	200		8.52 ms
15:09:57.944	[0:0:0:0:0:0:0:1]:50923	admin	200		391.71 ms
15:12:06.920	[0:0:0:0:0:0:0:1]:50925	admin	REQUEST	[GET] /dyrin/mirador/?linkhttps://api.digitale-sammlungen.de/iiif/presentation/v2/bsb10001794/manifest
15:12:06.943	[0:0:0:0:0:0:0:1]:50925	admin	200		23.2 ms
15:12:06.980	[0:0:0:0:0:0:0:1]:50925	admin	REQUEST	[GET] /plugins/mirador_viewer/max-mirador/MaxMirador.js
15:12:06.989	[0:0:0:0:0:0:0:1]:50925	admin	200		8.8 ms
15:12:20.820	[0:0:0:0:0:0:0:1]:50925	admin	REQUEST	[GET] /dyrin/mirador/?linkhttps://api.digitale-sammlungen.de/iiif/presentation/v2/bsb10001794/manifest
15:12:20.845	[0:0:0:0:0:0:0:1]:50925	admin	200		24.59 ms
15:12:21.125	[0:0:0:0:0:0:0:1]:50925	admin	REQUEST	[GET] /favicon.ico
15:12:21.138	[0:0:0:0:0:0:0:1]:50925	admin	200		12.86 ms
15:12:22.017	[0:0:0:0:0:0:0:1]:50925	admin	REQUEST	[GET] /dyrin/mirador/?linkhttps://api.digitale-sammlungen.de/iiif/presentation/v2/bsb10001794/manifest
15:12:22.027	[0:0:0:0:0:0:0:1]:50925	admin	200		11.05 ms
15:12:23.629	[0:0:0:0:0:0:0:1]:50925	admin	REQUEST	[GET] /dyrin/mirador/?linkhttps://api.digitale-sammlungen.de/iiif/presentation/v2/bsb10001794/manifest
15:12:23.641	[0:0:0:0:0:0:0:1]:50925	admin	200		11.85 ms
15:12:24.034	[0:0:0:0:0:0:0:1]:50925	admin	REQUEST	[GET] /dyrin/mirador/?linkhttps://api.digitale-sammlungen.de/iiif/presentation/v2/bsb10001794/manifest
15:12:24.045	[0:0:0:0:0:0:0:1]:50925	admin	200		11.31 ms
15:12:34.854	[0:0:0:0:0:0:0:1]:50925	admin	REQUEST	[GET] /dyrin/mirador/?linkhttps://api.digitale-sammlungen.de/iiif/presentation/v2/bsb10001794/manifest
15:12:34.885	[0:0:0:0:0:0:0:1]:50925	admin	200		31.29 ms
17:18:27.497	SERVER	admin	OK	Server was stopped (port: 16000).
17:18:27.519	SERVER	admin	OK	HTTP Server was stopped (port: 16002).
20:10:32.729	SERVER	admin	OK	Server was started (port: 16000).
20:10:32.807	SERVER	admin	OK	HTTP Server was started (port: 16002).
20:10:40.637	[0:0:0:0:0:0:0:1]:49525	admin	REQUEST	[GET] /dyrin
20:10:43.854	[0:0:0:0:0:0:0:1]:49525	admin	302	Location: http://localhost:16002/dyrin/accueil.html	3220.39 ms
20:10:43.869	[0:0:0:0:0:0:0:1]:49525	admin	REQUEST	[GET] /dyrin/accueil.html
20:10:46.311	[0:0:0:0:0:0:0:1]:49525	admin	200		2441.93 ms
20:10:46.418	[0:0:0:0:0:0:0:1]:49525	admin	REQUEST	[GET] /core/ui/lib/bootstrap.min.css
20:10:46.420	[0:0:0:0:0:0:0:1]:49526	admin	REQUEST	[GET] /dyrin/ui/css/menuGauche.css
20:10:46.429	[0:0:0:0:0:0:0:1]:49528	admin	REQUEST	[GET] /core/ui/css/alignment.css
20:10:46.444	[0:0:0:0:0:0:0:1]:49529	admin	REQUEST	[GET] /plugins/thesauri_pdn/thesauri_pdn.css
20:10:46.454	[0:0:0:0:0:0:0:1]:49530	admin	REQUEST	[GET] /plugins/mirador_viewer/mirador_viewer.css
20:10:46.464	[0:0:0:0:0:0:0:1]:49528	admin	200		35.68 ms
20:10:46.464	[0:0:0:0:0:0:0:1]:49525	admin	200		46.47 ms
20:10:46.469	[0:0:0:0:0:0:0:1]:49528	admin	REQUEST	[GET] /plugins/index/index.css
20:10:46.479	[0:0:0:0:0:0:0:1]:49530	admin	200		25.15 ms
20:10:46.482	[0:0:0:0:0:0:0:1]:49530	admin	REQUEST	[GET] /plugins/tei_pdf/tei_pdf.css
20:10:46.517	[0:0:0:0:0:0:0:1]:49528	admin	200		48.46 ms
20:10:46.522	[0:0:0:0:0:0:0:1]:49526	admin	200		101.91 ms
20:10:46.526	[0:0:0:0:0:0:0:1]:49526	admin	REQUEST	[GET] /dyrin/ui/css/dyrin.css
20:10:46.527	[0:0:0:0:0:0:0:1]:49525	admin	REQUEST	[GET] /core/ui/lib/bootstrap.bundle.min.js
20:10:46.530	[0:0:0:0:0:0:0:1]:49528	admin	REQUEST	[GET] /core/ui/js/MaxTEI.js
20:10:46.539	[0:0:0:0:0:0:0:1]:49529	admin	200		95.55 ms
20:10:46.552	[0:0:0:0:0:0:0:1]:49527	admin	REQUEST	[GET] /core/ui/css/tei.css
20:10:46.553	[0:0:0:0:0:0:0:1]:49529	admin	REQUEST	[GET] /dyrin/ui/js/dyrin.js
20:10:46.554	[0:0:0:0:0:0:0:1]:49526	admin	200		33.01 ms
20:10:46.563	[0:0:0:0:0:0:0:1]:49526	admin	REQUEST	[GET] /plugins/thesauri_pdn/thesauri_pdn.js
20:10:46.570	[0:0:0:0:0:0:0:1]:49530	admin	200		88.49 ms
20:10:46.575	[0:0:0:0:0:0:0:1]:49529	admin	200		23.08 ms
20:10:46.579	[0:0:0:0:0:0:0:1]:49529	admin	REQUEST	[GET] /plugins/index/index.js
20:10:46.579	[0:0:0:0:0:0:0:1]:49530	admin	REQUEST	[GET] /plugins/mirador_viewer/mirador_viewer.js
20:10:46.599	[0:0:0:0:0:0:0:1]:49529	admin	200		20.46 ms
20:10:46.602	[0:0:0:0:0:0:0:1]:49525	admin	200		75.31 ms
20:10:46.608	[0:0:0:0:0:0:0:1]:49528	admin	200		78.78 ms
20:10:46.610	[0:0:0:0:0:0:0:1]:49526	admin	200		51.71 ms
20:10:46.614	[0:0:0:0:0:0:0:1]:49527	admin	200		63.13 ms
20:10:46.617	[0:0:0:0:0:0:0:1]:49528	admin	REQUEST	[GET] /core/ui/js/AbstractMax.js
20:10:46.621	[0:0:0:0:0:0:0:1]:49529	admin	REQUEST	[GET] /core/ui/images/logos/biblissima.png
20:10:46.632	[0:0:0:0:0:0:0:1]:49526	admin	REQUEST	[GET] /core/ui/images/logos/investissement-davenir.png
20:10:46.635	[0:0:0:0:0:0:0:1]:49530	admin	200		55.65 ms
20:10:46.637	[0:0:0:0:0:0:0:1]:49525	admin	REQUEST	[GET] /core/ui/css/header.css
20:10:46.639	[0:0:0:0:0:0:0:1]:49527	admin	REQUEST	[GET] /core/ui/js/Plugin.js
20:10:46.637	[0:0:0:0:0:0:0:1]:49528	admin	200		22.55 ms
20:10:46.642	[0:0:0:0:0:0:0:1]:49529	admin	200		21.13 ms
20:10:46.658	[0:0:0:0:0:0:0:1]:49525	admin	200		21.57 ms
20:10:46.664	[0:0:0:0:0:0:0:1]:49526	admin	200		32.24 ms
20:10:46.666	[0:0:0:0:0:0:0:1]:49527	admin	200		27.76 ms
20:10:46.679	[0:0:0:0:0:0:0:1]:49526	admin	REQUEST	[GET] /dyrin/ui/fonts/junicode/Junicode.ttf
20:10:46.712	[0:0:0:0:0:0:0:1]:49526	admin	200		33.1 ms
20:10:46.779	[0:0:0:0:0:0:0:1]:49526	admin	REQUEST	[GET] /favicon.ico
20:10:46.848	[0:0:0:0:0:0:0:1]:49526	admin	200		69.44 ms
20:10:49.204	[0:0:0:0:0:0:0:1]:49526	admin	REQUEST	[GET] /dyrin/index/lieux.html
20:10:49.507	[0:0:0:0:0:0:0:1]:49526	admin	200		303.32 ms
20:10:49.567	[0:0:0:0:0:0:0:1]:49526	admin	REQUEST	[GET] /core/ui/lib/bootstrap.min.css
20:10:49.568	[0:0:0:0:0:0:0:1]:49529	admin	REQUEST	[GET] /dyrin/ui/css/menuGauche.css
20:10:49.573	[0:0:0:0:0:0:0:1]:49527	admin	REQUEST	[GET] /core/ui/css/alignment.css
20:10:49.583	[0:0:0:0:0:0:0:1]:49525	admin	REQUEST	[GET] /plugins/mirador_viewer/mirador_viewer.css
20:10:49.588	[0:0:0:0:0:0:0:1]:49526	admin	200		21.07 ms
20:10:49.594	[0:0:0:0:0:0:0:1]:49529	admin	200		25.93 ms
20:10:49.598	[0:0:0:0:0:0:0:1]:49527	admin	200		25.03 ms
20:10:49.599	[0:0:0:0:0:0:0:1]:49525	admin	200		16.56 ms
20:10:49.600	[0:0:0:0:0:0:0:1]:49527	admin	REQUEST	[GET] /plugins/index/index.css
20:10:49.601	[0:0:0:0:0:0:0:1]:49525	admin	REQUEST	[GET] /dyrin/ui/css/dyrin.css
20:10:49.605	[0:0:0:0:0:0:0:1]:49529	admin	REQUEST	[GET] /plugins/tei_pdf/tei_pdf.css
20:10:49.615	[0:0:0:0:0:0:0:1]:49526	admin	REQUEST	[GET] /core/ui/lib/bootstrap.bundle.min.js
20:10:49.617	[0:0:0:0:0:0:0:1]:49527	admin	200		16.44 ms
20:10:49.618	[0:0:0:0:0:0:0:1]:49527	admin	REQUEST	[GET] /core/ui/js/MaxTEI.js
20:10:49.624	[0:0:0:0:0:0:0:1]:49529	admin	200		18.73 ms
20:10:49.627	[0:0:0:0:0:0:0:1]:49529	admin	REQUEST	[GET] /dyrin/ui/js/dyrin.js
20:10:49.642	[0:0:0:0:0:0:0:1]:49526	admin	200		27.76 ms
20:10:49.643	[0:0:0:0:0:0:0:1]:49525	admin	200		41.27 ms
20:10:49.643	[0:0:0:0:0:0:0:1]:49529	admin	200		16.81 ms
20:10:49.646	[0:0:0:0:0:0:0:1]:49525	admin	REQUEST	[GET] /plugins/thesauri_pdn/thesauri_pdn.js
20:10:49.647	[0:0:0:0:0:0:0:1]:49529	admin	REQUEST	[GET] /plugins/mirador_viewer/mirador_viewer.js
20:10:49.647	[0:0:0:0:0:0:0:1]:49527	admin	200		29.04 ms
20:10:49.657	[0:0:0:0:0:0:0:1]:49527	admin	REQUEST	[GET] /plugins/index/index.js
20:10:49.662	[0:0:0:0:0:0:0:1]:49529	admin	200		15.37 ms
20:10:49.665	[0:0:0:0:0:0:0:1]:49526	admin	REQUEST	[GET] /core/ui/js/AbstractMax.js
20:10:49.669	[0:0:0:0:0:0:0:1]:49525	admin	200		22.64 ms
20:10:49.676	[0:0:0:0:0:0:0:1]:49530	admin	REQUEST	[GET] /plugins/thesauri_pdn/thesauri_pdn.css
20:10:49.677	[0:0:0:0:0:0:0:1]:49529	admin	REQUEST	[GET] /core/ui/js/Plugin.js
20:10:49.677	[0:0:0:0:0:0:0:1]:49527	admin	200		20.41 ms
20:10:49.681	[0:0:0:0:0:0:0:1]:49528	admin	REQUEST	[GET] /core/ui/css/tei.css
20:10:49.689	[0:0:0:0:0:0:0:1]:49530	admin	200		13.98 ms
20:10:49.690	[0:0:0:0:0:0:0:1]:49526	admin	200		24.51 ms
20:10:49.693	[0:0:0:0:0:0:0:1]:49529	admin	200		16.24 ms
20:10:49.701	[0:0:0:0:0:0:0:1]:49528	admin	200		19.62 ms
20:10:49.703	[0:0:0:0:0:0:0:1]:49529	admin	REQUEST	[GET] /core/ui/images/logos/investissement-davenir.png
20:10:49.703	[0:0:0:0:0:0:0:1]:49526	admin	REQUEST	[GET] /core/ui/images/logos/biblissima.png
20:10:49.717	[0:0:0:0:0:0:0:1]:49527	admin	REQUEST	[GET] /core/ui/css/header.css
20:10:49.720	[0:0:0:0:0:0:0:1]:49526	admin	200		17.33 ms
20:10:49.720	[0:0:0:0:0:0:0:1]:49529	admin	200		17.89 ms
20:10:49.734	[0:0:0:0:0:0:0:1]:49527	admin	200		17.16 ms
20:10:49.764	[0:0:0:0:0:0:0:1]:49526	admin	REQUEST	[GET] /favicon.ico
20:10:49.808	[0:0:0:0:0:0:0:1]:49526	admin	200		44.14 ms
20:10:50.875	[0:0:0:0:0:0:0:1]:49526	admin	REQUEST	[GET] /dyrin/sommaire.html
20:10:51.540	[0:0:0:0:0:0:0:1]:49526	admin	200		665.76 ms
20:10:51.586	[0:0:0:0:0:0:0:1]:49526	admin	REQUEST	[GET] /core/ui/lib/bootstrap.min.css
20:10:51.588	[0:0:0:0:0:0:0:1]:49529	admin	REQUEST	[GET] /dyrin/ui/css/menuGauche.css
20:10:51.591	[0:0:0:0:0:0:0:1]:49527	admin	REQUEST	[GET] /core/ui/css/alignment.css
20:10:51.602	[0:0:0:0:0:0:0:1]:49525	admin	REQUEST	[GET] /plugins/mirador_viewer/mirador_viewer.css
20:10:51.608	[0:0:0:0:0:0:0:1]:49526	admin	200		22.16 ms
20:10:51.610	[0:0:0:0:0:0:0:1]:49529	admin	200		22.09 ms
20:10:51.610	[0:0:0:0:0:0:0:1]:49527	admin	200		19.7 ms
20:10:51.614	[0:0:0:0:0:0:0:1]:49527	admin	REQUEST	[GET] /plugins/tei_pdf/tei_pdf.css
20:10:51.617	[0:0:0:0:0:0:0:1]:49529	admin	REQUEST	[GET] /plugins/index/index.css
20:10:51.627	[0:0:0:0:0:0:0:1]:49525	admin	200		25.48 ms
20:10:51.632	[0:0:0:0:0:0:0:1]:49527	admin	200		19.27 ms
20:10:51.635	[0:0:0:0:0:0:0:1]:49527	admin	REQUEST	[GET] /core/ui/js/MaxTEI.js
20:10:51.635	[0:0:0:0:0:0:0:1]:49529	admin	200		17.85 ms
20:10:51.636	[0:0:0:0:0:0:0:1]:49525	admin	REQUEST	[GET] /core/ui/lib/bootstrap.bundle.min.js
20:10:51.640	[0:0:0:0:0:0:0:1]:49529	admin	REQUEST	[GET] /dyrin/ui/js/dyrin.js
20:10:51.649	[0:0:0:0:0:0:0:1]:49527	admin	200		15.04 ms
20:10:51.650	[0:0:0:0:0:0:0:1]:49525	admin	200		14.52 ms
20:10:51.651	[0:0:0:0:0:0:0:1]:49527	admin	REQUEST	[GET] /plugins/thesauri_pdn/thesauri_pdn.js
20:10:51.654	[0:0:0:0:0:0:0:1]:49529	admin	200		14.71 ms
20:10:51.656	[0:0:0:0:0:0:0:1]:49525	admin	REQUEST	[GET] /plugins/mirador_viewer/mirador_viewer.js
20:10:51.656	[0:0:0:0:0:0:0:1]:49529	admin	REQUEST	[GET] /plugins/index/index.js
20:10:51.667	[0:0:0:0:0:0:0:1]:49527	admin	200		16.23 ms
20:10:51.671	[0:0:0:0:0:0:0:1]:49527	admin	REQUEST	[GET] /core/ui/js/AbstractMax.js
20:10:51.672	[0:0:0:0:0:0:0:1]:49525	admin	200		16.25 ms
20:10:51.675	[0:0:0:0:0:0:0:1]:49529	admin	200		18.55 ms
20:10:51.679	[0:0:0:0:0:0:0:1]:49529	admin	REQUEST	[GET] /core/ui/js/Plugin.js
20:10:51.684	[0:0:0:0:0:0:0:1]:49530	admin	REQUEST	[GET] /plugins/thesauri_pdn/thesauri_pdn.css
20:10:51.684	[0:0:0:0:0:0:0:1]:49528	admin	REQUEST	[GET] /core/ui/css/tei.css
20:10:51.690	[0:0:0:0:0:0:0:1]:49527	admin	200		20.84 ms
20:10:51.692	[0:0:0:0:0:0:0:1]:49529	admin	200		13.48 ms
20:10:51.697	[0:0:0:0:0:0:0:1]:49526	admin	REQUEST	[GET] /dyrin/ui/css/dyrin.css
20:10:51.698	[0:0:0:0:0:0:0:1]:49530	admin	200		14.53 ms
20:10:51.707	[0:0:0:0:0:0:0:1]:49528	admin	200		23.7 ms
20:10:51.712	[0:0:0:0:0:0:0:1]:49526	admin	200		14.94 ms
20:10:51.714	[0:0:0:0:0:0:0:1]:49529	admin	REQUEST	[GET] /core/ui/images/logos/biblissima.png
20:10:51.715	[0:0:0:0:0:0:0:1]:49527	admin	REQUEST	[GET] /core/ui/images/logos/investissement-davenir.png
20:10:51.719	[0:0:0:0:0:0:0:1]:49526	admin	REQUEST	[GET] /core/ui/css/header.css
20:10:51.730	[0:0:0:0:0:0:0:1]:49527	admin	200		14.86 ms
20:10:51.730	[0:0:0:0:0:0:0:1]:49529	admin	200		16.17 ms
20:10:51.734	[0:0:0:0:0:0:0:1]:49526	admin	200		14.59 ms
20:10:51.768	[0:0:0:0:0:0:0:1]:49526	admin	REQUEST	[GET] /favicon.ico
20:10:51.812	[0:0:0:0:0:0:0:1]:49526	admin	200		45.58 ms
22:30:43.041	SERVER	admin	OK	Server was stopped (port: 16000).
22:30:43.063	SERVER	admin	OK	HTTP Server was stopped (port: 16002).
