10:49:13.434	SERVER	admin	OK	Server was started (port: 16000).
10:49:13.534	SERVER	admin	OK	HTTP Server was started (port: 16002).
10:49:36.330	[0:0:0:0:0:0:0:1]:49917	admin	REQUEST	[GET] /
10:49:40.033	[0:0:0:0:0:0:0:1]:49917	admin	500	Stopped at /Users/ag/Documents/elsa/projetsMaX/dyrin/dyrin-BaseX/webapp/restxq.xqm, 18/10: [basex:restxq] Multiple services defined for path "": - page:start - max.util:error404	3707.36 ms
10:49:40.428	[0:0:0:0:0:0:0:1]:49917	admin	REQUEST	[GET] /favicon.ico
10:49:40.585	[0:0:0:0:0:0:0:1]:49917	admin	200		157.25 ms
10:49:48.430	[0:0:0:0:0:0:0:1]:49917	admin	REQUEST	[GET] /dyrin
10:49:48.525	[0:0:0:0:0:0:0:1]:49917	admin	302	Location: http://localhost:16002/dyrin/accueil.html	95.46 ms
10:49:48.531	[0:0:0:0:0:0:0:1]:49917	admin	REQUEST	[GET] /dyrin/accueil.html
10:49:51.384	[0:0:0:0:0:0:0:1]:49917	admin	200		2852.6 ms
10:49:51.521	[0:0:0:0:0:0:0:1]:49917	admin	REQUEST	[GET] /core/ui/lib/bootstrap.min.css
10:49:51.530	[0:0:0:0:0:0:0:1]:49921	admin	REQUEST	[GET] /core/ui/css/tei.css
10:49:51.541	[0:0:0:0:0:0:0:1]:49923	admin	REQUEST	[GET] /plugins/thesauri_pdn/thesauri_pdn.css
10:49:51.554	[0:0:0:0:0:0:0:1]:49917	admin	200		34.06 ms
10:49:51.556	[0:0:0:0:0:0:0:1]:49921	admin	200		26.05 ms
10:49:51.559	[0:0:0:0:0:0:0:1]:49921	admin	REQUEST	[GET] /plugins/index/index.css
10:49:51.571	[0:0:0:0:0:0:0:1]:49923	admin	200		30.08 ms
10:49:51.576	[0:0:0:0:0:0:0:1]:49923	admin	REQUEST	[GET] /plugins/img_viewer/img_viewer.css
10:49:51.619	[0:0:0:0:0:0:0:1]:49921	admin	200		60.1 ms
10:49:51.624	[0:0:0:0:0:0:0:1]:49921	admin	REQUEST	[GET] /dyrin/ui/css/dyrin.css
10:49:51.625	[0:0:0:0:0:0:0:1]:49923	admin	200		49.16 ms
10:49:51.635	[0:0:0:0:0:0:0:1]:49923	admin	REQUEST	[GET] /core/ui/lib/bootstrap.bundle.min.js
10:49:51.658	[0:0:0:0:0:0:0:1]:49917	admin	REQUEST	[GET] /core/ui/js/MaxTEI.js
10:49:51.662	[0:0:0:0:0:0:0:1]:49921	admin	200		38.39 ms
10:49:51.667	[0:0:0:0:0:0:0:1]:49921	admin	REQUEST	[GET] /dyrin/ui/js/dyrin.js
10:49:51.677	[0:0:0:0:0:0:0:1]:49923	admin	200		43.05 ms
10:49:51.681	[0:0:0:0:0:0:0:1]:49917	admin	200		23.25 ms
10:49:51.684	[0:0:0:0:0:0:0:1]:49920	admin	REQUEST	[GET] /dyrin/ui/css/menuGauche.css
10:49:51.684	[0:0:0:0:0:0:0:1]:49924	admin	REQUEST	[GET] /core/ui/css/alignment.css
10:49:51.695	[0:0:0:0:0:0:0:1]:49923	admin	REQUEST	[GET] /plugins/thesauri_pdn/thesauri_pdn.js
10:49:51.703	[0:0:0:0:0:0:0:1]:49924	admin	200		19.29 ms
10:49:51.703	[0:0:0:0:0:0:0:1]:49920	admin	200		19.86 ms
10:49:51.706	[0:0:0:0:0:0:0:1]:49920	admin	REQUEST	[GET] /plugins/index/index.js
10:49:51.706	[0:0:0:0:0:0:0:1]:49924	admin	REQUEST	[GET] /plugins/img_viewer/img_viewer.js
10:49:51.717	[0:0:0:0:0:0:0:1]:49917	admin	REQUEST	[GET] /plugins/mirador_viewer/mirador_viewer.js
10:49:51.724	[0:0:0:0:0:0:0:1]:49924	admin	200		18.43 ms
10:49:51.725	[0:0:0:0:0:0:0:1]:49920	admin	200		18.98 ms
10:49:51.728	[0:0:0:0:0:0:0:1]:49920	admin	REQUEST	[GET] /core/ui/css/header.css
10:49:51.730	[0:0:0:0:0:0:0:1]:49924	admin	REQUEST	[GET] /core/ui/js/AbstractMax.js
10:49:51.731	[0:0:0:0:0:0:0:1]:49922	admin	REQUEST	[GET] /plugins/mirador_viewer/mirador_viewer.css
10:49:51.746	[0:0:0:0:0:0:0:1]:49920	admin	200		19.1 ms
10:49:51.749	[0:0:0:0:0:0:0:1]:49920	admin	REQUEST	[GET] /core/ui/js/Plugin.js
10:49:51.755	[0:0:0:0:0:0:0:1]:49924	admin	200		24.55 ms
10:49:51.761	[0:0:0:0:0:0:0:1]:49923	admin	200		66.5 ms
10:49:51.769	[0:0:0:0:0:0:0:1]:49920	admin	200		20.8 ms
10:49:51.771	[0:0:0:0:0:0:0:1]:49922	admin	200		40.27 ms
10:49:51.776	[0:0:0:0:0:0:0:1]:49924	admin	REQUEST	[GET] /core/ui/images/logos/investissement-davenir.png
10:49:51.774	[0:0:0:0:0:0:0:1]:49921	admin	200		109.4 ms
10:49:51.776	[0:0:0:0:0:0:0:1]:49923	admin	REQUEST	[GET] /core/ui/images/logos/biblissima.png
10:49:51.795	[0:0:0:0:0:0:0:1]:49921	admin	REQUEST	[GET] /dyrin/ui/fonts/junicode/Junicode.ttf
10:49:51.796	[0:0:0:0:0:0:0:1]:49923	admin	200		19.32 ms
10:49:51.800	[0:0:0:0:0:0:0:1]:49917	admin	200		83.28 ms
10:49:51.827	[0:0:0:0:0:0:0:1]:49921	admin	200		32.49 ms
10:49:51.883	[0:0:0:0:0:0:0:1]:49924	admin	200		107.15 ms
10:49:52.004	[0:0:0:0:0:0:0:1]:49921	admin	REQUEST	[GET] /favicon.ico
10:49:52.038	[0:0:0:0:0:0:0:1]:49921	admin	200		34.37 ms
10:49:53.679	[0:0:0:0:0:0:0:1]:49921	admin	REQUEST	[GET] /dyrin/sommaire.html
10:49:54.456	[0:0:0:0:0:0:0:1]:49921	admin	200		776.95 ms
10:49:54.582	[0:0:0:0:0:0:0:1]:49921	admin	REQUEST	[GET] /core/ui/lib/bootstrap.min.css
10:49:54.583	[0:0:0:0:0:0:0:1]:49924	admin	REQUEST	[GET] /core/ui/css/tei.css
10:49:54.598	[0:0:0:0:0:0:0:1]:49920	admin	REQUEST	[GET] /core/ui/css/alignment.css
10:49:54.603	[0:0:0:0:0:0:0:1]:49917	admin	REQUEST	[GET] /core/ui/lib/bootstrap.bundle.min.js
10:49:54.605	[0:0:0:0:0:0:0:1]:49922	admin	REQUEST	[GET] /dyrin/ui/css/dyrin.css
10:49:54.620	[0:0:0:0:0:0:0:1]:49923	admin	REQUEST	[GET] /dyrin/ui/css/menuGauche.css
10:49:54.625	[0:0:0:0:0:0:0:1]:49922	admin	200		20.09 ms
10:49:54.626	[0:0:0:0:0:0:0:1]:49917	admin	200		23.66 ms
10:49:54.627	[0:0:0:0:0:0:0:1]:49924	admin	200		44.18 ms
10:49:54.629	[0:0:0:0:0:0:0:1]:49922	admin	REQUEST	[GET] /core/ui/js/MaxTEI.js
10:49:54.632	[0:0:0:0:0:0:0:1]:49924	admin	REQUEST	[GET] /dyrin/ui/js/dyrin.js
10:49:54.636	[0:0:0:0:0:0:0:1]:49921	admin	200		53.88 ms
10:49:54.645	[0:0:0:0:0:0:0:1]:49922	admin	200		16.83 ms
10:49:54.654	[0:0:0:0:0:0:0:1]:49920	admin	200		56.55 ms
10:49:54.657	[0:0:0:0:0:0:0:1]:49917	admin	REQUEST	[GET] /core/ui/js/Plugin.js
10:49:54.665	[0:0:0:0:0:0:0:1]:49921	admin	REQUEST	[GET] /core/ui/css/header.css
10:49:54.665	[0:0:0:0:0:0:0:1]:49923	admin	200		45.48 ms
10:49:54.685	[0:0:0:0:0:0:0:1]:49921	admin	200		21.42 ms
10:49:54.688	[0:0:0:0:0:0:0:1]:49917	admin	200		32.5 ms
10:49:54.692	[0:0:0:0:0:0:0:1]:49922	admin	REQUEST	[GET] /core/ui/images/logos/biblissima.png
10:49:54.692	[0:0:0:0:0:0:0:1]:49923	admin	REQUEST	[GET] /core/ui/js/AbstractMax.js
10:49:54.692	[0:0:0:0:0:0:0:1]:49920	admin	REQUEST	[GET] /core/ui/images/logos/investissement-davenir.png
10:49:54.705	[0:0:0:0:0:0:0:1]:49924	admin	200		73.33 ms
10:49:54.715	[0:0:0:0:0:0:0:1]:49920	admin	200		22.85 ms
10:49:54.723	[0:0:0:0:0:0:0:1]:49922	admin	200		31.14 ms
10:49:54.746	[0:0:0:0:0:0:0:1]:49923	admin	200		60.7 ms
10:49:54.768	[0:0:0:0:0:0:0:1]:49921	admin	REQUEST	[GET] /favicon.ico
10:49:54.801	[0:0:0:0:0:0:0:1]:49921	admin	200		33.68 ms
10:49:56.633	[0:0:0:0:0:0:0:1]:49921	admin	REQUEST	[GET] /dyrin/doc/gerfaut.html
10:49:57.894	[0:0:0:0:0:0:0:1]:49921	admin	200		1265.16 ms
10:49:57.998	[0:0:0:0:0:0:0:1]:49921	admin	REQUEST	[GET] /core/ui/lib/bootstrap.min.css
10:49:57.998	[0:0:0:0:0:0:0:1]:49924	admin	REQUEST	[GET] /core/ui/css/tei.css
10:49:57.998	[0:0:0:0:0:0:0:1]:49920	admin	REQUEST	[GET] /core/ui/css/alignment.css
10:49:58.000	[0:0:0:0:0:0:0:1]:49922	admin	REQUEST	[GET] /dyrin/ui/css/dyrin.css
10:49:58.016	[0:0:0:0:0:0:0:1]:49917	admin	REQUEST	[GET] /core/ui/lib/bootstrap.bundle.min.js
10:49:58.023	[0:0:0:0:0:0:0:1]:49924	admin	200		25.25 ms
10:49:58.025	[0:0:0:0:0:0:0:1]:49924	admin	REQUEST	[GET] /core/ui/js/MaxTEI.js
10:49:58.032	[0:0:0:0:0:0:0:1]:49920	admin	200		33.67 ms
10:49:58.032	[0:0:0:0:0:0:0:1]:49922	admin	200		31.96 ms
10:49:58.033	[0:0:0:0:0:0:0:1]:49920	admin	REQUEST	[GET] /dyrin/ui/js/dyrin.js
10:49:58.039	[0:0:0:0:0:0:0:1]:49921	admin	200		41.88 ms
10:49:58.048	[0:0:0:0:0:0:0:1]:49920	admin	200		14.69 ms
10:49:58.055	[0:0:0:0:0:0:0:1]:49917	admin	200		39.19 ms
10:49:58.058	[0:0:0:0:0:0:0:1]:49924	admin	200		33.87 ms
10:49:58.068	[0:0:0:0:0:0:0:1]:49923	admin	REQUEST	[GET] /dyrin/ui/css/menuGauche.css
10:49:58.074	[0:0:0:0:0:0:0:1]:49920	admin	REQUEST	[GET] /core/ui/css/header.css
10:49:58.076	[0:0:0:0:0:0:0:1]:49921	admin	REQUEST	[GET] /core/ui/js/Plugin.js
10:49:58.090	[0:0:0:0:0:0:0:1]:49920	admin	200		16.35 ms
10:49:58.098	[0:0:0:0:0:0:0:1]:49924	admin	REQUEST	[GET] /core/ui/js/AbstractMax.js
10:49:58.112	[0:0:0:0:0:0:0:1]:49924	admin	200		14.19 ms
10:49:58.123	[0:0:0:0:0:0:0:1]:49921	admin	200		47.63 ms
10:49:58.140	[0:0:0:0:0:0:0:1]:49923	admin	200		72.79 ms
10:49:58.143	[0:0:0:0:0:0:0:1]:49920	admin	REQUEST	[GET] /core/ui/images/logos/investissement-davenir.png
10:49:58.144	[0:0:0:0:0:0:0:1]:49921	admin	REQUEST	[GET] /core/ui/images/logos/biblissima.png
10:49:58.160	[0:0:0:0:0:0:0:1]:49921	admin	200		17.48 ms
10:49:58.176	[0:0:0:0:0:0:0:1]:49920	admin	200		33.49 ms
10:50:11.759	[0:0:0:0:0:0:0:1]:49921	admin	REQUEST	[GET] /personnes/pddn_p.20220427114910410200.xml
10:50:11.790	[0:0:0:0:0:0:0:1]:49921	admin	404	Service not found.	32.01 ms
10:52:01.060	[0:0:0:0:0:0:0:1]:49932	admin	REQUEST	[GET] /dyrin/ui/css/menuGauche.css
10:52:01.124	[0:0:0:0:0:0:0:1]:49932	admin	200		64.59 ms
10:52:01.301	[0:0:0:0:0:0:0:1]:49932	admin	REQUEST	[GET] /dyrin/ui/css/dyrin.css
10:52:01.325	[0:0:0:0:0:0:0:1]:49932	admin	200		24.77 ms
10:52:01.495	[0:0:0:0:0:0:0:1]:49932	admin	REQUEST	[GET] /core/ui/css/tei.css
10:52:01.511	[0:0:0:0:0:0:0:1]:49932	admin	200		15.43 ms
10:52:01.547	[0:0:0:0:0:0:0:1]:49932	admin	REQUEST	[GET] /core/ui/lib/bootstrap.min.css
10:52:01.565	[0:0:0:0:0:0:0:1]:49932	admin	200		18.32 ms
10:52:02.119	[0:0:0:0:0:0:0:1]:49932	admin	REQUEST	[GET] /core/ui/lib/bootstrap.min.css.map
10:52:02.144	[0:0:0:0:0:0:0:1]:49932	admin	200		26.11 ms
10:52:02.278	[0:0:0:0:0:0:0:1]:49933	admin	REQUEST	[GET] /core/ui/lib/bootstrap.bundle.min.js
10:52:02.278	[0:0:0:0:0:0:0:1]:49934	admin	REQUEST	[GET] /dyrin/doc/gerfaut.html
10:52:02.295	[0:0:0:0:0:0:0:1]:49933	admin	200		17.25 ms
10:52:03.504	[0:0:0:0:0:0:0:1]:49934	admin	200		1226.51 ms
11:16:39.171	[0:0:0:0:0:0:0:1]:50010	admin	REQUEST	[GET] /dyrin/doc/gerfaut.html
11:16:39.411	[0:0:0:0:0:0:0:1]:50010	admin	500	Stopped at /Users/ag/Documents/elsa/projetsMaX/dyrin/dyrin-BaseX/webapp/MaX/max.xq, 275/26: [xslt:error] Error at xsl:call-template on line 269 column 104 of text_hook.xsl: XTSE0650: Cannot find a template named lang	240.28 ms
11:16:39.529	[0:0:0:0:0:0:0:1]:50010	admin	REQUEST	[GET] /favicon.ico
11:16:39.564	[0:0:0:0:0:0:0:1]:50010	admin	200		35.77 ms
11:17:11.987	[0:0:0:0:0:0:0:1]:50010	admin	REQUEST	[GET] /dyrin/doc/gerfaut.html
11:17:12.556	[0:0:0:0:0:0:0:1]:50010	admin	200		569.75 ms
11:17:12.680	[0:0:0:0:0:0:0:1]:50010	admin	REQUEST	[GET] /core/ui/lib/bootstrap.min.css
11:17:12.682	[0:0:0:0:0:0:0:1]:50011	admin	REQUEST	[GET] /dyrin/ui/css/menuGauche.css
11:17:12.697	[0:0:0:0:0:0:0:1]:50010	admin	200		17.65 ms
11:17:12.697	[0:0:0:0:0:0:0:1]:50011	admin	200		15.07 ms
11:17:12.701	[0:0:0:0:0:0:0:1]:50013	admin	REQUEST	[GET] /core/ui/css/alignment.css
11:17:12.706	[0:0:0:0:0:0:0:1]:50011	admin	REQUEST	[GET] /plugins/index/index.css
11:17:12.715	[0:0:0:0:0:0:0:1]:50015	admin	REQUEST	[GET] /plugins/mirador_viewer/mirador_viewer.css
11:17:12.715	[0:0:0:0:0:0:0:1]:50012	admin	REQUEST	[GET] /core/ui/css/tei.css
11:17:12.721	[0:0:0:0:0:0:0:1]:50010	admin	REQUEST	[GET] /plugins/img_viewer/img_viewer.css
11:17:12.724	[0:0:0:0:0:0:0:1]:50014	admin	REQUEST	[GET] /plugins/thesauri_pdn/thesauri_pdn.css
11:17:12.726	[0:0:0:0:0:0:0:1]:50015	admin	200		11.22 ms
11:17:12.726	[0:0:0:0:0:0:0:1]:50012	admin	200		11.18 ms
11:17:12.727	[0:0:0:0:0:0:0:1]:50011	admin	200		21.57 ms
11:17:12.728	[0:0:0:0:0:0:0:1]:50013	admin	200		27.59 ms
11:17:12.730	[0:0:0:0:0:0:0:1]:50013	admin	REQUEST	[GET] /dyrin/ui/js/dyrin.js
11:17:12.730	[0:0:0:0:0:0:0:1]:50012	admin	REQUEST	[GET] /core/ui/lib/bootstrap.bundle.min.js
11:17:12.731	[0:0:0:0:0:0:0:1]:50011	admin	REQUEST	[GET] /dyrin/ui/css/dyrin.css
11:17:12.736	[0:0:0:0:0:0:0:1]:50014	admin	200		12.02 ms
11:17:12.747	[0:0:0:0:0:0:0:1]:50014	admin	REQUEST	[GET] /plugins/thesauri_pdn/thesauri_pdn.js
11:17:12.753	[0:0:0:0:0:0:0:1]:50013	admin	200		23.41 ms
11:17:12.756	[0:0:0:0:0:0:0:1]:50013	admin	REQUEST	[GET] /plugins/mirador_viewer/mirador_viewer.js
11:17:12.759	[0:0:0:0:0:0:0:1]:50011	admin	200		28.36 ms
11:17:12.760	[0:0:0:0:0:0:0:1]:50012	admin	200		29.49 ms
11:17:12.762	[0:0:0:0:0:0:0:1]:50011	admin	REQUEST	[GET] /plugins/index/index.js
11:17:12.767	[0:0:0:0:0:0:0:1]:50012	admin	REQUEST	[GET] /plugins/img_viewer/img_viewer.js
11:17:12.768	[0:0:0:0:0:0:0:1]:50013	admin	200		11.62 ms
11:17:12.769	[0:0:0:0:0:0:0:1]:50010	admin	200		48.24 ms
11:17:12.771	[0:0:0:0:0:0:0:1]:50015	admin	REQUEST	[GET] /core/ui/js/MaxTEI.js
11:17:12.773	[0:0:0:0:0:0:0:1]:50011	admin	200		11.03 ms
11:17:12.778	[0:0:0:0:0:0:0:1]:50012	admin	200		10.62 ms
11:17:12.779	[0:0:0:0:0:0:0:1]:50014	admin	200		33.05 ms
11:17:12.781	[0:0:0:0:0:0:0:1]:50015	admin	200		9.56 ms
11:17:12.841	[0:0:0:0:0:0:0:1]:50015	admin	REQUEST	[GET] /core/ui/images/logos/investissement-davenir.png
11:17:12.841	[0:0:0:0:0:0:0:1]:50012	admin	REQUEST	[GET] /core/ui/images/logos/biblissima.png
11:17:12.852	[0:0:0:0:0:0:0:1]:50015	admin	200		11.74 ms
11:17:12.853	[0:0:0:0:0:0:0:1]:50012	admin	200		12.41 ms
11:17:12.939	[0:0:0:0:0:0:0:1]:50012	admin	REQUEST	[GET] /core/ui/css/header.css
11:17:12.939	[0:0:0:0:0:0:0:1]:50014	admin	REQUEST	[GET] /core/ui/js/AbstractMax.js
11:17:12.939	[0:0:0:0:0:0:0:1]:50015	admin	REQUEST	[GET] /core/ui/js/Plugin.js
11:17:12.949	[0:0:0:0:0:0:0:1]:50012	admin	200		10.23 ms
11:17:12.949	[0:0:0:0:0:0:0:1]:50015	admin	200		10.38 ms
11:17:12.949	[0:0:0:0:0:0:0:1]:50014	admin	200		10.14 ms
11:17:13.564	[0:0:0:0:0:0:0:1]:50012	admin	REQUEST	[GET] /core/ui/lib/bootstrap.min.css.map
11:17:13.579	[0:0:0:0:0:0:0:1]:50012	admin	200		14.88 ms
11:18:08.997	[0:0:0:0:0:0:0:1]:50012	admin	REQUEST	[GET] /dyrin/doc/gerfaut.html
11:18:09.576	[0:0:0:0:0:0:0:1]:50012	admin	200		579.25 ms
11:18:09.732	[0:0:0:0:0:0:0:1]:50015	admin	REQUEST	[GET] /dyrin/ui/css/menuGauche.css
11:18:09.732	[0:0:0:0:0:0:0:1]:50012	admin	REQUEST	[GET] /core/ui/lib/bootstrap.min.css
11:18:09.733	[0:0:0:0:0:0:0:1]:50011	admin	REQUEST	[GET] /core/ui/css/alignment.css
11:18:09.747	[0:0:0:0:0:0:0:1]:50011	admin	200		15.04 ms
11:18:09.751	[0:0:0:0:0:0:0:1]:50013	admin	REQUEST	[GET] /plugins/thesauri_pdn/thesauri_pdn.css
11:18:09.760	[0:0:0:0:0:0:0:1]:50012	admin	200		27.66 ms
11:18:09.761	[0:0:0:0:0:0:0:1]:50011	admin	REQUEST	[GET] /plugins/index/index.css
11:18:09.764	[0:0:0:0:0:0:0:1]:50013	admin	200		13.54 ms
11:18:09.766	[0:0:0:0:0:0:0:1]:50013	admin	REQUEST	[GET] /plugins/img_viewer/img_viewer.css
11:18:09.772	[0:0:0:0:0:0:0:1]:50015	admin	200		39.59 ms
11:18:09.774	[0:0:0:0:0:0:0:1]:50015	admin	REQUEST	[GET] /dyrin/ui/css/dyrin.css
11:18:09.778	[0:0:0:0:0:0:0:1]:50011	admin	200		16.68 ms
11:18:09.780	[0:0:0:0:0:0:0:1]:50011	admin	REQUEST	[GET] /core/ui/js/MaxTEI.js
11:18:09.784	[0:0:0:0:0:0:0:1]:50015	admin	200		9.95 ms
11:18:09.785	[0:0:0:0:0:0:0:1]:50013	admin	200		19.05 ms
11:18:09.786	[0:0:0:0:0:0:0:1]:50015	admin	REQUEST	[GET] /dyrin/ui/js/dyrin.js
11:18:09.790	[0:0:0:0:0:0:0:1]:50013	admin	REQUEST	[GET] /plugins/thesauri_pdn/thesauri_pdn.js
11:18:09.793	[0:0:0:0:0:0:0:1]:50011	admin	200		12.57 ms
11:18:09.795	[0:0:0:0:0:0:0:1]:50011	admin	REQUEST	[GET] /plugins/mirador_viewer/mirador_viewer.js
11:18:09.798	[0:0:0:0:0:0:0:1]:50015	admin	200		12.36 ms
11:18:09.805	[0:0:0:0:0:0:0:1]:50015	admin	REQUEST	[GET] /plugins/index/index.js
11:18:09.808	[0:0:0:0:0:0:0:1]:50014	admin	REQUEST	[GET] /core/ui/css/tei.css
11:18:09.808	[0:0:0:0:0:0:0:1]:50012	admin	REQUEST	[GET] /core/ui/lib/bootstrap.bundle.min.js
11:18:09.810	[0:0:0:0:0:0:0:1]:50011	admin	200		16.01 ms
11:18:09.818	[0:0:0:0:0:0:0:1]:50014	admin	200		9.43 ms
11:18:09.819	[0:0:0:0:0:0:0:1]:50012	admin	200		10.37 ms
11:18:09.820	[0:0:0:0:0:0:0:1]:50011	admin	REQUEST	[GET] /plugins/img_viewer/img_viewer.js
11:18:09.822	[0:0:0:0:0:0:0:1]:50015	admin	200		17.43 ms
11:18:09.824	[0:0:0:0:0:0:0:1]:50010	admin	REQUEST	[GET] /plugins/mirador_viewer/mirador_viewer.css
11:18:09.825	[0:0:0:0:0:0:0:1]:50013	admin	200		38.01 ms
11:18:09.834	[0:0:0:0:0:0:0:1]:50011	admin	200		13.6 ms
11:18:09.837	[0:0:0:0:0:0:0:1]:50010	admin	200		12.61 ms
11:18:09.839	[0:0:0:0:0:0:0:1]:50012	admin	REQUEST	[GET] /core/ui/images/logos/biblissima.png
11:18:09.839	[0:0:0:0:0:0:0:1]:50015	admin	REQUEST	[GET] /core/ui/images/logos/investissement-davenir.png
11:18:09.850	[0:0:0:0:0:0:0:1]:50015	admin	200		11.77 ms
11:18:09.851	[0:0:0:0:0:0:0:1]:50012	admin	200		12.76 ms
11:18:09.980	[0:0:0:0:0:0:0:1]:50015	admin	REQUEST	[GET] /core/ui/css/header.css
11:18:09.980	[0:0:0:0:0:0:0:1]:50011	admin	REQUEST	[GET] /core/ui/js/Plugin.js
11:18:09.980	[0:0:0:0:0:0:0:1]:50012	admin	REQUEST	[GET] /core/ui/js/AbstractMax.js
11:18:09.992	[0:0:0:0:0:0:0:1]:50015	admin	200		11.79 ms
11:18:09.992	[0:0:0:0:0:0:0:1]:50011	admin	200		11.73 ms
11:18:10.003	[0:0:0:0:0:0:0:1]:50012	admin	200		23.43 ms
11:18:10.950	[0:0:0:0:0:0:0:1]:50012	admin	REQUEST	[GET] /core/ui/lib/bootstrap.min.css.map
11:18:10.964	[0:0:0:0:0:0:0:1]:50012	admin	200		13.81 ms
11:18:33.749	[0:0:0:0:0:0:0:1]:50012	admin	REQUEST	[GET] /dyrin/doc/gerfaut.html
11:18:34.298	[0:0:0:0:0:0:0:1]:50012	admin	200		549.17 ms
11:18:34.448	[0:0:0:0:0:0:0:1]:50012	admin	REQUEST	[GET] /core/ui/lib/bootstrap.min.css
11:18:34.449	[0:0:0:0:0:0:0:1]:50015	admin	REQUEST	[GET] /dyrin/ui/css/menuGauche.css
11:18:34.465	[0:0:0:0:0:0:0:1]:50011	admin	REQUEST	[GET] /core/ui/css/tei.css
11:18:34.467	[0:0:0:0:0:0:0:1]:50013	admin	REQUEST	[GET] /plugins/thesauri_pdn/thesauri_pdn.css
11:18:34.473	[0:0:0:0:0:0:0:1]:50015	admin	200		24.1 ms
11:18:34.476	[0:0:0:0:0:0:0:1]:50011	admin	200		11.15 ms
11:18:34.477	[0:0:0:0:0:0:0:1]:50015	admin	REQUEST	[GET] /plugins/index/index.css
11:18:34.477	[0:0:0:0:0:0:0:1]:50011	admin	REQUEST	[GET] /plugins/img_viewer/img_viewer.css
11:18:34.477	[0:0:0:0:0:0:0:1]:50012	admin	200		29.61 ms
11:18:34.478	[0:0:0:0:0:0:0:1]:50013	admin	200		11.18 ms
11:18:34.480	[0:0:0:0:0:0:0:1]:50013	admin	REQUEST	[GET] /dyrin/ui/css/dyrin.css
11:18:34.486	[0:0:0:0:0:0:0:1]:50011	admin	200		8.88 ms
11:18:34.488	[0:0:0:0:0:0:0:1]:50012	admin	REQUEST	[GET] /core/ui/lib/bootstrap.bundle.min.js
11:18:34.489	[0:0:0:0:0:0:0:1]:50011	admin	REQUEST	[GET] /core/ui/js/MaxTEI.js
11:18:34.495	[0:0:0:0:0:0:0:1]:50015	admin	200		17.88 ms
11:18:34.499	[0:0:0:0:0:0:0:1]:50011	admin	200		9.85 ms
11:18:34.500	[0:0:0:0:0:0:0:1]:50012	admin	200		12.14 ms
11:18:34.500	[0:0:0:0:0:0:0:1]:50013	admin	200		19.96 ms
11:18:34.501	[0:0:0:0:0:0:0:1]:50013	admin	REQUEST	[GET] /plugins/mirador_viewer/mirador_viewer.js
11:18:34.501	[0:0:0:0:0:0:0:1]:50015	admin	REQUEST	[GET] /dyrin/ui/js/dyrin.js
11:18:34.501	[0:0:0:0:0:0:0:1]:50011	admin	REQUEST	[GET] /plugins/thesauri_pdn/thesauri_pdn.js
11:18:34.504	[0:0:0:0:0:0:0:1]:50012	admin	REQUEST	[GET] /plugins/index/index.js
11:18:34.509	[0:0:0:0:0:0:0:1]:50013	admin	200		8.42 ms
11:18:34.511	[0:0:0:0:0:0:0:1]:50013	admin	REQUEST	[GET] /plugins/img_viewer/img_viewer.js
11:18:34.512	[0:0:0:0:0:0:0:1]:50011	admin	200		11.72 ms
11:18:34.512	[0:0:0:0:0:0:0:1]:50012	admin	200		8.78 ms
11:18:34.515	[0:0:0:0:0:0:0:1]:50010	admin	REQUEST	[GET] /plugins/mirador_viewer/mirador_viewer.css
11:18:34.518	[0:0:0:0:0:0:0:1]:50015	admin	200		16.63 ms
11:18:34.519	[0:0:0:0:0:0:0:1]:50013	admin	200		8.46 ms
11:18:34.521	[0:0:0:0:0:0:0:1]:50014	admin	REQUEST	[GET] /core/ui/css/alignment.css
11:18:34.528	[0:0:0:0:0:0:0:1]:50010	admin	200		13.48 ms
11:18:34.531	[0:0:0:0:0:0:0:1]:50014	admin	200		10.22 ms
11:18:34.533	[0:0:0:0:0:0:0:1]:50012	admin	REQUEST	[GET] /core/ui/images/logos/biblissima.png
11:18:34.533	[0:0:0:0:0:0:0:1]:50015	admin	REQUEST	[GET] /core/ui/images/logos/investissement-davenir.png
11:18:34.543	[0:0:0:0:0:0:0:1]:50015	admin	200		9.41 ms
11:18:34.543	[0:0:0:0:0:0:0:1]:50012	admin	200		9.65 ms
11:18:34.673	[0:0:0:0:0:0:0:1]:50012	admin	REQUEST	[GET] /core/ui/css/header.css
11:18:34.674	[0:0:0:0:0:0:0:1]:50015	admin	REQUEST	[GET] /core/ui/js/AbstractMax.js
11:18:34.675	[0:0:0:0:0:0:0:1]:50011	admin	REQUEST	[GET] /core/ui/js/Plugin.js
11:18:34.684	[0:0:0:0:0:0:0:1]:50015	admin	200		10.26 ms
11:18:34.690	[0:0:0:0:0:0:0:1]:50011	admin	200		15.03 ms
11:18:34.690	[0:0:0:0:0:0:0:1]:50012	admin	200		16.87 ms
11:18:35.414	[0:0:0:0:0:0:0:1]:50012	admin	REQUEST	[GET] /core/ui/lib/bootstrap.min.css.map
11:18:35.427	[0:0:0:0:0:0:0:1]:50012	admin	200		13.26 ms
11:52:18.129	[0:0:0:0:0:0:0:1]:50135	admin	REQUEST	[GET] /dyrin/doc/gerfaut.html
11:52:18.584	[0:0:0:0:0:0:0:1]:50135	admin	200		455.76 ms
11:52:18.695	[0:0:0:0:0:0:0:1]:50135	admin	REQUEST	[GET] /core/ui/lib/bootstrap.min.css
11:52:18.700	[0:0:0:0:0:0:0:1]:50138	admin	REQUEST	[GET] /dyrin/ui/css/menuGauche.css
11:52:18.704	[0:0:0:0:0:0:0:1]:50137	admin	REQUEST	[GET] /core/ui/css/tei.css
11:52:18.706	[0:0:0:0:0:0:0:1]:50135	admin	200		10.88 ms
11:52:18.709	[0:0:0:0:0:0:0:1]:50136	admin	REQUEST	[GET] /core/ui/css/alignment.css
11:52:18.717	[0:0:0:0:0:0:0:1]:50139	admin	REQUEST	[GET] /plugins/thesauri_pdn/thesauri_pdn.css
11:52:18.717	[0:0:0:0:0:0:0:1]:50138	admin	200		17.86 ms
11:52:18.725	[0:0:0:0:0:0:0:1]:50136	admin	200		16.11 ms
11:52:18.727	[0:0:0:0:0:0:0:1]:50140	admin	REQUEST	[GET] /plugins/mirador_viewer/mirador_viewer.css
11:52:18.730	[0:0:0:0:0:0:0:1]:50136	admin	REQUEST	[GET] /plugins/img_viewer/img_viewer.css
11:52:18.730	[0:0:0:0:0:0:0:1]:50138	admin	REQUEST	[GET] /plugins/index/index.css
11:52:18.737	[0:0:0:0:0:0:0:1]:50139	admin	200		19.51 ms
11:52:18.740	[0:0:0:0:0:0:0:1]:50139	admin	REQUEST	[GET] /dyrin/ui/css/dyrin.css
11:52:18.746	[0:0:0:0:0:0:0:1]:50137	admin	200		42.42 ms
11:52:18.750	[0:0:0:0:0:0:0:1]:50140	admin	200		23.16 ms
11:52:18.751	[0:0:0:0:0:0:0:1]:50139	admin	200		11.39 ms
11:52:18.752	[0:0:0:0:0:0:0:1]:50138	admin	200		21.83 ms
11:52:18.752	[0:0:0:0:0:0:0:1]:50136	admin	200		21.85 ms
11:52:18.753	[0:0:0:0:0:0:0:1]:50139	admin	REQUEST	[GET] /core/ui/js/MaxTEI.js
11:52:18.757	[0:0:0:0:0:0:0:1]:50140	admin	REQUEST	[GET] /dyrin/ui/js/dyrin.js
11:52:18.765	[0:0:0:0:0:0:0:1]:50137	admin	REQUEST	[GET] /plugins/index/index.js
11:52:18.779	[0:0:0:0:0:0:0:1]:50140	admin	200		22.04 ms
11:52:18.780	[0:0:0:0:0:0:0:1]:50137	admin	200		22.57 ms
11:52:18.780	[0:0:0:0:0:0:0:1]:50135	admin	REQUEST	[GET] /core/ui/lib/bootstrap.bundle.min.js
11:52:18.791	[0:0:0:0:0:0:0:1]:50139	admin	200		38.19 ms
11:52:18.795	[0:0:0:0:0:0:0:1]:50137	admin	REQUEST	[GET] /plugins/img_viewer/img_viewer.js
11:52:18.800	[0:0:0:0:0:0:0:1]:50135	admin	200		19.63 ms
11:52:18.822	[0:0:0:0:0:0:0:1]:50139	admin	REQUEST	[GET] /core/ui/js/AbstractMax.js
11:52:18.823	[0:0:0:0:0:0:0:1]:50137	admin	200		27.56 ms
11:52:18.826	[0:0:0:0:0:0:0:1]:50138	admin	REQUEST	[GET] /plugins/thesauri_pdn/thesauri_pdn.js
11:52:18.836	[0:0:0:0:0:0:0:1]:50138	admin	200		9.9 ms
11:52:18.830	[0:0:0:0:0:0:0:1]:50140	admin	REQUEST	[GET] /core/ui/css/header.css
11:52:18.840	[0:0:0:0:0:0:0:1]:50137	admin	REQUEST	[GET] /core/ui/js/Plugin.js
11:52:18.828	[0:0:0:0:0:0:0:1]:50136	admin	REQUEST	[GET] /plugins/mirador_viewer/mirador_viewer.js
11:52:18.851	[0:0:0:0:0:0:0:1]:50137	admin	200		11.25 ms
11:52:18.854	[0:0:0:0:0:0:0:1]:50140	admin	200		24.59 ms
11:52:18.854	[0:0:0:0:0:0:0:1]:50139	admin	200		32.69 ms
11:52:18.857	[0:0:0:0:0:0:0:1]:50138	admin	REQUEST	[GET] /core/ui/images/logos/investissement-davenir.png
11:52:18.857	[0:0:0:0:0:0:0:1]:50137	admin	REQUEST	[GET] /core/ui/images/logos/biblissima.png
11:52:18.866	[0:0:0:0:0:0:0:1]:50138	admin	200		9.89 ms
11:52:18.866	[0:0:0:0:0:0:0:1]:50137	admin	200		9.91 ms
11:52:18.873	[0:0:0:0:0:0:0:1]:50136	admin	200		44.29 ms
11:52:19.038	[0:0:0:0:0:0:0:1]:50138	admin	REQUEST	[GET] /favicon.ico
11:52:19.056	[0:0:0:0:0:0:0:1]:50138	admin	200		17.55 ms
11:52:24.128	[0:0:0:0:0:0:0:1]:50138	admin	REQUEST	[GET] /core/ui/lib/bootstrap.min.css.map
11:52:24.152	[0:0:0:0:0:0:0:1]:50138	admin	200		24.1 ms
11:53:22.049	[0:0:0:0:0:0:0:1]:50138	admin	REQUEST	[GET] /dyrin/doc/gerfaut.html
11:53:22.469	[0:0:0:0:0:0:0:1]:50138	admin	200		420.78 ms
11:53:22.707	[0:0:0:0:0:0:0:1]:50138	admin	REQUEST	[GET] /core/ui/lib/bootstrap.min.css
11:53:22.709	[0:0:0:0:0:0:0:1]:50147	admin	REQUEST	[GET] /core/ui/css/alignment.css
11:53:22.710	[0:0:0:0:0:0:0:1]:50145	admin	REQUEST	[GET] /dyrin/ui/css/menuGauche.css
11:53:22.714	[0:0:0:0:0:0:0:1]:50149	admin	REQUEST	[GET] /plugins/mirador_viewer/mirador_viewer.css
11:53:22.720	[0:0:0:0:0:0:0:1]:50138	admin	200		13.37 ms
11:53:22.722	[0:0:0:0:0:0:0:1]:50147	admin	200		13.17 ms
11:53:22.725	[0:0:0:0:0:0:0:1]:50147	admin	REQUEST	[GET] /plugins/index/index.css
11:53:22.728	[0:0:0:0:0:0:0:1]:50149	admin	200		14.92 ms
11:53:22.728	[0:0:0:0:0:0:0:1]:50145	admin	200		18.73 ms
11:53:22.731	[0:0:0:0:0:0:0:1]:50145	admin	REQUEST	[GET] /dyrin/ui/css/dyrin.css
11:53:22.734	[0:0:0:0:0:0:0:1]:50149	admin	REQUEST	[GET] /core/ui/lib/bootstrap.bundle.min.js
11:53:22.736	[0:0:0:0:0:0:0:1]:50147	admin	200		11.25 ms
11:53:22.738	[0:0:0:0:0:0:0:1]:50147	admin	REQUEST	[GET] /core/ui/js/MaxTEI.js
11:53:22.742	[0:0:0:0:0:0:0:1]:50145	admin	200		11.03 ms
11:53:22.744	[0:0:0:0:0:0:0:1]:50145	admin	REQUEST	[GET] /dyrin/ui/js/dyrin.js
11:53:22.745	[0:0:0:0:0:0:0:1]:50149	admin	200		10.59 ms
11:53:22.749	[0:0:0:0:0:0:0:1]:50146	admin	REQUEST	[GET] /core/ui/css/tei.css
11:53:22.749	[0:0:0:0:0:0:0:1]:50148	admin	REQUEST	[GET] /plugins/thesauri_pdn/thesauri_pdn.css
11:53:22.750	[0:0:0:0:0:0:0:1]:50147	admin	200		11.62 ms
11:53:22.754	[0:0:0:0:0:0:0:1]:50145	admin	200		10.04 ms
11:53:22.756	[0:0:0:0:0:0:0:1]:50149	admin	REQUEST	[GET] /plugins/thesauri_pdn/thesauri_pdn.js
11:53:22.757	[0:0:0:0:0:0:0:1]:50147	admin	REQUEST	[GET] /plugins/mirador_viewer/mirador_viewer.js
11:53:22.759	[0:0:0:0:0:0:0:1]:50148	admin	200		10.33 ms
11:53:22.761	[0:0:0:0:0:0:0:1]:50145	admin	REQUEST	[GET] /plugins/index/index.js
11:53:22.771	[0:0:0:0:0:0:0:1]:50147	admin	200		14.66 ms
11:53:22.772	[0:0:0:0:0:0:0:1]:50145	admin	200		10.93 ms
11:53:22.773	[0:0:0:0:0:0:0:1]:50149	admin	200		17.4 ms
11:53:22.774	[0:0:0:0:0:0:0:1]:50148	admin	REQUEST	[GET] /plugins/img_viewer/img_viewer.js
11:53:22.776	[0:0:0:0:0:0:0:1]:50146	admin	200		27.48 ms
11:53:22.778	[0:0:0:0:0:0:0:1]:50138	admin	REQUEST	[GET] /plugins/img_viewer/img_viewer.css
11:53:22.784	[0:0:0:0:0:0:0:1]:50148	admin	200		9.46 ms
11:53:22.795	[0:0:0:0:0:0:0:1]:50138	admin	200		18.05 ms
11:53:22.797	[0:0:0:0:0:0:0:1]:50147	admin	REQUEST	[GET] /core/ui/images/logos/investissement-davenir.png
11:53:22.797	[0:0:0:0:0:0:0:1]:50149	admin	REQUEST	[GET] /core/ui/images/logos/biblissima.png
11:53:22.806	[0:0:0:0:0:0:0:1]:50149	admin	200		9.73 ms
11:53:22.806	[0:0:0:0:0:0:0:1]:50147	admin	200		9.75 ms
11:53:22.974	[0:0:0:0:0:0:0:1]:50138	admin	REQUEST	[GET] /core/ui/js/AbstractMax.js
11:53:22.974	[0:0:0:0:0:0:0:1]:50149	admin	REQUEST	[GET] /core/ui/js/Plugin.js
11:53:22.974	[0:0:0:0:0:0:0:1]:50147	admin	REQUEST	[GET] /core/ui/css/header.css
11:53:22.983	[0:0:0:0:0:0:0:1]:50149	admin	200		9.0 ms
11:53:22.983	[0:0:0:0:0:0:0:1]:50138	admin	200		9.42 ms
11:53:22.984	[0:0:0:0:0:0:0:1]:50147	admin	200		9.68 ms
11:53:23.152	[0:0:0:0:0:0:0:1]:50138	admin	REQUEST	[GET] /favicon.ico
11:53:23.181	[0:0:0:0:0:0:0:1]:50138	admin	200		29.6 ms
11:53:24.060	[0:0:0:0:0:0:0:1]:50138	admin	REQUEST	[GET] /core/ui/lib/bootstrap.min.css.map
11:53:24.070	[0:0:0:0:0:0:0:1]:50138	admin	200		10.46 ms
11:53:46.557	[0:0:0:0:0:0:0:1]:50138	admin	REQUEST	[GET] /dyrin/doc/gerfaut.html
11:53:46.942	[0:0:0:0:0:0:0:1]:50138	admin	200		384.77 ms
11:53:47.149	[0:0:0:0:0:0:0:1]:50138	admin	REQUEST	[GET] /core/ui/lib/bootstrap.min.css
11:53:47.156	[0:0:0:0:0:0:0:1]:50149	admin	REQUEST	[GET] /dyrin/ui/css/menuGauche.css
11:53:47.158	[0:0:0:0:0:0:0:1]:50138	admin	200		9.6 ms
11:53:47.160	[0:0:0:0:0:0:0:1]:50147	admin	REQUEST	[GET] /core/ui/css/tei.css
11:53:47.170	[0:0:0:0:0:0:0:1]:50145	admin	REQUEST	[GET] /plugins/thesauri_pdn/thesauri_pdn.css
11:53:47.171	[0:0:0:0:0:0:0:1]:50149	admin	200		15.46 ms
11:53:47.173	[0:0:0:0:0:0:0:1]:50149	admin	REQUEST	[GET] /plugins/img_viewer/img_viewer.css
11:53:47.174	[0:0:0:0:0:0:0:1]:50146	admin	REQUEST	[GET] /plugins/mirador_viewer/mirador_viewer.css
11:53:47.174	[0:0:0:0:0:0:0:1]:50147	admin	200		14.21 ms
11:53:47.176	[0:0:0:0:0:0:0:1]:50148	admin	REQUEST	[GET] /core/ui/css/alignment.css
11:53:47.180	[0:0:0:0:0:0:0:1]:50145	admin	200		10.18 ms
11:53:47.181	[0:0:0:0:0:0:0:1]:50138	admin	REQUEST	[GET] /plugins/index/index.css
11:53:47.183	[0:0:0:0:0:0:0:1]:50147	admin	REQUEST	[GET] /dyrin/ui/css/dyrin.css
11:53:47.184	[0:0:0:0:0:0:0:1]:50145	admin	REQUEST	[GET] /core/ui/lib/bootstrap.bundle.min.js
11:53:47.193	[0:0:0:0:0:0:0:1]:50149	admin	200		20.06 ms
11:53:47.193	[0:0:0:0:0:0:0:1]:50147	admin	200		10.32 ms
11:53:47.197	[0:0:0:0:0:0:0:1]:50149	admin	REQUEST	[GET] /dyrin/ui/js/dyrin.js
11:53:47.198	[0:0:0:0:0:0:0:1]:50147	admin	REQUEST	[GET] /core/ui/js/MaxTEI.js
11:53:47.202	[0:0:0:0:0:0:0:1]:50145	admin	200		17.72 ms
11:53:47.205	[0:0:0:0:0:0:0:1]:50145	admin	REQUEST	[GET] /plugins/thesauri_pdn/thesauri_pdn.js
11:53:47.208	[0:0:0:0:0:0:0:1]:50147	admin	200		10.52 ms
11:53:47.209	[0:0:0:0:0:0:0:1]:50138	admin	200		28.38 ms
11:53:47.212	[0:0:0:0:0:0:0:1]:50146	admin	200		38.08 ms
11:53:47.213	[0:0:0:0:0:0:0:1]:50149	admin	200		15.83 ms
11:53:47.217	[0:0:0:0:0:0:0:1]:50149	admin	REQUEST	[GET] /plugins/img_viewer/img_viewer.js
11:53:47.217	[0:0:0:0:0:0:0:1]:50138	admin	REQUEST	[GET] /plugins/mirador_viewer/mirador_viewer.js
11:53:47.217	[0:0:0:0:0:0:0:1]:50146	admin	REQUEST	[GET] /plugins/index/index.js
11:53:47.221	[0:0:0:0:0:0:0:1]:50145	admin	200		15.85 ms
11:53:47.226	[0:0:0:0:0:0:0:1]:50149	admin	200		9.19 ms
11:53:47.228	[0:0:0:0:0:0:0:1]:50138	admin	200		10.42 ms
11:53:47.232	[0:0:0:0:0:0:0:1]:50146	admin	200		14.81 ms
11:53:47.236	[0:0:0:0:0:0:0:1]:50148	admin	200		60.93 ms
11:53:47.239	[0:0:0:0:0:0:0:1]:50138	admin	REQUEST	[GET] /core/ui/images/logos/biblissima.png
11:53:47.239	[0:0:0:0:0:0:0:1]:50145	admin	REQUEST	[GET] /core/ui/images/logos/investissement-davenir.png
11:53:47.248	[0:0:0:0:0:0:0:1]:50138	admin	200		9.23 ms
11:53:47.248	[0:0:0:0:0:0:0:1]:50145	admin	200		9.24 ms
11:53:47.420	[0:0:0:0:0:0:0:1]:50138	admin	REQUEST	[GET] /core/ui/css/header.css
11:53:47.420	[0:0:0:0:0:0:0:1]:50149	admin	REQUEST	[GET] /core/ui/js/Plugin.js
11:53:47.420	[0:0:0:0:0:0:0:1]:50145	admin	REQUEST	[GET] /core/ui/js/AbstractMax.js
11:53:47.429	[0:0:0:0:0:0:0:1]:50138	admin	200		8.97 ms
11:53:47.430	[0:0:0:0:0:0:0:1]:50149	admin	200		10.45 ms
11:53:47.433	[0:0:0:0:0:0:0:1]:50145	admin	200		12.43 ms
11:53:48.153	[0:0:0:0:0:0:0:1]:50138	admin	REQUEST	[GET] /core/ui/lib/bootstrap.min.css.map
11:53:48.162	[0:0:0:0:0:0:0:1]:50138	admin	200		9.17 ms
11:54:13.244	[0:0:0:0:0:0:0:1]:50138	admin	REQUEST	[GET] /dyrin/doc/gerfaut.html
11:54:13.622	[0:0:0:0:0:0:0:1]:50138	admin	200		378.66 ms
11:54:13.790	[0:0:0:0:0:0:0:1]:50138	admin	REQUEST	[GET] /core/ui/lib/bootstrap.min.css
11:54:13.790	[0:0:0:0:0:0:0:1]:50149	admin	REQUEST	[GET] /dyrin/ui/css/menuGauche.css
11:54:13.793	[0:0:0:0:0:0:0:1]:50147	admin	REQUEST	[GET] /core/ui/css/alignment.css
11:54:13.803	[0:0:0:0:0:0:0:1]:50149	admin	200		13.12 ms
11:54:13.804	[0:0:0:0:0:0:0:1]:50145	admin	REQUEST	[GET] /core/ui/css/tei.css
11:54:13.812	[0:0:0:0:0:0:0:1]:50138	admin	200		22.97 ms
11:54:13.815	[0:0:0:0:0:0:0:1]:50145	admin	200		11.56 ms
11:54:13.817	[0:0:0:0:0:0:0:1]:50147	admin	200		24.22 ms
11:54:13.817	[0:0:0:0:0:0:0:1]:50149	admin	REQUEST	[GET] /plugins/index/index.css
11:54:13.819	[0:0:0:0:0:0:0:1]:50145	admin	REQUEST	[GET] /plugins/img_viewer/img_viewer.css
11:54:13.819	[0:0:0:0:0:0:0:1]:50147	admin	REQUEST	[GET] /dyrin/ui/css/dyrin.css
11:54:13.826	[0:0:0:0:0:0:0:1]:50149	admin	200		10.04 ms
11:54:13.828	[0:0:0:0:0:0:0:1]:50147	admin	200		8.76 ms
11:54:13.828	[0:0:0:0:0:0:0:1]:50145	admin	200		9.26 ms
11:54:13.831	[0:0:0:0:0:0:0:1]:50149	admin	REQUEST	[GET] /core/ui/js/MaxTEI.js
11:54:13.831	[0:0:0:0:0:0:0:1]:50147	admin	REQUEST	[GET] /plugins/thesauri_pdn/thesauri_pdn.js
11:54:13.833	[0:0:0:0:0:0:0:1]:50145	admin	REQUEST	[GET] /dyrin/ui/js/dyrin.js
11:54:13.840	[0:0:0:0:0:0:0:1]:50147	admin	200		9.01 ms
11:54:13.840	[0:0:0:0:0:0:0:1]:50149	admin	200		9.39 ms
11:54:13.843	[0:0:0:0:0:0:0:1]:50147	admin	REQUEST	[GET] /plugins/mirador_viewer/mirador_viewer.js
11:54:13.844	[0:0:0:0:0:0:0:1]:50145	admin	200		13.62 ms
11:54:13.845	[0:0:0:0:0:0:0:1]:50149	admin	REQUEST	[GET] /plugins/index/index.js
11:54:13.847	[0:0:0:0:0:0:0:1]:50145	admin	REQUEST	[GET] /plugins/img_viewer/img_viewer.js
11:54:13.854	[0:0:0:0:0:0:0:1]:50147	admin	200		11.14 ms
11:54:13.856	[0:0:0:0:0:0:0:1]:50149	admin	200		12.88 ms
11:54:13.857	[0:0:0:0:0:0:0:1]:50145	admin	200		9.31 ms
11:54:13.858	[0:0:0:0:0:0:0:1]:50138	admin	REQUEST	[GET] /core/ui/lib/bootstrap.bundle.min.js
11:54:13.858	[0:0:0:0:0:0:0:1]:50146	admin	REQUEST	[GET] /plugins/mirador_viewer/mirador_viewer.css
11:54:13.868	[0:0:0:0:0:0:0:1]:50138	admin	200		10.0 ms
11:54:13.870	[0:0:0:0:0:0:0:1]:50146	admin	200		11.94 ms
11:54:13.871	[0:0:0:0:0:0:0:1]:50148	admin	REQUEST	[GET] /plugins/thesauri_pdn/thesauri_pdn.css
11:54:13.882	[0:0:0:0:0:0:0:1]:50148	admin	200		11.11 ms
11:54:13.952	[0:0:0:0:0:0:0:1]:50149	admin	REQUEST	[GET] /core/ui/images/logos/investissement-davenir.png
11:54:13.952	[0:0:0:0:0:0:0:1]:50138	admin	REQUEST	[GET] /core/ui/images/logos/biblissima.png
11:54:13.961	[0:0:0:0:0:0:0:1]:50149	admin	200		9.27 ms
11:54:13.963	[0:0:0:0:0:0:0:1]:50138	admin	200		11.44 ms
11:54:14.046	[0:0:0:0:0:0:0:1]:50138	admin	REQUEST	[GET] /core/ui/js/Plugin.js
11:54:14.046	[0:0:0:0:0:0:0:1]:50145	admin	REQUEST	[GET] /core/ui/js/AbstractMax.js
11:54:14.046	[0:0:0:0:0:0:0:1]:50149	admin	REQUEST	[GET] /core/ui/css/header.css
11:54:14.055	[0:0:0:0:0:0:0:1]:50145	admin	200		9.71 ms
11:54:14.055	[0:0:0:0:0:0:0:1]:50149	admin	200		9.72 ms
11:54:14.065	[0:0:0:0:0:0:0:1]:50138	admin	200		19.61 ms
11:54:14.841	[0:0:0:0:0:0:0:1]:50138	admin	REQUEST	[GET] /core/ui/lib/bootstrap.min.css.map
11:54:14.849	[0:0:0:0:0:0:0:1]:50138	admin	200		7.99 ms
11:54:20.644	[0:0:0:0:0:0:0:1]:50138	admin	REQUEST	[GET] /dyrin/doc/gerfaut.html
11:54:21.025	[0:0:0:0:0:0:0:1]:50138	admin	200		381.06 ms
11:54:21.187	[0:0:0:0:0:0:0:1]:50149	admin	REQUEST	[GET] /dyrin/ui/css/menuGauche.css
11:54:21.187	[0:0:0:0:0:0:0:1]:50138	admin	REQUEST	[GET] /core/ui/lib/bootstrap.min.css
11:54:21.198	[0:0:0:0:0:0:0:1]:50149	admin	200		10.99 ms
11:54:21.199	[0:0:0:0:0:0:0:1]:50147	admin	REQUEST	[GET] /core/ui/css/alignment.css
11:54:21.205	[0:0:0:0:0:0:0:1]:50138	admin	200		18.14 ms
11:54:21.210	[0:0:0:0:0:0:0:1]:50149	admin	REQUEST	[GET] /plugins/index/index.css
11:54:21.211	[0:0:0:0:0:0:0:1]:50138	admin	REQUEST	[GET] /plugins/img_viewer/img_viewer.css
11:54:21.199	[0:0:0:0:0:0:0:1]:50145	admin	REQUEST	[GET] /core/ui/css/tei.css
11:54:21.219	[0:0:0:0:0:0:0:1]:50149	admin	200		9.22 ms
11:54:21.220	[0:0:0:0:0:0:0:1]:50138	admin	200		9.18 ms
11:54:21.211	[0:0:0:0:0:0:0:1]:50147	admin	200		11.98 ms
11:54:21.221	[0:0:0:0:0:0:0:1]:50145	admin	200		22.01 ms
11:54:21.221	[0:0:0:0:0:0:0:1]:50148	admin	REQUEST	[GET] /plugins/thesauri_pdn/thesauri_pdn.css
11:54:21.222	[0:0:0:0:0:0:0:1]:50149	admin	REQUEST	[GET] /core/ui/lib/bootstrap.bundle.min.js
11:54:21.223	[0:0:0:0:0:0:0:1]:50145	admin	REQUEST	[GET] /dyrin/ui/js/dyrin.js
11:54:21.224	[0:0:0:0:0:0:0:1]:50147	admin	REQUEST	[GET] /core/ui/js/MaxTEI.js
11:54:21.247	[0:0:0:0:0:0:0:1]:50148	admin	200		26.28 ms
11:54:21.249	[0:0:0:0:0:0:0:1]:50146	admin	REQUEST	[GET] /plugins/mirador_viewer/mirador_viewer.css
11:54:21.253	[0:0:0:0:0:0:0:1]:50147	admin	200		30.03 ms
11:54:21.254	[0:0:0:0:0:0:0:1]:50149	admin	200		31.82 ms
11:54:21.254	[0:0:0:0:0:0:0:1]:50147	admin	REQUEST	[GET] /plugins/mirador_viewer/mirador_viewer.js
11:54:21.257	[0:0:0:0:0:0:0:1]:50149	admin	REQUEST	[GET] /plugins/index/index.js
11:54:21.264	[0:0:0:0:0:0:0:1]:50147	admin	200		9.7 ms
11:54:21.266	[0:0:0:0:0:0:0:1]:50147	admin	REQUEST	[GET] /plugins/img_viewer/img_viewer.js
11:54:21.267	[0:0:0:0:0:0:0:1]:50149	admin	200		9.77 ms
11:54:21.273	[0:0:0:0:0:0:0:1]:50138	admin	REQUEST	[GET] /dyrin/ui/css/dyrin.css
11:54:21.273	[0:0:0:0:0:0:0:1]:50148	admin	REQUEST	[GET] /plugins/thesauri_pdn/thesauri_pdn.js
11:54:21.274	[0:0:0:0:0:0:0:1]:50147	admin	200		8.58 ms
11:54:21.280	[0:0:0:0:0:0:0:1]:50146	admin	200		31.17 ms
11:54:21.283	[0:0:0:0:0:0:0:1]:50148	admin	200		10.32 ms
11:54:21.293	[0:0:0:0:0:0:0:1]:50145	admin	200		69.78 ms
11:54:21.293	[0:0:0:0:0:0:0:1]:50138	admin	200		20.21 ms
11:54:21.295	[0:0:0:0:0:0:0:1]:50149	admin	REQUEST	[GET] /core/ui/images/logos/biblissima.png
11:54:21.295	[0:0:0:0:0:0:0:1]:50147	admin	REQUEST	[GET] /core/ui/images/logos/investissement-davenir.png
11:54:21.305	[0:0:0:0:0:0:0:1]:50147	admin	200		10.37 ms
11:54:21.310	[0:0:0:0:0:0:0:1]:50149	admin	200		15.12 ms
11:54:21.453	[0:0:0:0:0:0:0:1]:50138	admin	REQUEST	[GET] /core/ui/css/header.css
11:54:21.453	[0:0:0:0:0:0:0:1]:50145	admin	REQUEST	[GET] /core/ui/js/AbstractMax.js
11:54:21.462	[0:0:0:0:0:0:0:1]:50138	admin	200		9.96 ms
11:54:21.463	[0:0:0:0:0:0:0:1]:50145	admin	200		10.14 ms
11:54:21.467	[0:0:0:0:0:0:0:1]:50149	admin	REQUEST	[GET] /core/ui/js/Plugin.js
11:54:21.480	[0:0:0:0:0:0:0:1]:50149	admin	200		13.39 ms
11:54:22.206	[0:0:0:0:0:0:0:1]:50138	admin	REQUEST	[GET] /core/ui/lib/bootstrap.min.css.map
11:54:22.213	[0:0:0:0:0:0:0:1]:50138	admin	200		7.9 ms
11:58:16.328	[0:0:0:0:0:0:0:1]:50162	admin	REQUEST	[GET] /dyrin/doc/gerfaut.html
11:58:16.674	[0:0:0:0:0:0:0:1]:50162	admin	200		346.17 ms
11:58:16.826	[0:0:0:0:0:0:0:1]:50162	admin	REQUEST	[GET] /core/ui/lib/bootstrap.min.css
11:58:16.841	[0:0:0:0:0:0:0:1]:50163	admin	REQUEST	[GET] /dyrin/ui/css/menuGauche.css
11:58:16.845	[0:0:0:0:0:0:0:1]:50162	admin	200		19.45 ms
11:58:16.852	[0:0:0:0:0:0:0:1]:50163	admin	200		11.51 ms
11:58:16.856	[0:0:0:0:0:0:0:1]:50167	admin	REQUEST	[GET] /plugins/mirador_viewer/mirador_viewer.css
11:58:16.858	[0:0:0:0:0:0:0:1]:50162	admin	REQUEST	[GET] /plugins/index/index.css
11:58:16.859	[0:0:0:0:0:0:0:1]:50163	admin	REQUEST	[GET] /plugins/img_viewer/img_viewer.css
11:58:16.867	[0:0:0:0:0:0:0:1]:50166	admin	REQUEST	[GET] /core/ui/css/alignment.css
11:58:16.869	[0:0:0:0:0:0:0:1]:50167	admin	200		13.12 ms
11:58:16.869	[0:0:0:0:0:0:0:1]:50165	admin	REQUEST	[GET] /plugins/thesauri_pdn/thesauri_pdn.css
11:58:16.876	[0:0:0:0:0:0:0:1]:50166	admin	200		20.25 ms
11:58:16.879	[0:0:0:0:0:0:0:1]:50162	admin	200		21.44 ms
11:58:16.856	[0:0:0:0:0:0:0:1]:50164	admin	REQUEST	[GET] /core/ui/css/tei.css
11:58:16.880	[0:0:0:0:0:0:0:1]:50167	admin	REQUEST	[GET] /dyrin/ui/css/dyrin.css
11:58:16.883	[0:0:0:0:0:0:0:1]:50162	admin	REQUEST	[GET] /core/ui/js/MaxTEI.js
11:58:16.883	[0:0:0:0:0:0:0:1]:50165	admin	200		26.39 ms
11:58:16.883	[0:0:0:0:0:0:0:1]:50163	admin	200		26.2 ms
11:58:16.885	[0:0:0:0:0:0:0:1]:50166	admin	REQUEST	[GET] /core/ui/lib/bootstrap.bundle.min.js
11:58:16.895	[0:0:0:0:0:0:0:1]:50164	admin	200		38.94 ms
11:58:16.899	[0:0:0:0:0:0:0:1]:50163	admin	REQUEST	[GET] /plugins/thesauri_pdn/thesauri_pdn.js
11:58:16.903	[0:0:0:0:0:0:0:1]:50164	admin	REQUEST	[GET] /plugins/mirador_viewer/mirador_viewer.js
11:58:16.907	[0:0:0:0:0:0:0:1]:50162	admin	200		24.59 ms
11:58:16.914	[0:0:0:0:0:0:0:1]:50163	admin	200		15.1 ms
11:58:16.915	[0:0:0:0:0:0:0:1]:50162	admin	REQUEST	[GET] /plugins/index/index.js
11:58:16.916	[0:0:0:0:0:0:0:1]:50167	admin	200		45.52 ms
11:58:16.924	[0:0:0:0:0:0:0:1]:50165	admin	REQUEST	[GET] /dyrin/ui/js/dyrin.js
11:58:16.927	[0:0:0:0:0:0:0:1]:50167	admin	REQUEST	[GET] /core/ui/images/logos/biblissima.png
11:58:16.935	[0:0:0:0:0:0:0:1]:50165	admin	200		11.55 ms
11:58:16.936	[0:0:0:0:0:0:0:1]:50164	admin	200		32.92 ms
11:58:16.936	[0:0:0:0:0:0:0:1]:50163	admin	REQUEST	[GET] /plugins/img_viewer/img_viewer.js
11:58:16.937	[0:0:0:0:0:0:0:1]:50165	admin	REQUEST	[GET] /core/ui/images/logos/investissement-davenir.png
11:58:16.946	[0:0:0:0:0:0:0:1]:50163	admin	200		9.62 ms
11:58:16.950	[0:0:0:0:0:0:0:1]:50167	admin	200		23.2 ms
11:58:16.956	[0:0:0:0:0:0:0:1]:50162	admin	200		41.25 ms
11:58:16.974	[0:0:0:0:0:0:0:1]:50166	admin	200		89.09 ms
11:58:16.978	[0:0:0:0:0:0:0:1]:50165	admin	200		40.77 ms
11:58:17.120	[0:0:0:0:0:0:0:1]:50166	admin	REQUEST	[GET] /core/ui/js/Plugin.js
11:58:17.121	[0:0:0:0:0:0:0:1]:50165	admin	REQUEST	[GET] /core/ui/js/AbstractMax.js
11:58:17.124	[0:0:0:0:0:0:0:1]:50167	admin	REQUEST	[GET] /core/ui/css/header.css
11:58:17.129	[0:0:0:0:0:0:0:1]:50165	admin	200		9.51 ms
11:58:17.130	[0:0:0:0:0:0:0:1]:50166	admin	200		10.88 ms
11:58:17.134	[0:0:0:0:0:0:0:1]:50167	admin	200		13.49 ms
11:58:17.279	[0:0:0:0:0:0:0:1]:50166	admin	REQUEST	[GET] /favicon.ico
11:58:17.303	[0:0:0:0:0:0:0:1]:50166	admin	200		24.2 ms
11:58:17.963	[0:0:0:0:0:0:0:1]:50166	admin	REQUEST	[GET] /core/ui/lib/bootstrap.min.css.map
11:58:17.972	[0:0:0:0:0:0:0:1]:50166	admin	200		9.04 ms
11:59:50.714	[0:0:0:0:0:0:0:1]:50172	admin	REQUEST	[GET] /dyrin/doc/gerfaut.html
11:59:51.075	[0:0:0:0:0:0:0:1]:50172	admin	200		361.83 ms
11:59:51.228	[0:0:0:0:0:0:0:1]:50172	admin	REQUEST	[GET] /core/ui/lib/bootstrap.min.css
11:59:51.232	[0:0:0:0:0:0:0:1]:50173	admin	REQUEST	[GET] /dyrin/ui/css/menuGauche.css
11:59:51.241	[0:0:0:0:0:0:0:1]:50175	admin	REQUEST	[GET] /core/ui/css/alignment.css
11:59:51.241	[0:0:0:0:0:0:0:1]:50177	admin	REQUEST	[GET] /plugins/mirador_viewer/mirador_viewer.css
11:59:51.241	[0:0:0:0:0:0:0:1]:50173	admin	200		9.26 ms
11:59:51.244	[0:0:0:0:0:0:0:1]:50173	admin	REQUEST	[GET] /plugins/index/index.css
11:59:51.249	[0:0:0:0:0:0:0:1]:50172	admin	200		20.83 ms
11:59:51.250	[0:0:0:0:0:0:0:1]:50177	admin	200		9.05 ms
11:59:51.252	[0:0:0:0:0:0:0:1]:50177	admin	REQUEST	[GET] /plugins/img_viewer/img_viewer.css
11:59:51.257	[0:0:0:0:0:0:0:1]:50175	admin	200		16.03 ms
11:59:51.256	[0:0:0:0:0:0:0:1]:50176	admin	REQUEST	[GET] /plugins/thesauri_pdn/thesauri_pdn.css
11:59:51.260	[0:0:0:0:0:0:0:1]:50173	admin	200		17.02 ms
11:59:51.255	[0:0:0:0:0:0:0:1]:50174	admin	REQUEST	[GET] /core/ui/css/tei.css
11:59:51.265	[0:0:0:0:0:0:0:1]:50173	admin	REQUEST	[GET] /core/ui/js/MaxTEI.js
11:59:51.267	[0:0:0:0:0:0:0:1]:50177	admin	200		15.57 ms
11:59:51.268	[0:0:0:0:0:0:0:1]:50177	admin	REQUEST	[GET] /dyrin/ui/js/dyrin.js
11:59:51.269	[0:0:0:0:0:0:0:1]:50176	admin	200		13.07 ms
11:59:51.274	[0:0:0:0:0:0:0:1]:50173	admin	200		9.52 ms
11:59:51.271	[0:0:0:0:0:0:0:1]:50176	admin	REQUEST	[GET] /plugins/thesauri_pdn/thesauri_pdn.js
11:59:51.263	[0:0:0:0:0:0:0:1]:50175	admin	REQUEST	[GET] /core/ui/lib/bootstrap.bundle.min.js
11:59:51.276	[0:0:0:0:0:0:0:1]:50173	admin	REQUEST	[GET] /plugins/mirador_viewer/mirador_viewer.js
11:59:51.283	[0:0:0:0:0:0:0:1]:50176	admin	200		12.42 ms
11:59:51.283	[0:0:0:0:0:0:0:1]:50175	admin	200		20.19 ms
11:59:51.284	[0:0:0:0:0:0:0:1]:50176	admin	REQUEST	[GET] /plugins/index/index.js
11:59:51.285	[0:0:0:0:0:0:0:1]:50173	admin	200		8.35 ms
11:59:51.286	[0:0:0:0:0:0:0:1]:50173	admin	REQUEST	[GET] /plugins/img_viewer/img_viewer.js
11:59:51.287	[0:0:0:0:0:0:0:1]:50174	admin	200		32.61 ms
11:59:51.293	[0:0:0:0:0:0:0:1]:50176	admin	200		8.75 ms
11:59:51.254	[0:0:0:0:0:0:0:1]:50172	admin	REQUEST	[GET] /dyrin/ui/css/dyrin.css
11:59:51.299	[0:0:0:0:0:0:0:1]:50173	admin	200		14.8 ms
11:59:51.306	[0:0:0:0:0:0:0:1]:50177	admin	200		38.12 ms
11:59:51.308	[0:0:0:0:0:0:0:1]:50172	admin	200		54.35 ms
11:59:51.310	[0:0:0:0:0:0:0:1]:50175	admin	REQUEST	[GET] /core/ui/images/logos/biblissima.png
11:59:51.310	[0:0:0:0:0:0:0:1]:50173	admin	REQUEST	[GET] /core/ui/images/logos/investissement-davenir.png
11:59:51.319	[0:0:0:0:0:0:0:1]:50173	admin	200		8.85 ms
11:59:51.320	[0:0:0:0:0:0:0:1]:50175	admin	200		9.95 ms
11:59:51.503	[0:0:0:0:0:0:0:1]:50175	admin	REQUEST	[GET] /core/ui/js/AbstractMax.js
11:59:51.504	[0:0:0:0:0:0:0:1]:50176	admin	REQUEST	[GET] /core/ui/css/header.css
11:59:51.504	[0:0:0:0:0:0:0:1]:50173	admin	REQUEST	[GET] /core/ui/js/Plugin.js
11:59:51.514	[0:0:0:0:0:0:0:1]:50176	admin	200		10.04 ms
11:59:51.515	[0:0:0:0:0:0:0:1]:50175	admin	200		11.69 ms
11:59:51.528	[0:0:0:0:0:0:0:1]:50173	admin	200		24.05 ms
11:59:52.236	[0:0:0:0:0:0:0:1]:50175	admin	REQUEST	[GET] /core/ui/lib/bootstrap.min.css.map
11:59:52.244	[0:0:0:0:0:0:0:1]:50175	admin	200		8.49 ms
12:03:50.226	[0:0:0:0:0:0:0:1]:50186	admin	REQUEST	[GET] /dyrin/doc/gerfaut.html
12:03:50.375	[0:0:0:0:0:0:0:1]:50186	admin	500	Stopped at /Users/ag/Documents/elsa/projetsMaX/dyrin/dyrin-BaseX/webapp/MaX/max.xq, 275/26: [xslt:error] Error near {..., ancestor::tei:listBibl/@t...} at char 45 in xsl:value-of/@select on line 246 column 89 of text_hook.xsl: XPST0003: expected ")", found "<eof>"	148.9 ms
12:05:21.678	[0:0:0:0:0:0:0:1]:50189	admin	REQUEST	[GET] /dyrin/doc/gerfaut.html
12:05:22.174	[0:0:0:0:0:0:0:1]:50189	admin	200		496.97 ms
12:05:22.292	[0:0:0:0:0:0:0:1]:50189	admin	REQUEST	[GET] /core/ui/lib/bootstrap.min.css
12:05:22.295	[0:0:0:0:0:0:0:1]:50192	admin	REQUEST	[GET] /dyrin/ui/css/menuGauche.css
12:05:22.296	[0:0:0:0:0:0:0:1]:50194	admin	REQUEST	[GET] /core/ui/css/alignment.css
12:05:22.303	[0:0:0:0:0:0:0:1]:50196	admin	REQUEST	[GET] /plugins/mirador_viewer/mirador_viewer.css
12:05:22.303	[0:0:0:0:0:0:0:1]:50192	admin	200		8.93 ms
12:05:22.309	[0:0:0:0:0:0:0:1]:50192	admin	REQUEST	[GET] /plugins/index/index.css
12:05:22.310	[0:0:0:0:0:0:0:1]:50194	admin	200		14.36 ms
12:05:22.312	[0:0:0:0:0:0:0:1]:50194	admin	REQUEST	[GET] /plugins/img_viewer/img_viewer.css
12:05:22.319	[0:0:0:0:0:0:0:1]:50189	admin	200		26.89 ms
12:05:22.320	[0:0:0:0:0:0:0:1]:50196	admin	200		17.8 ms
12:05:22.322	[0:0:0:0:0:0:0:1]:50196	admin	REQUEST	[GET] /dyrin/ui/css/dyrin.css
12:05:22.323	[0:0:0:0:0:0:0:1]:50195	admin	REQUEST	[GET] /plugins/thesauri_pdn/thesauri_pdn.css
12:05:22.327	[0:0:0:0:0:0:0:1]:50189	admin	REQUEST	[GET] /core/ui/lib/bootstrap.bundle.min.js
12:05:22.341	[0:0:0:0:0:0:0:1]:50195	admin	200		17.77 ms
12:05:22.342	[0:0:0:0:0:0:0:1]:50189	admin	200		14.71 ms
12:05:22.343	[0:0:0:0:0:0:0:1]:50195	admin	REQUEST	[GET] /core/ui/js/MaxTEI.js
12:05:22.345	[0:0:0:0:0:0:0:1]:50193	admin	REQUEST	[GET] /core/ui/css/tei.css
12:05:22.351	[0:0:0:0:0:0:0:1]:50195	admin	200		8.22 ms
12:05:22.352	[0:0:0:0:0:0:0:1]:50195	admin	REQUEST	[GET] /dyrin/ui/js/dyrin.js
12:05:22.353	[0:0:0:0:0:0:0:1]:50192	admin	200		43.71 ms
12:05:22.354	[0:0:0:0:0:0:0:1]:50194	admin	200		41.61 ms
12:05:22.359	[0:0:0:0:0:0:0:1]:50192	admin	REQUEST	[GET] /plugins/thesauri_pdn/thesauri_pdn.js
12:05:22.360	[0:0:0:0:0:0:0:1]:50194	admin	REQUEST	[GET] /plugins/mirador_viewer/mirador_viewer.js
12:05:22.366	[0:0:0:0:0:0:0:1]:50195	admin	200		13.93 ms
12:05:22.367	[0:0:0:0:0:0:0:1]:50192	admin	200		8.26 ms
12:05:22.368	[0:0:0:0:0:0:0:1]:50194	admin	200		7.8 ms
12:05:22.369	[0:0:0:0:0:0:0:1]:50195	admin	REQUEST	[GET] /plugins/index/index.js
12:05:22.370	[0:0:0:0:0:0:0:1]:50192	admin	REQUEST	[GET] /plugins/img_viewer/img_viewer.js
12:05:22.374	[0:0:0:0:0:0:0:1]:50196	admin	200		52.2 ms
12:05:22.376	[0:0:0:0:0:0:0:1]:50195	admin	200		7.84 ms
12:05:22.377	[0:0:0:0:0:0:0:1]:50192	admin	200		7.58 ms
12:05:22.393	[0:0:0:0:0:0:0:1]:50193	admin	200		47.83 ms
12:05:22.442	[0:0:0:0:0:0:0:1]:50195	admin	REQUEST	[GET] /core/ui/images/logos/biblissima.png
12:05:22.443	[0:0:0:0:0:0:0:1]:50192	admin	REQUEST	[GET] /core/ui/images/logos/investissement-davenir.png
12:05:22.453	[0:0:0:0:0:0:0:1]:50192	admin	200		10.61 ms
12:05:22.453	[0:0:0:0:0:0:0:1]:50195	admin	200		11.68 ms
12:05:22.537	[0:0:0:0:0:0:0:1]:50192	admin	REQUEST	[GET] /core/ui/js/AbstractMax.js
12:05:22.537	[0:0:0:0:0:0:0:1]:50195	admin	REQUEST	[GET] /core/ui/js/Plugin.js
12:05:22.545	[0:0:0:0:0:0:0:1]:50192	admin	200		9.0 ms
12:05:22.547	[0:0:0:0:0:0:0:1]:50195	admin	200		10.66 ms
12:05:22.550	[0:0:0:0:0:0:0:1]:50196	admin	REQUEST	[GET] /core/ui/css/header.css
12:05:22.562	[0:0:0:0:0:0:0:1]:50196	admin	200		12.86 ms
12:05:23.321	[0:0:0:0:0:0:0:1]:50192	admin	REQUEST	[GET] /core/ui/lib/bootstrap.min.css.map
12:05:23.333	[0:0:0:0:0:0:0:1]:50192	admin	200		12.3 ms
12:05:45.010	[0:0:0:0:0:0:0:1]:50192	admin	REQUEST	[GET] /dyrin/sommaire.html
12:05:45.181	[0:0:0:0:0:0:0:1]:50192	admin	200		171.38 ms
12:05:45.333	[0:0:0:0:0:0:0:1]:50192	admin	REQUEST	[GET] /core/ui/lib/bootstrap.min.css
12:05:45.335	[0:0:0:0:0:0:0:1]:50195	admin	REQUEST	[GET] /dyrin/ui/css/menuGauche.css
12:05:45.344	[0:0:0:0:0:0:0:1]:50192	admin	200		11.8 ms
12:05:45.345	[0:0:0:0:0:0:0:1]:50195	admin	200		10.17 ms
12:05:45.346	[0:0:0:0:0:0:0:1]:50193	admin	REQUEST	[GET] /core/ui/css/alignment.css
12:05:45.346	[0:0:0:0:0:0:0:1]:50196	admin	REQUEST	[GET] /core/ui/css/tei.css
12:05:45.352	[0:0:0:0:0:0:0:1]:50192	admin	REQUEST	[GET] /dyrin/ui/css/dyrin.css
12:05:45.356	[0:0:0:0:0:0:0:1]:50193	admin	200		10.18 ms
12:05:45.358	[0:0:0:0:0:0:0:1]:50195	admin	REQUEST	[GET] /core/ui/lib/bootstrap.bundle.min.js
12:05:45.362	[0:0:0:0:0:0:0:1]:50192	admin	200		9.88 ms
12:05:45.366	[0:0:0:0:0:0:0:1]:50195	admin	200		8.3 ms
12:05:45.372	[0:0:0:0:0:0:0:1]:50192	admin	REQUEST	[GET] /core/ui/js/MaxTEI.js
12:05:45.372	[0:0:0:0:0:0:0:1]:50195	admin	REQUEST	[GET] /dyrin/ui/js/dyrin.js
12:05:45.380	[0:0:0:0:0:0:0:1]:50195	admin	200		8.17 ms
12:05:45.380	[0:0:0:0:0:0:0:1]:50192	admin	200		8.5 ms
12:05:45.387	[0:0:0:0:0:0:0:1]:50196	admin	200		43.5 ms
12:05:45.391	[0:0:0:0:0:0:0:1]:50195	admin	REQUEST	[GET] /core/ui/images/logos/investissement-davenir.png
12:05:45.391	[0:0:0:0:0:0:0:1]:50192	admin	REQUEST	[GET] /core/ui/images/logos/biblissima.png
12:05:45.405	[0:0:0:0:0:0:0:1]:50195	admin	200		16.82 ms
12:05:45.405	[0:0:0:0:0:0:0:1]:50192	admin	200		16.83 ms
12:05:45.545	[0:0:0:0:0:0:0:1]:50196	admin	REQUEST	[GET] /core/ui/css/header.css
12:05:45.545	[0:0:0:0:0:0:0:1]:50192	admin	REQUEST	[GET] /core/ui/js/Plugin.js
12:05:45.545	[0:0:0:0:0:0:0:1]:50195	admin	REQUEST	[GET] /core/ui/js/AbstractMax.js
12:05:45.554	[0:0:0:0:0:0:0:1]:50195	admin	200		9.04 ms
12:05:45.554	[0:0:0:0:0:0:0:1]:50196	admin	200		9.04 ms
12:05:45.558	[0:0:0:0:0:0:0:1]:50192	admin	200		13.18 ms
12:05:45.987	[0:0:0:0:0:0:0:1]:50192	admin	REQUEST	[GET] /core/ui/lib/bootstrap.min.css.map
12:05:45.993	[0:0:0:0:0:0:0:1]:50192	admin	200		6.34 ms
12:05:46.996	[0:0:0:0:0:0:0:1]:50192	admin	REQUEST	[GET] /dyrin/doc/morse.html
12:05:47.307	[0:0:0:0:0:0:0:1]:50192	admin	200		311.62 ms
12:05:47.464	[0:0:0:0:0:0:0:1]:50192	admin	REQUEST	[GET] /core/ui/lib/bootstrap.min.css
12:05:47.473	[0:0:0:0:0:0:0:1]:50195	admin	REQUEST	[GET] /dyrin/ui/css/menuGauche.css
12:05:47.473	[0:0:0:0:0:0:0:1]:50196	admin	REQUEST	[GET] /core/ui/css/tei.css
12:05:47.484	[0:0:0:0:0:0:0:1]:50196	admin	200		11.5 ms
12:05:47.487	[0:0:0:0:0:0:0:1]:50195	admin	200		14.24 ms
12:05:47.487	[0:0:0:0:0:0:0:1]:50193	admin	REQUEST	[GET] /core/ui/css/alignment.css
12:05:47.493	[0:0:0:0:0:0:0:1]:50192	admin	200		28.25 ms
12:05:47.502	[0:0:0:0:0:0:0:1]:50193	admin	200		14.99 ms
12:05:47.527	[0:0:0:0:0:0:0:1]:50192	admin	REQUEST	[GET] /dyrin/ui/css/dyrin.css
12:05:47.527	[0:0:0:0:0:0:0:1]:50196	admin	REQUEST	[GET] /core/ui/js/MaxTEI.js
12:05:47.527	[0:0:0:0:0:0:0:1]:50195	admin	REQUEST	[GET] /core/ui/lib/bootstrap.bundle.min.js
12:05:47.538	[0:0:0:0:0:0:0:1]:50196	admin	200		10.63 ms
12:05:47.539	[0:0:0:0:0:0:0:1]:50193	admin	REQUEST	[GET] /dyrin/ui/js/dyrin.js
12:05:47.539	[0:0:0:0:0:0:0:1]:50192	admin	200		12.48 ms
12:05:47.540	[0:0:0:0:0:0:0:1]:50195	admin	200		13.21 ms
12:05:47.542	[0:0:0:0:0:0:0:1]:50189	admin	REQUEST	[GET] /core/ui/images/logos/investissement-davenir.png
12:05:47.544	[0:0:0:0:0:0:0:1]:50194	admin	REQUEST	[GET] /core/ui/images/logos/biblissima.png
12:05:47.550	[0:0:0:0:0:0:0:1]:50193	admin	200		16.52 ms
12:05:47.555	[0:0:0:0:0:0:0:1]:50189	admin	200		12.93 ms
12:05:47.555	[0:0:0:0:0:0:0:1]:50194	admin	200		11.88 ms
12:05:47.657	[0:0:0:0:0:0:0:1]:50192	admin	REQUEST	[GET] /core/ui/css/header.css
12:05:47.669	[0:0:0:0:0:0:0:1]:50192	admin	200		12.31 ms
12:05:47.695	[0:0:0:0:0:0:0:1]:50195	admin	REQUEST	[GET] /core/ui/js/AbstractMax.js
12:05:47.696	[0:0:0:0:0:0:0:1]:50192	admin	REQUEST	[GET] /core/ui/js/Plugin.js
12:05:47.709	[0:0:0:0:0:0:0:1]:50195	admin	200		14.3 ms
12:05:47.716	[0:0:0:0:0:0:0:1]:50192	admin	200		20.8 ms
12:05:48.176	[0:0:0:0:0:0:0:1]:50192	admin	REQUEST	[GET] /core/ui/lib/bootstrap.min.css.map
12:05:48.184	[0:0:0:0:0:0:0:1]:50192	admin	200		8.85 ms
12:06:54.557	[0:0:0:0:0:0:0:1]:50199	admin	REQUEST	[GET] /core/ui/lib/bootstrap.min.css.map
12:06:54.583	[0:0:0:0:0:0:0:1]:50199	admin	200		26.54 ms
12:06:57.065	[0:0:0:0:0:0:0:1]:50199	admin	REQUEST	[GET] /dyrin/doc/gerfaut.html
12:06:57.382	[0:0:0:0:0:0:0:1]:50199	admin	200		317.07 ms
12:06:57.547	[0:0:0:0:0:0:0:1]:50199	admin	REQUEST	[GET] /core/ui/lib/bootstrap.min.css
12:06:57.549	[0:0:0:0:0:0:0:1]:50202	admin	REQUEST	[GET] /core/ui/css/tei.css
12:06:57.556	[0:0:0:0:0:0:0:1]:50199	admin	200		9.53 ms
12:06:57.558	[0:0:0:0:0:0:0:1]:50202	admin	200		9.11 ms
12:06:57.560	[0:0:0:0:0:0:0:1]:50204	admin	REQUEST	[GET] /core/ui/lib/bootstrap.bundle.min.js
12:06:57.567	[0:0:0:0:0:0:0:1]:50199	admin	REQUEST	[GET] /core/ui/js/MaxTEI.js
12:06:57.573	[0:0:0:0:0:0:0:1]:50204	admin	200		13.51 ms
12:06:57.574	[0:0:0:0:0:0:0:1]:50202	admin	REQUEST	[GET] /dyrin/ui/js/dyrin.js
12:06:57.586	[0:0:0:0:0:0:0:1]:50199	admin	200		19.41 ms
12:06:57.586	[0:0:0:0:0:0:0:1]:50202	admin	200		12.66 ms
12:06:57.589	[0:0:0:0:0:0:0:1]:50201	admin	REQUEST	[GET] /dyrin/ui/css/menuGauche.css
12:06:57.589	[0:0:0:0:0:0:0:1]:50203	admin	REQUEST	[GET] /core/ui/css/alignment.css
12:06:57.589	[0:0:0:0:0:0:0:1]:50205	admin	REQUEST	[GET] /dyrin/ui/css/dyrin.css
12:06:57.598	[0:0:0:0:0:0:0:1]:50205	admin	200		9.45 ms
12:06:57.599	[0:0:0:0:0:0:0:1]:50203	admin	200		10.63 ms
12:06:57.611	[0:0:0:0:0:0:0:1]:50201	admin	200		22.17 ms
12:06:57.613	[0:0:0:0:0:0:0:1]:50199	admin	REQUEST	[GET] /core/ui/images/logos/biblissima.png
12:06:57.613	[0:0:0:0:0:0:0:1]:50204	admin	REQUEST	[GET] /core/ui/images/logos/investissement-davenir.png
12:06:57.622	[0:0:0:0:0:0:0:1]:50199	admin	200		9.04 ms
12:06:57.622	[0:0:0:0:0:0:0:1]:50204	admin	200		9.06 ms
12:06:57.819	[0:0:0:0:0:0:0:1]:50204	admin	REQUEST	[GET] /core/ui/js/AbstractMax.js
12:06:57.820	[0:0:0:0:0:0:0:1]:50199	admin	REQUEST	[GET] /core/ui/js/Plugin.js
12:06:57.821	[0:0:0:0:0:0:0:1]:50205	admin	REQUEST	[GET] /core/ui/css/header.css
12:06:57.828	[0:0:0:0:0:0:0:1]:50204	admin	200		9.23 ms
12:06:57.831	[0:0:0:0:0:0:0:1]:50205	admin	200		9.97 ms
12:06:57.833	[0:0:0:0:0:0:0:1]:50199	admin	200		13.13 ms
12:06:58.294	[0:0:0:0:0:0:0:1]:50199	admin	REQUEST	[GET] /core/ui/lib/bootstrap.min.css.map
12:06:58.304	[0:0:0:0:0:0:0:1]:50199	admin	200		9.54 ms
12:09:52.153	[0:0:0:0:0:0:0:1]:50214	admin	REQUEST	[GET] /dyrin/doc/gerfaut.html
12:09:52.463	[0:0:0:0:0:0:0:1]:50214	admin	200		310.09 ms
12:09:52.604	[0:0:0:0:0:0:0:1]:50214	admin	REQUEST	[GET] /core/ui/lib/bootstrap.min.css
12:09:52.606	[0:0:0:0:0:0:0:1]:50215	admin	REQUEST	[GET] /dyrin/ui/css/menuGauche.css
12:09:52.613	[0:0:0:0:0:0:0:1]:50216	admin	REQUEST	[GET] /core/ui/css/tei.css
12:09:52.613	[0:0:0:0:0:0:0:1]:50214	admin	200		9.25 ms
12:09:52.615	[0:0:0:0:0:0:0:1]:50215	admin	200		9.33 ms
12:09:52.623	[0:0:0:0:0:0:0:1]:50216	admin	200		9.98 ms
12:09:52.627	[0:0:0:0:0:0:0:1]:50216	admin	REQUEST	[GET] /core/ui/css/alignment.css
12:09:52.628	[0:0:0:0:0:0:0:1]:50215	admin	REQUEST	[GET] /plugins/thesauri_pdn/thesauri_pdn.css
12:09:52.632	[0:0:0:0:0:0:0:1]:50214	admin	REQUEST	[GET] /plugins/mirador_viewer/mirador_viewer.css
12:09:52.636	[0:0:0:0:0:0:0:1]:50215	admin	200		8.41 ms
12:09:52.636	[0:0:0:0:0:0:0:1]:50216	admin	200		8.51 ms
12:09:52.641	[0:0:0:0:0:0:0:1]:50214	admin	200		9.19 ms
12:09:52.645	[0:0:0:0:0:0:0:1]:50216	admin	REQUEST	[GET] /plugins/img_viewer/img_viewer.css
12:09:52.645	[0:0:0:0:0:0:0:1]:50214	admin	REQUEST	[GET] /dyrin/ui/css/dyrin.css
12:09:52.645	[0:0:0:0:0:0:0:1]:50215	admin	REQUEST	[GET] /plugins/index/index.css
12:09:52.652	[0:0:0:0:0:0:0:1]:50217	admin	REQUEST	[GET] /core/ui/lib/bootstrap.bundle.min.js
12:09:52.652	[0:0:0:0:0:0:0:1]:50218	admin	REQUEST	[GET] /core/ui/js/MaxTEI.js
12:09:52.652	[0:0:0:0:0:0:0:1]:50219	admin	REQUEST	[GET] /dyrin/ui/js/dyrin.js
12:09:52.656	[0:0:0:0:0:0:0:1]:50214	admin	200		11.74 ms
12:09:52.658	[0:0:0:0:0:0:0:1]:50214	admin	REQUEST	[GET] /plugins/thesauri_pdn/thesauri_pdn.js
12:09:52.660	[0:0:0:0:0:0:0:1]:50218	admin	200		10.44 ms
12:09:52.660	[0:0:0:0:0:0:0:1]:50217	admin	200		9.27 ms
12:09:52.662	[0:0:0:0:0:0:0:1]:50219	admin	200		10.61 ms
12:09:52.663	[0:0:0:0:0:0:0:1]:50218	admin	REQUEST	[GET] /plugins/mirador_viewer/mirador_viewer.js
12:09:52.667	[0:0:0:0:0:0:0:1]:50214	admin	200		8.88 ms
12:09:52.673	[0:0:0:0:0:0:0:1]:50218	admin	200		10.05 ms
12:09:52.673	[0:0:0:0:0:0:0:1]:50216	admin	200		28.85 ms
12:09:52.675	[0:0:0:0:0:0:0:1]:50219	admin	REQUEST	[GET] /plugins/img_viewer/img_viewer.js
12:09:52.675	[0:0:0:0:0:0:0:1]:50217	admin	REQUEST	[GET] /plugins/index/index.js
12:09:52.683	[0:0:0:0:0:0:0:1]:50217	admin	200		8.21 ms
12:09:52.685	[0:0:0:0:0:0:0:1]:50219	admin	200		10.02 ms
12:09:52.691	[0:0:0:0:0:0:0:1]:50215	admin	200		45.99 ms
12:09:52.692	[0:0:0:0:0:0:0:1]:50218	admin	REQUEST	[GET] /core/ui/images/logos/investissement-davenir.png
12:09:52.692	[0:0:0:0:0:0:0:1]:50217	admin	REQUEST	[GET] /core/ui/images/logos/biblissima.png
12:09:52.701	[0:0:0:0:0:0:0:1]:50217	admin	200		8.83 ms
12:09:52.701	[0:0:0:0:0:0:0:1]:50218	admin	200		8.81 ms
12:09:52.868	[0:0:0:0:0:0:0:1]:50218	admin	REQUEST	[GET] /core/ui/js/Plugin.js
12:09:52.868	[0:0:0:0:0:0:0:1]:50215	admin	REQUEST	[GET] /core/ui/js/AbstractMax.js
12:09:52.873	[0:0:0:0:0:0:0:1]:50217	admin	REQUEST	[GET] /core/ui/css/header.css
12:09:52.877	[0:0:0:0:0:0:0:1]:50218	admin	200		8.59 ms
12:09:52.877	[0:0:0:0:0:0:0:1]:50215	admin	200		8.56 ms
12:09:52.883	[0:0:0:0:0:0:0:1]:50217	admin	200		10.5 ms
12:09:53.481	[0:0:0:0:0:0:0:1]:50217	admin	REQUEST	[GET] /core/ui/lib/bootstrap.min.css.map
12:09:53.495	[0:0:0:0:0:0:0:1]:50217	admin	200		14.18 ms
12:11:02.449	[0:0:0:0:0:0:0:1]:50221	admin	REQUEST	[GET] /dyrin/doc/gerfaut.html
12:11:02.770	[0:0:0:0:0:0:0:1]:50221	admin	200		321.33 ms
12:11:02.912	[0:0:0:0:0:0:0:1]:50221	admin	REQUEST	[GET] /core/ui/lib/bootstrap.min.css
12:11:02.931	[0:0:0:0:0:0:0:1]:50222	admin	REQUEST	[GET] /dyrin/ui/css/menuGauche.css
12:11:02.939	[0:0:0:0:0:0:0:1]:50221	admin	200		27.09 ms
12:11:02.942	[0:0:0:0:0:0:0:1]:50222	admin	200		10.29 ms
12:11:02.944	[0:0:0:0:0:0:0:1]:50222	admin	REQUEST	[GET] /plugins/index/index.css
12:11:02.944	[0:0:0:0:0:0:0:1]:50221	admin	REQUEST	[GET] /plugins/img_viewer/img_viewer.css
12:11:02.945	[0:0:0:0:0:0:0:1]:50224	admin	REQUEST	[GET] /core/ui/css/alignment.css
12:11:02.950	[0:0:0:0:0:0:0:1]:50225	admin	REQUEST	[GET] /plugins/thesauri_pdn/thesauri_pdn.css
12:11:02.953	[0:0:0:0:0:0:0:1]:50222	admin	200		8.8 ms
12:11:02.954	[0:0:0:0:0:0:0:1]:50222	admin	REQUEST	[GET] /dyrin/ui/css/dyrin.css
12:11:02.957	[0:0:0:0:0:0:0:1]:50225	admin	200		7.91 ms
12:11:02.959	[0:0:0:0:0:0:0:1]:50223	admin	REQUEST	[GET] /core/ui/css/tei.css
12:11:02.960	[0:0:0:0:0:0:0:1]:50221	admin	200		15.72 ms
12:11:02.968	[0:0:0:0:0:0:0:1]:50223	admin	200		9.2 ms
12:11:02.970	[0:0:0:0:0:0:0:1]:50221	admin	REQUEST	[GET] /core/ui/js/MaxTEI.js
12:11:02.976	[0:0:0:0:0:0:0:1]:50222	admin	200		21.32 ms
12:11:02.978	[0:0:0:0:0:0:0:1]:50224	admin	200		32.9 ms
12:11:02.980	[0:0:0:0:0:0:0:1]:50225	admin	REQUEST	[GET] /core/ui/lib/bootstrap.bundle.min.js
12:11:02.980	[0:0:0:0:0:0:0:1]:50221	admin	200		10.82 ms
12:11:02.981	[0:0:0:0:0:0:0:1]:50223	admin	REQUEST	[GET] /dyrin/ui/js/dyrin.js
12:11:02.982	[0:0:0:0:0:0:0:1]:50221	admin	REQUEST	[GET] /plugins/index/index.js
12:11:02.988	[0:0:0:0:0:0:0:1]:50225	admin	200		8.83 ms
12:11:02.989	[0:0:0:0:0:0:0:1]:50221	admin	200		6.84 ms
12:11:02.989	[0:0:0:0:0:0:0:1]:50226	admin	REQUEST	[GET] /plugins/mirador_viewer/mirador_viewer.css
12:11:02.991	[0:0:0:0:0:0:0:1]:50223	admin	200		10.49 ms
12:11:02.991	[0:0:0:0:0:0:0:1]:50221	admin	REQUEST	[GET] /plugins/img_viewer/img_viewer.js
12:11:03.001	[0:0:0:0:0:0:0:1]:50226	admin	200		11.57 ms
12:11:02.994	[0:0:0:0:0:0:0:1]:50222	admin	REQUEST	[GET] /plugins/thesauri_pdn/thesauri_pdn.js
12:11:02.994	[0:0:0:0:0:0:0:1]:50224	admin	REQUEST	[GET] /plugins/mirador_viewer/mirador_viewer.js
12:11:03.008	[0:0:0:0:0:0:0:1]:50221	admin	200		16.54 ms
12:11:03.008	[0:0:0:0:0:0:0:1]:50225	admin	REQUEST	[GET] /core/ui/images/logos/biblissima.png
12:11:03.017	[0:0:0:0:0:0:0:1]:50224	admin	200		23.3 ms
12:11:03.019	[0:0:0:0:0:0:0:1]:50222	admin	200		25.04 ms
12:11:03.021	[0:0:0:0:0:0:0:1]:50223	admin	REQUEST	[GET] /core/ui/images/logos/investissement-davenir.png
12:11:03.030	[0:0:0:0:0:0:0:1]:50225	admin	200		22.7 ms
12:11:03.030	[0:0:0:0:0:0:0:1]:50223	admin	200		9.89 ms
12:11:03.195	[0:0:0:0:0:0:0:1]:50223	admin	REQUEST	[GET] /core/ui/js/AbstractMax.js
12:11:03.195	[0:0:0:0:0:0:0:1]:50225	admin	REQUEST	[GET] /core/ui/css/header.css
12:11:03.196	[0:0:0:0:0:0:0:1]:50222	admin	REQUEST	[GET] /core/ui/js/Plugin.js
12:11:03.205	[0:0:0:0:0:0:0:1]:50225	admin	200		10.41 ms
12:11:03.205	[0:0:0:0:0:0:0:1]:50223	admin	200		10.41 ms
12:11:03.213	[0:0:0:0:0:0:0:1]:50222	admin	200		17.26 ms
12:11:03.777	[0:0:0:0:0:0:0:1]:50225	admin	REQUEST	[GET] /core/ui/lib/bootstrap.min.css.map
12:11:03.786	[0:0:0:0:0:0:0:1]:50225	admin	200		9.36 ms
12:14:26.008	[0:0:0:0:0:0:0:1]:50243	admin	REQUEST	[GET] /dyrin/ui/css/menuGauche.css
12:14:26.068	[0:0:0:0:0:0:0:1]:50243	admin	200		60.21 ms
12:14:26.231	[0:0:0:0:0:0:0:1]:50243	admin	REQUEST	[GET] /dyrin/ui/css/dyrin.css
12:14:26.257	[0:0:0:0:0:0:0:1]:50243	admin	200		26.12 ms
12:14:26.492	[0:0:0:0:0:0:0:1]:50243	admin	REQUEST	[GET] /core/ui/lib/bootstrap.min.css
12:14:26.495	[0:0:0:0:0:0:0:1]:50244	admin	REQUEST	[GET] /core/ui/css/tei.css
12:14:26.502	[0:0:0:0:0:0:0:1]:50243	admin	200		9.78 ms
12:14:26.505	[0:0:0:0:0:0:0:1]:50244	admin	200		10.6 ms
12:14:26.897	[0:0:0:0:0:0:0:1]:50243	admin	REQUEST	[GET] /core/ui/lib/bootstrap.min.css.map
12:14:26.904	[0:0:0:0:0:0:0:1]:50243	admin	200		6.8 ms
12:14:48.182	[0:0:0:0:0:0:0:1]:50243	admin	REQUEST	[GET] /dyrin/doc/gerfaut.html
12:14:48.511	[0:0:0:0:0:0:0:1]:50243	admin	200		329.11 ms
12:14:53.010	[0:0:0:0:0:0:0:1]:50244	admin	REQUEST	[GET] /dyrin/doc/gerfaut.html
12:14:53.312	[0:0:0:0:0:0:0:1]:50244	admin	200		301.79 ms
12:14:53.481	[0:0:0:0:0:0:0:1]:50244	admin	REQUEST	[GET] /core/ui/lib/bootstrap.min.css
12:14:53.489	[0:0:0:0:0:0:0:1]:50248	admin	REQUEST	[GET] /core/ui/css/alignment.css
12:14:53.494	[0:0:0:0:0:0:0:1]:50249	admin	REQUEST	[GET] /core/ui/css/tei.css
12:14:53.494	[0:0:0:0:0:0:0:1]:50244	admin	200		12.61 ms
12:14:53.498	[0:0:0:0:0:0:0:1]:50250	admin	REQUEST	[GET] /dyrin/ui/css/menuGauche.css
12:14:53.501	[0:0:0:0:0:0:0:1]:50247	admin	REQUEST	[GET] /plugins/thesauri_pdn/thesauri_pdn.css
12:14:53.504	[0:0:0:0:0:0:0:1]:50246	admin	REQUEST	[GET] /plugins/mirador_viewer/mirador_viewer.css
12:14:53.506	[0:0:0:0:0:0:0:1]:50248	admin	200		17.21 ms
12:14:53.509	[0:0:0:0:0:0:0:1]:50249	admin	200		15.75 ms
12:14:53.515	[0:0:0:0:0:0:0:1]:50246	admin	200		12.16 ms
12:14:53.521	[0:0:0:0:0:0:0:1]:50250	admin	200		23.33 ms
12:14:53.524	[0:0:0:0:0:0:0:1]:50250	admin	REQUEST	[GET] /core/ui/js/MaxTEI.js
12:14:53.529	[0:0:0:0:0:0:0:1]:50247	admin	200		27.91 ms
12:14:53.531	[0:0:0:0:0:0:0:1]:50244	admin	REQUEST	[GET] /plugins/index/index.css
12:14:53.534	[0:0:0:0:0:0:0:1]:50248	admin	REQUEST	[GET] /plugins/img_viewer/img_viewer.css
12:14:53.548	[0:0:0:0:0:0:0:1]:50246	admin	REQUEST	[GET] /core/ui/lib/bootstrap.bundle.min.js
12:14:53.556	[0:0:0:0:0:0:0:1]:50248	admin	200		21.97 ms
12:14:53.556	[0:0:0:0:0:0:0:1]:50246	admin	200		8.35 ms
12:14:53.559	[0:0:0:0:0:0:0:1]:50248	admin	REQUEST	[GET] /plugins/thesauri_pdn/thesauri_pdn.js
12:14:53.560	[0:0:0:0:0:0:0:1]:50247	admin	REQUEST	[GET] /dyrin/ui/js/dyrin.js
12:14:53.567	[0:0:0:0:0:0:0:1]:50248	admin	200		8.33 ms
12:14:53.569	[0:0:0:0:0:0:0:1]:50244	admin	200		38.52 ms
12:14:53.569	[0:0:0:0:0:0:0:1]:50249	admin	REQUEST	[GET] /dyrin/ui/css/dyrin.css
12:14:53.571	[0:0:0:0:0:0:0:1]:50248	admin	REQUEST	[GET] /plugins/mirador_viewer/mirador_viewer.js
12:14:53.572	[0:0:0:0:0:0:0:1]:50250	admin	200		48.62 ms
12:14:53.573	[0:0:0:0:0:0:0:1]:50246	admin	REQUEST	[GET] /plugins/index/index.js
12:14:53.574	[0:0:0:0:0:0:0:1]:50250	admin	REQUEST	[GET] /plugins/img_viewer/img_viewer.js
12:14:53.578	[0:0:0:0:0:0:0:1]:50247	admin	200		17.59 ms
12:14:53.584	[0:0:0:0:0:0:0:1]:50248	admin	200		13.61 ms
12:14:53.585	[0:0:0:0:0:0:0:1]:50244	admin	REQUEST	[GET] /core/ui/css/header.css
12:14:53.589	[0:0:0:0:0:0:0:1]:50249	admin	200		19.41 ms
12:14:53.592	[0:0:0:0:0:0:0:1]:50246	admin	200		18.93 ms
12:14:53.592	[0:0:0:0:0:0:0:1]:50250	admin	200		17.55 ms
12:14:53.601	[0:0:0:0:0:0:0:1]:50244	admin	200		16.26 ms
12:14:53.603	[0:0:0:0:0:0:0:1]:50246	admin	REQUEST	[GET] /core/ui/images/logos/biblissima.png
12:14:53.603	[0:0:0:0:0:0:0:1]:50250	admin	REQUEST	[GET] /core/ui/images/logos/investissement-davenir.png
12:14:53.611	[0:0:0:0:0:0:0:1]:50246	admin	200		8.85 ms
12:14:53.612	[0:0:0:0:0:0:0:1]:50250	admin	200		9.12 ms
12:14:53.657	[0:0:0:0:0:0:0:1]:50244	admin	REQUEST	[GET] /core/ui/js/Plugin.js
12:14:53.659	[0:0:0:0:0:0:0:1]:50246	admin	REQUEST	[GET] /core/ui/js/AbstractMax.js
12:14:53.667	[0:0:0:0:0:0:0:1]:50244	admin	200		10.14 ms
12:14:53.669	[0:0:0:0:0:0:0:1]:50246	admin	200		10.3 ms
12:14:53.876	[0:0:0:0:0:0:0:1]:50244	admin	REQUEST	[GET] /favicon.ico
12:14:53.910	[0:0:0:0:0:0:0:1]:50244	admin	200		34.15 ms
14:08:29.331	[0:0:0:0:0:0:0:1]:50528	admin	REQUEST	[GET] /dyrin/ui/css/menuGauche.css
14:08:29.375	[0:0:0:0:0:0:0:1]:50528	admin	200		44.63 ms
14:08:29.727	[0:0:0:0:0:0:0:1]:50528	admin	REQUEST	[GET] /core/ui/lib/bootstrap.min.css
14:08:29.728	[0:0:0:0:0:0:0:1]:50529	admin	REQUEST	[GET] /dyrin/ui/css/dyrin.css
14:08:29.733	[0:0:0:0:0:0:0:1]:50529	admin	200		5.18 ms
14:08:29.733	[0:0:0:0:0:0:0:1]:50528	admin	200		6.58 ms
14:08:29.779	[0:0:0:0:0:0:0:1]:50528	admin	REQUEST	[GET] /core/ui/css/tei.css
14:08:29.786	[0:0:0:0:0:0:0:1]:50528	admin	200		7.45 ms
14:08:30.176	[0:0:0:0:0:0:0:1]:50528	admin	REQUEST	[GET] /core/ui/lib/bootstrap.min.css.map
14:08:30.183	[0:0:0:0:0:0:0:1]:50528	admin	200		6.72 ms
17:03:37.848	SERVER	admin	OK	Server was stopped (port: 16000).
17:03:37.872	SERVER	admin	OK	HTTP Server was stopped (port: 16002).
