16:13:50.596	SERVER	admin	OK	Server was started (port: 16000).
16:13:50.670	SERVER	admin	OK	HTTP Server was started (port: 16002).
16:13:58.912	[0:0:0:0:0:0:0:1]:49194	admin	REQUEST	[GET] /dyrin
16:14:01.967	[0:0:0:0:0:0:0:1]:49194	admin	302	Location: http://localhost:16002/dyrin/accueil.html	3059.19 ms
16:14:01.984	[0:0:0:0:0:0:0:1]:49194	admin	REQUEST	[GET] /dyrin/accueil.html
16:14:04.146	[0:0:0:0:0:0:0:1]:49194	admin	200		2163.08 ms
16:14:04.265	[0:0:0:0:0:0:0:1]:49194	admin	REQUEST	[GET] /core/ui/lib/bootstrap.min.css
16:14:04.284	[0:0:0:0:0:0:0:1]:49197	admin	REQUEST	[GET] /plugins/thesauri_pdn/thesauri_pdn.css
16:14:04.330	[0:0:0:0:0:0:0:1]:49194	admin	200		66.03 ms
16:14:04.338	[0:0:0:0:0:0:0:1]:49197	admin	200		55.13 ms
16:14:04.347	[0:0:0:0:0:0:0:1]:49197	admin	REQUEST	[GET] /plugins/index/index.css
16:14:04.355	[0:0:0:0:0:0:0:1]:49194	admin	REQUEST	[GET] /dyrin/ui/css/dyrin.css
16:14:04.379	[0:0:0:0:0:0:0:1]:49200	admin	REQUEST	[GET] /dyrin/ui/css/menuGauche.css
16:14:04.379	[0:0:0:0:0:0:0:1]:49198	admin	REQUEST	[GET] /core/ui/css/alignment.css
16:14:04.379	[0:0:0:0:0:0:0:1]:49199	admin	REQUEST	[GET] /core/ui/css/tei.css
16:14:04.380	[0:0:0:0:0:0:0:1]:49196	admin	REQUEST	[GET] /plugins/mirador_viewer/mirador_viewer.css
16:14:04.396	[0:0:0:0:0:0:0:1]:49199	admin	200		17.33 ms
16:14:04.401	[0:0:0:0:0:0:0:1]:49198	admin	200		22.75 ms
16:14:04.403	[0:0:0:0:0:0:0:1]:49196	admin	200		23.69 ms
16:14:04.404	[0:0:0:0:0:0:0:1]:49200	admin	200		25.42 ms
16:14:04.419	[0:0:0:0:0:0:0:1]:49199	admin	REQUEST	[GET] /core/ui/lib/bootstrap.bundle.min.js
16:14:04.431	[0:0:0:0:0:0:0:1]:49196	admin	REQUEST	[GET] /plugins/thesauri_pdn/thesauri_pdn.js
16:14:04.431	[0:0:0:0:0:0:0:1]:49200	admin	REQUEST	[GET] /dyrin/ui/js/dyrin.js
16:14:04.432	[0:0:0:0:0:0:0:1]:49198	admin	REQUEST	[GET] /core/ui/js/MaxTEI.js
16:14:04.439	[0:0:0:0:0:0:0:1]:49199	admin	200		30.5 ms
16:14:04.447	[0:0:0:0:0:0:0:1]:49196	admin	200		19.14 ms
16:14:04.447	[0:0:0:0:0:0:0:1]:49198	admin	200		17.86 ms
16:14:04.449	[0:0:0:0:0:0:0:1]:49200	admin	200		18.99 ms
16:14:04.452	[0:0:0:0:0:0:0:1]:49196	admin	REQUEST	[GET] /plugins/index/index.js
16:14:04.452	[0:0:0:0:0:0:0:1]:49200	admin	REQUEST	[GET] /plugins/mirador_viewer/mirador_viewer.js
16:14:04.453	[0:0:0:0:0:0:0:1]:49198	admin	REQUEST	[GET] /core/ui/css/header.css
16:14:04.470	[0:0:0:0:0:0:0:1]:49200	admin	200		17.66 ms
16:14:04.471	[0:0:0:0:0:0:0:1]:49197	admin	200		124.49 ms
16:14:04.480	[0:0:0:0:0:0:0:1]:49199	admin	REQUEST	[GET] /core/ui/js/Plugin.js
16:14:04.484	[0:0:0:0:0:0:0:1]:49197	admin	REQUEST	[GET] /core/ui/js/AbstractMax.js
16:14:04.496	[0:0:0:0:0:0:0:1]:49196	admin	200		44.15 ms
16:14:04.497	[0:0:0:0:0:0:0:1]:49198	admin	200		44.36 ms
16:14:04.497	[0:0:0:0:0:0:0:1]:49199	admin	200		16.63 ms
16:14:04.505	[0:0:0:0:0:0:0:1]:49194	admin	200		150.67 ms
16:14:04.509	[0:0:0:0:0:0:0:1]:49198	admin	REQUEST	[GET] /core/ui/images/logos/investissement-davenir.png
16:14:04.509	[0:0:0:0:0:0:0:1]:49199	admin	REQUEST	[GET] /core/ui/images/logos/biblissima.png
16:14:04.514	[0:0:0:0:0:0:0:1]:49197	admin	200		30.01 ms
16:14:04.526	[0:0:0:0:0:0:0:1]:49198	admin	200		17.66 ms
16:14:04.531	[0:0:0:0:0:0:0:1]:49199	admin	200		22.6 ms
16:14:04.569	[0:0:0:0:0:0:0:1]:49199	admin	REQUEST	[GET] /favicon.ico
16:14:04.620	[0:0:0:0:0:0:0:1]:49199	admin	200		51.44 ms
16:14:15.756	[0:0:0:0:0:0:0:1]:49194	admin	REQUEST	[GET] /dyrin/sommaire.html
16:14:16.518	[0:0:0:0:0:0:0:1]:49194	admin	200		763.08 ms
16:14:16.577	[0:0:0:0:0:0:0:1]:49199	admin	REQUEST	[GET] /core/ui/lib/bootstrap.min.css
16:14:16.581	[0:0:0:0:0:0:0:1]:49198	admin	REQUEST	[GET] /dyrin/ui/css/menuGauche.css
16:14:16.587	[0:0:0:0:0:0:0:1]:49200	admin	REQUEST	[GET] /core/ui/css/alignment.css
16:14:16.597	[0:0:0:0:0:0:0:1]:49198	admin	200		15.35 ms
16:14:16.597	[0:0:0:0:0:0:0:1]:49196	admin	REQUEST	[GET] /dyrin/ui/css/dyrin.css
16:14:16.599	[0:0:0:0:0:0:0:1]:49199	admin	200		22.47 ms
16:14:16.605	[0:0:0:0:0:0:0:1]:49200	admin	200		17.91 ms
16:14:16.607	[0:0:0:0:0:0:0:1]:49200	admin	REQUEST	[GET] /dyrin/ui/js/dyrin.js
16:14:16.615	[0:0:0:0:0:0:0:1]:49194	admin	REQUEST	[GET] /core/ui/lib/bootstrap.bundle.min.js
16:14:16.616	[0:0:0:0:0:0:0:1]:49196	admin	200		19.81 ms
16:14:16.621	[0:0:0:0:0:0:0:1]:49198	admin	REQUEST	[GET] /core/ui/js/MaxTEI.js
16:14:16.626	[0:0:0:0:0:0:0:1]:49200	admin	200		19.61 ms
16:14:16.632	[0:0:0:0:0:0:0:1]:49194	admin	200		16.58 ms
16:14:16.637	[0:0:0:0:0:0:0:1]:49198	admin	200		15.8 ms
16:14:16.647	[0:0:0:0:0:0:0:1]:49198	admin	REQUEST	[GET] /core/ui/js/AbstractMax.js
16:14:16.647	[0:0:0:0:0:0:0:1]:49197	admin	REQUEST	[GET] /core/ui/css/tei.css
16:14:16.659	[0:0:0:0:0:0:0:1]:49199	admin	REQUEST	[GET] /core/ui/js/Plugin.js
16:14:16.661	[0:0:0:0:0:0:0:1]:49198	admin	200		13.39 ms
16:14:16.664	[0:0:0:0:0:0:0:1]:49197	admin	200		16.57 ms
16:14:16.666	[0:0:0:0:0:0:0:1]:49198	admin	REQUEST	[GET] /core/ui/images/logos/biblissima.png
16:14:16.667	[0:0:0:0:0:0:0:1]:49196	admin	REQUEST	[GET] /core/ui/images/logos/investissement-davenir.png
16:14:16.673	[0:0:0:0:0:0:0:1]:49197	admin	REQUEST	[GET] /core/ui/css/header.css
16:14:16.679	[0:0:0:0:0:0:0:1]:49198	admin	200		13.93 ms
16:14:16.686	[0:0:0:0:0:0:0:1]:49197	admin	200		12.59 ms
16:14:16.686	[0:0:0:0:0:0:0:1]:49196	admin	200		19.9 ms
16:14:16.702	[0:0:0:0:0:0:0:1]:49199	admin	200		43.33 ms
16:14:19.713	[0:0:0:0:0:0:0:1]:49194	admin	REQUEST	[GET] /dyrin/doc/macareux_moine.html
16:14:20.736	[0:0:0:0:0:0:0:1]:49194	admin	200		1023.58 ms
16:14:20.800	[0:0:0:0:0:0:0:1]:49198	admin	REQUEST	[GET] /dyrin/ui/css/menuGauche.css
16:14:20.801	[0:0:0:0:0:0:0:1]:49199	admin	REQUEST	[GET] /core/ui/lib/bootstrap.min.css
16:14:20.802	[0:0:0:0:0:0:0:1]:49196	admin	REQUEST	[GET] /core/ui/css/tei.css
16:14:20.814	[0:0:0:0:0:0:0:1]:49196	admin	200		11.78 ms
16:14:20.814	[0:0:0:0:0:0:0:1]:49198	admin	200		14.03 ms
16:14:20.818	[0:0:0:0:0:0:0:1]:49197	admin	REQUEST	[GET] /core/ui/css/alignment.css
16:14:20.818	[0:0:0:0:0:0:0:1]:49199	admin	200		20.69 ms
16:14:20.828	[0:0:0:0:0:0:0:1]:49199	admin	REQUEST	[GET] /dyrin/ui/css/dyrin.css
16:14:20.832	[0:0:0:0:0:0:0:1]:49198	admin	REQUEST	[GET] /core/ui/lib/bootstrap.bundle.min.js
16:14:20.836	[0:0:0:0:0:0:0:1]:49196	admin	REQUEST	[GET] /core/ui/js/MaxTEI.js
16:14:20.844	[0:0:0:0:0:0:0:1]:49200	admin	REQUEST	[GET] /dyrin/ui/js/dyrin.js
16:14:20.854	[0:0:0:0:0:0:0:1]:49198	admin	200		22.53 ms
16:14:20.855	[0:0:0:0:0:0:0:1]:49199	admin	200		26.3 ms
16:14:20.859	[0:0:0:0:0:0:0:1]:49194	admin	REQUEST	[GET] /core/ui/css/header.css
16:14:20.866	[0:0:0:0:0:0:0:1]:49199	admin	REQUEST	[GET] /core/ui/js/Plugin.js
16:14:20.877	[0:0:0:0:0:0:0:1]:49200	admin	200		33.08 ms
16:14:20.878	[0:0:0:0:0:0:0:1]:49196	admin	200		42.06 ms
16:14:20.879	[0:0:0:0:0:0:0:1]:49199	admin	200		12.32 ms
16:14:20.881	[0:0:0:0:0:0:0:1]:49194	admin	200		22.82 ms
16:14:20.887	[0:0:0:0:0:0:0:1]:49199	admin	REQUEST	[GET] /core/ui/js/AbstractMax.js
16:14:20.895	[0:0:0:0:0:0:0:1]:49197	admin	200		77.31 ms
16:14:20.897	[0:0:0:0:0:0:0:1]:49198	admin	REQUEST	[GET] /core/ui/images/logos/biblissima.png
16:14:20.898	[0:0:0:0:0:0:0:1]:49196	admin	REQUEST	[GET] /core/ui/images/logos/investissement-davenir.png
16:14:20.904	[0:0:0:0:0:0:0:1]:49199	admin	200		17.71 ms
16:14:20.909	[0:0:0:0:0:0:0:1]:49198	admin	200		12.22 ms
16:14:20.934	[0:0:0:0:0:0:0:1]:49196	admin	200		35.84 ms
16:15:47.752	[0:0:0:0:0:0:0:1]:49229	admin	REQUEST	[GET] /dyrin/mirador/?linkhttps://www.e-rara.ch/i3f/v20/2120014/manifest&canvasId=&canvasIndex=147
16:15:47.817	[0:0:0:0:0:0:0:1]:49229	admin	200		65.26 ms
16:15:47.877	[0:0:0:0:0:0:0:1]:49229	admin	REQUEST	[GET] /plugins/mirador_viewer/max-mirador/MaxMirador.js
16:15:47.889	[0:0:0:0:0:0:0:1]:49229	admin	200		12.83 ms
16:15:55.446	[0:0:0:0:0:0:0:1]:49229	admin	REQUEST	[GET] /dyrin/index/lieux.html
16:15:55.684	[0:0:0:0:0:0:0:1]:49229	admin	200		238.26 ms
16:15:55.815	[0:0:0:0:0:0:0:1]:49229	admin	REQUEST	[GET] /core/ui/lib/bootstrap.min.css
16:15:55.823	[0:0:0:0:0:0:0:1]:49231	admin	REQUEST	[GET] /dyrin/ui/css/menuGauche.css
16:15:55.825	[0:0:0:0:0:0:0:1]:49232	admin	REQUEST	[GET] /core/ui/css/tei.css
16:15:55.830	[0:0:0:0:0:0:0:1]:49229	admin	200		15.51 ms
16:15:55.837	[0:0:0:0:0:0:0:1]:49234	admin	REQUEST	[GET] /dyrin/ui/css/dyrin.css
16:15:55.837	[0:0:0:0:0:0:0:1]:49233	admin	REQUEST	[GET] /core/ui/css/alignment.css
16:15:55.838	[0:0:0:0:0:0:0:1]:49232	admin	200		12.36 ms
16:15:55.839	[0:0:0:0:0:0:0:1]:49235	admin	REQUEST	[GET] /core/ui/lib/bootstrap.bundle.min.js
16:15:55.847	[0:0:0:0:0:0:0:1]:49232	admin	REQUEST	[GET] /core/ui/js/MaxTEI.js
16:15:55.849	[0:0:0:0:0:0:0:1]:49234	admin	200		12.84 ms
16:15:55.852	[0:0:0:0:0:0:0:1]:49234	admin	REQUEST	[GET] /dyrin/ui/js/dyrin.js
16:15:55.858	[0:0:0:0:0:0:0:1]:49233	admin	200		21.75 ms
16:15:55.860	[0:0:0:0:0:0:0:1]:49233	admin	REQUEST	[GET] /core/ui/js/Plugin.js
16:15:55.869	[0:0:0:0:0:0:0:1]:49232	admin	200		22.8 ms
16:15:55.870	[0:0:0:0:0:0:0:1]:49235	admin	200		31.16 ms
16:15:55.872	[0:0:0:0:0:0:0:1]:49232	admin	REQUEST	[GET] /core/ui/css/header.css
16:15:55.880	[0:0:0:0:0:0:0:1]:49235	admin	REQUEST	[GET] /core/ui/js/AbstractMax.js
16:15:55.883	[0:0:0:0:0:0:0:1]:49232	admin	200		11.23 ms
16:15:55.887	[0:0:0:0:0:0:0:1]:49231	admin	200		64.11 ms
16:15:55.888	[0:0:0:0:0:0:0:1]:49233	admin	200		28.88 ms
16:15:55.891	[0:0:0:0:0:0:0:1]:49235	admin	200		10.81 ms
16:15:55.892	[0:0:0:0:0:0:0:1]:49231	admin	REQUEST	[GET] /core/ui/images/logos/investissement-davenir.png
16:15:55.896	[0:0:0:0:0:0:0:1]:49232	admin	REQUEST	[GET] /core/ui/images/logos/biblissima.png
16:15:55.904	[0:0:0:0:0:0:0:1]:49231	admin	200		12.09 ms
16:15:55.907	[0:0:0:0:0:0:0:1]:49234	admin	200		55.33 ms
16:15:55.914	[0:0:0:0:0:0:0:1]:49232	admin	200		18.19 ms
16:16:11.359	[0:0:0:0:0:0:0:1]:49229	admin	REQUEST	[GET] /dyrin/doc/elan.html
16:16:11.987	[0:0:0:0:0:0:0:1]:49229	admin	200		628.56 ms
16:16:12.056	[0:0:0:0:0:0:0:1]:49235	admin	REQUEST	[GET] /core/ui/lib/bootstrap.min.css
16:16:12.058	[0:0:0:0:0:0:0:1]:49231	admin	REQUEST	[GET] /dyrin/ui/css/menuGauche.css
16:16:12.059	[0:0:0:0:0:0:0:1]:49232	admin	REQUEST	[GET] /core/ui/css/tei.css
16:16:12.060	[0:0:0:0:0:0:0:1]:49234	admin	REQUEST	[GET] /core/ui/css/alignment.css
16:16:12.070	[0:0:0:0:0:0:0:1]:49232	admin	200		11.04 ms
16:16:12.074	[0:0:0:0:0:0:0:1]:49235	admin	200		17.84 ms
16:16:12.078	[0:0:0:0:0:0:0:1]:49232	admin	REQUEST	[GET] /core/ui/js/MaxTEI.js
16:16:12.078	[0:0:0:0:0:0:0:1]:49229	admin	REQUEST	[GET] /core/ui/lib/bootstrap.bundle.min.js
16:16:12.090	[0:0:0:0:0:0:0:1]:49229	admin	200		12.07 ms
16:16:12.093	[0:0:0:0:0:0:0:1]:49235	admin	REQUEST	[GET] /dyrin/ui/js/dyrin.js
16:16:12.095	[0:0:0:0:0:0:0:1]:49234	admin	200		34.65 ms
16:16:12.097	[0:0:0:0:0:0:0:1]:49232	admin	200		20.02 ms
16:16:12.098	[0:0:0:0:0:0:0:1]:49233	admin	REQUEST	[GET] /dyrin/ui/css/dyrin.css
16:16:12.111	[0:0:0:0:0:0:0:1]:49232	admin	REQUEST	[GET] /core/ui/js/Plugin.js
16:16:12.108	[0:0:0:0:0:0:0:1]:49233	admin	200		45.91 ms
16:16:12.120	[0:0:0:0:0:0:0:1]:49229	admin	REQUEST	[GET] /core/ui/js/AbstractMax.js
16:16:12.128	[0:0:0:0:0:0:0:1]:49232	admin	200		17.1 ms
16:16:12.129	[0:0:0:0:0:0:0:1]:49234	admin	REQUEST	[GET] /core/ui/css/header.css
16:16:12.134	[0:0:0:0:0:0:0:1]:49229	admin	200		14.26 ms
16:16:12.140	[0:0:0:0:0:0:0:1]:49235	admin	200		47.07 ms
16:16:12.143	[0:0:0:0:0:0:0:1]:49234	admin	200		13.51 ms
16:16:12.153	[0:0:0:0:0:0:0:1]:49231	admin	200		95.63 ms
16:16:12.156	[0:0:0:0:0:0:0:1]:49235	admin	REQUEST	[GET] /core/ui/images/logos/biblissima.png
16:16:12.157	[0:0:0:0:0:0:0:1]:49232	admin	REQUEST	[GET] /core/ui/images/logos/investissement-davenir.png
16:16:12.167	[0:0:0:0:0:0:0:1]:49235	admin	200		12.1 ms
16:16:12.172	[0:0:0:0:0:0:0:1]:49232	admin	200		15.47 ms
16:16:21.822	[0:0:0:0:0:0:0:1]:49229	admin	REQUEST	[GET] /dyrin/doc/elan.html
16:16:22.350	[0:0:0:0:0:0:0:1]:49229	admin	200		528.02 ms
16:16:22.405	[0:0:0:0:0:0:0:1]:49235	admin	REQUEST	[GET] /core/ui/lib/bootstrap.min.css
16:16:22.409	[0:0:0:0:0:0:0:1]:49232	admin	REQUEST	[GET] /core/ui/css/tei.css
16:16:22.418	[0:0:0:0:0:0:0:1]:49235	admin	200		13.53 ms
16:16:22.420	[0:0:0:0:0:0:0:1]:49232	admin	200		10.62 ms
16:16:22.423	[0:0:0:0:0:0:0:1]:49233	admin	REQUEST	[GET] /core/ui/css/alignment.css
16:16:22.428	[0:0:0:0:0:0:0:1]:49232	admin	REQUEST	[GET] /core/ui/lib/bootstrap.bundle.min.js
16:16:22.430	[0:0:0:0:0:0:0:1]:49234	admin	REQUEST	[GET] /core/ui/js/MaxTEI.js
16:16:22.439	[0:0:0:0:0:0:0:1]:49233	admin	200		15.9 ms
16:16:22.440	[0:0:0:0:0:0:0:1]:49231	admin	REQUEST	[GET] /dyrin/ui/css/menuGauche.css
16:16:22.443	[0:0:0:0:0:0:0:1]:49234	admin	200		13.61 ms
16:16:22.443	[0:0:0:0:0:0:0:1]:49232	admin	200		15.41 ms
16:16:22.455	[0:0:0:0:0:0:0:1]:49231	admin	200		15.13 ms
16:16:22.467	[0:0:0:0:0:0:0:1]:49232	admin	REQUEST	[GET] /core/ui/js/Plugin.js
16:16:22.482	[0:0:0:0:0:0:0:1]:49235	admin	REQUEST	[GET] /dyrin/ui/css/dyrin.css
16:16:22.483	[0:0:0:0:0:0:0:1]:49231	admin	REQUEST	[GET] /core/ui/js/AbstractMax.js
16:16:22.483	[0:0:0:0:0:0:0:1]:49229	admin	REQUEST	[GET] /dyrin/ui/js/dyrin.js
16:16:22.485	[0:0:0:0:0:0:0:1]:49232	admin	200		18.16 ms
16:16:22.487	[0:0:0:0:0:0:0:1]:49233	admin	REQUEST	[GET] /core/ui/css/header.css
16:16:22.491	[0:0:0:0:0:0:0:1]:49235	admin	200		9.08 ms
16:16:22.491	[0:0:0:0:0:0:0:1]:49231	admin	200		8.64 ms
16:16:22.493	[0:0:0:0:0:0:0:1]:49229	admin	200		9.47 ms
16:16:22.500	[0:0:0:0:0:0:0:1]:49233	admin	200		13.15 ms
16:16:22.501	[0:0:0:0:0:0:0:1]:49235	admin	REQUEST	[GET] /core/ui/images/logos/biblissima.png
16:16:22.502	[0:0:0:0:0:0:0:1]:49232	admin	REQUEST	[GET] /core/ui/images/logos/investissement-davenir.png
16:16:22.510	[0:0:0:0:0:0:0:1]:49235	admin	200		9.25 ms
16:16:22.511	[0:0:0:0:0:0:0:1]:49232	admin	200		9.48 ms
16:16:33.778	[0:0:0:0:0:0:0:1]:49229	admin	REQUEST	[GET] /dyrin/index/personnes.html
16:16:33.992	[0:0:0:0:0:0:0:1]:49229	admin	200		214.37 ms
16:16:34.064	[0:0:0:0:0:0:0:1]:49235	admin	REQUEST	[GET] /core/ui/lib/bootstrap.min.css
16:16:34.065	[0:0:0:0:0:0:0:1]:49232	admin	REQUEST	[GET] /dyrin/ui/css/menuGauche.css
16:16:34.071	[0:0:0:0:0:0:0:1]:49234	admin	REQUEST	[GET] /core/ui/css/alignment.css
16:16:34.077	[0:0:0:0:0:0:0:1]:49235	admin	200		13.74 ms
16:16:34.077	[0:0:0:0:0:0:0:1]:49232	admin	200		12.41 ms
16:16:34.080	[0:0:0:0:0:0:0:1]:49232	admin	REQUEST	[GET] /dyrin/ui/css/dyrin.css
16:16:34.087	[0:0:0:0:0:0:0:1]:49234	admin	200		16.11 ms
16:16:34.091	[0:0:0:0:0:0:0:1]:49233	admin	REQUEST	[GET] /core/ui/lib/bootstrap.bundle.min.js
16:16:34.092	[0:0:0:0:0:0:0:1]:49235	admin	REQUEST	[GET] /dyrin/ui/js/dyrin.js
16:16:34.095	[0:0:0:0:0:0:0:1]:49232	admin	200		15.02 ms
16:16:34.097	[0:0:0:0:0:0:0:1]:49229	admin	REQUEST	[GET] /core/ui/js/MaxTEI.js
16:16:34.104	[0:0:0:0:0:0:0:1]:49233	admin	200		12.92 ms
16:16:34.108	[0:0:0:0:0:0:0:1]:49235	admin	200		17.08 ms
16:16:34.110	[0:0:0:0:0:0:0:1]:49229	admin	200		12.79 ms
16:16:34.113	[0:0:0:0:0:0:0:1]:49231	admin	REQUEST	[GET] /core/ui/css/tei.css
16:16:34.120	[0:0:0:0:0:0:0:1]:49235	admin	REQUEST	[GET] /core/ui/js/Plugin.js
16:16:34.123	[0:0:0:0:0:0:0:1]:49232	admin	REQUEST	[GET] /core/ui/js/AbstractMax.js
16:16:34.132	[0:0:0:0:0:0:0:1]:49235	admin	200		12.26 ms
16:16:34.136	[0:0:0:0:0:0:0:1]:49232	admin	200		14.11 ms
16:16:34.148	[0:0:0:0:0:0:0:1]:49231	admin	200		34.43 ms
16:16:34.149	[0:0:0:0:0:0:0:1]:49235	admin	REQUEST	[GET] /core/ui/images/logos/biblissima.png
16:16:34.149	[0:0:0:0:0:0:0:1]:49233	admin	REQUEST	[GET] /core/ui/images/logos/investissement-davenir.png
16:16:34.158	[0:0:0:0:0:0:0:1]:49232	admin	REQUEST	[GET] /core/ui/css/header.css
16:16:34.160	[0:0:0:0:0:0:0:1]:49235	admin	200		10.96 ms
16:16:34.162	[0:0:0:0:0:0:0:1]:49233	admin	200		13.06 ms
16:16:34.170	[0:0:0:0:0:0:0:1]:49232	admin	200		11.59 ms
16:16:35.101	[0:0:0:0:0:0:0:1]:49229	admin	REQUEST	[GET] /dyrin/index/themes.html
16:16:35.295	[0:0:0:0:0:0:0:1]:49229	admin	200		194.14 ms
16:16:35.358	[0:0:0:0:0:0:0:1]:49235	admin	REQUEST	[GET] /core/ui/lib/bootstrap.min.css
16:16:35.359	[0:0:0:0:0:0:0:1]:49233	admin	REQUEST	[GET] /dyrin/ui/css/menuGauche.css
16:16:35.361	[0:0:0:0:0:0:0:1]:49232	admin	REQUEST	[GET] /core/ui/css/tei.css
16:16:35.368	[0:0:0:0:0:0:0:1]:49231	admin	REQUEST	[GET] /core/ui/css/alignment.css
16:16:35.375	[0:0:0:0:0:0:0:1]:49234	admin	REQUEST	[GET] /dyrin/ui/css/dyrin.css
16:16:35.376	[0:0:0:0:0:0:0:1]:49231	admin	200		8.97 ms
16:16:35.377	[0:0:0:0:0:0:0:1]:49229	admin	REQUEST	[GET] /core/ui/lib/bootstrap.bundle.min.js
16:16:35.381	[0:0:0:0:0:0:0:1]:49231	admin	REQUEST	[GET] /core/ui/js/MaxTEI.js
16:16:35.386	[0:0:0:0:0:0:0:1]:49234	admin	200		11.63 ms
16:16:35.398	[0:0:0:0:0:0:0:1]:49233	admin	200		39.32 ms
16:16:35.401	[0:0:0:0:0:0:0:1]:49234	admin	REQUEST	[GET] /dyrin/ui/js/dyrin.js
16:16:35.402	[0:0:0:0:0:0:0:1]:49232	admin	200		40.93 ms
16:16:35.402	[0:0:0:0:0:0:0:1]:49233	admin	REQUEST	[GET] /core/ui/js/Plugin.js
16:16:35.386	[0:0:0:0:0:0:0:1]:49229	admin	200		9.93 ms
16:16:35.404	[0:0:0:0:0:0:0:1]:49231	admin	200		23.14 ms
16:16:35.411	[0:0:0:0:0:0:0:1]:49232	admin	REQUEST	[GET] /core/ui/js/AbstractMax.js
16:16:35.416	[0:0:0:0:0:0:0:1]:49231	admin	REQUEST	[GET] /core/ui/css/header.css
16:16:35.421	[0:0:0:0:0:0:0:1]:49233	admin	200		19.27 ms
16:16:35.422	[0:0:0:0:0:0:0:1]:49234	admin	200		20.82 ms
16:16:35.424	[0:0:0:0:0:0:0:1]:49235	admin	200		66.09 ms
16:16:35.424	[0:0:0:0:0:0:0:1]:49231	admin	200		8.9 ms
16:16:35.425	[0:0:0:0:0:0:0:1]:49232	admin	200		14.16 ms
16:16:35.433	[0:0:0:0:0:0:0:1]:49232	admin	REQUEST	[GET] /core/ui/images/logos/investissement-davenir.png
16:16:35.433	[0:0:0:0:0:0:0:1]:49233	admin	REQUEST	[GET] /core/ui/images/logos/biblissima.png
16:16:35.442	[0:0:0:0:0:0:0:1]:49232	admin	200		9.24 ms
16:16:35.454	[0:0:0:0:0:0:0:1]:49233	admin	200		20.44 ms
16:16:36.845	[0:0:0:0:0:0:0:1]:49229	admin	REQUEST	[GET] /dyrin/index/zoonymes.html
16:16:36.997	[0:0:0:0:0:0:0:1]:49229	admin	200		151.94 ms
16:16:37.054	[0:0:0:0:0:0:0:1]:49235	admin	REQUEST	[GET] /core/ui/lib/bootstrap.min.css
16:16:37.057	[0:0:0:0:0:0:0:1]:49232	admin	REQUEST	[GET] /dyrin/ui/css/menuGauche.css
16:16:37.065	[0:0:0:0:0:0:0:1]:49235	admin	200		11.79 ms
16:16:37.067	[0:0:0:0:0:0:0:1]:49232	admin	200		10.89 ms
16:16:37.070	[0:0:0:0:0:0:0:1]:49233	admin	REQUEST	[GET] /core/ui/css/tei.css
16:16:37.078	[0:0:0:0:0:0:0:1]:49232	admin	REQUEST	[GET] /core/ui/lib/bootstrap.bundle.min.js
16:16:37.079	[0:0:0:0:0:0:0:1]:49234	admin	REQUEST	[GET] /core/ui/js/MaxTEI.js
16:16:37.083	[0:0:0:0:0:0:0:1]:49233	admin	200		12.56 ms
16:16:37.084	[0:0:0:0:0:0:0:1]:49231	admin	REQUEST	[GET] /core/ui/css/alignment.css
16:16:37.088	[0:0:0:0:0:0:0:1]:49232	admin	200		10.65 ms
16:16:37.094	[0:0:0:0:0:0:0:1]:49234	admin	200		15.17 ms
16:16:37.102	[0:0:0:0:0:0:0:1]:49231	admin	200		18.04 ms
16:16:37.105	[0:0:0:0:0:0:0:1]:49235	admin	REQUEST	[GET] /dyrin/ui/css/dyrin.css
16:16:37.115	[0:0:0:0:0:0:0:1]:49232	admin	REQUEST	[GET] /core/ui/css/header.css
16:16:37.115	[0:0:0:0:0:0:0:1]:49235	admin	200		10.61 ms
16:16:37.118	[0:0:0:0:0:0:0:1]:49229	admin	REQUEST	[GET] /dyrin/ui/js/dyrin.js
16:16:37.124	[0:0:0:0:0:0:0:1]:49232	admin	200		10.01 ms
16:16:37.126	[0:0:0:0:0:0:0:1]:49234	admin	REQUEST	[GET] /core/ui/images/logos/investissement-davenir.png
16:16:37.131	[0:0:0:0:0:0:0:1]:49229	admin	200		12.66 ms
16:16:37.132	[0:0:0:0:0:0:0:1]:49233	admin	REQUEST	[GET] /core/ui/js/Plugin.js
16:16:37.135	[0:0:0:0:0:0:0:1]:49234	admin	200		9.01 ms
16:16:37.144	[0:0:0:0:0:0:0:1]:49235	admin	REQUEST	[GET] /core/ui/js/AbstractMax.js
16:16:37.145	[0:0:0:0:0:0:0:1]:49233	admin	200		12.84 ms
16:16:37.146	[0:0:0:0:0:0:0:1]:49231	admin	REQUEST	[GET] /core/ui/images/logos/biblissima.png
16:16:37.156	[0:0:0:0:0:0:0:1]:49231	admin	200		10.3 ms
16:16:37.167	[0:0:0:0:0:0:0:1]:49235	admin	200		22.74 ms
16:16:39.756	[0:0:0:0:0:0:0:1]:49229	admin	REQUEST	[GET] /dyrin/accueil.html
16:16:39.884	[0:0:0:0:0:0:0:1]:49229	admin	200		127.49 ms
16:16:39.946	[0:0:0:0:0:0:0:1]:49235	admin	REQUEST	[GET] /core/ui/lib/bootstrap.min.css
16:16:39.947	[0:0:0:0:0:0:0:1]:49232	admin	REQUEST	[GET] /dyrin/ui/css/menuGauche.css
16:16:39.952	[0:0:0:0:0:0:0:1]:49234	admin	REQUEST	[GET] /core/ui/css/alignment.css
16:16:39.958	[0:0:0:0:0:0:0:1]:49235	admin	200		12.09 ms
16:16:39.958	[0:0:0:0:0:0:0:1]:49232	admin	200		10.81 ms
16:16:39.962	[0:0:0:0:0:0:0:1]:49234	admin	200		10.78 ms
16:16:39.963	[0:0:0:0:0:0:0:1]:49232	admin	REQUEST	[GET] /dyrin/ui/css/dyrin.css
16:16:39.965	[0:0:0:0:0:0:0:1]:49231	admin	REQUEST	[GET] /core/ui/lib/bootstrap.bundle.min.js
16:16:39.965	[0:0:0:0:0:0:0:1]:49235	admin	REQUEST	[GET] /core/ui/js/MaxTEI.js
16:16:39.968	[0:0:0:0:0:0:0:1]:49234	admin	REQUEST	[GET] /dyrin/ui/js/dyrin.js
16:16:39.981	[0:0:0:0:0:0:0:1]:49231	admin	200		15.58 ms
16:16:39.981	[0:0:0:0:0:0:0:1]:49232	admin	200		17.75 ms
16:16:39.983	[0:0:0:0:0:0:0:1]:49234	admin	200		16.61 ms
16:16:39.988	[0:0:0:0:0:0:0:1]:49235	admin	200		22.81 ms
16:16:39.998	[0:0:0:0:0:0:0:1]:49235	admin	REQUEST	[GET] /core/ui/js/Plugin.js
16:16:40.001	[0:0:0:0:0:0:0:1]:49232	admin	REQUEST	[GET] /core/ui/js/AbstractMax.js
16:16:40.009	[0:0:0:0:0:0:0:1]:49233	admin	REQUEST	[GET] /core/ui/css/tei.css
16:16:40.013	[0:0:0:0:0:0:0:1]:49232	admin	200		12.59 ms
16:16:40.014	[0:0:0:0:0:0:0:1]:49235	admin	200		16.71 ms
16:16:40.025	[0:0:0:0:0:0:0:1]:49233	admin	200		16.11 ms
16:16:40.026	[0:0:0:0:0:0:0:1]:49231	admin	REQUEST	[GET] /core/ui/images/logos/investissement-davenir.png
16:16:40.026	[0:0:0:0:0:0:0:1]:49235	admin	REQUEST	[GET] /core/ui/images/logos/biblissima.png
16:16:40.031	[0:0:0:0:0:0:0:1]:49232	admin	REQUEST	[GET] /core/ui/css/header.css
16:16:40.035	[0:0:0:0:0:0:0:1]:49235	admin	200		9.06 ms
16:16:40.035	[0:0:0:0:0:0:0:1]:49231	admin	200		9.04 ms
16:16:40.041	[0:0:0:0:0:0:0:1]:49232	admin	200		10.15 ms
16:16:41.164	[0:0:0:0:0:0:0:1]:49229	admin	REQUEST	[GET] /dyrin/sommaire.html
16:16:41.381	[0:0:0:0:0:0:0:1]:49229	admin	200		218.37 ms
16:16:41.438	[0:0:0:0:0:0:0:1]:49235	admin	REQUEST	[GET] /core/ui/lib/bootstrap.min.css
16:16:41.441	[0:0:0:0:0:0:0:1]:49233	admin	REQUEST	[GET] /dyrin/ui/css/menuGauche.css
16:16:41.442	[0:0:0:0:0:0:0:1]:49231	admin	REQUEST	[GET] /core/ui/css/tei.css
16:16:41.444	[0:0:0:0:0:0:0:1]:49232	admin	REQUEST	[GET] /core/ui/css/alignment.css
16:16:41.455	[0:0:0:0:0:0:0:1]:49235	admin	200		17.86 ms
16:16:41.459	[0:0:0:0:0:0:0:1]:49234	admin	REQUEST	[GET] /dyrin/ui/css/dyrin.css
16:16:41.464	[0:0:0:0:0:0:0:1]:49233	admin	200		23.17 ms
16:16:41.465	[0:0:0:0:0:0:0:1]:49235	admin	REQUEST	[GET] /core/ui/js/MaxTEI.js
16:16:41.467	[0:0:0:0:0:0:0:1]:49233	admin	REQUEST	[GET] /dyrin/ui/js/dyrin.js
16:16:41.468	[0:0:0:0:0:0:0:1]:49229	admin	REQUEST	[GET] /core/ui/lib/bootstrap.bundle.min.js
16:16:41.468	[0:0:0:0:0:0:0:1]:49231	admin	200		26.95 ms
16:16:41.479	[0:0:0:0:0:0:0:1]:49232	admin	200		36.67 ms
16:16:41.485	[0:0:0:0:0:0:0:1]:49234	admin	200		26.33 ms
16:16:41.488	[0:0:0:0:0:0:0:1]:49232	admin	REQUEST	[GET] /core/ui/images/logos/investissement-davenir.png
16:16:41.488	[0:0:0:0:0:0:0:1]:49231	admin	REQUEST	[GET] /core/ui/images/logos/biblissima.png
16:16:41.490	[0:0:0:0:0:0:0:1]:49234	admin	REQUEST	[GET] /core/ui/js/Plugin.js
16:16:41.498	[0:0:0:0:0:0:0:1]:49229	admin	200		30.32 ms
16:16:41.503	[0:0:0:0:0:0:0:1]:49233	admin	200		36.6 ms
16:16:41.506	[0:0:0:0:0:0:0:1]:49231	admin	200		18.24 ms
16:16:41.507	[0:0:0:0:0:0:0:1]:49235	admin	200		41.31 ms
16:16:41.517	[0:0:0:0:0:0:0:1]:49234	admin	200		26.89 ms
16:16:41.519	[0:0:0:0:0:0:0:1]:49232	admin	200		31.08 ms
16:16:41.527	[0:0:0:0:0:0:0:1]:49235	admin	REQUEST	[GET] /core/ui/css/header.css
16:16:41.531	[0:0:0:0:0:0:0:1]:49233	admin	REQUEST	[GET] /core/ui/js/AbstractMax.js
16:16:41.539	[0:0:0:0:0:0:0:1]:49235	admin	200		11.76 ms
16:16:41.539	[0:0:0:0:0:0:0:1]:49233	admin	200		8.67 ms
16:16:49.007	[0:0:0:0:0:0:0:1]:49229	admin	REQUEST	[GET] /dyrin/doc/ours_polaire.html
16:16:49.462	[0:0:0:0:0:0:0:1]:49229	admin	200		455.0 ms
16:16:49.520	[0:0:0:0:0:0:0:1]:49235	admin	REQUEST	[GET] /core/ui/lib/bootstrap.min.css
16:16:49.523	[0:0:0:0:0:0:0:1]:49232	admin	REQUEST	[GET] /core/ui/css/tei.css
16:16:49.529	[0:0:0:0:0:0:0:1]:49231	admin	REQUEST	[GET] /dyrin/ui/css/menuGauche.css
16:16:49.533	[0:0:0:0:0:0:0:1]:49234	admin	REQUEST	[GET] /dyrin/ui/css/dyrin.css
16:16:49.533	[0:0:0:0:0:0:0:1]:49232	admin	200		9.77 ms
16:16:49.540	[0:0:0:0:0:0:0:1]:49229	admin	REQUEST	[GET] /core/ui/lib/bootstrap.bundle.min.js
16:16:49.540	[0:0:0:0:0:0:0:1]:49232	admin	REQUEST	[GET] /core/ui/js/MaxTEI.js
16:16:49.542	[0:0:0:0:0:0:0:1]:49234	admin	200		9.41 ms
16:16:49.549	[0:0:0:0:0:0:0:1]:49232	admin	200		8.99 ms
16:16:49.549	[0:0:0:0:0:0:0:1]:49229	admin	200		9.3 ms
16:16:49.550	[0:0:0:0:0:0:0:1]:49232	admin	REQUEST	[GET] /dyrin/ui/js/dyrin.js
16:16:49.557	[0:0:0:0:0:0:0:1]:49235	admin	200		37.16 ms
16:16:49.561	[0:0:0:0:0:0:0:1]:49231	admin	200		32.31 ms
16:16:49.569	[0:0:0:0:0:0:0:1]:49231	admin	REQUEST	[GET] /core/ui/js/Plugin.js
16:16:49.572	[0:0:0:0:0:0:0:1]:49235	admin	REQUEST	[GET] /core/ui/js/AbstractMax.js
16:16:49.578	[0:0:0:0:0:0:0:1]:49232	admin	200		27.62 ms
16:16:49.578	[0:0:0:0:0:0:0:1]:49229	admin	REQUEST	[GET] /core/ui/css/header.css
16:16:49.586	[0:0:0:0:0:0:0:1]:49231	admin	200		17.65 ms
16:16:49.589	[0:0:0:0:0:0:0:1]:49235	admin	200		17.27 ms
16:16:49.591	[0:0:0:0:0:0:0:1]:49233	admin	REQUEST	[GET] /core/ui/css/alignment.css
16:16:49.598	[0:0:0:0:0:0:0:1]:49229	admin	200		20.19 ms
16:16:49.602	[0:0:0:0:0:0:0:1]:49233	admin	200		11.66 ms
16:16:49.603	[0:0:0:0:0:0:0:1]:49232	admin	REQUEST	[GET] /core/ui/images/logos/investissement-davenir.png
16:16:49.604	[0:0:0:0:0:0:0:1]:49235	admin	REQUEST	[GET] /core/ui/images/logos/biblissima.png
16:16:49.629	[0:0:0:0:0:0:0:1]:49232	admin	200		25.5 ms
16:16:49.631	[0:0:0:0:0:0:0:1]:49235	admin	200		28.04 ms
16:58:03.335	[0:0:0:0:0:0:0:1]:49399	admin	REQUEST	[GET] /dyrin/sommaire.html
16:58:03.542	[0:0:0:0:0:0:0:1]:49399	admin	200		207.81 ms
16:58:03.623	[0:0:0:0:0:0:0:1]:49399	admin	REQUEST	[GET] /core/ui/lib/bootstrap.min.css
16:58:03.627	[0:0:0:0:0:0:0:1]:49401	admin	REQUEST	[GET] /core/ui/css/tei.css
16:58:03.633	[0:0:0:0:0:0:0:1]:49399	admin	200		10.6 ms
16:58:03.636	[0:0:0:0:0:0:0:1]:49403	admin	REQUEST	[GET] /dyrin/ui/css/dyrin.css
16:58:03.636	[0:0:0:0:0:0:0:1]:49401	admin	200		10.1 ms
16:58:03.639	[0:0:0:0:0:0:0:1]:49401	admin	REQUEST	[GET] /core/ui/lib/bootstrap.bundle.min.js
16:58:03.640	[0:0:0:0:0:0:0:1]:49400	admin	REQUEST	[GET] /dyrin/ui/css/menuGauche.css
16:58:03.645	[0:0:0:0:0:0:0:1]:49403	admin	200		9.2 ms
16:58:03.650	[0:0:0:0:0:0:0:1]:49401	admin	200		12.83 ms
16:58:03.652	[0:0:0:0:0:0:0:1]:49399	admin	REQUEST	[GET] /core/ui/js/MaxTEI.js
16:58:03.651	[0:0:0:0:0:0:0:1]:49404	admin	REQUEST	[GET] /dyrin/ui/js/dyrin.js
16:58:03.654	[0:0:0:0:0:0:0:1]:49400	admin	200		13.96 ms
16:58:03.662	[0:0:0:0:0:0:0:1]:49404	admin	200		10.77 ms
16:58:03.672	[0:0:0:0:0:0:0:1]:49402	admin	REQUEST	[GET] /core/ui/css/alignment.css
16:58:03.676	[0:0:0:0:0:0:0:1]:49401	admin	REQUEST	[GET] /core/ui/js/Plugin.js
16:58:03.688	[0:0:0:0:0:0:0:1]:49402	admin	200		16.2 ms
16:58:03.688	[0:0:0:0:0:0:0:1]:49403	admin	REQUEST	[GET] /core/ui/css/header.css
16:58:03.691	[0:0:0:0:0:0:0:1]:49401	admin	200		15.24 ms
16:58:03.696	[0:0:0:0:0:0:0:1]:49399	admin	200		44.61 ms
16:58:03.696	[0:0:0:0:0:0:0:1]:49403	admin	200		9.02 ms
16:58:03.700	[0:0:0:0:0:0:0:1]:49400	admin	REQUEST	[GET] /core/ui/images/logos/investissement-davenir.png
16:58:03.701	[0:0:0:0:0:0:0:1]:49401	admin	REQUEST	[GET] /core/ui/images/logos/biblissima.png
16:58:03.706	[0:0:0:0:0:0:0:1]:49403	admin	REQUEST	[GET] /core/ui/js/AbstractMax.js
16:58:03.709	[0:0:0:0:0:0:0:1]:49400	admin	200		9.88 ms
16:58:03.710	[0:0:0:0:0:0:0:1]:49401	admin	200		8.73 ms
16:58:03.714	[0:0:0:0:0:0:0:1]:49403	admin	200		8.97 ms
16:58:03.742	[0:0:0:0:0:0:0:1]:49401	admin	REQUEST	[GET] /favicon.ico
16:58:03.761	[0:0:0:0:0:0:0:1]:49401	admin	200		19.61 ms
16:58:53.386	[0:0:0:0:0:0:0:1]:49399	admin	REQUEST	[GET] /dyrin/index/auteurs.html
16:58:53.562	[0:0:0:0:0:0:0:1]:49399	admin	200		177.11 ms
16:58:53.662	[0:0:0:0:0:0:0:1]:49401	admin	REQUEST	[GET] /core/ui/lib/bootstrap.min.css
16:58:53.665	[0:0:0:0:0:0:0:1]:49400	admin	REQUEST	[GET] /dyrin/ui/css/menuGauche.css
16:58:53.669	[0:0:0:0:0:0:0:1]:49403	admin	REQUEST	[GET] /core/ui/css/tei.css
16:58:53.671	[0:0:0:0:0:0:0:1]:49401	admin	200		8.99 ms
16:58:53.673	[0:0:0:0:0:0:0:1]:49400	admin	200		8.26 ms
16:58:53.675	[0:0:0:0:0:0:0:1]:49400	admin	REQUEST	[GET] /core/ui/css/alignment.css
16:58:53.677	[0:0:0:0:0:0:0:1]:49403	admin	200		8.31 ms
16:58:53.683	[0:0:0:0:0:0:0:1]:49401	admin	REQUEST	[GET] /dyrin/ui/css/dyrin.css
16:58:53.685	[0:0:0:0:0:0:0:1]:49400	admin	200		9.86 ms
16:58:53.687	[0:0:0:0:0:0:0:1]:49400	admin	REQUEST	[GET] /core/ui/lib/bootstrap.bundle.min.js
16:58:53.691	[0:0:0:0:0:0:0:1]:49403	admin	REQUEST	[GET] /core/ui/js/MaxTEI.js
16:58:53.692	[0:0:0:0:0:0:0:1]:49401	admin	200		9.16 ms
16:58:53.692	[0:0:0:0:0:0:0:1]:49404	admin	REQUEST	[GET] /dyrin/ui/js/dyrin.js
16:58:53.695	[0:0:0:0:0:0:0:1]:49400	admin	200		8.12 ms
16:58:53.701	[0:0:0:0:0:0:0:1]:49404	admin	200		8.64 ms
16:58:53.703	[0:0:0:0:0:0:0:1]:49403	admin	200		12.31 ms
16:58:53.706	[0:0:0:0:0:0:0:1]:49401	admin	REQUEST	[GET] /core/ui/images/logos/biblissima.png
16:58:53.707	[0:0:0:0:0:0:0:1]:49400	admin	REQUEST	[GET] /core/ui/images/logos/investissement-davenir.png
16:58:53.716	[0:0:0:0:0:0:0:1]:49400	admin	200		8.85 ms
16:58:53.721	[0:0:0:0:0:0:0:1]:49401	admin	200		15.26 ms
16:58:53.758	[0:0:0:0:0:0:0:1]:49401	admin	REQUEST	[GET] /core/ui/css/header.css
16:58:53.761	[0:0:0:0:0:0:0:1]:49400	admin	REQUEST	[GET] /core/ui/js/Plugin.js
16:58:53.763	[0:0:0:0:0:0:0:1]:49403	admin	REQUEST	[GET] /core/ui/js/AbstractMax.js
16:58:53.771	[0:0:0:0:0:0:0:1]:49400	admin	200		10.28 ms
16:58:53.772	[0:0:0:0:0:0:0:1]:49401	admin	200		14.33 ms
16:58:53.774	[0:0:0:0:0:0:0:1]:49403	admin	200		11.73 ms
16:58:57.039	[0:0:0:0:0:0:0:1]:49399	admin	REQUEST	[GET] /dyrin/index/artistes.html
16:58:57.186	[0:0:0:0:0:0:0:1]:49399	admin	200		147.97 ms
16:58:57.256	[0:0:0:0:0:0:0:1]:49401	admin	REQUEST	[GET] /core/ui/lib/bootstrap.min.css
16:58:57.258	[0:0:0:0:0:0:0:1]:49400	admin	REQUEST	[GET] /dyrin/ui/css/menuGauche.css
16:58:57.265	[0:0:0:0:0:0:0:1]:49401	admin	200		9.34 ms
16:58:57.268	[0:0:0:0:0:0:0:1]:49403	admin	REQUEST	[GET] /core/ui/css/tei.css
16:58:57.273	[0:0:0:0:0:0:0:1]:49404	admin	REQUEST	[GET] /core/ui/css/alignment.css
16:58:57.274	[0:0:0:0:0:0:0:1]:49399	admin	REQUEST	[GET] /core/ui/lib/bootstrap.bundle.min.js
16:58:57.281	[0:0:0:0:0:0:0:1]:49403	admin	200		12.96 ms
16:58:57.287	[0:0:0:0:0:0:0:1]:49402	admin	REQUEST	[GET] /dyrin/ui/css/dyrin.css
16:58:57.292	[0:0:0:0:0:0:0:1]:49399	admin	200		18.37 ms
16:58:57.294	[0:0:0:0:0:0:0:1]:49403	admin	REQUEST	[GET] /core/ui/js/MaxTEI.js
16:58:57.299	[0:0:0:0:0:0:0:1]:49404	admin	200		26.85 ms
16:58:57.303	[0:0:0:0:0:0:0:1]:49404	admin	REQUEST	[GET] /core/ui/js/Plugin.js
16:58:57.307	[0:0:0:0:0:0:0:1]:49403	admin	200		14.21 ms
16:58:57.309	[0:0:0:0:0:0:0:1]:49399	admin	REQUEST	[GET] /dyrin/ui/js/dyrin.js
16:58:57.317	[0:0:0:0:0:0:0:1]:49402	admin	200		30.09 ms
16:58:57.319	[0:0:0:0:0:0:0:1]:49403	admin	REQUEST	[GET] /core/ui/css/header.css
16:58:57.321	[0:0:0:0:0:0:0:1]:49399	admin	200		11.75 ms
16:58:57.321	[0:0:0:0:0:0:0:1]:49400	admin	200		63.13 ms
16:58:57.325	[0:0:0:0:0:0:0:1]:49400	admin	REQUEST	[GET] /core/ui/js/AbstractMax.js
16:58:57.328	[0:0:0:0:0:0:0:1]:49403	admin	200		10.53 ms
16:58:57.333	[0:0:0:0:0:0:0:1]:49400	admin	200		8.7 ms
16:58:57.336	[0:0:0:0:0:0:0:1]:49402	admin	REQUEST	[GET] /core/ui/images/logos/investissement-davenir.png
16:58:57.336	[0:0:0:0:0:0:0:1]:49400	admin	REQUEST	[GET] /core/ui/images/logos/biblissima.png
16:58:57.340	[0:0:0:0:0:0:0:1]:49404	admin	200		36.74 ms
16:58:57.345	[0:0:0:0:0:0:0:1]:49400	admin	200		8.67 ms
16:58:57.350	[0:0:0:0:0:0:0:1]:49402	admin	200		14.53 ms
16:59:03.070	[0:0:0:0:0:0:0:1]:49399	admin	REQUEST	[GET] /dyrin/index/themes.html
16:59:03.218	[0:0:0:0:0:0:0:1]:49399	admin	200		147.71 ms
16:59:03.293	[0:0:0:0:0:0:0:1]:49401	admin	REQUEST	[GET] /core/ui/lib/bootstrap.min.css
16:59:03.294	[0:0:0:0:0:0:0:1]:49400	admin	REQUEST	[GET] /dyrin/ui/css/menuGauche.css
16:59:03.301	[0:0:0:0:0:0:0:1]:49402	admin	REQUEST	[GET] /core/ui/css/tei.css
16:59:03.307	[0:0:0:0:0:0:0:1]:49400	admin	200		13.33 ms
16:59:03.307	[0:0:0:0:0:0:0:1]:49401	admin	200		14.08 ms
16:59:03.312	[0:0:0:0:0:0:0:1]:49402	admin	200		11.23 ms
16:59:03.314	[0:0:0:0:0:0:0:1]:49403	admin	REQUEST	[GET] /core/ui/css/alignment.css
16:59:03.316	[0:0:0:0:0:0:0:1]:49400	admin	REQUEST	[GET] /core/ui/lib/bootstrap.bundle.min.js
16:59:03.318	[0:0:0:0:0:0:0:1]:49402	admin	REQUEST	[GET] /core/ui/js/MaxTEI.js
16:59:03.323	[0:0:0:0:0:0:0:1]:49403	admin	200		9.26 ms
16:59:03.324	[0:0:0:0:0:0:0:1]:49401	admin	REQUEST	[GET] /dyrin/ui/css/dyrin.css
16:59:03.325	[0:0:0:0:0:0:0:1]:49400	admin	200		8.58 ms
16:59:03.325	[0:0:0:0:0:0:0:1]:49404	admin	REQUEST	[GET] /dyrin/ui/js/dyrin.js
16:59:03.328	[0:0:0:0:0:0:0:1]:49402	admin	200		10.43 ms
16:59:03.335	[0:0:0:0:0:0:0:1]:49401	admin	200		11.22 ms
16:59:03.337	[0:0:0:0:0:0:0:1]:49400	admin	REQUEST	[GET] /core/ui/images/logos/biblissima.png
16:59:03.338	[0:0:0:0:0:0:0:1]:49402	admin	REQUEST	[GET] /core/ui/images/logos/investissement-davenir.png
16:59:03.340	[0:0:0:0:0:0:0:1]:49404	admin	200		15.0 ms
16:59:03.348	[0:0:0:0:0:0:0:1]:49402	admin	200		10.2 ms
16:59:03.350	[0:0:0:0:0:0:0:1]:49400	admin	200		13.04 ms
16:59:03.362	[0:0:0:0:0:0:0:1]:49401	admin	REQUEST	[GET] /core/ui/js/Plugin.js
16:59:03.367	[0:0:0:0:0:0:0:1]:49400	admin	REQUEST	[GET] /core/ui/js/AbstractMax.js
16:59:03.372	[0:0:0:0:0:0:0:1]:49401	admin	200		9.25 ms
16:59:03.376	[0:0:0:0:0:0:0:1]:49401	admin	REQUEST	[GET] /core/ui/css/header.css
16:59:03.376	[0:0:0:0:0:0:0:1]:49400	admin	200		8.73 ms
16:59:03.385	[0:0:0:0:0:0:0:1]:49401	admin	200		9.19 ms
16:59:16.488	[0:0:0:0:0:0:0:1]:49399	admin	REQUEST	[GET] /dyrin/index/lieux.html
16:59:16.640	[0:0:0:0:0:0:0:1]:49399	admin	200		152.38 ms
16:59:16.703	[0:0:0:0:0:0:0:1]:49401	admin	REQUEST	[GET] /core/ui/lib/bootstrap.min.css
16:59:16.705	[0:0:0:0:0:0:0:1]:49400	admin	REQUEST	[GET] /dyrin/ui/css/menuGauche.css
16:59:16.707	[0:0:0:0:0:0:0:1]:49402	admin	REQUEST	[GET] /core/ui/css/tei.css
16:59:16.715	[0:0:0:0:0:0:0:1]:49401	admin	200		11.8 ms
16:59:16.715	[0:0:0:0:0:0:0:1]:49400	admin	200		9.84 ms
16:59:16.718	[0:0:0:0:0:0:0:1]:49402	admin	200		12.04 ms
16:59:16.722	[0:0:0:0:0:0:0:1]:49403	admin	REQUEST	[GET] /core/ui/css/alignment.css
16:59:16.724	[0:0:0:0:0:0:0:1]:49401	admin	REQUEST	[GET] /dyrin/ui/css/dyrin.css
16:59:16.725	[0:0:0:0:0:0:0:1]:49400	admin	REQUEST	[GET] /core/ui/lib/bootstrap.bundle.min.js
16:59:16.727	[0:0:0:0:0:0:0:1]:49402	admin	REQUEST	[GET] /core/ui/js/MaxTEI.js
16:59:16.738	[0:0:0:0:0:0:0:1]:49401	admin	200		14.28 ms
16:59:16.738	[0:0:0:0:0:0:0:1]:49402	admin	200		11.54 ms
16:59:16.739	[0:0:0:0:0:0:0:1]:49404	admin	REQUEST	[GET] /dyrin/ui/js/dyrin.js
16:59:16.739	[0:0:0:0:0:0:0:1]:49400	admin	200		13.82 ms
16:59:16.749	[0:0:0:0:0:0:0:1]:49404	admin	200		11.04 ms
16:59:16.758	[0:0:0:0:0:0:0:1]:49401	admin	REQUEST	[GET] /core/ui/js/Plugin.js
16:59:16.761	[0:0:0:0:0:0:0:1]:49402	admin	REQUEST	[GET] /core/ui/js/AbstractMax.js
16:59:16.767	[0:0:0:0:0:0:0:1]:49400	admin	REQUEST	[GET] /core/ui/css/header.css
16:59:16.779	[0:0:0:0:0:0:0:1]:49401	admin	200		21.51 ms
16:59:16.785	[0:0:0:0:0:0:0:1]:49402	admin	200		23.98 ms
16:59:16.789	[0:0:0:0:0:0:0:1]:49400	admin	200		21.59 ms
16:59:16.797	[0:0:0:0:0:0:0:1]:49403	admin	200		75.13 ms
16:59:16.799	[0:0:0:0:0:0:0:1]:49400	admin	REQUEST	[GET] /core/ui/images/logos/investissement-davenir.png
16:59:16.799	[0:0:0:0:0:0:0:1]:49401	admin	REQUEST	[GET] /core/ui/images/logos/biblissima.png
16:59:16.808	[0:0:0:0:0:0:0:1]:49401	admin	200		8.52 ms
16:59:16.809	[0:0:0:0:0:0:0:1]:49400	admin	200		10.65 ms
17:02:05.428	[0:0:0:0:0:0:0:1]:49418	admin	REQUEST	[GET] /dyrin/doc/narval.html
17:02:05.833	[0:0:0:0:0:0:0:1]:49418	admin	200		405.68 ms
17:02:05.897	[0:0:0:0:0:0:0:1]:49418	admin	REQUEST	[GET] /core/ui/lib/bootstrap.min.css
17:02:05.900	[0:0:0:0:0:0:0:1]:49419	admin	REQUEST	[GET] /dyrin/ui/css/menuGauche.css
17:02:05.906	[0:0:0:0:0:0:0:1]:49418	admin	200		9.45 ms
17:02:05.909	[0:0:0:0:0:0:0:1]:49420	admin	REQUEST	[GET] /core/ui/css/tei.css
17:02:05.910	[0:0:0:0:0:0:0:1]:49419	admin	200		9.69 ms
17:02:05.914	[0:0:0:0:0:0:0:1]:49421	admin	REQUEST	[GET] /core/ui/css/alignment.css
17:02:05.918	[0:0:0:0:0:0:0:1]:49419	admin	REQUEST	[GET] /dyrin/ui/css/dyrin.css
17:02:05.926	[0:0:0:0:0:0:0:1]:49420	admin	200		17.23 ms
17:02:05.926	[0:0:0:0:0:0:0:1]:49419	admin	200		8.1 ms
17:02:05.928	[0:0:0:0:0:0:0:1]:49421	admin	200		14.35 ms
17:02:05.930	[0:0:0:0:0:0:0:1]:49422	admin	REQUEST	[GET] /core/ui/lib/bootstrap.bundle.min.js
17:02:05.931	[0:0:0:0:0:0:0:1]:49421	admin	REQUEST	[GET] /dyrin/ui/js/dyrin.js
17:02:05.933	[0:0:0:0:0:0:0:1]:49423	admin	REQUEST	[GET] /core/ui/js/MaxTEI.js
17:02:05.942	[0:0:0:0:0:0:0:1]:49422	admin	200		12.61 ms
17:02:05.943	[0:0:0:0:0:0:0:1]:49419	admin	REQUEST	[GET] /core/ui/images/logos/biblissima.png
17:02:05.955	[0:0:0:0:0:0:0:1]:49420	admin	REQUEST	[GET] /core/ui/images/logos/investissement-davenir.png
17:02:05.958	[0:0:0:0:0:0:0:1]:49422	admin	REQUEST	[GET] /core/ui/js/Plugin.js
17:02:05.971	[0:0:0:0:0:0:0:1]:49418	admin	REQUEST	[GET] /core/ui/css/header.css
17:02:05.972	[0:0:0:0:0:0:0:1]:49423	admin	200		39.05 ms
17:02:05.978	[0:0:0:0:0:0:0:1]:49419	admin	200		35.94 ms
17:02:05.979	[0:0:0:0:0:0:0:1]:49422	admin	200		20.52 ms
17:02:05.980	[0:0:0:0:0:0:0:1]:49420	admin	200		24.26 ms
17:02:05.988	[0:0:0:0:0:0:0:1]:49421	admin	200		57.49 ms
17:02:05.989	[0:0:0:0:0:0:0:1]:49422	admin	REQUEST	[GET] /core/ui/js/AbstractMax.js
17:02:05.992	[0:0:0:0:0:0:0:1]:49418	admin	200		21.23 ms
17:02:05.998	[0:0:0:0:0:0:0:1]:49422	admin	200		8.75 ms
19:24:51.479	SERVER	admin	OK	Server was stopped (port: 16000).
19:24:51.502	SERVER	admin	OK	HTTP Server was stopped (port: 16002).
