09:30:06.949	SERVER	admin	OK	Server was started (port: 16000).
09:30:07.031	SERVER	admin	OK	HTTP Server was started (port: 16002).
09:30:16.522	127.0.0.1:50414	admin	REQUEST	SET CHOP	39.46 ms
09:30:16.524	127.0.0.1:50414	admin	OK	CHOP: false	1.69 ms
09:31:26.004	127.0.0.1:50414	admin	REQUEST	LIST	1.07 ms
09:31:26.061	127.0.0.1:50414	admin	OK		56.96 ms
12:35:39.523	127.0.0.1:50414	admin	REQUEST	LIST dyrin	0.82 ms
12:35:39.599	127.0.0.1:50414	admin	OK		75.88 ms
17:03:36.255	SERVER	admin	ERROR	Server is running or permission was denied.
17:03:48.164	SERVER	admin	ERROR	Server is running or permission was denied.
17:04:08.547	SERVER	admin	ERROR	Server is running or permission was denied.
17:05:05.993	[0:0:0:0:0:0:0:1]:52355	admin	REQUEST	[GET] /dyrin
17:05:09.202	[0:0:0:0:0:0:0:1]:52355	admin	302	Location: http://localhost:16002/dyrin/accueil.html	3212.2 ms
17:05:09.222	[0:0:0:0:0:0:0:1]:52355	admin	REQUEST	[GET] /dyrin/accueil.html
17:05:11.441	[0:0:0:0:0:0:0:1]:52355	admin	200		2219.31 ms
17:05:11.569	[0:0:0:0:0:0:0:1]:52355	admin	REQUEST	[GET] /core/ui/lib/bootstrap.min.css
17:05:11.571	[0:0:0:0:0:0:0:1]:52357	admin	REQUEST	[GET] /dyrin/ui/css/menuGauche.css
17:05:11.587	[0:0:0:0:0:0:0:1]:52358	admin	REQUEST	[GET] /core/ui/css/tei.css
17:05:11.593	[0:0:0:0:0:0:0:1]:52359	admin	REQUEST	[GET] /core/ui/css/alignment.css
17:05:11.599	[0:0:0:0:0:0:0:1]:52360	admin	REQUEST	[GET] /plugins/mirador_viewer/mirador_viewer.css
17:05:11.599	[0:0:0:0:0:0:0:1]:52361	admin	REQUEST	[GET] /plugins/thesauri_pdn/thesauri_pdn.css
17:05:11.620	[0:0:0:0:0:0:0:1]:52357	admin	200		48.88 ms
17:05:11.620	[0:0:0:0:0:0:0:1]:52358	admin	200		33.51 ms
17:05:11.627	[0:0:0:0:0:0:0:1]:52357	admin	REQUEST	[GET] /plugins/index/index.css
17:05:11.629	[0:0:0:0:0:0:0:1]:52358	admin	REQUEST	[GET] /plugins/tei_pdf/tei_pdf.css
17:05:11.635	[0:0:0:0:0:0:0:1]:52355	admin	200		66.17 ms
17:05:11.641	[0:0:0:0:0:0:0:1]:52359	admin	200		47.51 ms
17:05:11.643	[0:0:0:0:0:0:0:1]:52361	admin	200		44.27 ms
17:05:11.647	[0:0:0:0:0:0:0:1]:52359	admin	REQUEST	[GET] /dyrin/ui/css/dyrin.css
17:05:11.651	[0:0:0:0:0:0:0:1]:52361	admin	REQUEST	[GET] /core/ui/lib/bootstrap.bundle.min.js
17:05:11.664	[0:0:0:0:0:0:0:1]:52357	admin	200		37.89 ms
17:05:11.669	[0:0:0:0:0:0:0:1]:52357	admin	REQUEST	[GET] /core/ui/js/MaxTEI.js
17:05:11.673	[0:0:0:0:0:0:0:1]:52360	admin	200		74.44 ms
17:05:11.673	[0:0:0:0:0:0:0:1]:52361	admin	200		22.62 ms
17:05:11.681	[0:0:0:0:0:0:0:1]:52360	admin	REQUEST	[GET] /dyrin/ui/js/dyrin.js
17:05:11.690	[0:0:0:0:0:0:0:1]:52361	admin	REQUEST	[GET] /plugins/thesauri_pdn/thesauri_pdn.js
17:05:11.711	[0:0:0:0:0:0:0:1]:52359	admin	200		64.52 ms
17:05:11.717	[0:0:0:0:0:0:0:1]:52359	admin	REQUEST	[GET] /plugins/mirador_viewer/mirador_viewer.js
17:05:11.721	[0:0:0:0:0:0:0:1]:52360	admin	200		41.05 ms
17:05:11.722	[0:0:0:0:0:0:0:1]:52357	admin	200		53.54 ms
17:05:11.730	[0:0:0:0:0:0:0:1]:52360	admin	REQUEST	[GET] /core/ui/css/header.css
17:05:11.731	[0:0:0:0:0:0:0:1]:52355	admin	REQUEST	[GET] /plugins/index/index.js
17:05:11.736	[0:0:0:0:0:0:0:1]:52358	admin	200		107.39 ms
17:05:11.753	[0:0:0:0:0:0:0:1]:52359	admin	200		35.82 ms
17:05:11.767	[0:0:0:0:0:0:0:1]:52357	admin	REQUEST	[GET] /core/ui/js/AbstractMax.js
17:05:11.767	[0:0:0:0:0:0:0:1]:52360	admin	200		37.25 ms
17:05:11.770	[0:0:0:0:0:0:0:1]:52358	admin	REQUEST	[GET] /core/ui/images/logos/investissement-davenir.png
17:05:11.785	[0:0:0:0:0:0:0:1]:52359	admin	REQUEST	[GET] /core/ui/images/logos/biblissima.png
17:05:11.787	[0:0:0:0:0:0:0:1]:52358	admin	200		18.09 ms
17:05:11.807	[0:0:0:0:0:0:0:1]:52359	admin	200		22.82 ms
17:05:11.808	[0:0:0:0:0:0:0:1]:52358	admin	REQUEST	[GET] /dyrin/ui/fonts/junicode/Junicode.ttf
17:05:11.835	[0:0:0:0:0:0:0:1]:52355	admin	200		104.89 ms
17:05:11.840	[0:0:0:0:0:0:0:1]:52357	admin	200		73.06 ms
17:05:11.840	[0:0:0:0:0:0:0:1]:52358	admin	200		32.42 ms
17:05:11.845	[0:0:0:0:0:0:0:1]:52361	admin	200		155.39 ms
17:05:11.858	[0:0:0:0:0:0:0:1]:52361	admin	REQUEST	[GET] /core/ui/js/Plugin.js
17:05:11.876	[0:0:0:0:0:0:0:1]:52361	admin	200		18.54 ms
17:05:11.927	[0:0:0:0:0:0:0:1]:52358	admin	REQUEST	[GET] /favicon.ico
17:05:11.971	[0:0:0:0:0:0:0:1]:52358	admin	200		43.63 ms
17:05:13.746	[0:0:0:0:0:0:0:1]:52358	admin	REQUEST	[GET] /dyrin/index/lieux.html
17:05:14.002	[0:0:0:0:0:0:0:1]:52358	admin	200		255.9 ms
17:05:14.093	[0:0:0:0:0:0:0:1]:52358	admin	REQUEST	[GET] /core/ui/lib/bootstrap.min.css
17:05:14.097	[0:0:0:0:0:0:0:1]:52361	admin	REQUEST	[GET] /dyrin/ui/css/menuGauche.css
17:05:14.110	[0:0:0:0:0:0:0:1]:52359	admin	REQUEST	[GET] /core/ui/css/tei.css
17:05:14.117	[0:0:0:0:0:0:0:1]:52358	admin	200		24.16 ms
17:05:14.124	[0:0:0:0:0:0:0:1]:52357	admin	REQUEST	[GET] /core/ui/css/alignment.css
17:05:14.135	[0:0:0:0:0:0:0:1]:52360	admin	REQUEST	[GET] /dyrin/ui/css/dyrin.css
17:05:14.139	[0:0:0:0:0:0:0:1]:52355	admin	REQUEST	[GET] /core/ui/lib/bootstrap.bundle.min.js
17:05:14.145	[0:0:0:0:0:0:0:1]:52361	admin	200		48.49 ms
17:05:14.147	[0:0:0:0:0:0:0:1]:52361	admin	REQUEST	[GET] /core/ui/js/MaxTEI.js
17:05:14.154	[0:0:0:0:0:0:0:1]:52358	admin	REQUEST	[GET] /dyrin/ui/js/dyrin.js
17:05:14.180	[0:0:0:0:0:0:0:1]:52357	admin	200		56.45 ms
17:05:14.183	[0:0:0:0:0:0:0:1]:52357	admin	REQUEST	[GET] /core/ui/js/Plugin.js
17:05:14.193	[0:0:0:0:0:0:0:1]:52360	admin	200		58.35 ms
17:05:14.132	[0:0:0:0:0:0:0:1]:52359	admin	200		86.3 ms
17:05:14.196	[0:0:0:0:0:0:0:1]:52358	admin	200		42.55 ms
17:05:14.200	[0:0:0:0:0:0:0:1]:52360	admin	REQUEST	[GET] /core/ui/images/logos/biblissima.png
17:05:14.201	[0:0:0:0:0:0:0:1]:52359	admin	REQUEST	[GET] /core/ui/images/logos/investissement-davenir.png
17:05:14.203	[0:0:0:0:0:0:0:1]:52358	admin	REQUEST	[GET] /core/ui/css/header.css
17:05:14.218	[0:0:0:0:0:0:0:1]:52361	admin	200		71.41 ms
17:05:14.219	[0:0:0:0:0:0:0:1]:52360	admin	200		20.07 ms
17:05:14.228	[0:0:0:0:0:0:0:1]:52355	admin	200		89.15 ms
17:05:14.231	[0:0:0:0:0:0:0:1]:52361	admin	REQUEST	[GET] /core/ui/js/AbstractMax.js
17:05:14.249	[0:0:0:0:0:0:0:1]:52357	admin	200		66.7 ms
17:05:14.254	[0:0:0:0:0:0:0:1]:52358	admin	200		51.43 ms
17:05:14.257	[0:0:0:0:0:0:0:1]:52359	admin	200		56.28 ms
17:05:14.262	[0:0:0:0:0:0:0:1]:52361	admin	200		31.6 ms
17:05:14.972	[0:0:0:0:0:0:0:1]:52358	admin	REQUEST	[GET] /dyrin/sommaire.html
17:05:15.456	[0:0:0:0:0:0:0:1]:52358	admin	200		484.46 ms
17:05:15.537	[0:0:0:0:0:0:0:1]:52358	admin	REQUEST	[GET] /core/ui/lib/bootstrap.min.css
17:05:15.538	[0:0:0:0:0:0:0:1]:52361	admin	REQUEST	[GET] /dyrin/ui/css/menuGauche.css
17:05:15.540	[0:0:0:0:0:0:0:1]:52359	admin	REQUEST	[GET] /core/ui/css/tei.css
17:05:15.552	[0:0:0:0:0:0:0:1]:52360	admin	REQUEST	[GET] /core/ui/css/alignment.css
17:05:15.554	[0:0:0:0:0:0:0:1]:52357	admin	REQUEST	[GET] /dyrin/ui/css/dyrin.css
17:05:15.556	[0:0:0:0:0:0:0:1]:52355	admin	REQUEST	[GET] /core/ui/lib/bootstrap.bundle.min.js
17:05:15.560	[0:0:0:0:0:0:0:1]:52361	admin	200		22.01 ms
17:05:15.563	[0:0:0:0:0:0:0:1]:52361	admin	REQUEST	[GET] /core/ui/js/MaxTEI.js
17:05:15.572	[0:0:0:0:0:0:0:1]:52357	admin	200		18.85 ms
17:05:15.575	[0:0:0:0:0:0:0:1]:52357	admin	REQUEST	[GET] /dyrin/ui/js/dyrin.js
17:05:15.593	[0:0:0:0:0:0:0:1]:52359	admin	200		53.72 ms
17:05:15.593	[0:0:0:0:0:0:0:1]:52357	admin	200		18.96 ms
17:05:15.595	[0:0:0:0:0:0:0:1]:52355	admin	200		39.37 ms
17:05:15.597	[0:0:0:0:0:0:0:1]:52360	admin	200		45.76 ms
17:05:15.597	[0:0:0:0:0:0:0:1]:52357	admin	REQUEST	[GET] /core/ui/js/Plugin.js
17:05:15.601	[0:0:0:0:0:0:0:1]:52358	admin	200		63.96 ms
17:05:15.609	[0:0:0:0:0:0:0:1]:52359	admin	REQUEST	[GET] /core/ui/images/logos/biblissima.png
17:05:15.609	[0:0:0:0:0:0:0:1]:52360	admin	REQUEST	[GET] /core/ui/images/logos/investissement-davenir.png
17:05:15.618	[0:0:0:0:0:0:0:1]:52358	admin	REQUEST	[GET] /core/ui/css/header.css
17:05:15.628	[0:0:0:0:0:0:0:1]:52360	admin	200		18.82 ms
17:05:15.633	[0:0:0:0:0:0:0:1]:52357	admin	200		35.7 ms
17:05:15.639	[0:0:0:0:0:0:0:1]:52361	admin	200		76.53 ms
17:05:15.648	[0:0:0:0:0:0:0:1]:52359	admin	200		38.68 ms
17:05:15.652	[0:0:0:0:0:0:0:1]:52361	admin	REQUEST	[GET] /core/ui/js/AbstractMax.js
17:05:15.657	[0:0:0:0:0:0:0:1]:52358	admin	200		39.42 ms
17:05:15.673	[0:0:0:0:0:0:0:1]:52361	admin	200		21.39 ms
17:05:29.711	[0:0:0:0:0:0:0:1]:52358	admin	REQUEST	[GET] /dyrin/doc/eider.html
17:05:30.724	[0:0:0:0:0:0:0:1]:52358	admin	200		1013.37 ms
17:05:30.787	[0:0:0:0:0:0:0:1]:52358	admin	REQUEST	[GET] /core/ui/lib/bootstrap.min.css
17:05:30.789	[0:0:0:0:0:0:0:1]:52361	admin	REQUEST	[GET] /dyrin/ui/css/menuGauche.css
17:05:30.801	[0:0:0:0:0:0:0:1]:52359	admin	REQUEST	[GET] /core/ui/css/alignment.css
17:05:30.803	[0:0:0:0:0:0:0:1]:52358	admin	200		16.89 ms
17:05:30.804	[0:0:0:0:0:0:0:1]:52361	admin	200		15.6 ms
17:05:30.808	[0:0:0:0:0:0:0:1]:52357	admin	REQUEST	[GET] /dyrin/ui/css/dyrin.css
17:05:30.815	[0:0:0:0:0:0:0:1]:52361	admin	REQUEST	[GET] /core/ui/lib/bootstrap.bundle.min.js
17:05:30.819	[0:0:0:0:0:0:0:1]:52359	admin	200		17.4 ms
17:05:30.823	[0:0:0:0:0:0:0:1]:52357	admin	200		14.38 ms
17:05:30.827	[0:0:0:0:0:0:0:1]:52360	admin	REQUEST	[GET] /core/ui/css/tei.css
17:05:30.827	[0:0:0:0:0:0:0:1]:52358	admin	REQUEST	[GET] /core/ui/js/MaxTEI.js
17:05:30.829	[0:0:0:0:0:0:0:1]:52361	admin	200		13.39 ms
17:05:30.841	[0:0:0:0:0:0:0:1]:52360	admin	200		14.42 ms
17:05:30.846	[0:0:0:0:0:0:0:1]:52359	admin	REQUEST	[GET] /core/ui/images/logos/investissement-davenir.png
17:05:30.852	[0:0:0:0:0:0:0:1]:52360	admin	REQUEST	[GET] /core/ui/js/Plugin.js
17:05:30.861	[0:0:0:0:0:0:0:1]:52357	admin	REQUEST	[GET] /core/ui/css/header.css
17:05:30.829	[0:0:0:0:0:0:0:1]:52355	admin	REQUEST	[GET] /dyrin/ui/js/dyrin.js
17:05:30.865	[0:0:0:0:0:0:0:1]:52358	admin	200		38.74 ms
17:05:30.870	[0:0:0:0:0:0:0:1]:52360	admin	200		17.56 ms
17:05:30.873	[0:0:0:0:0:0:0:1]:52358	admin	REQUEST	[GET] /core/ui/js/AbstractMax.js
17:05:30.874	[0:0:0:0:0:0:0:1]:52357	admin	200		13.06 ms
17:05:30.885	[0:0:0:0:0:0:0:1]:52358	admin	200		11.58 ms
17:05:30.888	[0:0:0:0:0:0:0:1]:52355	admin	200		59.14 ms
17:05:30.901	[0:0:0:0:0:0:0:1]:52361	admin	REQUEST	[GET] /core/ui/images/logos/biblissima.png
17:05:30.915	[0:0:0:0:0:0:0:1]:52359	admin	200		68.47 ms
17:05:30.916	[0:0:0:0:0:0:0:1]:52361	admin	200		69.81 ms
17:05:43.946	[0:0:0:0:0:0:0:1]:52358	admin	REQUEST	[GET] /dyrin/doc/elan.html
17:05:44.504	[0:0:0:0:0:0:0:1]:52358	admin	200		557.9 ms
17:05:44.585	[0:0:0:0:0:0:0:1]:52358	admin	REQUEST	[GET] /core/ui/lib/bootstrap.min.css
17:05:44.586	[0:0:0:0:0:0:0:1]:52361	admin	REQUEST	[GET] /dyrin/ui/css/menuGauche.css
17:05:44.592	[0:0:0:0:0:0:0:1]:52360	admin	REQUEST	[GET] /core/ui/css/tei.css
17:05:44.595	[0:0:0:0:0:0:0:1]:52359	admin	REQUEST	[GET] /core/ui/css/alignment.css
17:05:44.599	[0:0:0:0:0:0:0:1]:52358	admin	200		14.82 ms
17:05:44.608	[0:0:0:0:0:0:0:1]:52355	admin	REQUEST	[GET] /core/ui/lib/bootstrap.bundle.min.js
17:05:44.612	[0:0:0:0:0:0:0:1]:52358	admin	REQUEST	[GET] /core/ui/js/MaxTEI.js
17:05:44.613	[0:0:0:0:0:0:0:1]:52357	admin	REQUEST	[GET] /dyrin/ui/css/dyrin.css
17:05:44.617	[0:0:0:0:0:0:0:1]:52361	admin	200		30.69 ms
17:05:44.619	[0:0:0:0:0:0:0:1]:52361	admin	REQUEST	[GET] /dyrin/ui/js/dyrin.js
17:05:44.623	[0:0:0:0:0:0:0:1]:52358	admin	200		10.88 ms
17:05:44.625	[0:0:0:0:0:0:0:1]:52360	admin	200		33.71 ms
17:05:44.631	[0:0:0:0:0:0:0:1]:52361	admin	200		12.16 ms
17:05:44.641	[0:0:0:0:0:0:0:1]:52358	admin	REQUEST	[GET] /core/ui/js/Plugin.js
17:05:44.643	[0:0:0:0:0:0:0:1]:52361	admin	REQUEST	[GET] /core/ui/js/AbstractMax.js
17:05:44.648	[0:0:0:0:0:0:0:1]:52357	admin	200		35.33 ms
17:05:44.654	[0:0:0:0:0:0:0:1]:52359	admin	200		63.62 ms
17:05:44.657	[0:0:0:0:0:0:0:1]:52358	admin	200		19.03 ms
17:05:44.660	[0:0:0:0:0:0:0:1]:52360	admin	REQUEST	[GET] /core/ui/css/header.css
17:05:44.663	[0:0:0:0:0:0:0:1]:52361	admin	200		20.45 ms
17:05:44.671	[0:0:0:0:0:0:0:1]:52355	admin	200		62.78 ms
17:05:44.674	[0:0:0:0:0:0:0:1]:52360	admin	200		14.22 ms
17:05:44.675	[0:0:0:0:0:0:0:1]:52361	admin	REQUEST	[GET] /core/ui/images/logos/investissement-davenir.png
17:05:44.675	[0:0:0:0:0:0:0:1]:52358	admin	REQUEST	[GET] /core/ui/images/logos/biblissima.png
17:05:44.687	[0:0:0:0:0:0:0:1]:52361	admin	200		12.14 ms
17:05:44.691	[0:0:0:0:0:0:0:1]:52358	admin	200		15.83 ms
17:05:52.007	[0:0:0:0:0:0:0:1]:52358	admin	REQUEST	[GET] /dyrin/doc/ours_polaire.html
17:05:52.506	[0:0:0:0:0:0:0:1]:52358	admin	200		499.48 ms
17:05:52.564	[0:0:0:0:0:0:0:1]:52358	admin	REQUEST	[GET] /core/ui/lib/bootstrap.min.css
17:05:52.565	[0:0:0:0:0:0:0:1]:52361	admin	REQUEST	[GET] /dyrin/ui/css/menuGauche.css
17:05:52.567	[0:0:0:0:0:0:0:1]:52359	admin	REQUEST	[GET] /core/ui/css/tei.css
17:05:52.579	[0:0:0:0:0:0:0:1]:52358	admin	200		16.06 ms
17:05:52.585	[0:0:0:0:0:0:0:1]:52359	admin	200		18.92 ms
17:05:52.586	[0:0:0:0:0:0:0:1]:52361	admin	200		21.31 ms
17:05:52.590	[0:0:0:0:0:0:0:1]:52358	admin	REQUEST	[GET] /dyrin/ui/css/dyrin.css
17:05:52.592	[0:0:0:0:0:0:0:1]:52361	admin	REQUEST	[GET] /core/ui/lib/bootstrap.bundle.min.js
17:05:52.595	[0:0:0:0:0:0:0:1]:52357	admin	REQUEST	[GET] /dyrin/ui/js/dyrin.js
17:05:52.602	[0:0:0:0:0:0:0:1]:52361	admin	200		10.35 ms
17:05:52.606	[0:0:0:0:0:0:0:1]:52359	admin	REQUEST	[GET] /core/ui/js/MaxTEI.js
17:05:52.608	[0:0:0:0:0:0:0:1]:52357	admin	200		13.26 ms
17:05:52.610	[0:0:0:0:0:0:0:1]:52358	admin	200		20.51 ms
17:05:52.629	[0:0:0:0:0:0:0:1]:52358	admin	REQUEST	[GET] /core/ui/css/header.css
17:05:52.631	[0:0:0:0:0:0:0:1]:52361	admin	REQUEST	[GET] /core/ui/js/Plugin.js
17:05:52.633	[0:0:0:0:0:0:0:1]:52359	admin	200		27.9 ms
17:05:52.642	[0:0:0:0:0:0:0:1]:52359	admin	REQUEST	[GET] /core/ui/js/AbstractMax.js
17:05:52.644	[0:0:0:0:0:0:0:1]:52361	admin	200		12.68 ms
17:05:52.649	[0:0:0:0:0:0:0:1]:52358	admin	200		20.24 ms
17:05:52.652	[0:0:0:0:0:0:0:1]:52360	admin	REQUEST	[GET] /core/ui/css/alignment.css
17:05:52.652	[0:0:0:0:0:0:0:1]:52359	admin	200		10.39 ms
17:05:52.662	[0:0:0:0:0:0:0:1]:52360	admin	200		10.95 ms
17:05:52.665	[0:0:0:0:0:0:0:1]:52358	admin	REQUEST	[GET] /core/ui/images/logos/biblissima.png
17:05:52.665	[0:0:0:0:0:0:0:1]:52361	admin	REQUEST	[GET] /core/ui/images/logos/investissement-davenir.png
17:05:52.676	[0:0:0:0:0:0:0:1]:52358	admin	200		11.67 ms
17:05:52.677	[0:0:0:0:0:0:0:1]:52361	admin	200		11.69 ms
17:06:04.436	[0:0:0:0:0:0:0:1]:52388	admin	REQUEST	[GET] /core/ui/lib/bootstrap.bundle.min.js
17:06:04.437	[0:0:0:0:0:0:0:1]:52389	admin	REQUEST	[GET] /dyrin/doc/ours_polaire.html
17:06:04.495	[0:0:0:0:0:0:0:1]:52388	admin	200		60.18 ms
17:06:04.941	[0:0:0:0:0:0:0:1]:52389	admin	200		503.67 ms
17:06:12.740	[0:0:0:0:0:0:0:1]:52358	admin	REQUEST	[GET] /dyrin/ui/css/menuGauche.css
17:06:12.779	[0:0:0:0:0:0:0:1]:52358	admin	200		39.47 ms
17:06:12.917	[0:0:0:0:0:0:0:1]:52358	admin	REQUEST	[GET] /dyrin/ui/css/dyrin.css
17:06:12.930	[0:0:0:0:0:0:0:1]:52358	admin	200		13.33 ms
17:06:12.963	[0:0:0:0:0:0:0:1]:52358	admin	REQUEST	[GET] /core/ui/css/tei.css
17:06:12.977	[0:0:0:0:0:0:0:1]:52358	admin	200		14.48 ms
17:06:12.990	[0:0:0:0:0:0:0:1]:52358	admin	REQUEST	[GET] /core/ui/lib/bootstrap.min.css
17:06:13.002	[0:0:0:0:0:0:0:1]:52358	admin	200		11.45 ms
17:06:13.260	[0:0:0:0:0:0:0:1]:52358	admin	REQUEST	[GET] /core/ui/lib/bootstrap.min.css.map
17:06:13.278	[0:0:0:0:0:0:0:1]:52358	admin	200		18.21 ms
17:06:17.523	[0:0:0:0:0:0:0:1]:52388	admin	REQUEST	[GET] /core/ui/css/header.css
17:06:17.564	[0:0:0:0:0:0:0:1]:52388	admin	200		41.7 ms
17:06:17.617	[0:0:0:0:0:0:0:1]:52358	admin	REQUEST	[GET] /core/ui/css/alignment.css
17:06:17.630	[0:0:0:0:0:0:0:1]:52358	admin	200		13.89 ms
17:08:01.690	[0:0:0:0:0:0:0:1]:52401	admin	REQUEST	[GET] /dyrin/sommaire.html
17:08:01.730	[0:0:0:0:0:0:0:1]:52402	admin	REQUEST	[GET] /favicon.ico
17:08:01.753	[0:0:0:0:0:0:0:1]:52402	admin	200		23.16 ms
17:08:02.065	[0:0:0:0:0:0:0:1]:52401	admin	200		375.12 ms
17:08:02.624	[0:0:0:0:0:0:0:1]:52402	admin	REQUEST	[GET] /core/ui/lib/bootstrap.min.css.map
17:08:02.636	[0:0:0:0:0:0:0:1]:52402	admin	200		12.12 ms
17:08:09.090	[0:0:0:0:0:0:0:1]:52402	admin	REQUEST	[GET] /dyrin/doc/macareux_moine.html
17:08:09.247	[0:0:0:0:0:0:0:1]:52404	admin	REQUEST	[GET] /dyrin/doc/macareux_moine.html
17:08:09.593	[0:0:0:0:0:0:0:1]:52402	admin	200		503.1 ms
17:08:09.615	[0:0:0:0:0:0:0:1]:52404	admin	200		367.44 ms
17:08:09.698	[0:0:0:0:0:0:0:1]:52404	admin	REQUEST	[GET] /core/ui/lib/bootstrap.min.css
17:08:09.708	[0:0:0:0:0:0:0:1]:52404	admin	200		10.33 ms
17:08:09.712	[0:0:0:0:0:0:0:1]:52405	admin	REQUEST	[GET] /dyrin/ui/css/menuGauche.css
17:08:09.714	[0:0:0:0:0:0:0:1]:52404	admin	REQUEST	[GET] /core/ui/css/tei.css
17:08:09.717	[0:0:0:0:0:0:0:1]:52406	admin	REQUEST	[GET] /core/ui/css/alignment.css
17:08:09.722	[0:0:0:0:0:0:0:1]:52405	admin	200		10.21 ms
17:08:09.723	[0:0:0:0:0:0:0:1]:52407	admin	REQUEST	[GET] /dyrin/ui/css/dyrin.css
17:08:09.725	[0:0:0:0:0:0:0:1]:52405	admin	REQUEST	[GET] /core/ui/lib/bootstrap.bundle.min.js
17:08:09.736	[0:0:0:0:0:0:0:1]:52407	admin	200		12.59 ms
17:08:09.736	[0:0:0:0:0:0:0:1]:52409	admin	REQUEST	[GET] /core/ui/js/MaxTEI.js
17:08:09.736	[0:0:0:0:0:0:0:1]:52408	admin	REQUEST	[GET] /dyrin/ui/js/dyrin.js
17:08:09.737	[0:0:0:0:0:0:0:1]:52405	admin	200		12.23 ms
17:08:09.745	[0:0:0:0:0:0:0:1]:52408	admin	200		9.56 ms
17:08:09.747	[0:0:0:0:0:0:0:1]:52409	admin	200		10.86 ms
17:08:09.763	[0:0:0:0:0:0:0:1]:52405	admin	REQUEST	[GET] /core/ui/js/Plugin.js
17:08:09.764	[0:0:0:0:0:0:0:1]:52409	admin	REQUEST	[GET] /core/ui/js/AbstractMax.js
17:08:09.777	[0:0:0:0:0:0:0:1]:52409	admin	200		13.59 ms
17:08:09.780	[0:0:0:0:0:0:0:1]:52406	admin	200		62.9 ms
17:08:09.786	[0:0:0:0:0:0:0:1]:52405	admin	200		22.67 ms
17:08:09.791	[0:0:0:0:0:0:0:1]:52404	admin	200		77.81 ms
17:08:09.793	[0:0:0:0:0:0:0:1]:52405	admin	REQUEST	[GET] /core/ui/images/logos/biblissima.png
17:08:09.794	[0:0:0:0:0:0:0:1]:52409	admin	REQUEST	[GET] /core/ui/images/logos/investissement-davenir.png
17:08:09.804	[0:0:0:0:0:0:0:1]:52405	admin	200		11.28 ms
17:08:09.807	[0:0:0:0:0:0:0:1]:52409	admin	200		13.85 ms
17:08:09.808	[0:0:0:0:0:0:0:1]:52407	admin	REQUEST	[GET] /core/ui/css/header.css
17:08:09.819	[0:0:0:0:0:0:0:1]:52407	admin	200		10.72 ms
17:08:48.609	[0:0:0:0:0:0:0:1]:52404	admin	REQUEST	[GET] /dyrin/sommaire.html
17:08:48.796	[0:0:0:0:0:0:0:1]:52404	admin	200		187.2 ms
17:08:48.885	[0:0:0:0:0:0:0:1]:52405	admin	REQUEST	[GET] /core/ui/lib/bootstrap.min.css
17:08:48.890	[0:0:0:0:0:0:0:1]:52409	admin	REQUEST	[GET] /dyrin/ui/css/menuGauche.css
17:08:48.892	[0:0:0:0:0:0:0:1]:52407	admin	REQUEST	[GET] /core/ui/css/tei.css
17:08:48.906	[0:0:0:0:0:0:0:1]:52408	admin	REQUEST	[GET] /core/ui/css/alignment.css
17:08:48.907	[0:0:0:0:0:0:0:1]:52404	admin	REQUEST	[GET] /core/ui/lib/bootstrap.bundle.min.js
17:08:48.907	[0:0:0:0:0:0:0:1]:52409	admin	200		16.97 ms
17:08:48.918	[0:0:0:0:0:0:0:1]:52407	admin	200		26.7 ms
17:08:48.922	[0:0:0:0:0:0:0:1]:52409	admin	REQUEST	[GET] /core/ui/js/MaxTEI.js
17:08:48.923	[0:0:0:0:0:0:0:1]:52404	admin	200		15.96 ms
17:08:48.924	[0:0:0:0:0:0:0:1]:52408	admin	200		20.6 ms
17:08:48.926	[0:0:0:0:0:0:0:1]:52406	admin	REQUEST	[GET] /dyrin/ui/css/dyrin.css
17:08:48.942	[0:0:0:0:0:0:0:1]:52405	admin	200		57.64 ms
17:08:48.942	[0:0:0:0:0:0:0:1]:52408	admin	REQUEST	[GET] /core/ui/js/Plugin.js
17:08:48.944	[0:0:0:0:0:0:0:1]:52404	admin	REQUEST	[GET] /core/ui/css/header.css
17:08:48.954	[0:0:0:0:0:0:0:1]:52408	admin	200		11.63 ms
17:08:48.956	[0:0:0:0:0:0:0:1]:52404	admin	200		11.86 ms
17:08:48.962	[0:0:0:0:0:0:0:1]:52407	admin	REQUEST	[GET] /dyrin/ui/js/dyrin.js
17:08:48.966	[0:0:0:0:0:0:0:1]:52406	admin	200		41.03 ms
17:08:48.966	[0:0:0:0:0:0:0:1]:52409	admin	200		47.5 ms
17:08:48.982	[0:0:0:0:0:0:0:1]:52405	admin	REQUEST	[GET] /core/ui/js/AbstractMax.js
17:08:48.988	[0:0:0:0:0:0:0:1]:52407	admin	200		26.11 ms
17:08:48.996	[0:0:0:0:0:0:0:1]:52405	admin	200		13.76 ms
17:08:49.052	[0:0:0:0:0:0:0:1]:52405	admin	REQUEST	[GET] /favicon.ico
17:08:49.079	[0:0:0:0:0:0:0:1]:52405	admin	200		27.87 ms
17:08:51.806	[0:0:0:0:0:0:0:1]:52404	admin	REQUEST	[GET] /dyrin/doc/macareux_moine.html
17:08:51.956	[0:0:0:0:0:0:0:1]:52405	admin	REQUEST	[GET] /dyrin/doc/macareux_moine.html
17:08:52.258	[0:0:0:0:0:0:0:1]:52404	admin	200		451.97 ms
17:08:52.361	[0:0:0:0:0:0:0:1]:52405	admin	200		405.83 ms
17:08:52.428	[0:0:0:0:0:0:0:1]:52405	admin	REQUEST	[GET] /core/ui/lib/bootstrap.min.css
17:08:52.432	[0:0:0:0:0:0:0:1]:52409	admin	REQUEST	[GET] /dyrin/ui/css/menuGauche.css
17:08:52.437	[0:0:0:0:0:0:0:1]:52405	admin	200		9.79 ms
17:08:52.445	[0:0:0:0:0:0:0:1]:52409	admin	200		13.79 ms
17:08:52.450	[0:0:0:0:0:0:0:1]:52405	admin	REQUEST	[GET] /core/ui/css/tei.css
17:08:52.456	[0:0:0:0:0:0:0:1]:52409	admin	REQUEST	[GET] /core/ui/css/alignment.css
17:08:52.459	[0:0:0:0:0:0:0:1]:52406	admin	REQUEST	[GET] /dyrin/ui/css/dyrin.css
17:08:52.461	[0:0:0:0:0:0:0:1]:52407	admin	REQUEST	[GET] /core/ui/lib/bootstrap.bundle.min.js
17:08:52.462	[0:0:0:0:0:0:0:1]:52408	admin	REQUEST	[GET] /core/ui/js/MaxTEI.js
17:08:52.470	[0:0:0:0:0:0:0:1]:52406	admin	200		11.02 ms
17:08:52.473	[0:0:0:0:0:0:0:1]:52407	admin	200		12.4 ms
17:08:52.473	[0:0:0:0:0:0:0:1]:52418	admin	REQUEST	[GET] /dyrin/ui/js/dyrin.js
17:08:52.476	[0:0:0:0:0:0:0:1]:52408	admin	200		13.76 ms
17:08:52.477	[0:0:0:0:0:0:0:1]:52405	admin	200		27.02 ms
17:08:52.483	[0:0:0:0:0:0:0:1]:52418	admin	200		9.9 ms
17:08:52.497	[0:0:0:0:0:0:0:1]:52405	admin	REQUEST	[GET] /core/ui/js/Plugin.js
17:08:52.498	[0:0:0:0:0:0:0:1]:52407	admin	REQUEST	[GET] /core/ui/js/AbstractMax.js
17:08:52.502	[0:0:0:0:0:0:0:1]:52408	admin	REQUEST	[GET] /core/ui/css/header.css
17:08:52.506	[0:0:0:0:0:0:0:1]:52405	admin	200		9.56 ms
17:08:52.511	[0:0:0:0:0:0:0:1]:52408	admin	200		8.57 ms
17:08:52.514	[0:0:0:0:0:0:0:1]:52407	admin	200		15.95 ms
17:08:52.518	[0:0:0:0:0:0:0:1]:52409	admin	200		62.68 ms
17:08:52.520	[0:0:0:0:0:0:0:1]:52405	admin	REQUEST	[GET] /core/ui/images/logos/biblissima.png
17:08:52.520	[0:0:0:0:0:0:0:1]:52407	admin	REQUEST	[GET] /core/ui/images/logos/investissement-davenir.png
17:08:52.530	[0:0:0:0:0:0:0:1]:52407	admin	200		10.07 ms
17:08:52.530	[0:0:0:0:0:0:0:1]:52405	admin	200		10.09 ms
17:08:52.558	[0:0:0:0:0:0:0:1]:52405	admin	REQUEST	[GET] /favicon.ico
17:08:52.578	[0:0:0:0:0:0:0:1]:52405	admin	200		20.82 ms
17:08:57.104	[0:0:0:0:0:0:0:1]:52401	admin	REQUEST	[GET] /dyrin/doc/macareux_moine.html
17:08:57.213	[0:0:0:0:0:0:0:1]:52405	admin	REQUEST	[GET] /core/ui/lib/bootstrap.min.css.map
17:08:57.222	[0:0:0:0:0:0:0:1]:52405	admin	200		9.57 ms
17:08:57.591	[0:0:0:0:0:0:0:1]:52401	admin	200		487.83 ms
17:10:58.072	[0:0:0:0:0:0:0:1]:52424	admin	REQUEST	[GET] /dyrin/doc/macareux_moine.html
17:10:58.418	[0:0:0:0:0:0:0:1]:52424	admin	200		346.02 ms
17:10:58.511	[0:0:0:0:0:0:0:1]:52424	admin	REQUEST	[GET] /core/ui/lib/bootstrap.min.css
17:10:58.514	[0:0:0:0:0:0:0:1]:52425	admin	REQUEST	[GET] /dyrin/ui/css/menuGauche.css
17:10:58.526	[0:0:0:0:0:0:0:1]:52424	admin	200		14.89 ms
17:10:58.526	[0:0:0:0:0:0:0:1]:52425	admin	200		12.42 ms
17:10:58.531	[0:0:0:0:0:0:0:1]:52429	admin	REQUEST	[GET] /plugins/mirador_viewer/mirador_viewer.css
17:10:58.531	[0:0:0:0:0:0:0:1]:52427	admin	REQUEST	[GET] /core/ui/css/alignment.css
17:10:58.532	[0:0:0:0:0:0:0:1]:52426	admin	REQUEST	[GET] /core/ui/css/tei.css
17:10:58.533	[0:0:0:0:0:0:0:1]:52424	admin	REQUEST	[GET] /plugins/tei_pdf/tei_pdf.css
17:10:58.539	[0:0:0:0:0:0:0:1]:52425	admin	REQUEST	[GET] /plugins/index/index.css
17:10:58.540	[0:0:0:0:0:0:0:1]:52424	admin	200		8.38 ms
17:10:58.548	[0:0:0:0:0:0:0:1]:52427	admin	200		17.69 ms
17:10:58.549	[0:0:0:0:0:0:0:1]:52429	admin	200		18.87 ms
17:10:58.550	[0:0:0:0:0:0:0:1]:52425	admin	200		18.61 ms
17:10:58.551	[0:0:0:0:0:0:0:1]:52424	admin	REQUEST	[GET] /dyrin/ui/css/dyrin.css
17:10:58.553	[0:0:0:0:0:0:0:1]:52429	admin	REQUEST	[GET] /dyrin/ui/js/dyrin.js
17:10:58.554	[0:0:0:0:0:0:0:1]:52425	admin	REQUEST	[GET] /core/ui/lib/bootstrap.bundle.min.js
17:10:58.562	[0:0:0:0:0:0:0:1]:52424	admin	200		11.53 ms
17:10:58.564	[0:0:0:0:0:0:0:1]:52429	admin	200		11.02 ms
17:10:58.565	[0:0:0:0:0:0:0:1]:52425	admin	200		11.04 ms
17:10:58.553	[0:0:0:0:0:0:0:1]:52427	admin	REQUEST	[GET] /core/ui/js/MaxTEI.js
17:10:58.566	[0:0:0:0:0:0:0:1]:52424	admin	REQUEST	[GET] /plugins/thesauri_pdn/thesauri_pdn.js
17:10:58.564	[0:0:0:0:0:0:0:1]:52426	admin	200		32.43 ms
17:10:58.569	[0:0:0:0:0:0:0:1]:52428	admin	REQUEST	[GET] /plugins/thesauri_pdn/thesauri_pdn.css
17:10:58.574	[0:0:0:0:0:0:0:1]:52427	admin	200		21.25 ms
17:10:58.577	[0:0:0:0:0:0:0:1]:52424	admin	200		12.84 ms
17:10:58.579	[0:0:0:0:0:0:0:1]:52429	admin	REQUEST	[GET] /plugins/mirador_viewer/mirador_viewer.js
17:10:58.580	[0:0:0:0:0:0:0:1]:52425	admin	REQUEST	[GET] /plugins/index/index.js
17:10:58.582	[0:0:0:0:0:0:0:1]:52428	admin	200		13.56 ms
17:10:58.585	[0:0:0:0:0:0:0:1]:52428	admin	REQUEST	[GET] /core/ui/images/logos/investissement-davenir.png
17:10:58.588	[0:0:0:0:0:0:0:1]:52429	admin	200		8.82 ms
17:10:58.588	[0:0:0:0:0:0:0:1]:52425	admin	200		12.27 ms
17:10:58.590	[0:0:0:0:0:0:0:1]:52424	admin	REQUEST	[GET] /core/ui/images/logos/biblissima.png
17:10:58.593	[0:0:0:0:0:0:0:1]:52427	admin	REQUEST	[GET] /dyrin/ui/images/https://upload.wikimedia.org/wikipedia/commons/7/77/Papageitaucher_Fratercula_arctica_02.jpg
17:10:58.596	[0:0:0:0:0:0:0:1]:52428	admin	200		11.39 ms
17:10:58.601	[0:0:0:0:0:0:0:1]:52426	admin	REQUEST	[GET] /dyrin/ui/images/https://www.e-rara.ch/i3f/v20/528197/manifest&canvasId=&canvasIndex=81
17:10:58.609	[0:0:0:0:0:0:0:1]:52427	admin	404		16.09 ms
17:10:58.613	[0:0:0:0:0:0:0:1]:52424	admin	200		23.5 ms
17:10:58.613	[0:0:0:0:0:0:0:1]:52426	admin	404		12.47 ms
17:10:58.754	[0:0:0:0:0:0:0:1]:52425	admin	REQUEST	[GET] /core/ui/css/header.css
17:10:58.756	[0:0:0:0:0:0:0:1]:52428	admin	REQUEST	[GET] /core/ui/js/AbstractMax.js
17:10:58.766	[0:0:0:0:0:0:0:1]:52428	admin	200		10.59 ms
17:10:58.766	[0:0:0:0:0:0:0:1]:52427	admin	REQUEST	[GET] /core/ui/js/Plugin.js
17:10:58.767	[0:0:0:0:0:0:0:1]:52425	admin	200		13.11 ms
17:10:58.776	[0:0:0:0:0:0:0:1]:52427	admin	200		9.58 ms
17:10:58.830	[0:0:0:0:0:0:0:1]:52425	admin	REQUEST	[GET] /favicon.ico
17:10:58.852	[0:0:0:0:0:0:0:1]:52425	admin	200		21.98 ms
17:11:18.255	[0:0:0:0:0:0:0:1]:52425	admin	REQUEST	[GET] /core/ui/lib/bootstrap.min.css.map
17:11:18.285	[0:0:0:0:0:0:0:1]:52425	admin	200		30.27 ms
17:13:54.506	127.0.0.1:52441	admin	REQUEST	SET CHOP	0.72 ms
17:13:54.507	127.0.0.1:52441	admin	OK	CHOP: false	0.32 ms
17:14:04.053	127.0.0.1:52441	admin	REQUEST	LIST	0.41 ms
17:14:04.054	127.0.0.1:52441	admin	OK		1.03 ms
17:14:10.194	127.0.0.1:52441	admin	REQUEST	LIST dyrin	0.62 ms
17:14:10.198	127.0.0.1:52441	admin	OK		3.04 ms
17:14:13.949	127.0.0.1:52441	admin	REQUEST	OPEN dyrin	0.58 ms
17:14:13.951	127.0.0.1:52441	admin	OK	Database 'dyrin' was opened in 1.71 ms.	2.03 ms
17:15:57.169	127.0.0.1:52441	admin	REQUEST	ADD /Users/ag/Documents/elsa/fichiersbasex/dyrin/macareux_moine.xml	1.64 ms
17:15:57.205	127.0.0.1:52441	admin	OK	Resource(s) added in 24.15 ms.	35.79 ms
17:16:01.469	127.0.0.1:52441	admin	REQUEST	LIST dyrin	0.75 ms
17:16:01.470	127.0.0.1:52441	admin	OK		1.55 ms
17:16:33.680	[0:0:0:0:0:0:0:1]:52444	admin	REQUEST	[GET] /dyrin/doc/macareux_moine.html
17:16:33.757	[0:0:0:0:0:0:0:1]:52444	admin	500	Stopped at /Users/ag/Documents/elsa/projetsMaX/dyrin/dyrin-BaseX/webapp/MaX/max.xq, 186/24: [basex:doc] Database path 'dyrin/macareux_moine.xml' yields more than one document.	77.59 ms
17:16:33.811	[0:0:0:0:0:0:0:1]:52444	admin	REQUEST	[GET] /favicon.ico
17:16:33.846	[0:0:0:0:0:0:0:1]:52444	admin	200		34.72 ms
17:17:16.886	127.0.0.1:52441	admin	REQUEST	LIST	0.97 ms
17:17:16.888	127.0.0.1:52441	admin	OK		2.11 ms
17:17:45.156	127.0.0.1:52441	admin	REQUEST	DROP DB dyrin	0.43 ms
17:17:45.159	127.0.0.1:52441	admin	OK	Database 'dyrin' was dropped.	2.62 ms
17:17:58.125	127.0.0.1:52441	admin	REQUEST	CREATE DB dyrin	0.42 ms
17:17:58.136	127.0.0.1:52441	admin	OK	Database 'dyrin' created in 10.41 ms.	11.29 ms
17:18:12.652	127.0.0.1:52441	admin	REQUEST	ADD /Users/ag/Documents/elsa/fichiersbasex/dyrin/	1.02 ms
17:18:12.827	127.0.0.1:52441	admin	OK	Resource(s) added in 172.22 ms.	175.33 ms
17:18:17.052	127.0.0.1:52441	admin	REQUEST	LIST dyrin	0.65 ms
17:18:17.054	127.0.0.1:52441	admin	OK		1.71 ms
17:18:33.455	[0:0:0:0:0:0:0:1]:52452	admin	REQUEST	[GET] /dyrin/doc/macareux_moine.html
17:18:33.785	[0:0:0:0:0:0:0:1]:52452	admin	200		330.07 ms
17:18:33.857	[0:0:0:0:0:0:0:1]:52452	admin	REQUEST	[GET] /core/ui/lib/bootstrap.min.css
17:18:33.862	[0:0:0:0:0:0:0:1]:52454	admin	REQUEST	[GET] /core/ui/css/tei.css
17:18:33.870	[0:0:0:0:0:0:0:1]:52453	admin	REQUEST	[GET] /dyrin/ui/css/menuGauche.css
17:18:33.871	[0:0:0:0:0:0:0:1]:52457	admin	REQUEST	[GET] /plugins/mirador_viewer/mirador_viewer.css
17:18:33.870	[0:0:0:0:0:0:0:1]:52455	admin	REQUEST	[GET] /core/ui/css/alignment.css
17:18:33.872	[0:0:0:0:0:0:0:1]:52454	admin	200		10.06 ms
17:18:33.897	[0:0:0:0:0:0:0:1]:52454	admin	REQUEST	[GET] /plugins/index/index.css
17:18:33.902	[0:0:0:0:0:0:0:1]:52457	admin	200		31.65 ms
17:18:33.897	[0:0:0:0:0:0:0:1]:52456	admin	REQUEST	[GET] /plugins/thesauri_pdn/thesauri_pdn.css
17:18:33.902	[0:0:0:0:0:0:0:1]:52453	admin	200		32.9 ms
17:18:33.903	[0:0:0:0:0:0:0:1]:52455	admin	200		33.76 ms
17:18:33.905	[0:0:0:0:0:0:0:1]:52457	admin	REQUEST	[GET] /plugins/tei_pdf/tei_pdf.css
17:18:33.905	[0:0:0:0:0:0:0:1]:52454	admin	200		8.45 ms
17:18:33.913	[0:0:0:0:0:0:0:1]:52457	admin	200		8.96 ms
17:18:33.913	[0:0:0:0:0:0:0:1]:52452	admin	200		57.12 ms
17:18:33.916	[0:0:0:0:0:0:0:1]:52454	admin	REQUEST	[GET] /dyrin/ui/css/dyrin.css
17:18:33.920	[0:0:0:0:0:0:0:1]:52456	admin	200		23.61 ms
17:18:33.924	[0:0:0:0:0:0:0:1]:52454	admin	200		8.61 ms
17:18:33.931	[0:0:0:0:0:0:0:1]:52454	admin	REQUEST	[GET] /core/ui/lib/bootstrap.bundle.min.js
17:18:33.933	[0:0:0:0:0:0:0:1]:52456	admin	REQUEST	[GET] /core/ui/js/MaxTEI.js
17:18:33.941	[0:0:0:0:0:0:0:1]:52456	admin	200		8.24 ms
17:18:33.943	[0:0:0:0:0:0:0:1]:52453	admin	REQUEST	[GET] /dyrin/ui/js/dyrin.js
17:18:33.946	[0:0:0:0:0:0:0:1]:52456	admin	REQUEST	[GET] /plugins/thesauri_pdn/thesauri_pdn.js
17:18:33.949	[0:0:0:0:0:0:0:1]:52457	admin	REQUEST	[GET] /plugins/mirador_viewer/mirador_viewer.js
17:18:33.952	[0:0:0:0:0:0:0:1]:52453	admin	200		9.97 ms
17:18:33.955	[0:0:0:0:0:0:0:1]:52456	admin	200		8.26 ms
17:18:33.956	[0:0:0:0:0:0:0:1]:52454	admin	200		25.64 ms
17:18:33.957	[0:0:0:0:0:0:0:1]:52457	admin	200		8.2 ms
17:18:33.997	[0:0:0:0:0:0:0:1]:52454	admin	REQUEST	[GET] /plugins/index/index.js
17:18:34.004	[0:0:0:0:0:0:0:1]:52456	admin	REQUEST	[GET] /core/ui/images/logos/biblissima.png
17:18:34.006	[0:0:0:0:0:0:0:1]:52453	admin	REQUEST	[GET] /core/ui/images/logos/investissement-davenir.png
17:18:34.008	[0:0:0:0:0:0:0:1]:52454	admin	200		11.13 ms
17:18:34.016	[0:0:0:0:0:0:0:1]:52456	admin	200		12.58 ms
17:18:34.017	[0:0:0:0:0:0:0:1]:52453	admin	200		11.41 ms
17:18:34.095	[0:0:0:0:0:0:0:1]:52454	admin	REQUEST	[GET] /core/ui/css/header.css
17:18:34.106	[0:0:0:0:0:0:0:1]:52454	admin	200		11.1 ms
17:18:34.111	[0:0:0:0:0:0:0:1]:52454	admin	REQUEST	[GET] /core/ui/js/AbstractMax.js
17:18:34.117	[0:0:0:0:0:0:0:1]:52453	admin	REQUEST	[GET] /core/ui/js/Plugin.js
17:18:34.122	[0:0:0:0:0:0:0:1]:52454	admin	200		10.7 ms
17:18:34.127	[0:0:0:0:0:0:0:1]:52453	admin	200		9.45 ms
17:18:34.540	[0:0:0:0:0:0:0:1]:52454	admin	REQUEST	[GET] /core/ui/lib/bootstrap.min.css.map
17:18:34.550	[0:0:0:0:0:0:0:1]:52454	admin	200		9.57 ms
17:29:15.854	[0:0:0:0:0:0:0:1]:52489	admin	REQUEST	[GET] /dyrin/doc/macareux_moine.html
17:29:16.158	[0:0:0:0:0:0:0:1]:52489	admin	200		305.12 ms
17:29:16.221	[0:0:0:0:0:0:0:1]:52489	admin	REQUEST	[GET] /core/ui/lib/bootstrap.min.css
17:29:16.223	[0:0:0:0:0:0:0:1]:52490	admin	REQUEST	[GET] /dyrin/ui/css/menuGauche.css
17:29:16.237	[0:0:0:0:0:0:0:1]:52490	admin	200		13.31 ms
17:29:16.238	[0:0:0:0:0:0:0:1]:52492	admin	REQUEST	[GET] /core/ui/css/alignment.css
17:29:16.238	[0:0:0:0:0:0:0:1]:52494	admin	REQUEST	[GET] /plugins/mirador_viewer/mirador_viewer.css
17:29:16.242	[0:0:0:0:0:0:0:1]:52491	admin	REQUEST	[GET] /core/ui/css/tei.css
17:29:16.246	[0:0:0:0:0:0:0:1]:52492	admin	200		9.18 ms
17:29:16.249	[0:0:0:0:0:0:0:1]:52490	admin	REQUEST	[GET] /plugins/index/index.css
17:29:16.249	[0:0:0:0:0:0:0:1]:52489	admin	200		28.29 ms
17:29:16.255	[0:0:0:0:0:0:0:1]:52492	admin	REQUEST	[GET] /plugins/tei_pdf/tei_pdf.css
17:29:16.256	[0:0:0:0:0:0:0:1]:52491	admin	200		14.53 ms
17:29:16.258	[0:0:0:0:0:0:0:1]:52490	admin	200		9.64 ms
17:29:16.260	[0:0:0:0:0:0:0:1]:52491	admin	REQUEST	[GET] /dyrin/ui/css/dyrin.css
17:29:16.261	[0:0:0:0:0:0:0:1]:52494	admin	200		22.7 ms
17:29:16.261	[0:0:0:0:0:0:0:1]:52490	admin	REQUEST	[GET] /core/ui/lib/bootstrap.bundle.min.js
17:29:16.270	[0:0:0:0:0:0:0:1]:52490	admin	200		9.16 ms
17:29:16.270	[0:0:0:0:0:0:0:1]:52491	admin	200		9.92 ms
17:29:16.272	[0:0:0:0:0:0:0:1]:52491	admin	REQUEST	[GET] /core/ui/js/MaxTEI.js
17:29:16.272	[0:0:0:0:0:0:0:1]:52490	admin	REQUEST	[GET] /dyrin/ui/js/dyrin.js
17:29:16.282	[0:0:0:0:0:0:0:1]:52491	admin	200		9.91 ms
17:29:16.284	[0:0:0:0:0:0:0:1]:52490	admin	200		11.51 ms
17:29:16.286	[0:0:0:0:0:0:0:1]:52490	admin	REQUEST	[GET] /plugins/thesauri_pdn/thesauri_pdn.js
17:29:16.289	[0:0:0:0:0:0:0:1]:52489	admin	REQUEST	[GET] /plugins/mirador_viewer/mirador_viewer.js
17:29:16.292	[0:0:0:0:0:0:0:1]:52494	admin	REQUEST	[GET] /plugins/index/index.js
17:29:16.294	[0:0:0:0:0:0:0:1]:52492	admin	200		39.38 ms
17:29:16.295	[0:0:0:0:0:0:0:1]:52490	admin	200		9.02 ms
17:29:16.302	[0:0:0:0:0:0:0:1]:52491	admin	REQUEST	[GET] /core/ui/css/header.css
17:29:16.304	[0:0:0:0:0:0:0:1]:52489	admin	200		15.31 ms
17:29:16.306	[0:0:0:0:0:0:0:1]:52493	admin	REQUEST	[GET] /plugins/thesauri_pdn/thesauri_pdn.css
17:29:16.314	[0:0:0:0:0:0:0:1]:52491	admin	200		12.5 ms
17:29:16.317	[0:0:0:0:0:0:0:1]:52490	admin	REQUEST	[GET] /core/ui/js/AbstractMax.js
17:29:16.319	[0:0:0:0:0:0:0:1]:52491	admin	REQUEST	[GET] /core/ui/js/Plugin.js
17:29:16.322	[0:0:0:0:0:0:0:1]:52494	admin	200		29.46 ms
17:29:16.328	[0:0:0:0:0:0:0:1]:52491	admin	200		9.01 ms
17:29:16.328	[0:0:0:0:0:0:0:1]:52490	admin	200		10.76 ms
17:29:16.335	[0:0:0:0:0:0:0:1]:52493	admin	200		29.05 ms
17:29:16.338	[0:0:0:0:0:0:0:1]:52491	admin	REQUEST	[GET] /core/ui/images/logos/biblissima.png
17:29:16.340	[0:0:0:0:0:0:0:1]:52490	admin	REQUEST	[GET] /dyrin/ui/images/https://upload.wikimedia.org/wikipedia/commons/7/77/Papageitaucher_Fratercula_arctica_02.jpg
17:29:16.341	[0:0:0:0:0:0:0:1]:52494	admin	REQUEST	[GET] /core/ui/images/logos/investissement-davenir.png
17:29:16.350	[0:0:0:0:0:0:0:1]:52491	admin	200		11.98 ms
17:29:16.350	[0:0:0:0:0:0:0:1]:52490	admin	404		11.98 ms
17:29:16.351	[0:0:0:0:0:0:0:1]:52494	admin	200		10.09 ms
17:29:20.457	[0:0:0:0:0:0:0:1]:52489	admin	REQUEST	[GET] /dyrin/mirador/?link=https://www.e-rara.ch/i3f/v20/528197/manifest&canvasId=&canvasIndex=81
17:29:20.491	[0:0:0:0:0:0:0:1]:52489	admin	200		34.86 ms
17:29:20.551	[0:0:0:0:0:0:0:1]:52490	admin	REQUEST	[GET] /plugins/mirador_viewer/max-mirador/MaxMirador.js
17:29:20.559	[0:0:0:0:0:0:0:1]:52490	admin	200		8.25 ms
17:31:31.792	[0:0:0:0:0:0:0:1]:52502	admin	REQUEST	[GET] /dyrin/mirador/?link=https://www.e-rara.ch/i3f/v20/528197/manifest&canvasId=&canvasIndex=81
17:31:31.818	[0:0:0:0:0:0:0:1]:52502	admin	200		25.79 ms
17:31:32.095	[0:0:0:0:0:0:0:1]:52502	admin	REQUEST	[GET] /favicon.ico
17:31:32.112	[0:0:0:0:0:0:0:1]:52502	admin	200		17.09 ms
17:31:47.806	[0:0:0:0:0:0:0:1]:52502	admin	REQUEST	[GET] /dyrin/doc/macareux_moine.html
17:31:48.107	[0:0:0:0:0:0:0:1]:52502	admin	200		301.05 ms
17:31:48.183	[0:0:0:0:0:0:0:1]:52502	admin	REQUEST	[GET] /core/ui/lib/bootstrap.min.css
17:31:48.201	[0:0:0:0:0:0:0:1]:52502	admin	200		17.91 ms
17:31:48.204	[0:0:0:0:0:0:0:1]:52506	admin	REQUEST	[GET] /plugins/thesauri_pdn/thesauri_pdn.css
17:31:48.216	[0:0:0:0:0:0:0:1]:52506	admin	200		13.37 ms
17:31:48.217	[0:0:0:0:0:0:0:1]:52503	admin	REQUEST	[GET] /dyrin/ui/css/menuGauche.css
17:31:48.221	[0:0:0:0:0:0:0:1]:52505	admin	REQUEST	[GET] /core/ui/css/alignment.css
17:31:48.226	[0:0:0:0:0:0:0:1]:52503	admin	200		9.3 ms
17:31:48.230	[0:0:0:0:0:0:0:1]:52504	admin	REQUEST	[GET] /core/ui/css/tei.css
17:31:48.230	[0:0:0:0:0:0:0:1]:52507	admin	REQUEST	[GET] /plugins/mirador_viewer/mirador_viewer.css
17:31:48.231	[0:0:0:0:0:0:0:1]:52505	admin	200		9.67 ms
17:31:48.233	[0:0:0:0:0:0:0:1]:52502	admin	REQUEST	[GET] /plugins/index/index.css
17:31:48.234	[0:0:0:0:0:0:0:1]:52506	admin	REQUEST	[GET] /plugins/tei_pdf/tei_pdf.css
17:31:48.235	[0:0:0:0:0:0:0:1]:52503	admin	REQUEST	[GET] /dyrin/ui/css/dyrin.css
17:31:48.235	[0:0:0:0:0:0:0:1]:52505	admin	REQUEST	[GET] /core/ui/lib/bootstrap.bundle.min.js
17:31:48.240	[0:0:0:0:0:0:0:1]:52504	admin	200		10.56 ms
17:31:48.242	[0:0:0:0:0:0:0:1]:52507	admin	200		11.77 ms
17:31:48.243	[0:0:0:0:0:0:0:1]:52502	admin	200		9.72 ms
17:31:48.262	[0:0:0:0:0:0:0:1]:52504	admin	REQUEST	[GET] /core/ui/js/MaxTEI.js
17:31:48.264	[0:0:0:0:0:0:0:1]:52507	admin	REQUEST	[GET] /dyrin/ui/js/dyrin.js
17:31:48.271	[0:0:0:0:0:0:0:1]:52506	admin	200		37.52 ms
17:31:48.271	[0:0:0:0:0:0:0:1]:52507	admin	200		7.29 ms
17:31:48.273	[0:0:0:0:0:0:0:1]:52505	admin	200		37.87 ms
17:31:48.274	[0:0:0:0:0:0:0:1]:52507	admin	REQUEST	[GET] /plugins/mirador_viewer/mirador_viewer.js
17:31:48.278	[0:0:0:0:0:0:0:1]:52505	admin	REQUEST	[GET] /core/ui/css/header.css
17:31:48.283	[0:0:0:0:0:0:0:1]:52507	admin	200		8.76 ms
17:31:48.287	[0:0:0:0:0:0:0:1]:52505	admin	200		10.6 ms
17:31:48.289	[0:0:0:0:0:0:0:1]:52506	admin	REQUEST	[GET] /plugins/index/index.js
17:31:48.291	[0:0:0:0:0:0:0:1]:52502	admin	REQUEST	[GET] /plugins/thesauri_pdn/thesauri_pdn.js
17:31:48.297	[0:0:0:0:0:0:0:1]:52506	admin	200		7.68 ms
17:31:48.297	[0:0:0:0:0:0:0:1]:52503	admin	200		61.82 ms
17:31:48.298	[0:0:0:0:0:0:0:1]:52504	admin	200		35.91 ms
17:31:48.298	[0:0:0:0:0:0:0:1]:52502	admin	200		9.58 ms
17:31:48.299	[0:0:0:0:0:0:0:1]:52503	admin	REQUEST	[GET] /dyrin/ui/images/https://upload.wikimedia.org/wikipedia/commons/7/77/Papageitaucher_Fratercula_arctica_02.jpg
17:31:48.300	[0:0:0:0:0:0:0:1]:52507	admin	REQUEST	[GET] /core/ui/images/logos/biblissima.png
17:31:48.301	[0:0:0:0:0:0:0:1]:52505	admin	REQUEST	[GET] /core/ui/images/logos/investissement-davenir.png
17:31:48.308	[0:0:0:0:0:0:0:1]:52503	admin	404		8.59 ms
17:31:48.308	[0:0:0:0:0:0:0:1]:52507	admin	200		8.09 ms
17:31:48.308	[0:0:0:0:0:0:0:1]:52505	admin	200		7.88 ms
17:31:48.322	[0:0:0:0:0:0:0:1]:52505	admin	REQUEST	[GET] /core/ui/js/Plugin.js
17:31:48.331	[0:0:0:0:0:0:0:1]:52505	admin	200		9.29 ms
17:31:48.332	[0:0:0:0:0:0:0:1]:52507	admin	REQUEST	[GET] /core/ui/js/AbstractMax.js
17:31:48.340	[0:0:0:0:0:0:0:1]:52507	admin	200		8.97 ms
17:31:49.286	[0:0:0:0:0:0:0:1]:52502	admin	REQUEST	[GET] /dyrin/mirador/?link=https://www.e-rara.ch/i3f/v20/528197/manifest&canvasId=&canvasIndex=
17:31:49.297	[0:0:0:0:0:0:0:1]:52502	admin	200		11.32 ms
17:31:49.587	[0:0:0:0:0:0:0:1]:52502	admin	REQUEST	[GET] /dyrin/mirador/?link=https://www.e-rara.ch/i3f/v20/528197/manifest&canvasId=&canvasIndex=
17:31:49.599	[0:0:0:0:0:0:0:1]:52502	admin	200		12.94 ms
17:31:49.909	[0:0:0:0:0:0:0:1]:52505	admin	REQUEST	[GET] /favicon.ico
17:31:49.922	[0:0:0:0:0:0:0:1]:52505	admin	200		13.74 ms
17:31:51.913	[0:0:0:0:0:0:0:1]:52502	admin	REQUEST	[GET] /dyrin/mirador/?link=https://www.e-rara.ch/i3f/v20/528197/manifest&canvasId=&canvasIndex=
17:31:51.928	[0:0:0:0:0:0:0:1]:52502	admin	200		15.72 ms
17:32:17.575	[0:0:0:0:0:0:0:1]:52502	admin	REQUEST	[GET] /dyrin/mirador/?link=https://www.e-rara.ch/i3f/v20/528197/manifest&canvasId=&canvasIndex=
17:32:17.615	[0:0:0:0:0:0:0:1]:52502	admin	200		40.9 ms
17:33:55.303	[0:0:0:0:0:0:0:1]:52516	admin	REQUEST	[GET] /dyrin/mirador/?link=https://www.e-rara.ch/i3f/v20/528197/manifest&canvasId=&canvasIndex=
17:33:55.342	[0:0:0:0:0:0:0:1]:52516	admin	200		38.85 ms
17:33:55.694	[0:0:0:0:0:0:0:1]:52516	admin	REQUEST	[GET] /favicon.ico
17:33:55.712	[0:0:0:0:0:0:0:1]:52516	admin	200		17.66 ms
17:33:59.879	[0:0:0:0:0:0:0:1]:52516	admin	REQUEST	[GET] /dyrin/doc/macareux_moine.html
17:34:00.172	[0:0:0:0:0:0:0:1]:52516	admin	200		293.27 ms
17:34:00.244	[0:0:0:0:0:0:0:1]:52516	admin	REQUEST	[GET] /core/ui/lib/bootstrap.min.css
17:34:00.248	[0:0:0:0:0:0:0:1]:52517	admin	REQUEST	[GET] /dyrin/ui/css/menuGauche.css
17:34:00.268	[0:0:0:0:0:0:0:1]:52516	admin	200		24.12 ms
17:34:00.272	[0:0:0:0:0:0:0:1]:52516	admin	REQUEST	[GET] /plugins/index/index.css
17:34:00.279	[0:0:0:0:0:0:0:1]:52521	admin	REQUEST	[GET] /plugins/mirador_viewer/mirador_viewer.css
17:34:00.283	[0:0:0:0:0:0:0:1]:52517	admin	200		35.22 ms
17:34:00.285	[0:0:0:0:0:0:0:1]:52519	admin	REQUEST	[GET] /core/ui/css/alignment.css
17:34:00.290	[0:0:0:0:0:0:0:1]:52516	admin	200		17.76 ms
17:34:00.291	[0:0:0:0:0:0:0:1]:52521	admin	200		11.88 ms
17:34:00.297	[0:0:0:0:0:0:0:1]:52518	admin	REQUEST	[GET] /plugins/thesauri_pdn/thesauri_pdn.css
17:34:00.299	[0:0:0:0:0:0:0:1]:52519	admin	200		14.74 ms
17:34:00.306	[0:0:0:0:0:0:0:1]:52519	admin	REQUEST	[GET] /core/ui/js/MaxTEI.js
17:34:00.310	[0:0:0:0:0:0:0:1]:52518	admin	200		12.49 ms
17:34:00.316	[0:0:0:0:0:0:0:1]:52520	admin	REQUEST	[GET] /core/ui/css/tei.css
17:34:00.322	[0:0:0:0:0:0:0:1]:52516	admin	REQUEST	[GET] /dyrin/ui/css/dyrin.css
17:34:00.323	[0:0:0:0:0:0:0:1]:52518	admin	REQUEST	[GET] /dyrin/ui/js/dyrin.js
17:34:00.323	[0:0:0:0:0:0:0:1]:52517	admin	REQUEST	[GET] /plugins/tei_pdf/tei_pdf.css
17:34:00.338	[0:0:0:0:0:0:0:1]:52518	admin	200		15.27 ms
17:34:00.340	[0:0:0:0:0:0:0:1]:52519	admin	200		33.93 ms
17:34:00.344	[0:0:0:0:0:0:0:1]:52516	admin	200		22.86 ms
17:34:00.346	[0:0:0:0:0:0:0:1]:52517	admin	200		22.51 ms
17:34:00.347	[0:0:0:0:0:0:0:1]:52521	admin	REQUEST	[GET] /core/ui/lib/bootstrap.bundle.min.js
17:34:00.347	[0:0:0:0:0:0:0:1]:52518	admin	REQUEST	[GET] /plugins/mirador_viewer/mirador_viewer.js
17:34:00.349	[0:0:0:0:0:0:0:1]:52516	admin	REQUEST	[GET] /plugins/index/index.js
17:34:00.356	[0:0:0:0:0:0:0:1]:52519	admin	REQUEST	[GET] /plugins/thesauri_pdn/thesauri_pdn.js
17:34:00.361	[0:0:0:0:0:0:0:1]:52520	admin	200		45.62 ms
17:34:00.362	[0:0:0:0:0:0:0:1]:52521	admin	200		26.76 ms
17:34:00.367	[0:0:0:0:0:0:0:1]:52521	admin	REQUEST	[GET] /core/ui/images/logos/biblissima.png
17:34:00.371	[0:0:0:0:0:0:0:1]:52520	admin	REQUEST	[GET] /dyrin/ui/images/https://upload.wikimedia.org/wikipedia/commons/7/77/Papageitaucher_Fratercula_arctica_02.jpg
17:34:00.380	[0:0:0:0:0:0:0:1]:52521	admin	200		12.97 ms
17:34:00.382	[0:0:0:0:0:0:0:1]:52521	admin	REQUEST	[GET] /core/ui/css/header.css
17:34:00.391	[0:0:0:0:0:0:0:1]:52518	admin	200		44.08 ms
17:34:00.396	[0:0:0:0:0:0:0:1]:52521	admin	200		13.92 ms
17:34:00.397	[0:0:0:0:0:0:0:1]:52517	admin	REQUEST	[GET] /core/ui/js/AbstractMax.js
17:34:00.397	[0:0:0:0:0:0:0:1]:52519	admin	200		40.76 ms
17:34:00.416	[0:0:0:0:0:0:0:1]:52516	admin	200		66.97 ms
17:34:00.417	[0:0:0:0:0:0:0:1]:52519	admin	REQUEST	[GET] /core/ui/js/Plugin.js
17:34:00.422	[0:0:0:0:0:0:0:1]:52520	admin	404		50.78 ms
17:34:00.424	[0:0:0:0:0:0:0:1]:52519	admin	200		6.9 ms
17:34:00.425	[0:0:0:0:0:0:0:1]:52518	admin	REQUEST	[GET] /core/ui/images/logos/investissement-davenir.png
17:34:00.431	[0:0:0:0:0:0:0:1]:52517	admin	200		72.25 ms
17:34:00.437	[0:0:0:0:0:0:0:1]:52518	admin	200		12.02 ms
17:34:02.690	[0:0:0:0:0:0:0:1]:52516	admin	REQUEST	[GET] /dyrin/mirador/?link=https://www.e-rara.ch/i3f/v20/528197/manifest
17:34:02.700	[0:0:0:0:0:0:0:1]:52516	admin	200		10.1 ms
17:34:02.992	[0:0:0:0:0:0:0:1]:52521	admin	REQUEST	[GET] /favicon.ico
17:34:03.008	[0:0:0:0:0:0:0:1]:52521	admin	200		16.39 ms
17:34:17.404	[0:0:0:0:0:0:0:1]:52516	admin	REQUEST	[GET] /dyrin/mirador/?link=https://www.e-rara.ch/i3f/v20/528197/manifest
17:34:17.437	[0:0:0:0:0:0:0:1]:52516	admin	200		33.81 ms
17:36:12.196	[0:0:0:0:0:0:0:1]:52525	admin	REQUEST	[GET] /dyrin/sommaire.html
17:36:12.370	[0:0:0:0:0:0:0:1]:52525	admin	200		174.18 ms
17:36:12.463	[0:0:0:0:0:0:0:1]:52525	admin	REQUEST	[GET] /core/ui/lib/bootstrap.min.css
17:36:12.473	[0:0:0:0:0:0:0:1]:52525	admin	200		9.73 ms
17:36:12.479	[0:0:0:0:0:0:0:1]:52526	admin	REQUEST	[GET] /dyrin/ui/css/menuGauche.css
17:36:12.480	[0:0:0:0:0:0:0:1]:52527	admin	REQUEST	[GET] /core/ui/css/tei.css
17:36:12.489	[0:0:0:0:0:0:0:1]:52525	admin	REQUEST	[GET] /plugins/thesauri_pdn/thesauri_pdn.css
17:36:12.492	[0:0:0:0:0:0:0:1]:52528	admin	REQUEST	[GET] /core/ui/css/alignment.css
17:36:12.497	[0:0:0:0:0:0:0:1]:52525	admin	200		8.27 ms
17:36:12.506	[0:0:0:0:0:0:0:1]:52525	admin	REQUEST	[GET] /plugins/tei_pdf/tei_pdf.css
17:36:12.510	[0:0:0:0:0:0:0:1]:52529	admin	REQUEST	[GET] /plugins/mirador_viewer/mirador_viewer.css
17:36:12.514	[0:0:0:0:0:0:0:1]:52530	admin	REQUEST	[GET] /plugins/index/index.css
17:36:12.523	[0:0:0:0:0:0:0:1]:52529	admin	200		12.25 ms
17:36:12.526	[0:0:0:0:0:0:0:1]:52529	admin	REQUEST	[GET] /dyrin/ui/css/dyrin.css
17:36:12.527	[0:0:0:0:0:0:0:1]:52527	admin	200		47.04 ms
17:36:12.528	[0:0:0:0:0:0:0:1]:52527	admin	REQUEST	[GET] /core/ui/lib/bootstrap.bundle.min.js
17:36:12.529	[0:0:0:0:0:0:0:1]:52530	admin	200		14.79 ms
17:36:12.532	[0:0:0:0:0:0:0:1]:52530	admin	REQUEST	[GET] /core/ui/js/MaxTEI.js
17:36:12.535	[0:0:0:0:0:0:0:1]:52526	admin	200		56.31 ms
17:36:12.538	[0:0:0:0:0:0:0:1]:52526	admin	REQUEST	[GET] /dyrin/ui/js/dyrin.js
17:36:12.541	[0:0:0:0:0:0:0:1]:52530	admin	200		9.96 ms
17:36:12.516	[0:0:0:0:0:0:0:1]:52525	admin	200		35.52 ms
17:36:12.546	[0:0:0:0:0:0:0:1]:52529	admin	200		20.13 ms
17:36:12.546	[0:0:0:0:0:0:0:1]:52528	admin	200		54.74 ms
17:36:12.548	[0:0:0:0:0:0:0:1]:52529	admin	REQUEST	[GET] /plugins/index/index.js
17:36:12.553	[0:0:0:0:0:0:0:1]:52528	admin	REQUEST	[GET] /plugins/mirador_viewer/mirador_viewer.js
17:36:12.558	[0:0:0:0:0:0:0:1]:52525	admin	REQUEST	[GET] /plugins/thesauri_pdn/thesauri_pdn.js
17:36:12.562	[0:0:0:0:0:0:0:1]:52530	admin	REQUEST	[GET] /core/ui/css/header.css
17:36:12.575	[0:0:0:0:0:0:0:1]:52525	admin	200		17.15 ms
17:36:12.575	[0:0:0:0:0:0:0:1]:52529	admin	200		27.99 ms
17:36:12.576	[0:0:0:0:0:0:0:1]:52527	admin	200		47.34 ms
17:36:12.575	[0:0:0:0:0:0:0:1]:52528	admin	200		22.34 ms
17:36:12.576	[0:0:0:0:0:0:0:1]:52526	admin	200		37.98 ms
17:36:12.578	[0:0:0:0:0:0:0:1]:52530	admin	200		16.05 ms
17:36:12.578	[0:0:0:0:0:0:0:1]:52525	admin	REQUEST	[GET] /core/ui/js/AbstractMax.js
17:36:12.581	[0:0:0:0:0:0:0:1]:52526	admin	REQUEST	[GET] /core/ui/images/logos/investissement-davenir.png
17:36:12.590	[0:0:0:0:0:0:0:1]:52526	admin	200		9.48 ms
17:36:12.596	[0:0:0:0:0:0:0:1]:52526	admin	REQUEST	[GET] /core/ui/js/Plugin.js
17:36:12.603	[0:0:0:0:0:0:0:1]:52525	admin	200		24.92 ms
17:36:12.609	[0:0:0:0:0:0:0:1]:52526	admin	200		12.22 ms
17:36:12.617	[0:0:0:0:0:0:0:1]:52527	admin	REQUEST	[GET] /core/ui/images/logos/biblissima.png
17:36:12.631	[0:0:0:0:0:0:0:1]:52527	admin	200		14.2 ms
17:37:38.614	[0:0:0:0:0:0:0:1]:52550	admin	REQUEST	[GET] /dyrin/doc/macareux_moine.html
17:37:38.802	[0:0:0:0:0:0:0:1]:52551	admin	REQUEST	[GET] /dyrin/doc/macareux_moine.html
17:37:38.958	[0:0:0:0:0:0:0:1]:52550	admin	200		344.3 ms
17:37:39.141	[0:0:0:0:0:0:0:1]:52551	admin	200		339.41 ms
17:37:39.219	[0:0:0:0:0:0:0:1]:52551	admin	REQUEST	[GET] /core/ui/lib/bootstrap.min.css
17:37:39.222	[0:0:0:0:0:0:0:1]:52552	admin	REQUEST	[GET] /dyrin/ui/css/menuGauche.css
17:37:39.229	[0:0:0:0:0:0:0:1]:52551	admin	200		10.38 ms
17:37:39.232	[0:0:0:0:0:0:0:1]:52552	admin	200		9.5 ms
17:37:39.239	[0:0:0:0:0:0:0:1]:52552	admin	REQUEST	[GET] /core/ui/css/tei.css
17:37:39.245	[0:0:0:0:0:0:0:1]:52554	admin	REQUEST	[GET] /plugins/mirador_viewer/mirador_viewer.css
17:37:39.246	[0:0:0:0:0:0:0:1]:52553	admin	REQUEST	[GET] /plugins/thesauri_pdn/thesauri_pdn.css
17:37:39.249	[0:0:0:0:0:0:0:1]:52555	admin	REQUEST	[GET] /plugins/index/index.css
17:37:39.254	[0:0:0:0:0:0:0:1]:52554	admin	200		8.63 ms
17:37:39.254	[0:0:0:0:0:0:0:1]:52553	admin	200		8.92 ms
17:37:39.266	[0:0:0:0:0:0:0:1]:52552	admin	200		27.05 ms
17:37:39.282	[0:0:0:0:0:0:0:1]:52555	admin	200		33.38 ms
17:37:39.282	[0:0:0:0:0:0:0:1]:52553	admin	REQUEST	[GET] /core/ui/lib/bootstrap.bundle.min.js
17:37:39.283	[0:0:0:0:0:0:0:1]:52552	admin	REQUEST	[GET] /core/ui/js/MaxTEI.js
17:37:39.289	[0:0:0:0:0:0:0:1]:52556	admin	REQUEST	[GET] /plugins/tei_pdf/tei_pdf.css
17:37:39.294	[0:0:0:0:0:0:0:1]:52552	admin	200		10.61 ms
17:37:39.296	[0:0:0:0:0:0:0:1]:52552	admin	REQUEST	[GET] /plugins/thesauri_pdn/thesauri_pdn.js
17:37:39.297	[0:0:0:0:0:0:0:1]:52553	admin	200		14.93 ms
17:37:39.299	[0:0:0:0:0:0:0:1]:52556	admin	200		10.09 ms
17:37:39.302	[0:0:0:0:0:0:0:1]:52556	admin	REQUEST	[GET] /plugins/mirador_viewer/mirador_viewer.js
17:37:39.302	[0:0:0:0:0:0:0:1]:52554	admin	REQUEST	[GET] /dyrin/ui/css/dyrin.css
17:37:39.306	[0:0:0:0:0:0:0:1]:52552	admin	200		10.05 ms
17:37:39.310	[0:0:0:0:0:0:0:1]:52556	admin	200		8.96 ms
17:37:39.314	[0:0:0:0:0:0:0:1]:52555	admin	REQUEST	[GET] /dyrin/ui/js/dyrin.js
17:37:39.314	[0:0:0:0:0:0:0:1]:52556	admin	REQUEST	[GET] /core/ui/css/header.css
17:37:39.322	[0:0:0:0:0:0:0:1]:52556	admin	200		7.78 ms
17:37:39.322	[0:0:0:0:0:0:0:1]:52555	admin	200		8.07 ms
17:37:39.324	[0:0:0:0:0:0:0:1]:52555	admin	REQUEST	[GET] /core/ui/js/Plugin.js
17:37:39.326	[0:0:0:0:0:0:0:1]:52553	admin	REQUEST	[GET] /core/ui/js/AbstractMax.js
17:37:39.331	[0:0:0:0:0:0:0:1]:52552	admin	REQUEST	[GET] /plugins/index/index.js
17:37:39.333	[0:0:0:0:0:0:0:1]:52555	admin	200		8.94 ms
17:37:39.335	[0:0:0:0:0:0:0:1]:52554	admin	200		32.86 ms
17:37:39.339	[0:0:0:0:0:0:0:1]:52553	admin	200		12.4 ms
17:37:39.339	[0:0:0:0:0:0:0:1]:52552	admin	200		7.98 ms
17:37:39.340	[0:0:0:0:0:0:0:1]:52551	admin	REQUEST	[GET] /core/ui/css/alignment.css
17:37:39.354	[0:0:0:0:0:0:0:1]:52551	admin	200		13.91 ms
17:37:39.355	[0:0:0:0:0:0:0:1]:52553	admin	REQUEST	[GET] /dyrin/ui/images/https://upload.wikimedia.org/wikipedia/commons/7/77/Papageitaucher_Fratercula_arctica_02.jpg
17:37:39.356	[0:0:0:0:0:0:0:1]:52552	admin	REQUEST	[GET] /core/ui/images/logos/biblissima.png
17:37:39.356	[0:0:0:0:0:0:0:1]:52554	admin	REQUEST	[GET] /core/ui/images/logos/investissement-davenir.png
17:37:39.364	[0:0:0:0:0:0:0:1]:52552	admin	200		8.22 ms
17:37:39.364	[0:0:0:0:0:0:0:1]:52553	admin	404		9.16 ms
17:37:39.365	[0:0:0:0:0:0:0:1]:52554	admin	200		8.99 ms
17:37:39.403	[0:0:0:0:0:0:0:1]:52553	admin	REQUEST	[GET] /favicon.ico
17:37:39.429	[0:0:0:0:0:0:0:1]:52553	admin	200		26.36 ms
17:37:42.844	[0:0:0:0:0:0:0:1]:52551	admin	REQUEST	[GET] /dyrin/mirador/?link=https://emmsm.unicaen.fr/manifests/Avranches_BM_8.json
17:37:42.869	[0:0:0:0:0:0:0:1]:52551	admin	200		24.62 ms
17:37:42.921	[0:0:0:0:0:0:0:1]:52553	admin	REQUEST	[GET] /plugins/mirador_viewer/max-mirador/MaxMirador.js
17:37:42.927	[0:0:0:0:0:0:0:1]:52553	admin	200		6.45 ms
17:37:43.930	[0:0:0:0:0:0:0:1]:52553	admin	REQUEST	[GET] /dyrin/mirador/?link=https://emmsm.unicaen.fr/manifests/Avranches_BM_8.json
17:37:43.945	[0:0:0:0:0:0:0:1]:52553	admin	200		14.9 ms
17:37:44.117	[0:0:0:0:0:0:0:1]:52553	admin	REQUEST	[GET] /dyrin/mirador/?link=https://emmsm.unicaen.fr/manifests/Avranches_BM_8.json
17:37:44.135	[0:0:0:0:0:0:0:1]:52553	admin	200		18.53 ms
17:37:46.125	[0:0:0:0:0:0:0:1]:52553	admin	REQUEST	[GET] /dyrin/mirador/?link=https://emmsm.unicaen.fr/manifests/Avranches_BM_8.json
17:37:46.140	[0:0:0:0:0:0:0:1]:52553	admin	200		14.24 ms
17:37:54.755	[0:0:0:0:0:0:0:1]:52553	admin	REQUEST	[GET] /dyrin/mirador/?link=https://emmsm.unicaen.fr/manifests/Avranches_BM_8.json
17:37:54.786	[0:0:0:0:0:0:0:1]:52553	admin	200		31.34 ms
17:38:31.301	[0:0:0:0:0:0:0:1]:52553	admin	REQUEST	[GET] /dyrin/mirador/?link=https://emmsm.unicaen.fr/manifests/Avranches_BM_8.json
17:38:31.338	[0:0:0:0:0:0:0:1]:52553	admin	200		36.71 ms
17:38:34.767	[0:0:0:0:0:0:0:1]:52553	admin	REQUEST	[GET] /core/ui/lib/bootstrap.min.css.map
17:38:34.802	[0:0:0:0:0:0:0:1]:52553	admin	200		35.24 ms
17:39:48.656	[0:0:0:0:0:0:0:1]:52565	admin	REQUEST	[GET] /dyrin/doc/macareux_moine.html
17:39:48.942	[0:0:0:0:0:0:0:1]:52565	admin	200		286.06 ms
17:39:49.066	[0:0:0:0:0:0:0:1]:52565	admin	REQUEST	[GET] /core/ui/lib/bootstrap.min.css
17:39:49.073	[0:0:0:0:0:0:0:1]:52566	admin	REQUEST	[GET] /dyrin/ui/css/menuGauche.css
17:39:49.077	[0:0:0:0:0:0:0:1]:52565	admin	200		11.08 ms
17:39:49.083	[0:0:0:0:0:0:0:1]:52566	admin	200		10.06 ms
17:39:49.084	[0:0:0:0:0:0:0:1]:52565	admin	REQUEST	[GET] /core/ui/css/alignment.css
17:39:49.093	[0:0:0:0:0:0:0:1]:52566	admin	REQUEST	[GET] /plugins/thesauri_pdn/thesauri_pdn.css
17:39:49.095	[0:0:0:0:0:0:0:1]:52567	admin	REQUEST	[GET] /core/ui/css/tei.css
17:39:49.100	[0:0:0:0:0:0:0:1]:52565	admin	200		15.79 ms
17:39:49.106	[0:0:0:0:0:0:0:1]:52566	admin	200		13.11 ms
17:39:49.107	[0:0:0:0:0:0:0:1]:52565	admin	REQUEST	[GET] /dyrin/ui/css/dyrin.css
17:39:49.109	[0:0:0:0:0:0:0:1]:52566	admin	REQUEST	[GET] /core/ui/lib/bootstrap.bundle.min.js
17:39:49.112	[0:0:0:0:0:0:0:1]:52569	admin	REQUEST	[GET] /plugins/index/index.css
17:39:49.117	[0:0:0:0:0:0:0:1]:52568	admin	REQUEST	[GET] /plugins/mirador_viewer/mirador_viewer.css
17:39:49.120	[0:0:0:0:0:0:0:1]:52566	admin	200		10.45 ms
17:39:49.120	[0:0:0:0:0:0:0:1]:52569	admin	200		8.18 ms
17:39:49.122	[0:0:0:0:0:0:0:1]:52570	admin	REQUEST	[GET] /plugins/tei_pdf/tei_pdf.css
17:39:49.123	[0:0:0:0:0:0:0:1]:52566	admin	REQUEST	[GET] /core/ui/js/MaxTEI.js
17:39:49.123	[0:0:0:0:0:0:0:1]:52569	admin	REQUEST	[GET] /dyrin/ui/js/dyrin.js
17:39:49.129	[0:0:0:0:0:0:0:1]:52568	admin	200		11.6 ms
17:39:49.131	[0:0:0:0:0:0:0:1]:52569	admin	200		8.21 ms
17:39:49.132	[0:0:0:0:0:0:0:1]:52569	admin	REQUEST	[GET] /plugins/thesauri_pdn/thesauri_pdn.js
17:39:49.135	[0:0:0:0:0:0:0:1]:52568	admin	REQUEST	[GET] /plugins/mirador_viewer/mirador_viewer.js
17:39:49.138	[0:0:0:0:0:0:0:1]:52566	admin	200		15.59 ms
17:39:49.148	[0:0:0:0:0:0:0:1]:52568	admin	200		12.99 ms
17:39:49.150	[0:0:0:0:0:0:0:1]:52566	admin	REQUEST	[GET] /plugins/index/index.js
17:39:49.156	[0:0:0:0:0:0:0:1]:52569	admin	200		23.99 ms
17:39:49.158	[0:0:0:0:0:0:0:1]:52566	admin	200		8.35 ms
17:39:49.161	[0:0:0:0:0:0:0:1]:52570	admin	200		39.44 ms
17:39:49.165	[0:0:0:0:0:0:0:1]:52565	admin	200		58.25 ms
17:39:49.172	[0:0:0:0:0:0:0:1]:52567	admin	200		76.87 ms
17:39:49.174	[0:0:0:0:0:0:0:1]:52566	admin	REQUEST	[GET] /dyrin/ui/images/https://upload.wikimedia.org/wikipedia/commons/7/77/Papageitaucher_Fratercula_arctica_02.jpg
17:39:49.174	[0:0:0:0:0:0:0:1]:52569	admin	REQUEST	[GET] /core/ui/images/logos/biblissima.png
17:39:49.175	[0:0:0:0:0:0:0:1]:52568	admin	REQUEST	[GET] /core/ui/images/logos/investissement-davenir.png
17:39:49.182	[0:0:0:0:0:0:0:1]:52569	admin	200		8.6 ms
17:39:49.182	[0:0:0:0:0:0:0:1]:52566	admin	404		8.88 ms
17:39:49.191	[0:0:0:0:0:0:0:1]:52568	admin	200		16.21 ms
17:39:49.429	[0:0:0:0:0:0:0:1]:52566	admin	REQUEST	[GET] /core/ui/js/AbstractMax.js
17:39:49.431	[0:0:0:0:0:0:0:1]:52568	admin	REQUEST	[GET] /core/ui/js/Plugin.js
17:39:49.436	[0:0:0:0:0:0:0:1]:52569	admin	REQUEST	[GET] /core/ui/css/header.css
17:39:49.439	[0:0:0:0:0:0:0:1]:52566	admin	200		10.5 ms
17:39:49.440	[0:0:0:0:0:0:0:1]:52568	admin	200		8.64 ms
17:39:49.445	[0:0:0:0:0:0:0:1]:52569	admin	200		9.64 ms
17:39:50.306	[0:0:0:0:0:0:0:1]:52566	admin	REQUEST	[GET] /core/ui/lib/bootstrap.min.css.map
17:39:50.315	[0:0:0:0:0:0:0:1]:52566	admin	200		8.9 ms
17:39:51.207	[0:0:0:0:0:0:0:1]:52566	admin	REQUEST	[GET] /dyrin/mirador/?link=https://emmsm.unicaen.fr/manifests/Avranches_BM_8.json&canvasId=&canvasIndex=
17:39:51.221	[0:0:0:0:0:0:0:1]:52566	admin	200		13.81 ms
17:45:43.555	[0:0:0:0:0:0:0:1]:52590	admin	REQUEST	[GET] /dyrin/mirador/?link=https://emmsm.unicaen.fr/manifests/Avranches_BM_8.json&canvasId=&canvasIndex=
17:45:43.596	[0:0:0:0:0:0:0:1]:52590	admin	200		41.37 ms
17:46:40.119	[0:0:0:0:0:0:0:1]:52590	admin	REQUEST	[GET] /dyrin/doc/macareux_moine.html
17:46:40.413	[0:0:0:0:0:0:0:1]:52590	admin	200		294.34 ms
17:46:40.477	[0:0:0:0:0:0:0:1]:52590	admin	REQUEST	[GET] /core/ui/lib/bootstrap.min.css
17:46:40.484	[0:0:0:0:0:0:0:1]:52593	admin	REQUEST	[GET] /dyrin/ui/css/menuGauche.css
17:46:40.487	[0:0:0:0:0:0:0:1]:52595	admin	REQUEST	[GET] /core/ui/css/alignment.css
17:46:40.495	[0:0:0:0:0:0:0:1]:52593	admin	200		11.17 ms
17:46:40.496	[0:0:0:0:0:0:0:1]:52595	admin	200		9.32 ms
17:46:40.497	[0:0:0:0:0:0:0:1]:52597	admin	REQUEST	[GET] /plugins/thesauri_pdn/thesauri_pdn.css
17:46:40.498	[0:0:0:0:0:0:0:1]:52593	admin	REQUEST	[GET] /plugins/index/index.css
17:46:40.506	[0:0:0:0:0:0:0:1]:52595	admin	REQUEST	[GET] /plugins/tei_pdf/tei_pdf.css
17:46:40.507	[0:0:0:0:0:0:0:1]:52597	admin	200		10.29 ms
17:46:40.507	[0:0:0:0:0:0:0:1]:52593	admin	200		9.23 ms
17:46:40.488	[0:0:0:0:0:0:0:1]:52590	admin	200		11.23 ms
17:46:40.520	[0:0:0:0:0:0:0:1]:52597	admin	REQUEST	[GET] /core/ui/lib/bootstrap.bundle.min.js
17:46:40.525	[0:0:0:0:0:0:0:1]:52595	admin	200		18.62 ms
17:46:40.525	[0:0:0:0:0:0:0:1]:52590	admin	REQUEST	[GET] /core/ui/js/MaxTEI.js
17:46:40.533	[0:0:0:0:0:0:0:1]:52596	admin	REQUEST	[GET] /plugins/mirador_viewer/mirador_viewer.css
17:46:40.533	[0:0:0:0:0:0:0:1]:52597	admin	200		13.08 ms
17:46:40.533	[0:0:0:0:0:0:0:1]:52593	admin	REQUEST	[GET] /dyrin/ui/css/dyrin.css
17:46:40.533	[0:0:0:0:0:0:0:1]:52595	admin	REQUEST	[GET] /dyrin/ui/js/dyrin.js
17:46:40.537	[0:0:0:0:0:0:0:1]:52590	admin	200		12.31 ms
17:46:40.541	[0:0:0:0:0:0:0:1]:52597	admin	REQUEST	[GET] /plugins/thesauri_pdn/thesauri_pdn.js
17:46:40.541	[0:0:0:0:0:0:0:1]:52596	admin	200		29.53 ms
17:46:40.541	[0:0:0:0:0:0:0:1]:52593	admin	200		31.37 ms
17:46:40.542	[0:0:0:0:0:0:0:1]:52594	admin	REQUEST	[GET] /core/ui/css/tei.css
17:46:40.543	[0:0:0:0:0:0:0:1]:52595	admin	200		14.77 ms
17:46:40.543	[0:0:0:0:0:0:0:1]:52593	admin	REQUEST	[GET] /plugins/index/index.js
17:46:40.544	[0:0:0:0:0:0:0:1]:52590	admin	REQUEST	[GET] /plugins/mirador_viewer/mirador_viewer.js
17:46:40.549	[0:0:0:0:0:0:0:1]:52597	admin	200		8.4 ms
17:46:40.552	[0:0:0:0:0:0:0:1]:52593	admin	200		9.31 ms
17:46:40.558	[0:0:0:0:0:0:0:1]:52590	admin	200		13.97 ms
17:46:40.576	[0:0:0:0:0:0:0:1]:52594	admin	200		60.97 ms
17:46:40.589	[0:0:0:0:0:0:0:1]:52597	admin	REQUEST	[GET] /core/ui/js/AbstractMax.js
17:46:40.589	[0:0:0:0:0:0:0:1]:52593	admin	REQUEST	[GET] /core/ui/js/Plugin.js
17:46:40.589	[0:0:0:0:0:0:0:1]:52596	admin	REQUEST	[GET] /core/ui/images/logos/investissement-davenir.png
17:46:40.599	[0:0:0:0:0:0:0:1]:52593	admin	200		10.25 ms
17:46:40.605	[0:0:0:0:0:0:0:1]:52594	admin	REQUEST	[GET] /core/ui/css/header.css
17:46:40.605	[0:0:0:0:0:0:0:1]:52595	admin	REQUEST	[GET] /core/ui/images/logos/biblissima.png
17:46:40.612	[0:0:0:0:0:0:0:1]:52596	admin	200		22.5 ms
17:46:40.613	[0:0:0:0:0:0:0:1]:52597	admin	200		23.78 ms
17:46:40.617	[0:0:0:0:0:0:0:1]:52594	admin	200		11.45 ms
17:46:40.620	[0:0:0:0:0:0:0:1]:52595	admin	200		19.25 ms
17:46:47.154	[0:0:0:0:0:0:0:1]:52590	admin	REQUEST	[GET] /dyrin/mirador/?link=https://emmsm.unicaen.fr/manifests/Avranches_BM_8.json&canvasId=&canvasIndex=
17:46:47.187	[0:0:0:0:0:0:0:1]:52590	admin	200		32.5 ms
17:47:09.489	[0:0:0:0:0:0:0:1]:52590	admin	REQUEST	[GET] /dyrin/doc/macareux_moine.html
17:47:09.741	[0:0:0:0:0:0:0:1]:52590	admin	200		252.15 ms
17:47:09.807	[0:0:0:0:0:0:0:1]:52597	admin	REQUEST	[GET] /core/ui/lib/bootstrap.min.css
17:47:09.813	[0:0:0:0:0:0:0:1]:52596	admin	REQUEST	[GET] /dyrin/ui/css/menuGauche.css
17:47:09.820	[0:0:0:0:0:0:0:1]:52597	admin	200		12.93 ms
17:47:09.822	[0:0:0:0:0:0:0:1]:52590	admin	REQUEST	[GET] /plugins/mirador_viewer/mirador_viewer.css
17:47:09.827	[0:0:0:0:0:0:0:1]:52596	admin	200		14.03 ms
17:47:09.829	[0:0:0:0:0:0:0:1]:52594	admin	REQUEST	[GET] /plugins/thesauri_pdn/thesauri_pdn.css
17:47:09.832	[0:0:0:0:0:0:0:1]:52595	admin	REQUEST	[GET] /core/ui/css/tei.css
17:47:09.833	[0:0:0:0:0:0:0:1]:52596	admin	REQUEST	[GET] /plugins/index/index.css
17:47:09.841	[0:0:0:0:0:0:0:1]:52590	admin	200		18.68 ms
17:47:09.841	[0:0:0:0:0:0:0:1]:52596	admin	200		8.0 ms
17:47:09.843	[0:0:0:0:0:0:0:1]:52590	admin	REQUEST	[GET] /dyrin/ui/css/dyrin.css
17:47:09.844	[0:0:0:0:0:0:0:1]:52596	admin	REQUEST	[GET] /core/ui/lib/bootstrap.bundle.min.js
17:47:09.852	[0:0:0:0:0:0:0:1]:52590	admin	200		8.74 ms
17:47:09.853	[0:0:0:0:0:0:0:1]:52596	admin	200		8.48 ms
17:47:09.854	[0:0:0:0:0:0:0:1]:52590	admin	REQUEST	[GET] /core/ui/js/MaxTEI.js
17:47:09.856	[0:0:0:0:0:0:0:1]:52596	admin	REQUEST	[GET] /dyrin/ui/js/dyrin.js
17:47:09.863	[0:0:0:0:0:0:0:1]:52590	admin	200		9.42 ms
17:47:09.865	[0:0:0:0:0:0:0:1]:52590	admin	REQUEST	[GET] /plugins/thesauri_pdn/thesauri_pdn.js
17:47:09.865	[0:0:0:0:0:0:0:1]:52596	admin	200		8.71 ms
17:47:09.871	[0:0:0:0:0:0:0:1]:52596	admin	REQUEST	[GET] /plugins/mirador_viewer/mirador_viewer.js
17:47:09.872	[0:0:0:0:0:0:0:1]:52595	admin	200		40.93 ms
17:47:09.873	[0:0:0:0:0:0:0:1]:52590	admin	200		8.53 ms
17:47:09.875	[0:0:0:0:0:0:0:1]:52595	admin	REQUEST	[GET] /plugins/index/index.js
17:47:09.882	[0:0:0:0:0:0:0:1]:52596	admin	200		11.58 ms
17:47:09.891	[0:0:0:0:0:0:0:1]:52594	admin	200		63.05 ms
17:47:09.898	[0:0:0:0:0:0:0:1]:52596	admin	REQUEST	[GET] /core/ui/js/AbstractMax.js
17:47:09.907	[0:0:0:0:0:0:0:1]:52596	admin	200		9.11 ms
17:47:09.907	[0:0:0:0:0:0:0:1]:52594	admin	REQUEST	[GET] /core/ui/css/header.css
17:47:09.911	[0:0:0:0:0:0:0:1]:52595	admin	200		36.59 ms
17:47:09.916	[0:0:0:0:0:0:0:1]:52590	admin	REQUEST	[GET] /core/ui/js/Plugin.js
17:47:09.920	[0:0:0:0:0:0:0:1]:52594	admin	200		12.51 ms
17:47:09.922	[0:0:0:0:0:0:0:1]:52593	admin	REQUEST	[GET] /core/ui/css/alignment.css
17:47:09.922	[0:0:0:0:0:0:0:1]:52597	admin	REQUEST	[GET] /plugins/tei_pdf/tei_pdf.css
17:47:09.928	[0:0:0:0:0:0:0:1]:52590	admin	200		11.36 ms
17:47:09.939	[0:0:0:0:0:0:0:1]:52597	admin	200		17.69 ms
17:47:09.951	[0:0:0:0:0:0:0:1]:52593	admin	200		29.26 ms
17:47:09.952	[0:0:0:0:0:0:0:1]:52596	admin	REQUEST	[GET] /core/ui/images/logos/investissement-davenir.png
17:47:09.953	[0:0:0:0:0:0:0:1]:52597	admin	REQUEST	[GET] /core/ui/images/logos/biblissima.png
17:47:09.961	[0:0:0:0:0:0:0:1]:52597	admin	200		8.75 ms
17:47:09.961	[0:0:0:0:0:0:0:1]:52596	admin	200		8.75 ms
18:15:05.129	SERVER	admin	OK	HTTP Server was stopped (port: 16002).
18:15:05.130	SERVER	admin	OK	Server was stopped (port: 16000).
